-- The CXX compiler identification is GNU 11.4.0
-- Detecting CXX compiler ABI info
-- Detecting CXX compiler ABI info - done
-- Check for working CXX compiler: /usr/bin/c++ - skipped
-- Detecting CXX compile features
-- Detecting CXX compile features - done
-- Found ament_cmake: 2.0.7 (/opt/ros/iron/share/ament_cmake/cmake)
-- Found Python3: /usr/bin/python3.10 (found version "3.10.12") found components: Interpreter 
-- Found ament_index_cpp: 1.5.2 (/opt/ros/iron/share/ament_index_cpp/cmake)
-- Found controller_interface: 3.28.1 (/home/kadi/UR5e_ros2/ros2_real/install/controller_interface/share/controller_interface/cmake)
-- Found rosidl_generator_c: 4.0.1 (/opt/ros/iron/share/rosidl_generator_c/cmake)
-- Found rosidl_generator_cpp: 4.0.1 (/opt/ros/iron/share/rosidl_generator_cpp/cmake)
-- Using all available rosidl_typesupport_c: rosidl_typesupport_fastrtps_c;rosidl_typesupport_introspection_c
-- Using all available rosidl_typesupport_cpp: rosidl_typesupport_fastrtps_cpp;rosidl_typesupport_introspection_cpp
-- Found rmw_implementation_cmake: 7.1.0 (/opt/ros/iron/share/rmw_implementation_cmake/cmake)
-- Found rmw_fastrtps_cpp: 7.1.4 (/opt/ros/iron/share/rmw_fastrtps_cpp/cmake)
-- Found TinyXML2 via Config file: TinyXML2_DIR-NOTFOUND
-- Found OpenSSL: /usr/lib/x86_64-linux-gnu/libcrypto.so (found version "3.0.2")  
-- Found TinyXML2 via Config file: TinyXML2_DIR-NOTFOUND
-- Found FastRTPS: /opt/ros/iron/include  
-- Found TinyXML2 via Config file: TinyXML2_DIR-NOTFOUND
-- Found TinyXML2 via Config file: TinyXML2_DIR-NOTFOUND
-- Using RMW implementation 'rmw_fastrtps_cpp' as default
-- Found controller_manager_msgs: 3.28.1 (/home/kadi/UR5e_ros2/ros2_real/install/controller_manager_msgs/share/controller_manager_msgs/cmake)
-- Found diagnostic_updater: 4.1.0 (/opt/ros/iron/share/diagnostic_updater/cmake)
-- Found realtime_tools: 2.8.1 (/opt/ros/iron/share/realtime_tools/cmake)
-- Found ament_cmake_gmock: 2.0.7 (/opt/ros/iron/share/ament_cmake_gmock/cmake)
-- Found ros2_control_test_assets: 3.28.1 (/home/kadi/UR5e_ros2/ros2_real/install/ros2_control_test_assets/share/ros2_control_test_assets/cmake)
-- Found gmock sources under '/opt/ros/iron/src/gmock_vendor': C++ tests using 'Google Mock' will be built
-- The C compiler identification is GNU 11.4.0
-- Detecting C compiler ABI info
-- Detecting C compiler ABI info - done
-- Check for working C compiler: /usr/bin/cc - skipped
-- Detecting C compile features
-- Detecting C compile features - done
-- Found ament_cmake_gtest: 2.0.7 (/opt/ros/iron/share/ament_cmake_gtest/cmake)
-- Found gtest sources under '/opt/ros/iron/src/gtest_vendor': C++ tests using 'Google Test' will be built
-- Found ament_cmake_pytest: 2.0.7 (/opt/ros/iron/share/ament_cmake_pytest/cmake)
-- Configuring done
-- Generating done
-- Build files have been written to: /home/kadi/UR5e_ros2/ros2_real/build/controller_manager
[  5%] [32mBuilding CXX object CMakeFiles/controller_manager.dir/src/controller_manager.cpp.o[0m
[  5%] [32mBuilding CXX object gmock/CMakeFiles/gmock_main.dir/src/gmock_main.cc.o[0m
[  8%] [32mBuilding CXX object gmock/CMakeFiles/gmock.dir/src/gmock-all.cc.o[0m
[ 10%] [32mBuilding CXX object gmock/CMakeFiles/gmock.dir/opt/ros/iron/src/gtest_vendor/src/gtest-all.cc.o[0m
[ 10%] Built target ament_cmake_python_copy_controller_manager
[ 10%] Built target ament_cmake_python_copy_controller_manager_setup
running install_scripts
running egg_info
creating controller_manager.egg-info
writing controller_manager.egg-info/PKG-INFO
writing dependency_links to controller_manager.egg-info/dependency_links.txt
writing entry points to controller_manager.egg-info/entry_points.txt
writing top-level names to controller_manager.egg-info/top_level.txt
writing manifest file 'controller_manager.egg-info/SOURCES.txt'
reading manifest file 'controller_manager.egg-info/SOURCES.txt'
writing manifest file 'controller_manager.egg-info/SOURCES.txt'
running egg_info
writing controller_manager.egg-info/PKG-INFO
writing dependency_links to controller_manager.egg-info/dependency_links.txt
writing entry points to controller_manager.egg-info/entry_points.txt
writing top-level names to controller_manager.egg-info/top_level.txt
reading manifest file 'controller_manager.egg-info/SOURCES.txt'
writing manifest file 'controller_manager.egg-info/SOURCES.txt'
Installing hardware_spawner script to scripts
Installing spawner script to scripts
Installing unspawner script to scripts
[ 10%] Built target ament_cmake_python_build_controller_manager_egg
[ 10%] Built target ament_cmake_python_build_controller_manager_scripts
[ 13%] [32m[1mLinking CXX static library libgmock_main.a[0m
[ 13%] Built target gmock_main
[ 16%] [32m[1mLinking CXX static library libgmock.a[0m
[ 16%] Built target gmock
[ 18%] [32m[1mLinking CXX shared library libcontroller_manager.so[0m
[ 18%] Built target controller_manager
[ 35%] [32mBuilding CXX object CMakeFiles/ros2_control_node.dir/src/ros2_control_node.cpp.o[0m
[ 35%] [32mBuilding CXX object CMakeFiles/test_controller.dir/test/test_controller/test_controller.cpp.o[0m
[ 35%] [32mBuilding CXX object CMakeFiles/test_chainable_controller.dir/test/test_chainable_controller/test_chainable_controller.cpp.o[0m
[ 35%] [32mBuilding CXX object CMakeFiles/test_controller_manager_urdf_passing.dir/test/test_controller_manager_urdf_passing.cpp.o[0m
[ 35%] [32mBuilding CXX object CMakeFiles/test_controller_with_interfaces.dir/test/test_controller_with_interfaces/test_controller_with_interfaces.cpp.o[0m
[ 35%] [32mBuilding CXX object CMakeFiles/test_controller_failed_init.dir/test/test_controller_failed_init/test_controller_failed_init.cpp.o[0m
[ 37%] [32m[1mLinking CXX shared library libtest_controller.so[0m
[ 37%] Built target test_controller
[ 48%] [32mBuilding CXX object CMakeFiles/test_controller_manager_with_namespace.dir/test/test_controller_manager_with_namespace.cpp.o[0m
[ 48%] [32mBuilding CXX object CMakeFiles/test_controller_manager_hardware_error_handling.dir/test/test_controller_manager_hardware_error_handling.cpp.o[0m
[ 48%] [32mBuilding CXX object CMakeFiles/test_spawner_unspawner.dir/test/test_spawner_unspawner.cpp.o[0m
[ 48%] [32mBuilding CXX object CMakeFiles/test_controller_manager.dir/test/test_controller_manager.cpp.o[0m
[ 51%] [32mBuilding CXX object CMakeFiles/test_hardware_management_srvs.dir/test/test_hardware_management_srvs.cpp.o[0m
[ 54%] [32m[1mLinking CXX shared library libtest_controller_with_interfaces.so[0m
[ 54%] Built target test_controller_with_interfaces
[ 56%] [32mBuilding CXX object CMakeFiles/test_release_interfaces.dir/test/test_release_interfaces.cpp.o[0m
[ 59%] [32m[1mLinking CXX executable ros2_control_node[0m
[ 59%] Built target ros2_control_node
[ 62%] [32m[1mLinking CXX shared library libtest_controller_failed_init.so[0m
[ 62%] Built target test_controller_failed_init
[ 64%] [32mBuilding CXX object CMakeFiles/test_load_controller.dir/test/test_load_controller.cpp.o[0m
[ 67%] [32m[1mLinking CXX executable test_controller_manager_urdf_passing[0m
[ 67%] Built target test_controller_manager_urdf_passing
[ 70%] [32m[1mLinking CXX shared library libtest_chainable_controller.so[0m
[ 70%] Built target test_chainable_controller
[ 72%] [32mBuilding CXX object CMakeFiles/test_controller_manager_srvs.dir/test/test_controller_manager_srvs.cpp.o[0m
[ 75%] [32mBuilding CXX object CMakeFiles/test_controllers_chaining_with_controller_manager.dir/test/test_controllers_chaining_with_controller_manager.cpp.o[0m
[ 78%] [32m[1mLinking CXX executable test_controller_manager_with_namespace[0m
[ 78%] Built target test_controller_manager_with_namespace
[ 81%] [32m[1mLinking CXX executable test_release_interfaces[0m
[ 83%] [32m[1mLinking CXX executable test_hardware_management_srvs[0m
[ 83%] Built target test_release_interfaces
[ 86%] [32m[1mLinking CXX executable test_spawner_unspawner[0m
[ 86%] Built target test_hardware_management_srvs
[ 86%] Built target test_spawner_unspawner
[ 89%] [32m[1mLinking CXX executable test_controller_manager_hardware_error_handling[0m
[ 91%] [32m[1mLinking CXX executable test_controller_manager[0m
[ 91%] Built target test_controller_manager_hardware_error_handling
[ 91%] Built target test_controller_manager
[ 94%] [32m[1mLinking CXX executable test_load_controller[0m
[ 94%] Built target test_load_controller
[ 97%] [32m[1mLinking CXX executable test_controllers_chaining_with_controller_manager[0m
[ 97%] Built target test_controllers_chaining_with_controller_manager
[100%] [32m[1mLinking CXX executable test_controller_manager_srvs[0m
[100%] Built target test_controller_manager_srvs
-- Install configuration: "Release"
-- Installing: /home/kadi/UR5e_ros2/ros2_real/install/controller_manager/share/controller_manager/test/test_controller/test_controller.xml
-- Installing: /home/kadi/UR5e_ros2/ros2_real/install/controller_manager/lib/libtest_controller.so
-- Set runtime path of "/home/kadi/UR5e_ros2/ros2_real/install/controller_manager/lib/libtest_controller.so" to ""
-- Installing: /home/kadi/UR5e_ros2/ros2_real/install/controller_manager/share/controller_manager/test/test_controller_failed_init/test_controller_failed_init.xml
-- Installing: /home/kadi/UR5e_ros2/ros2_real/install/controller_manager/lib/libtest_controller_failed_init.so
-- Set runtime path of "/home/kadi/UR5e_ros2/ros2_real/install/controller_manager/lib/libtest_controller_failed_init.so" to ""
-- Installing: /home/kadi/UR5e_ros2/ros2_real/install/controller_manager/share/controller_manager/test/test_chainable_controller/test_chainable_controller.xml
-- Installing: /home/kadi/UR5e_ros2/ros2_real/install/controller_manager/lib/libtest_chainable_controller.so
-- Set runtime path of "/home/kadi/UR5e_ros2/ros2_real/install/controller_manager/lib/libtest_chainable_controller.so" to ""
-- Installing: /home/kadi/UR5e_ros2/ros2_real/install/controller_manager/share/controller_manager/test/test_controller_with_interfaces/test_controller_with_interfaces.xml
-- Installing: /home/kadi/UR5e_ros2/ros2_real/install/controller_manager/lib/libtest_controller_with_interfaces.so
-- Set runtime path of "/home/kadi/UR5e_ros2/ros2_real/install/controller_manager/lib/libtest_controller_with_interfaces.so" to ""
-- Installing: /home/kadi/UR5e_ros2/ros2_real/install/controller_manager/test/test_controller_spawner_with_type.yaml
-- Installing: /home/kadi/UR5e_ros2/ros2_real/install/controller_manager/test/test_ros2_control_node.yaml
-- Installing: /home/kadi/UR5e_ros2/ros2_real/install/controller_manager/include/controller_manager
-- Installing: /home/kadi/UR5e_ros2/ros2_real/install/controller_manager/include/controller_manager/controller_manager
-- Installing: /home/kadi/UR5e_ros2/ros2_real/install/controller_manager/include/controller_manager/controller_manager/controller_manager.hpp
-- Installing: /home/kadi/UR5e_ros2/ros2_real/install/controller_manager/include/controller_manager/controller_manager/controller_spec.hpp
-- Installing: /home/kadi/UR5e_ros2/ros2_real/install/controller_manager/include/controller_manager/controller_manager/visibility_control.h
-- Installing: /home/kadi/UR5e_ros2/ros2_real/install/controller_manager/lib/libcontroller_manager.so
-- Set runtime path of "/home/kadi/UR5e_ros2/ros2_real/install/controller_manager/lib/libcontroller_manager.so" to ""
-- Installing: /home/kadi/UR5e_ros2/ros2_real/install/controller_manager/lib/controller_manager/ros2_control_node
-- Set runtime path of "/home/kadi/UR5e_ros2/ros2_real/install/controller_manager/lib/controller_manager/ros2_control_node" to ""
-- Installing: /home/kadi/UR5e_ros2/ros2_real/install/controller_manager/share/controller_manager/environment/pythonpath.sh
-- Installing: /home/kadi/UR5e_ros2/ros2_real/install/controller_manager/share/controller_manager/environment/pythonpath.dsv
-- Installing: /home/kadi/UR5e_ros2/ros2_real/install/controller_manager/lib/python3.10/site-packages/controller_manager-3.28.1-py3.10.egg-info
-- Installing: /home/kadi/UR5e_ros2/ros2_real/install/controller_manager/lib/python3.10/site-packages/controller_manager-3.28.1-py3.10.egg-info/entry_points.txt
-- Installing: /home/kadi/UR5e_ros2/ros2_real/install/controller_manager/lib/python3.10/site-packages/controller_manager-3.28.1-py3.10.egg-info/SOURCES.txt
-- Installing: /home/kadi/UR5e_ros2/ros2_real/install/controller_manager/lib/python3.10/site-packages/controller_manager-3.28.1-py3.10.egg-info/dependency_links.txt
-- Installing: /home/kadi/UR5e_ros2/ros2_real/install/controller_manager/lib/python3.10/site-packages/controller_manager-3.28.1-py3.10.egg-info/PKG-INFO
-- Installing: /home/kadi/UR5e_ros2/ros2_real/install/controller_manager/lib/python3.10/site-packages/controller_manager-3.28.1-py3.10.egg-info/top_level.txt
-- Up-to-date: /home/kadi/UR5e_ros2/ros2_real/install/controller_manager/lib/controller_manager/
-- Installing: /home/kadi/UR5e_ros2/ros2_real/install/controller_manager/lib/controller_manager//spawner
-- Installing: /home/kadi/UR5e_ros2/ros2_real/install/controller_manager/lib/controller_manager//hardware_spawner
-- Installing: /home/kadi/UR5e_ros2/ros2_real/install/controller_manager/lib/controller_manager//unspawner
-- Installing: /home/kadi/UR5e_ros2/ros2_real/install/controller_manager/lib/python3.10/site-packages/controller_manager
-- Installing: /home/kadi/UR5e_ros2/ros2_real/install/controller_manager/lib/python3.10/site-packages/controller_manager/__init__.py
-- Installing: /home/kadi/UR5e_ros2/ros2_real/install/controller_manager/lib/python3.10/site-packages/controller_manager/controller_manager_services.py
-- Installing: /home/kadi/UR5e_ros2/ros2_real/install/controller_manager/lib/python3.10/site-packages/controller_manager/hardware_spawner.py
-- Installing: /home/kadi/UR5e_ros2/ros2_real/install/controller_manager/lib/python3.10/site-packages/controller_manager/unspawner.py
-- Installing: /home/kadi/UR5e_ros2/ros2_real/install/controller_manager/lib/python3.10/site-packages/controller_manager/launch_utils.py
-- Installing: /home/kadi/UR5e_ros2/ros2_real/install/controller_manager/lib/python3.10/site-packages/controller_manager/spawner.py
Listing '/home/kadi/UR5e_ros2/ros2_real/install/controller_manager/lib/python3.10/site-packages/controller_manager'...
Compiling '/home/kadi/UR5e_ros2/ros2_real/install/controller_manager/lib/python3.10/site-packages/controller_manager/__init__.py'...
Compiling '/home/kadi/UR5e_ros2/ros2_real/install/controller_manager/lib/python3.10/site-packages/controller_manager/controller_manager_services.py'...
Compiling '/home/kadi/UR5e_ros2/ros2_real/install/controller_manager/lib/python3.10/site-packages/controller_manager/hardware_spawner.py'...
Compiling '/home/kadi/UR5e_ros2/ros2_real/install/controller_manager/lib/python3.10/site-packages/controller_manager/launch_utils.py'...
Compiling '/home/kadi/UR5e_ros2/ros2_real/install/controller_manager/lib/python3.10/site-packages/controller_manager/spawner.py'...
Compiling '/home/kadi/UR5e_ros2/ros2_real/install/controller_manager/lib/python3.10/site-packages/controller_manager/unspawner.py'...
-- Installing: /home/kadi/UR5e_ros2/ros2_real/install/controller_manager/share/controller_manager/environment/library_path.sh
-- Installing: /home/kadi/UR5e_ros2/ros2_real/install/controller_manager/share/controller_manager/environment/library_path.dsv
-- Installing: /home/kadi/UR5e_ros2/ros2_real/install/controller_manager/share/ament_index/resource_index/package_run_dependencies/controller_manager
-- Installing: /home/kadi/UR5e_ros2/ros2_real/install/controller_manager/share/ament_index/resource_index/parent_prefix_path/controller_manager
-- Installing: /home/kadi/UR5e_ros2/ros2_real/install/controller_manager/share/controller_manager/environment/ament_prefix_path.sh
-- Installing: /home/kadi/UR5e_ros2/ros2_real/install/controller_manager/share/controller_manager/environment/ament_prefix_path.dsv
-- Installing: /home/kadi/UR5e_ros2/ros2_real/install/controller_manager/share/controller_manager/environment/path.sh
-- Installing: /home/kadi/UR5e_ros2/ros2_real/install/controller_manager/share/controller_manager/environment/path.dsv
-- Installing: /home/kadi/UR5e_ros2/ros2_real/install/controller_manager/share/controller_manager/local_setup.bash
-- Installing: /home/kadi/UR5e_ros2/ros2_real/install/controller_manager/share/controller_manager/local_setup.sh
-- Installing: /home/kadi/UR5e_ros2/ros2_real/install/controller_manager/share/controller_manager/local_setup.zsh
-- Installing: /home/kadi/UR5e_ros2/ros2_real/install/controller_manager/share/controller_manager/local_setup.dsv
-- Installing: /home/kadi/UR5e_ros2/ros2_real/install/controller_manager/share/controller_manager/package.dsv
-- Installing: /home/kadi/UR5e_ros2/ros2_real/install/controller_manager/share/ament_index/resource_index/packages/controller_manager
-- Installing: /home/kadi/UR5e_ros2/ros2_real/install/controller_manager/share/ament_index/resource_index/controller_interface__pluginlib__plugin/controller_manager
-- Installing: /home/kadi/UR5e_ros2/ros2_real/install/controller_manager/share/controller_manager/cmake/export_controller_managerExport.cmake
-- Installing: /home/kadi/UR5e_ros2/ros2_real/install/controller_manager/share/controller_manager/cmake/export_controller_managerExport-release.cmake
-- Installing: /home/kadi/UR5e_ros2/ros2_real/install/controller_manager/share/controller_manager/cmake/ament_cmake_export_targets-extras.cmake
-- Installing: /home/kadi/UR5e_ros2/ros2_real/install/controller_manager/share/controller_manager/cmake/ament_cmake_export_dependencies-extras.cmake
-- Installing: /home/kadi/UR5e_ros2/ros2_real/install/controller_manager/share/controller_manager/cmake/controller_managerConfig.cmake
-- Installing: /home/kadi/UR5e_ros2/ros2_real/install/controller_manager/share/controller_manager/cmake/controller_managerConfig-version.cmake
-- Installing: /home/kadi/UR5e_ros2/ros2_real/install/controller_manager/share/controller_manager/package.xml
