[0.017s] Invoking command in '/home/kadi/UR5e_ros2/ros2_real/build/controller_manager_msgs': CMAKE_PREFIX_PATH=${CMAKE_PREFIX_PATH}:/home/kadi/UR5e_ros2/ros2_real/install/rqt_joint_trajectory_controller:/home/kadi/UR5e_ros2/ros2_real/install/rqt_controller_manager:/home/kadi/UR5e_ros2/ros2_real/install/ros2controlcli:/home/kadi/UR5e_ros2/ros2_real/install/ros2_controllers_test_nodes:/opt/ros/iron /usr/bin/cmake --build /home/kadi/UR5e_ros2/ros2_real/build/controller_manager_msgs -- -j16 -l16
[0.082s] [  0%] Built target controller_manager_msgs__rosidl_generator_type_description
[0.097s] [  0%] Built target ament_cmake_python_copy_controller_manager_msgs
[0.114s] [  0%] Built target controller_manager_msgs__cpp
[0.123s] [ 27%] Built target controller_manager_msgs__rosidl_generator_c
[0.167s] [ 37%] Built target controller_manager_msgs__rosidl_typesupport_cpp
[0.167s] [ 47%] Built target controller_manager_msgs__rosidl_typesupport_fastrtps_c
[0.170s] [ 57%] Built target controller_manager_msgs__rosidl_typesupport_introspection_c
[0.177s] [ 67%] Built target controller_manager_msgs__rosidl_typesupport_c
[0.179s] [ 77%] Built target controller_manager_msgs__rosidl_typesupport_introspection_cpp
[0.180s] [ 87%] Built target controller_manager_msgs__rosidl_typesupport_fastrtps_cpp
[0.208s] [ 87%] Built target controller_manager_msgs
[0.239s] [ 88%] Built target controller_manager_msgs__py
[0.270s] [ 97%] Built target controller_manager_msgs__rosidl_generator_py
[0.301s] [ 98%] Built target controller_manager_msgs__rosidl_typesupport_c__pyext
[0.302s] [ 99%] Built target controller_manager_msgs__rosidl_typesupport_introspection_c__pyext
[0.302s] [100%] Built target controller_manager_msgs__rosidl_typesupport_fastrtps_c__pyext
[0.311s] running egg_info
[0.312s] writing controller_manager_msgs.egg-info/PKG-INFO
[0.312s] writing dependency_links to controller_manager_msgs.egg-info/dependency_links.txt
[0.312s] writing top-level names to controller_manager_msgs.egg-info/top_level.txt
[0.314s] reading manifest file 'controller_manager_msgs.egg-info/SOURCES.txt'
[0.315s] writing manifest file 'controller_manager_msgs.egg-info/SOURCES.txt'
[0.353s] [100%] Built target ament_cmake_python_build_controller_manager_msgs_egg
[0.368s] Invoked command in '/home/kadi/UR5e_ros2/ros2_real/build/controller_manager_msgs' returned '0': CMAKE_PREFIX_PATH=${CMAKE_PREFIX_PATH}:/home/kadi/UR5e_ros2/ros2_real/install/rqt_joint_trajectory_controller:/home/kadi/UR5e_ros2/ros2_real/install/rqt_controller_manager:/home/kadi/UR5e_ros2/ros2_real/install/ros2controlcli:/home/kadi/UR5e_ros2/ros2_real/install/ros2_controllers_test_nodes:/opt/ros/iron /usr/bin/cmake --build /home/kadi/UR5e_ros2/ros2_real/build/controller_manager_msgs -- -j16 -l16
[0.369s] Invoking command in '/home/kadi/UR5e_ros2/ros2_real/build/controller_manager_msgs': CMAKE_PREFIX_PATH=${CMAKE_PREFIX_PATH}:/home/kadi/UR5e_ros2/ros2_real/install/rqt_joint_trajectory_controller:/home/kadi/UR5e_ros2/ros2_real/install/rqt_controller_manager:/home/kadi/UR5e_ros2/ros2_real/install/ros2controlcli:/home/kadi/UR5e_ros2/ros2_real/install/ros2_controllers_test_nodes:/opt/ros/iron /usr/bin/cmake --install /home/kadi/UR5e_ros2/ros2_real/build/controller_manager_msgs
[0.380s] -- Install configuration: "Release"
[0.381s] -- Up-to-date: /home/kadi/UR5e_ros2/ros2_real/install/controller_manager_msgs/share/ament_index/resource_index/rosidl_interfaces/controller_manager_msgs
[0.381s] -- Up-to-date: /home/kadi/UR5e_ros2/ros2_real/install/controller_manager_msgs/share/controller_manager_msgs/msg/ControllerState.json
[0.381s] -- Up-to-date: /home/kadi/UR5e_ros2/ros2_real/install/controller_manager_msgs/share/controller_manager_msgs/msg/ChainConnection.json
[0.381s] -- Up-to-date: /home/kadi/UR5e_ros2/ros2_real/install/controller_manager_msgs/share/controller_manager_msgs/msg/HardwareComponentState.json
[0.381s] -- Up-to-date: /home/kadi/UR5e_ros2/ros2_real/install/controller_manager_msgs/share/controller_manager_msgs/msg/HardwareInterface.json
[0.381s] -- Up-to-date: /home/kadi/UR5e_ros2/ros2_real/install/controller_manager_msgs/share/controller_manager_msgs/srv/ConfigureController.json
[0.381s] -- Up-to-date: /home/kadi/UR5e_ros2/ros2_real/install/controller_manager_msgs/share/controller_manager_msgs/srv/ListControllers.json
[0.381s] -- Up-to-date: /home/kadi/UR5e_ros2/ros2_real/install/controller_manager_msgs/share/controller_manager_msgs/srv/ListControllerTypes.json
[0.381s] -- Up-to-date: /home/kadi/UR5e_ros2/ros2_real/install/controller_manager_msgs/share/controller_manager_msgs/srv/ListHardwareComponents.json
[0.381s] -- Up-to-date: /home/kadi/UR5e_ros2/ros2_real/install/controller_manager_msgs/share/controller_manager_msgs/srv/ListHardwareInterfaces.json
[0.381s] -- Up-to-date: /home/kadi/UR5e_ros2/ros2_real/install/controller_manager_msgs/share/controller_manager_msgs/srv/LoadController.json
[0.381s] -- Up-to-date: /home/kadi/UR5e_ros2/ros2_real/install/controller_manager_msgs/share/controller_manager_msgs/srv/ReloadControllerLibraries.json
[0.381s] -- Up-to-date: /home/kadi/UR5e_ros2/ros2_real/install/controller_manager_msgs/share/controller_manager_msgs/srv/SetHardwareComponentState.json
[0.381s] -- Up-to-date: /home/kadi/UR5e_ros2/ros2_real/install/controller_manager_msgs/share/controller_manager_msgs/srv/SwitchController.json
[0.381s] -- Up-to-date: /home/kadi/UR5e_ros2/ros2_real/install/controller_manager_msgs/share/controller_manager_msgs/srv/UnloadController.json
[0.382s] -- Up-to-date: /home/kadi/UR5e_ros2/ros2_real/install/controller_manager_msgs/include/controller_manager_msgs/controller_manager_msgs
[0.382s] -- Up-to-date: /home/kadi/UR5e_ros2/ros2_real/install/controller_manager_msgs/include/controller_manager_msgs/controller_manager_msgs/srv
[0.382s] -- Up-to-date: /home/kadi/UR5e_ros2/ros2_real/install/controller_manager_msgs/include/controller_manager_msgs/controller_manager_msgs/srv/detail
[0.382s] -- Up-to-date: /home/kadi/UR5e_ros2/ros2_real/install/controller_manager_msgs/include/controller_manager_msgs/controller_manager_msgs/srv/detail/configure_controller__functions.h
[0.382s] -- Up-to-date: /home/kadi/UR5e_ros2/ros2_real/install/controller_manager_msgs/include/controller_manager_msgs/controller_manager_msgs/srv/detail/set_hardware_component_state__type_support.h
[0.383s] -- Up-to-date: /home/kadi/UR5e_ros2/ros2_real/install/controller_manager_msgs/include/controller_manager_msgs/controller_manager_msgs/srv/detail/switch_controller__functions.c
[0.383s] -- Up-to-date: /home/kadi/UR5e_ros2/ros2_real/install/controller_manager_msgs/include/controller_manager_msgs/controller_manager_msgs/srv/detail/set_hardware_component_state__functions.h
[0.383s] -- Installing: /home/kadi/UR5e_ros2/ros2_real/install/controller_manager_msgs/include/controller_manager_msgs/controller_manager_msgs/srv/detail/unload_controller__type_support.c
[0.383s] -- Up-to-date: /home/kadi/UR5e_ros2/ros2_real/install/controller_manager_msgs/include/controller_manager_msgs/controller_manager_msgs/srv/detail/configure_controller__type_support.h
[0.383s] -- Up-to-date: /home/kadi/UR5e_ros2/ros2_real/install/controller_manager_msgs/include/controller_manager_msgs/controller_manager_msgs/srv/detail/configure_controller__description.c
[0.383s] -- Up-to-date: /home/kadi/UR5e_ros2/ros2_real/install/controller_manager_msgs/include/controller_manager_msgs/controller_manager_msgs/srv/detail/reload_controller_libraries__functions.c
[0.383s] -- Up-to-date: /home/kadi/UR5e_ros2/ros2_real/install/controller_manager_msgs/include/controller_manager_msgs/controller_manager_msgs/srv/detail/list_hardware_interfaces__functions.h
[0.383s] -- Up-to-date: /home/kadi/UR5e_ros2/ros2_real/install/controller_manager_msgs/include/controller_manager_msgs/controller_manager_msgs/srv/detail/list_controllers__struct.h
[0.383s] -- Up-to-date: /home/kadi/UR5e_ros2/ros2_real/install/controller_manager_msgs/include/controller_manager_msgs/controller_manager_msgs/srv/detail/list_controller_types__functions.h
[0.383s] -- Up-to-date: /home/kadi/UR5e_ros2/ros2_real/install/controller_manager_msgs/include/controller_manager_msgs/controller_manager_msgs/srv/detail/reload_controller_libraries__struct.h
[0.384s] -- Installing: /home/kadi/UR5e_ros2/ros2_real/install/controller_manager_msgs/include/controller_manager_msgs/controller_manager_msgs/srv/detail/configure_controller__type_support.c
[0.384s] -- Up-to-date: /home/kadi/UR5e_ros2/ros2_real/install/controller_manager_msgs/include/controller_manager_msgs/controller_manager_msgs/srv/detail/set_hardware_component_state__struct.h
[0.384s] -- Up-to-date: /home/kadi/UR5e_ros2/ros2_real/install/controller_manager_msgs/include/controller_manager_msgs/controller_manager_msgs/srv/detail/list_hardware_components__functions.h
[0.384s] -- Up-to-date: /home/kadi/UR5e_ros2/ros2_real/install/controller_manager_msgs/include/controller_manager_msgs/controller_manager_msgs/srv/detail/reload_controller_libraries__description.c
[0.384s] -- Up-to-date: /home/kadi/UR5e_ros2/ros2_real/install/controller_manager_msgs/include/controller_manager_msgs/controller_manager_msgs/srv/detail/list_hardware_interfaces__struct.h
[0.384s] -- Up-to-date: /home/kadi/UR5e_ros2/ros2_real/install/controller_manager_msgs/include/controller_manager_msgs/controller_manager_msgs/srv/detail/list_hardware_components__type_support.h
[0.384s] -- Up-to-date: /home/kadi/UR5e_ros2/ros2_real/install/controller_manager_msgs/include/controller_manager_msgs/controller_manager_msgs/srv/detail/unload_controller__functions.h
[0.384s] -- Installing: /home/kadi/UR5e_ros2/ros2_real/install/controller_manager_msgs/include/controller_manager_msgs/controller_manager_msgs/srv/detail/reload_controller_libraries__type_support.c
[0.384s] -- Up-to-date: /home/kadi/UR5e_ros2/ros2_real/install/controller_manager_msgs/include/controller_manager_msgs/controller_manager_msgs/srv/detail/load_controller__type_support.h
[0.384s] -- Up-to-date: /home/kadi/UR5e_ros2/ros2_real/install/controller_manager_msgs/include/controller_manager_msgs/controller_manager_msgs/srv/detail/list_controllers__description.c
[0.384s] -- Up-to-date: /home/kadi/UR5e_ros2/ros2_real/install/controller_manager_msgs/include/controller_manager_msgs/controller_manager_msgs/srv/detail/load_controller__struct.h
[0.384s] -- Installing: /home/kadi/UR5e_ros2/ros2_real/install/controller_manager_msgs/include/controller_manager_msgs/controller_manager_msgs/srv/detail/list_hardware_components__type_support.c
[0.384s] -- Up-to-date: /home/kadi/UR5e_ros2/ros2_real/install/controller_manager_msgs/include/controller_manager_msgs/controller_manager_msgs/srv/detail/list_controller_types__functions.c
[0.384s] -- Up-to-date: /home/kadi/UR5e_ros2/ros2_real/install/controller_manager_msgs/include/controller_manager_msgs/controller_manager_msgs/srv/detail/switch_controller__description.c
[0.384s] -- Installing: /home/kadi/UR5e_ros2/ros2_real/install/controller_manager_msgs/include/controller_manager_msgs/controller_manager_msgs/srv/detail/list_hardware_interfaces__type_support.c
[0.385s] -- Up-to-date: /home/kadi/UR5e_ros2/ros2_real/install/controller_manager_msgs/include/controller_manager_msgs/controller_manager_msgs/srv/detail/unload_controller__functions.c
[0.385s] -- Installing: /home/kadi/UR5e_ros2/ros2_real/install/controller_manager_msgs/include/controller_manager_msgs/controller_manager_msgs/srv/detail/list_controllers__type_support.c
[0.386s] -- Up-to-date: /home/kadi/UR5e_ros2/ros2_real/install/controller_manager_msgs/include/controller_manager_msgs/controller_manager_msgs/srv/detail/list_controller_types__description.c
[0.386s] -- Up-to-date: /home/kadi/UR5e_ros2/ros2_real/install/controller_manager_msgs/include/controller_manager_msgs/controller_manager_msgs/srv/detail/reload_controller_libraries__functions.h
[0.386s] -- Up-to-date: /home/kadi/UR5e_ros2/ros2_real/install/controller_manager_msgs/include/controller_manager_msgs/controller_manager_msgs/srv/detail/list_controllers__functions.c
[0.386s] -- Up-to-date: /home/kadi/UR5e_ros2/ros2_real/install/controller_manager_msgs/include/controller_manager_msgs/controller_manager_msgs/srv/detail/reload_controller_libraries__type_support.h
[0.386s] -- Up-to-date: /home/kadi/UR5e_ros2/ros2_real/install/controller_manager_msgs/include/controller_manager_msgs/controller_manager_msgs/srv/detail/list_controllers__type_support.h
[0.386s] -- Up-to-date: /home/kadi/UR5e_ros2/ros2_real/install/controller_manager_msgs/include/controller_manager_msgs/controller_manager_msgs/srv/detail/list_hardware_interfaces__functions.c
[0.386s] -- Up-to-date: /home/kadi/UR5e_ros2/ros2_real/install/controller_manager_msgs/include/controller_manager_msgs/controller_manager_msgs/srv/detail/set_hardware_component_state__description.c
[0.386s] -- Up-to-date: /home/kadi/UR5e_ros2/ros2_real/install/controller_manager_msgs/include/controller_manager_msgs/controller_manager_msgs/srv/detail/load_controller__functions.h
[0.386s] -- Up-to-date: /home/kadi/UR5e_ros2/ros2_real/install/controller_manager_msgs/include/controller_manager_msgs/controller_manager_msgs/srv/detail/switch_controller__type_support.h
[0.386s] -- Up-to-date: /home/kadi/UR5e_ros2/ros2_real/install/controller_manager_msgs/include/controller_manager_msgs/controller_manager_msgs/srv/detail/list_controller_types__type_support.h
[0.386s] -- Up-to-date: /home/kadi/UR5e_ros2/ros2_real/install/controller_manager_msgs/include/controller_manager_msgs/controller_manager_msgs/srv/detail/list_controllers__functions.h
[0.386s] -- Up-to-date: /home/kadi/UR5e_ros2/ros2_real/install/controller_manager_msgs/include/controller_manager_msgs/controller_manager_msgs/srv/detail/list_hardware_interfaces__type_support.h
[0.387s] -- Up-to-date: /home/kadi/UR5e_ros2/ros2_real/install/controller_manager_msgs/include/controller_manager_msgs/controller_manager_msgs/srv/detail/load_controller__functions.c
[0.387s] -- Up-to-date: /home/kadi/UR5e_ros2/ros2_real/install/controller_manager_msgs/include/controller_manager_msgs/controller_manager_msgs/srv/detail/unload_controller__description.c
[0.387s] -- Up-to-date: /home/kadi/UR5e_ros2/ros2_real/install/controller_manager_msgs/include/controller_manager_msgs/controller_manager_msgs/srv/detail/list_controller_types__struct.h
[0.387s] -- Installing: /home/kadi/UR5e_ros2/ros2_real/install/controller_manager_msgs/include/controller_manager_msgs/controller_manager_msgs/srv/detail/switch_controller__type_support.c
[0.387s] -- Up-to-date: /home/kadi/UR5e_ros2/ros2_real/install/controller_manager_msgs/include/controller_manager_msgs/controller_manager_msgs/srv/detail/unload_controller__struct.h
[0.387s] -- Up-to-date: /home/kadi/UR5e_ros2/ros2_real/install/controller_manager_msgs/include/controller_manager_msgs/controller_manager_msgs/srv/detail/switch_controller__struct.h
[0.387s] -- Up-to-date: /home/kadi/UR5e_ros2/ros2_real/install/controller_manager_msgs/include/controller_manager_msgs/controller_manager_msgs/srv/detail/switch_controller__functions.h
[0.387s] -- Up-to-date: /home/kadi/UR5e_ros2/ros2_real/install/controller_manager_msgs/include/controller_manager_msgs/controller_manager_msgs/srv/detail/configure_controller__functions.c
[0.387s] -- Up-to-date: /home/kadi/UR5e_ros2/ros2_real/install/controller_manager_msgs/include/controller_manager_msgs/controller_manager_msgs/srv/detail/list_hardware_components__functions.c
[0.387s] -- Up-to-date: /home/kadi/UR5e_ros2/ros2_real/install/controller_manager_msgs/include/controller_manager_msgs/controller_manager_msgs/srv/detail/load_controller__description.c
[0.387s] -- Up-to-date: /home/kadi/UR5e_ros2/ros2_real/install/controller_manager_msgs/include/controller_manager_msgs/controller_manager_msgs/srv/detail/list_hardware_components__struct.h
[0.387s] -- Installing: /home/kadi/UR5e_ros2/ros2_real/install/controller_manager_msgs/include/controller_manager_msgs/controller_manager_msgs/srv/detail/list_controller_types__type_support.c
[0.388s] -- Up-to-date: /home/kadi/UR5e_ros2/ros2_real/install/controller_manager_msgs/include/controller_manager_msgs/controller_manager_msgs/srv/detail/configure_controller__struct.h
[0.388s] -- Up-to-date: /home/kadi/UR5e_ros2/ros2_real/install/controller_manager_msgs/include/controller_manager_msgs/controller_manager_msgs/srv/detail/set_hardware_component_state__functions.c
[0.388s] -- Up-to-date: /home/kadi/UR5e_ros2/ros2_real/install/controller_manager_msgs/include/controller_manager_msgs/controller_manager_msgs/srv/detail/unload_controller__type_support.h
[0.388s] -- Up-to-date: /home/kadi/UR5e_ros2/ros2_real/install/controller_manager_msgs/include/controller_manager_msgs/controller_manager_msgs/srv/detail/list_hardware_interfaces__description.c
[0.388s] -- Installing: /home/kadi/UR5e_ros2/ros2_real/install/controller_manager_msgs/include/controller_manager_msgs/controller_manager_msgs/srv/detail/load_controller__type_support.c
[0.388s] -- Up-to-date: /home/kadi/UR5e_ros2/ros2_real/install/controller_manager_msgs/include/controller_manager_msgs/controller_manager_msgs/srv/detail/list_hardware_components__description.c
[0.388s] -- Installing: /home/kadi/UR5e_ros2/ros2_real/install/controller_manager_msgs/include/controller_manager_msgs/controller_manager_msgs/srv/detail/set_hardware_component_state__type_support.c
[0.388s] -- Up-to-date: /home/kadi/UR5e_ros2/ros2_real/install/controller_manager_msgs/include/controller_manager_msgs/controller_manager_msgs/srv/list_controller_types.h
[0.388s] -- Up-to-date: /home/kadi/UR5e_ros2/ros2_real/install/controller_manager_msgs/include/controller_manager_msgs/controller_manager_msgs/srv/reload_controller_libraries.h
[0.389s] -- Up-to-date: /home/kadi/UR5e_ros2/ros2_real/install/controller_manager_msgs/include/controller_manager_msgs/controller_manager_msgs/srv/load_controller.h
[0.389s] -- Up-to-date: /home/kadi/UR5e_ros2/ros2_real/install/controller_manager_msgs/include/controller_manager_msgs/controller_manager_msgs/srv/list_hardware_components.h
[0.389s] -- Up-to-date: /home/kadi/UR5e_ros2/ros2_real/install/controller_manager_msgs/include/controller_manager_msgs/controller_manager_msgs/srv/unload_controller.h
[0.389s] -- Up-to-date: /home/kadi/UR5e_ros2/ros2_real/install/controller_manager_msgs/include/controller_manager_msgs/controller_manager_msgs/srv/list_hardware_interfaces.h
[0.389s] -- Up-to-date: /home/kadi/UR5e_ros2/ros2_real/install/controller_manager_msgs/include/controller_manager_msgs/controller_manager_msgs/srv/set_hardware_component_state.h
[0.389s] -- Up-to-date: /home/kadi/UR5e_ros2/ros2_real/install/controller_manager_msgs/include/controller_manager_msgs/controller_manager_msgs/srv/configure_controller.h
[0.389s] -- Up-to-date: /home/kadi/UR5e_ros2/ros2_real/install/controller_manager_msgs/include/controller_manager_msgs/controller_manager_msgs/srv/switch_controller.h
[0.389s] -- Up-to-date: /home/kadi/UR5e_ros2/ros2_real/install/controller_manager_msgs/include/controller_manager_msgs/controller_manager_msgs/srv/list_controllers.h
[0.389s] -- Up-to-date: /home/kadi/UR5e_ros2/ros2_real/install/controller_manager_msgs/include/controller_manager_msgs/controller_manager_msgs/msg
[0.389s] -- Up-to-date: /home/kadi/UR5e_ros2/ros2_real/install/controller_manager_msgs/include/controller_manager_msgs/controller_manager_msgs/msg/rosidl_generator_c__visibility_control.h
[0.389s] -- Up-to-date: /home/kadi/UR5e_ros2/ros2_real/install/controller_manager_msgs/include/controller_manager_msgs/controller_manager_msgs/msg/detail
[0.389s] -- Up-to-date: /home/kadi/UR5e_ros2/ros2_real/install/controller_manager_msgs/include/controller_manager_msgs/controller_manager_msgs/msg/detail/hardware_component_state__description.c
[0.389s] -- Up-to-date: /home/kadi/UR5e_ros2/ros2_real/install/controller_manager_msgs/include/controller_manager_msgs/controller_manager_msgs/msg/detail/hardware_interface__functions.h
[0.389s] -- Up-to-date: /home/kadi/UR5e_ros2/ros2_real/install/controller_manager_msgs/include/controller_manager_msgs/controller_manager_msgs/msg/detail/hardware_interface__type_support.h
[0.389s] -- Up-to-date: /home/kadi/UR5e_ros2/ros2_real/install/controller_manager_msgs/include/controller_manager_msgs/controller_manager_msgs/msg/detail/controller_state__functions.c
[0.389s] -- Up-to-date: /home/kadi/UR5e_ros2/ros2_real/install/controller_manager_msgs/include/controller_manager_msgs/controller_manager_msgs/msg/detail/chain_connection__functions.c
[0.389s] -- Up-to-date: /home/kadi/UR5e_ros2/ros2_real/install/controller_manager_msgs/include/controller_manager_msgs/controller_manager_msgs/msg/detail/controller_state__description.c
[0.389s] -- Installing: /home/kadi/UR5e_ros2/ros2_real/install/controller_manager_msgs/include/controller_manager_msgs/controller_manager_msgs/msg/detail/chain_connection__type_support.c
[0.390s] -- Installing: /home/kadi/UR5e_ros2/ros2_real/install/controller_manager_msgs/include/controller_manager_msgs/controller_manager_msgs/msg/detail/hardware_component_state__type_support.c
[0.390s] -- Up-to-date: /home/kadi/UR5e_ros2/ros2_real/install/controller_manager_msgs/include/controller_manager_msgs/controller_manager_msgs/msg/detail/hardware_component_state__struct.h
[0.390s] -- Up-to-date: /home/kadi/UR5e_ros2/ros2_real/install/controller_manager_msgs/include/controller_manager_msgs/controller_manager_msgs/msg/detail/hardware_interface__struct.h
[0.390s] -- Installing: /home/kadi/UR5e_ros2/ros2_real/install/controller_manager_msgs/include/controller_manager_msgs/controller_manager_msgs/msg/detail/hardware_interface__type_support.c
[0.390s] -- Up-to-date: /home/kadi/UR5e_ros2/ros2_real/install/controller_manager_msgs/include/controller_manager_msgs/controller_manager_msgs/msg/detail/controller_state__type_support.h
[0.391s] -- Up-to-date: /home/kadi/UR5e_ros2/ros2_real/install/controller_manager_msgs/include/controller_manager_msgs/controller_manager_msgs/msg/detail/hardware_interface__functions.c
[0.391s] -- Up-to-date: /home/kadi/UR5e_ros2/ros2_real/install/controller_manager_msgs/include/controller_manager_msgs/controller_manager_msgs/msg/detail/chain_connection__struct.h
[0.391s] -- Installing: /home/kadi/UR5e_ros2/ros2_real/install/controller_manager_msgs/include/controller_manager_msgs/controller_manager_msgs/msg/detail/controller_state__type_support.c
[0.392s] -- Up-to-date: /home/kadi/UR5e_ros2/ros2_real/install/controller_manager_msgs/include/controller_manager_msgs/controller_manager_msgs/msg/detail/chain_connection__description.c
[0.392s] -- Up-to-date: /home/kadi/UR5e_ros2/ros2_real/install/controller_manager_msgs/include/controller_manager_msgs/controller_manager_msgs/msg/detail/controller_state__functions.h
[0.392s] -- Up-to-date: /home/kadi/UR5e_ros2/ros2_real/install/controller_manager_msgs/include/controller_manager_msgs/controller_manager_msgs/msg/detail/chain_connection__type_support.h
[0.392s] -- Up-to-date: /home/kadi/UR5e_ros2/ros2_real/install/controller_manager_msgs/include/controller_manager_msgs/controller_manager_msgs/msg/detail/hardware_interface__description.c
[0.392s] -- Up-to-date: /home/kadi/UR5e_ros2/ros2_real/install/controller_manager_msgs/include/controller_manager_msgs/controller_manager_msgs/msg/detail/controller_state__struct.h
[0.392s] -- Up-to-date: /home/kadi/UR5e_ros2/ros2_real/install/controller_manager_msgs/include/controller_manager_msgs/controller_manager_msgs/msg/detail/chain_connection__functions.h
[0.392s] -- Up-to-date: /home/kadi/UR5e_ros2/ros2_real/install/controller_manager_msgs/include/controller_manager_msgs/controller_manager_msgs/msg/detail/hardware_component_state__type_support.h
[0.392s] -- Up-to-date: /home/kadi/UR5e_ros2/ros2_real/install/controller_manager_msgs/include/controller_manager_msgs/controller_manager_msgs/msg/detail/hardware_component_state__functions.h
[0.392s] -- Up-to-date: /home/kadi/UR5e_ros2/ros2_real/install/controller_manager_msgs/include/controller_manager_msgs/controller_manager_msgs/msg/detail/hardware_component_state__functions.c
[0.392s] -- Up-to-date: /home/kadi/UR5e_ros2/ros2_real/install/controller_manager_msgs/include/controller_manager_msgs/controller_manager_msgs/msg/chain_connection.h
[0.392s] -- Up-to-date: /home/kadi/UR5e_ros2/ros2_real/install/controller_manager_msgs/include/controller_manager_msgs/controller_manager_msgs/msg/controller_state.h
[0.392s] -- Up-to-date: /home/kadi/UR5e_ros2/ros2_real/install/controller_manager_msgs/include/controller_manager_msgs/controller_manager_msgs/msg/hardware_interface.h
[0.392s] -- Up-to-date: /home/kadi/UR5e_ros2/ros2_real/install/controller_manager_msgs/include/controller_manager_msgs/controller_manager_msgs/msg/hardware_component_state.h
[0.392s] -- Up-to-date: /home/kadi/UR5e_ros2/ros2_real/install/controller_manager_msgs/share/controller_manager_msgs/environment/library_path.sh
[0.392s] -- Up-to-date: /home/kadi/UR5e_ros2/ros2_real/install/controller_manager_msgs/share/controller_manager_msgs/environment/library_path.dsv
[0.392s] -- Up-to-date: /home/kadi/UR5e_ros2/ros2_real/install/controller_manager_msgs/lib/libcontroller_manager_msgs__rosidl_generator_c.so
[0.392s] -- Up-to-date: /home/kadi/UR5e_ros2/ros2_real/install/controller_manager_msgs/include/controller_manager_msgs/controller_manager_msgs
[0.393s] -- Up-to-date: /home/kadi/UR5e_ros2/ros2_real/install/controller_manager_msgs/include/controller_manager_msgs/controller_manager_msgs/srv
[0.393s] -- Up-to-date: /home/kadi/UR5e_ros2/ros2_real/install/controller_manager_msgs/include/controller_manager_msgs/controller_manager_msgs/srv/detail
[0.393s] -- Up-to-date: /home/kadi/UR5e_ros2/ros2_real/install/controller_manager_msgs/include/controller_manager_msgs/controller_manager_msgs/srv/detail/list_controllers__rosidl_typesupport_fastrtps_c.h
[0.393s] -- Up-to-date: /home/kadi/UR5e_ros2/ros2_real/install/controller_manager_msgs/include/controller_manager_msgs/controller_manager_msgs/srv/detail/switch_controller__rosidl_typesupport_fastrtps_c.h
[0.393s] -- Up-to-date: /home/kadi/UR5e_ros2/ros2_real/install/controller_manager_msgs/include/controller_manager_msgs/controller_manager_msgs/srv/detail/set_hardware_component_state__rosidl_typesupport_fastrtps_c.h
[0.393s] -- Up-to-date: /home/kadi/UR5e_ros2/ros2_real/install/controller_manager_msgs/include/controller_manager_msgs/controller_manager_msgs/srv/detail/reload_controller_libraries__rosidl_typesupport_fastrtps_c.h
[0.394s] -- Up-to-date: /home/kadi/UR5e_ros2/ros2_real/install/controller_manager_msgs/include/controller_manager_msgs/controller_manager_msgs/srv/detail/configure_controller__rosidl_typesupport_fastrtps_c.h
[0.394s] -- Up-to-date: /home/kadi/UR5e_ros2/ros2_real/install/controller_manager_msgs/include/controller_manager_msgs/controller_manager_msgs/srv/detail/load_controller__rosidl_typesupport_fastrtps_c.h
[0.394s] -- Up-to-date: /home/kadi/UR5e_ros2/ros2_real/install/controller_manager_msgs/include/controller_manager_msgs/controller_manager_msgs/srv/detail/list_controller_types__rosidl_typesupport_fastrtps_c.h
[0.394s] -- Up-to-date: /home/kadi/UR5e_ros2/ros2_real/install/controller_manager_msgs/include/controller_manager_msgs/controller_manager_msgs/srv/detail/list_hardware_interfaces__rosidl_typesupport_fastrtps_c.h
[0.394s] -- Up-to-date: /home/kadi/UR5e_ros2/ros2_real/install/controller_manager_msgs/include/controller_manager_msgs/controller_manager_msgs/srv/detail/unload_controller__rosidl_typesupport_fastrtps_c.h
[0.394s] -- Up-to-date: /home/kadi/UR5e_ros2/ros2_real/install/controller_manager_msgs/include/controller_manager_msgs/controller_manager_msgs/srv/detail/list_hardware_components__rosidl_typesupport_fastrtps_c.h
[0.394s] -- Up-to-date: /home/kadi/UR5e_ros2/ros2_real/install/controller_manager_msgs/include/controller_manager_msgs/controller_manager_msgs/msg
[0.394s] -- Up-to-date: /home/kadi/UR5e_ros2/ros2_real/install/controller_manager_msgs/include/controller_manager_msgs/controller_manager_msgs/msg/rosidl_typesupport_fastrtps_c__visibility_control.h
[0.394s] -- Up-to-date: /home/kadi/UR5e_ros2/ros2_real/install/controller_manager_msgs/include/controller_manager_msgs/controller_manager_msgs/msg/detail
[0.394s] -- Up-to-date: /home/kadi/UR5e_ros2/ros2_real/install/controller_manager_msgs/include/controller_manager_msgs/controller_manager_msgs/msg/detail/controller_state__rosidl_typesupport_fastrtps_c.h
[0.394s] -- Up-to-date: /home/kadi/UR5e_ros2/ros2_real/install/controller_manager_msgs/include/controller_manager_msgs/controller_manager_msgs/msg/detail/chain_connection__rosidl_typesupport_fastrtps_c.h
[0.394s] -- Up-to-date: /home/kadi/UR5e_ros2/ros2_real/install/controller_manager_msgs/include/controller_manager_msgs/controller_manager_msgs/msg/detail/hardware_interface__rosidl_typesupport_fastrtps_c.h
[0.394s] -- Up-to-date: /home/kadi/UR5e_ros2/ros2_real/install/controller_manager_msgs/include/controller_manager_msgs/controller_manager_msgs/msg/detail/hardware_component_state__rosidl_typesupport_fastrtps_c.h
[0.394s] -- Up-to-date: /home/kadi/UR5e_ros2/ros2_real/install/controller_manager_msgs/lib/libcontroller_manager_msgs__rosidl_typesupport_fastrtps_c.so
[0.394s] -- Up-to-date: /home/kadi/UR5e_ros2/ros2_real/install/controller_manager_msgs/include/controller_manager_msgs/controller_manager_msgs
[0.395s] -- Up-to-date: /home/kadi/UR5e_ros2/ros2_real/install/controller_manager_msgs/include/controller_manager_msgs/controller_manager_msgs/srv
[0.395s] -- Up-to-date: /home/kadi/UR5e_ros2/ros2_real/install/controller_manager_msgs/include/controller_manager_msgs/controller_manager_msgs/srv/load_controller.hpp
[0.395s] -- Up-to-date: /home/kadi/UR5e_ros2/ros2_real/install/controller_manager_msgs/include/controller_manager_msgs/controller_manager_msgs/srv/configure_controller.hpp
[0.395s] -- Up-to-date: /home/kadi/UR5e_ros2/ros2_real/install/controller_manager_msgs/include/controller_manager_msgs/controller_manager_msgs/srv/detail
[0.395s] -- Up-to-date: /home/kadi/UR5e_ros2/ros2_real/install/controller_manager_msgs/include/controller_manager_msgs/controller_manager_msgs/srv/detail/list_controllers__struct.hpp
[0.395s] -- Up-to-date: /home/kadi/UR5e_ros2/ros2_real/install/controller_manager_msgs/include/controller_manager_msgs/controller_manager_msgs/srv/detail/list_controllers__builder.hpp
[0.395s] -- Up-to-date: /home/kadi/UR5e_ros2/ros2_real/install/controller_manager_msgs/include/controller_manager_msgs/controller_manager_msgs/srv/detail/list_hardware_components__traits.hpp
[0.395s] -- Up-to-date: /home/kadi/UR5e_ros2/ros2_real/install/controller_manager_msgs/include/controller_manager_msgs/controller_manager_msgs/srv/detail/load_controller__builder.hpp
[0.395s] -- Up-to-date: /home/kadi/UR5e_ros2/ros2_real/install/controller_manager_msgs/include/controller_manager_msgs/controller_manager_msgs/srv/detail/list_hardware_interfaces__builder.hpp
[0.395s] -- Up-to-date: /home/kadi/UR5e_ros2/ros2_real/install/controller_manager_msgs/include/controller_manager_msgs/controller_manager_msgs/srv/detail/load_controller__traits.hpp
[0.395s] -- Up-to-date: /home/kadi/UR5e_ros2/ros2_real/install/controller_manager_msgs/include/controller_manager_msgs/controller_manager_msgs/srv/detail/unload_controller__struct.hpp
[0.395s] -- Up-to-date: /home/kadi/UR5e_ros2/ros2_real/install/controller_manager_msgs/include/controller_manager_msgs/controller_manager_msgs/srv/detail/list_controller_types__builder.hpp
[0.395s] -- Up-to-date: /home/kadi/UR5e_ros2/ros2_real/install/controller_manager_msgs/include/controller_manager_msgs/controller_manager_msgs/srv/detail/list_hardware_components__struct.hpp
[0.395s] -- Up-to-date: /home/kadi/UR5e_ros2/ros2_real/install/controller_manager_msgs/include/controller_manager_msgs/controller_manager_msgs/srv/detail/set_hardware_component_state__builder.hpp
[0.395s] -- Up-to-date: /home/kadi/UR5e_ros2/ros2_real/install/controller_manager_msgs/include/controller_manager_msgs/controller_manager_msgs/srv/detail/list_controllers__traits.hpp
[0.396s] -- Up-to-date: /home/kadi/UR5e_ros2/ros2_real/install/controller_manager_msgs/include/controller_manager_msgs/controller_manager_msgs/srv/detail/reload_controller_libraries__struct.hpp
[0.396s] -- Up-to-date: /home/kadi/UR5e_ros2/ros2_real/install/controller_manager_msgs/include/controller_manager_msgs/controller_manager_msgs/srv/detail/reload_controller_libraries__traits.hpp
[0.396s] -- Up-to-date: /home/kadi/UR5e_ros2/ros2_real/install/controller_manager_msgs/include/controller_manager_msgs/controller_manager_msgs/srv/detail/list_controller_types__struct.hpp
[0.396s] -- Up-to-date: /home/kadi/UR5e_ros2/ros2_real/install/controller_manager_msgs/include/controller_manager_msgs/controller_manager_msgs/srv/detail/list_hardware_interfaces__struct.hpp
[0.396s] -- Up-to-date: /home/kadi/UR5e_ros2/ros2_real/install/controller_manager_msgs/include/controller_manager_msgs/controller_manager_msgs/srv/detail/configure_controller__builder.hpp
[0.396s] -- Up-to-date: /home/kadi/UR5e_ros2/ros2_real/install/controller_manager_msgs/include/controller_manager_msgs/controller_manager_msgs/srv/detail/configure_controller__traits.hpp
[0.396s] -- Up-to-date: /home/kadi/UR5e_ros2/ros2_real/install/controller_manager_msgs/include/controller_manager_msgs/controller_manager_msgs/srv/detail/load_controller__struct.hpp
[0.396s] -- Up-to-date: /home/kadi/UR5e_ros2/ros2_real/install/controller_manager_msgs/include/controller_manager_msgs/controller_manager_msgs/srv/detail/list_hardware_interfaces__traits.hpp
[0.396s] -- Up-to-date: /home/kadi/UR5e_ros2/ros2_real/install/controller_manager_msgs/include/controller_manager_msgs/controller_manager_msgs/srv/detail/set_hardware_component_state__struct.hpp
[0.396s] -- Up-to-date: /home/kadi/UR5e_ros2/ros2_real/install/controller_manager_msgs/include/controller_manager_msgs/controller_manager_msgs/srv/detail/unload_controller__traits.hpp
[0.396s] -- Up-to-date: /home/kadi/UR5e_ros2/ros2_real/install/controller_manager_msgs/include/controller_manager_msgs/controller_manager_msgs/srv/detail/configure_controller__struct.hpp
[0.396s] -- Up-to-date: /home/kadi/UR5e_ros2/ros2_real/install/controller_manager_msgs/include/controller_manager_msgs/controller_manager_msgs/srv/detail/set_hardware_component_state__traits.hpp
[0.396s] -- Up-to-date: /home/kadi/UR5e_ros2/ros2_real/install/controller_manager_msgs/include/controller_manager_msgs/controller_manager_msgs/srv/detail/switch_controller__traits.hpp
[0.396s] -- Up-to-date: /home/kadi/UR5e_ros2/ros2_real/install/controller_manager_msgs/include/controller_manager_msgs/controller_manager_msgs/srv/detail/switch_controller__struct.hpp
[0.396s] -- Up-to-date: /home/kadi/UR5e_ros2/ros2_real/install/controller_manager_msgs/include/controller_manager_msgs/controller_manager_msgs/srv/detail/list_hardware_components__builder.hpp
[0.396s] -- Up-to-date: /home/kadi/UR5e_ros2/ros2_real/install/controller_manager_msgs/include/controller_manager_msgs/controller_manager_msgs/srv/detail/reload_controller_libraries__builder.hpp
[0.396s] -- Up-to-date: /home/kadi/UR5e_ros2/ros2_real/install/controller_manager_msgs/include/controller_manager_msgs/controller_manager_msgs/srv/detail/switch_controller__builder.hpp
[0.396s] -- Up-to-date: /home/kadi/UR5e_ros2/ros2_real/install/controller_manager_msgs/include/controller_manager_msgs/controller_manager_msgs/srv/detail/list_controller_types__traits.hpp
[0.396s] -- Up-to-date: /home/kadi/UR5e_ros2/ros2_real/install/controller_manager_msgs/include/controller_manager_msgs/controller_manager_msgs/srv/detail/unload_controller__builder.hpp
[0.396s] -- Up-to-date: /home/kadi/UR5e_ros2/ros2_real/install/controller_manager_msgs/include/controller_manager_msgs/controller_manager_msgs/srv/list_controllers.hpp
[0.396s] -- Up-to-date: /home/kadi/UR5e_ros2/ros2_real/install/controller_manager_msgs/include/controller_manager_msgs/controller_manager_msgs/srv/list_hardware_components.hpp
[0.396s] -- Up-to-date: /home/kadi/UR5e_ros2/ros2_real/install/controller_manager_msgs/include/controller_manager_msgs/controller_manager_msgs/srv/reload_controller_libraries.hpp
[0.396s] -- Up-to-date: /home/kadi/UR5e_ros2/ros2_real/install/controller_manager_msgs/include/controller_manager_msgs/controller_manager_msgs/srv/switch_controller.hpp
[0.396s] -- Up-to-date: /home/kadi/UR5e_ros2/ros2_real/install/controller_manager_msgs/include/controller_manager_msgs/controller_manager_msgs/srv/set_hardware_component_state.hpp
[0.396s] -- Up-to-date: /home/kadi/UR5e_ros2/ros2_real/install/controller_manager_msgs/include/controller_manager_msgs/controller_manager_msgs/srv/list_hardware_interfaces.hpp
[0.396s] -- Up-to-date: /home/kadi/UR5e_ros2/ros2_real/install/controller_manager_msgs/include/controller_manager_msgs/controller_manager_msgs/srv/unload_controller.hpp
[0.396s] -- Up-to-date: /home/kadi/UR5e_ros2/ros2_real/install/controller_manager_msgs/include/controller_manager_msgs/controller_manager_msgs/srv/list_controller_types.hpp
[0.396s] -- Up-to-date: /home/kadi/UR5e_ros2/ros2_real/install/controller_manager_msgs/include/controller_manager_msgs/controller_manager_msgs/msg
[0.396s] -- Up-to-date: /home/kadi/UR5e_ros2/ros2_real/install/controller_manager_msgs/include/controller_manager_msgs/controller_manager_msgs/msg/detail
[0.396s] -- Up-to-date: /home/kadi/UR5e_ros2/ros2_real/install/controller_manager_msgs/include/controller_manager_msgs/controller_manager_msgs/msg/detail/controller_state__traits.hpp
[0.396s] -- Up-to-date: /home/kadi/UR5e_ros2/ros2_real/install/controller_manager_msgs/include/controller_manager_msgs/controller_manager_msgs/msg/detail/hardware_interface__builder.hpp
[0.396s] -- Up-to-date: /home/kadi/UR5e_ros2/ros2_real/install/controller_manager_msgs/include/controller_manager_msgs/controller_manager_msgs/msg/detail/chain_connection__struct.hpp
[0.397s] -- Up-to-date: /home/kadi/UR5e_ros2/ros2_real/install/controller_manager_msgs/include/controller_manager_msgs/controller_manager_msgs/msg/detail/chain_connection__builder.hpp
[0.397s] -- Up-to-date: /home/kadi/UR5e_ros2/ros2_real/install/controller_manager_msgs/include/controller_manager_msgs/controller_manager_msgs/msg/detail/hardware_interface__traits.hpp
[0.397s] -- Up-to-date: /home/kadi/UR5e_ros2/ros2_real/install/controller_manager_msgs/include/controller_manager_msgs/controller_manager_msgs/msg/detail/hardware_interface__struct.hpp
[0.397s] -- Up-to-date: /home/kadi/UR5e_ros2/ros2_real/install/controller_manager_msgs/include/controller_manager_msgs/controller_manager_msgs/msg/detail/hardware_component_state__traits.hpp
[0.397s] -- Up-to-date: /home/kadi/UR5e_ros2/ros2_real/install/controller_manager_msgs/include/controller_manager_msgs/controller_manager_msgs/msg/detail/chain_connection__traits.hpp
[0.397s] -- Up-to-date: /home/kadi/UR5e_ros2/ros2_real/install/controller_manager_msgs/include/controller_manager_msgs/controller_manager_msgs/msg/detail/controller_state__builder.hpp
[0.397s] -- Up-to-date: /home/kadi/UR5e_ros2/ros2_real/install/controller_manager_msgs/include/controller_manager_msgs/controller_manager_msgs/msg/detail/hardware_component_state__struct.hpp
[0.397s] -- Up-to-date: /home/kadi/UR5e_ros2/ros2_real/install/controller_manager_msgs/include/controller_manager_msgs/controller_manager_msgs/msg/detail/controller_state__struct.hpp
[0.397s] -- Up-to-date: /home/kadi/UR5e_ros2/ros2_real/install/controller_manager_msgs/include/controller_manager_msgs/controller_manager_msgs/msg/detail/hardware_component_state__builder.hpp
[0.397s] -- Up-to-date: /home/kadi/UR5e_ros2/ros2_real/install/controller_manager_msgs/include/controller_manager_msgs/controller_manager_msgs/msg/chain_connection.hpp
[0.397s] -- Up-to-date: /home/kadi/UR5e_ros2/ros2_real/install/controller_manager_msgs/include/controller_manager_msgs/controller_manager_msgs/msg/hardware_component_state.hpp
[0.397s] -- Up-to-date: /home/kadi/UR5e_ros2/ros2_real/install/controller_manager_msgs/include/controller_manager_msgs/controller_manager_msgs/msg/hardware_interface.hpp
[0.397s] -- Up-to-date: /home/kadi/UR5e_ros2/ros2_real/install/controller_manager_msgs/include/controller_manager_msgs/controller_manager_msgs/msg/controller_state.hpp
[0.397s] -- Up-to-date: /home/kadi/UR5e_ros2/ros2_real/install/controller_manager_msgs/include/controller_manager_msgs/controller_manager_msgs
[0.397s] -- Up-to-date: /home/kadi/UR5e_ros2/ros2_real/install/controller_manager_msgs/include/controller_manager_msgs/controller_manager_msgs/srv
[0.397s] -- Up-to-date: /home/kadi/UR5e_ros2/ros2_real/install/controller_manager_msgs/include/controller_manager_msgs/controller_manager_msgs/srv/detail
[0.397s] -- Up-to-date: /home/kadi/UR5e_ros2/ros2_real/install/controller_manager_msgs/include/controller_manager_msgs/controller_manager_msgs/srv/detail/load_controller__rosidl_typesupport_fastrtps_cpp.hpp
[0.397s] -- Up-to-date: /home/kadi/UR5e_ros2/ros2_real/install/controller_manager_msgs/include/controller_manager_msgs/controller_manager_msgs/srv/detail/reload_controller_libraries__rosidl_typesupport_fastrtps_cpp.hpp
[0.397s] -- Up-to-date: /home/kadi/UR5e_ros2/ros2_real/install/controller_manager_msgs/include/controller_manager_msgs/controller_manager_msgs/srv/detail/list_hardware_components__rosidl_typesupport_fastrtps_cpp.hpp
[0.397s] -- Up-to-date: /home/kadi/UR5e_ros2/ros2_real/install/controller_manager_msgs/include/controller_manager_msgs/controller_manager_msgs/srv/detail/list_controller_types__rosidl_typesupport_fastrtps_cpp.hpp
[0.397s] -- Up-to-date: /home/kadi/UR5e_ros2/ros2_real/install/controller_manager_msgs/include/controller_manager_msgs/controller_manager_msgs/srv/detail/configure_controller__rosidl_typesupport_fastrtps_cpp.hpp
[0.397s] -- Up-to-date: /home/kadi/UR5e_ros2/ros2_real/install/controller_manager_msgs/include/controller_manager_msgs/controller_manager_msgs/srv/detail/set_hardware_component_state__rosidl_typesupport_fastrtps_cpp.hpp
[0.397s] -- Up-to-date: /home/kadi/UR5e_ros2/ros2_real/install/controller_manager_msgs/include/controller_manager_msgs/controller_manager_msgs/srv/detail/list_controllers__rosidl_typesupport_fastrtps_cpp.hpp
[0.397s] -- Up-to-date: /home/kadi/UR5e_ros2/ros2_real/install/controller_manager_msgs/include/controller_manager_msgs/controller_manager_msgs/srv/detail/switch_controller__rosidl_typesupport_fastrtps_cpp.hpp
[0.397s] -- Up-to-date: /home/kadi/UR5e_ros2/ros2_real/install/controller_manager_msgs/include/controller_manager_msgs/controller_manager_msgs/srv/detail/dds_fastrtps
[0.397s] -- Up-to-date: /home/kadi/UR5e_ros2/ros2_real/install/controller_manager_msgs/include/controller_manager_msgs/controller_manager_msgs/srv/detail/list_hardware_interfaces__rosidl_typesupport_fastrtps_cpp.hpp
[0.397s] -- Up-to-date: /home/kadi/UR5e_ros2/ros2_real/install/controller_manager_msgs/include/controller_manager_msgs/controller_manager_msgs/srv/detail/unload_controller__rosidl_typesupport_fastrtps_cpp.hpp
[0.397s] -- Up-to-date: /home/kadi/UR5e_ros2/ros2_real/install/controller_manager_msgs/include/controller_manager_msgs/controller_manager_msgs/msg
[0.397s] -- Up-to-date: /home/kadi/UR5e_ros2/ros2_real/install/controller_manager_msgs/include/controller_manager_msgs/controller_manager_msgs/msg/detail
[0.397s] -- Up-to-date: /home/kadi/UR5e_ros2/ros2_real/install/controller_manager_msgs/include/controller_manager_msgs/controller_manager_msgs/msg/detail/controller_state__rosidl_typesupport_fastrtps_cpp.hpp
[0.397s] -- Up-to-date: /home/kadi/UR5e_ros2/ros2_real/install/controller_manager_msgs/include/controller_manager_msgs/controller_manager_msgs/msg/detail/chain_connection__rosidl_typesupport_fastrtps_cpp.hpp
[0.398s] -- Up-to-date: /home/kadi/UR5e_ros2/ros2_real/install/controller_manager_msgs/include/controller_manager_msgs/controller_manager_msgs/msg/detail/hardware_interface__rosidl_typesupport_fastrtps_cpp.hpp
[0.398s] -- Up-to-date: /home/kadi/UR5e_ros2/ros2_real/install/controller_manager_msgs/include/controller_manager_msgs/controller_manager_msgs/msg/detail/hardware_component_state__rosidl_typesupport_fastrtps_cpp.hpp
[0.398s] -- Up-to-date: /home/kadi/UR5e_ros2/ros2_real/install/controller_manager_msgs/include/controller_manager_msgs/controller_manager_msgs/msg/detail/dds_fastrtps
[0.398s] -- Up-to-date: /home/kadi/UR5e_ros2/ros2_real/install/controller_manager_msgs/include/controller_manager_msgs/controller_manager_msgs/msg/rosidl_typesupport_fastrtps_cpp__visibility_control.h
[0.398s] -- Up-to-date: /home/kadi/UR5e_ros2/ros2_real/install/controller_manager_msgs/lib/libcontroller_manager_msgs__rosidl_typesupport_fastrtps_cpp.so
[0.398s] -- Up-to-date: /home/kadi/UR5e_ros2/ros2_real/install/controller_manager_msgs/include/controller_manager_msgs/controller_manager_msgs
[0.398s] -- Up-to-date: /home/kadi/UR5e_ros2/ros2_real/install/controller_manager_msgs/include/controller_manager_msgs/controller_manager_msgs/srv
[0.398s] -- Up-to-date: /home/kadi/UR5e_ros2/ros2_real/install/controller_manager_msgs/include/controller_manager_msgs/controller_manager_msgs/srv/detail
[0.398s] -- Installing: /home/kadi/UR5e_ros2/ros2_real/install/controller_manager_msgs/include/controller_manager_msgs/controller_manager_msgs/srv/detail/unload_controller__type_support.c
[0.398s] -- Up-to-date: /home/kadi/UR5e_ros2/ros2_real/install/controller_manager_msgs/include/controller_manager_msgs/controller_manager_msgs/srv/detail/load_controller__rosidl_typesupport_introspection_c.h
[0.399s] -- Installing: /home/kadi/UR5e_ros2/ros2_real/install/controller_manager_msgs/include/controller_manager_msgs/controller_manager_msgs/srv/detail/configure_controller__type_support.c
[0.399s] -- Up-to-date: /home/kadi/UR5e_ros2/ros2_real/install/controller_manager_msgs/include/controller_manager_msgs/controller_manager_msgs/srv/detail/list_controllers__rosidl_typesupport_introspection_c.h
[0.399s] -- Up-to-date: /home/kadi/UR5e_ros2/ros2_real/install/controller_manager_msgs/include/controller_manager_msgs/controller_manager_msgs/srv/detail/list_hardware_components__rosidl_typesupport_introspection_c.h
[0.399s] -- Up-to-date: /home/kadi/UR5e_ros2/ros2_real/install/controller_manager_msgs/include/controller_manager_msgs/controller_manager_msgs/srv/detail/set_hardware_component_state__rosidl_typesupport_introspection_c.h
[0.399s] -- Up-to-date: /home/kadi/UR5e_ros2/ros2_real/install/controller_manager_msgs/include/controller_manager_msgs/controller_manager_msgs/srv/detail/list_hardware_interfaces__rosidl_typesupport_introspection_c.h
[0.399s] -- Installing: /home/kadi/UR5e_ros2/ros2_real/install/controller_manager_msgs/include/controller_manager_msgs/controller_manager_msgs/srv/detail/reload_controller_libraries__type_support.c
[0.399s] -- Installing: /home/kadi/UR5e_ros2/ros2_real/install/controller_manager_msgs/include/controller_manager_msgs/controller_manager_msgs/srv/detail/list_hardware_components__type_support.c
[0.399s] -- Up-to-date: /home/kadi/UR5e_ros2/ros2_real/install/controller_manager_msgs/include/controller_manager_msgs/controller_manager_msgs/srv/detail/switch_controller__rosidl_typesupport_introspection_c.h
[0.399s] -- Installing: /home/kadi/UR5e_ros2/ros2_real/install/controller_manager_msgs/include/controller_manager_msgs/controller_manager_msgs/srv/detail/list_hardware_interfaces__type_support.c
[0.399s] -- Installing: /home/kadi/UR5e_ros2/ros2_real/install/controller_manager_msgs/include/controller_manager_msgs/controller_manager_msgs/srv/detail/list_controllers__type_support.c
[0.399s] -- Up-to-date: /home/kadi/UR5e_ros2/ros2_real/install/controller_manager_msgs/include/controller_manager_msgs/controller_manager_msgs/srv/detail/unload_controller__rosidl_typesupport_introspection_c.h
[0.399s] -- Up-to-date: /home/kadi/UR5e_ros2/ros2_real/install/controller_manager_msgs/include/controller_manager_msgs/controller_manager_msgs/srv/detail/reload_controller_libraries__rosidl_typesupport_introspection_c.h
[0.399s] -- Installing: /home/kadi/UR5e_ros2/ros2_real/install/controller_manager_msgs/include/controller_manager_msgs/controller_manager_msgs/srv/detail/switch_controller__type_support.c
[0.399s] -- Up-to-date: /home/kadi/UR5e_ros2/ros2_real/install/controller_manager_msgs/include/controller_manager_msgs/controller_manager_msgs/srv/detail/configure_controller__rosidl_typesupport_introspection_c.h
[0.399s] -- Installing: /home/kadi/UR5e_ros2/ros2_real/install/controller_manager_msgs/include/controller_manager_msgs/controller_manager_msgs/srv/detail/list_controller_types__type_support.c
[0.400s] -- Installing: /home/kadi/UR5e_ros2/ros2_real/install/controller_manager_msgs/include/controller_manager_msgs/controller_manager_msgs/srv/detail/load_controller__type_support.c
[0.400s] -- Up-to-date: /home/kadi/UR5e_ros2/ros2_real/install/controller_manager_msgs/include/controller_manager_msgs/controller_manager_msgs/srv/detail/list_controller_types__rosidl_typesupport_introspection_c.h
[0.400s] -- Installing: /home/kadi/UR5e_ros2/ros2_real/install/controller_manager_msgs/include/controller_manager_msgs/controller_manager_msgs/srv/detail/set_hardware_component_state__type_support.c
[0.400s] -- Up-to-date: /home/kadi/UR5e_ros2/ros2_real/install/controller_manager_msgs/include/controller_manager_msgs/controller_manager_msgs/msg
[0.400s] -- Up-to-date: /home/kadi/UR5e_ros2/ros2_real/install/controller_manager_msgs/include/controller_manager_msgs/controller_manager_msgs/msg/detail
[0.400s] -- Up-to-date: /home/kadi/UR5e_ros2/ros2_real/install/controller_manager_msgs/include/controller_manager_msgs/controller_manager_msgs/msg/detail/chain_connection__rosidl_typesupport_introspection_c.h
[0.400s] -- Installing: /home/kadi/UR5e_ros2/ros2_real/install/controller_manager_msgs/include/controller_manager_msgs/controller_manager_msgs/msg/detail/chain_connection__type_support.c
[0.401s] -- Up-to-date: /home/kadi/UR5e_ros2/ros2_real/install/controller_manager_msgs/include/controller_manager_msgs/controller_manager_msgs/msg/detail/controller_state__rosidl_typesupport_introspection_c.h
[0.401s] -- Installing: /home/kadi/UR5e_ros2/ros2_real/install/controller_manager_msgs/include/controller_manager_msgs/controller_manager_msgs/msg/detail/hardware_component_state__type_support.c
[0.401s] -- Installing: /home/kadi/UR5e_ros2/ros2_real/install/controller_manager_msgs/include/controller_manager_msgs/controller_manager_msgs/msg/detail/hardware_interface__type_support.c
[0.401s] -- Up-to-date: /home/kadi/UR5e_ros2/ros2_real/install/controller_manager_msgs/include/controller_manager_msgs/controller_manager_msgs/msg/detail/hardware_interface__rosidl_typesupport_introspection_c.h
[0.401s] -- Up-to-date: /home/kadi/UR5e_ros2/ros2_real/install/controller_manager_msgs/include/controller_manager_msgs/controller_manager_msgs/msg/detail/hardware_component_state__rosidl_typesupport_introspection_c.h
[0.401s] -- Installing: /home/kadi/UR5e_ros2/ros2_real/install/controller_manager_msgs/include/controller_manager_msgs/controller_manager_msgs/msg/detail/controller_state__type_support.c
[0.401s] -- Up-to-date: /home/kadi/UR5e_ros2/ros2_real/install/controller_manager_msgs/include/controller_manager_msgs/controller_manager_msgs/msg/rosidl_typesupport_introspection_c__visibility_control.h
[0.401s] -- Up-to-date: /home/kadi/UR5e_ros2/ros2_real/install/controller_manager_msgs/lib/libcontroller_manager_msgs__rosidl_typesupport_introspection_c.so
[0.401s] -- Up-to-date: /home/kadi/UR5e_ros2/ros2_real/install/controller_manager_msgs/lib/libcontroller_manager_msgs__rosidl_typesupport_c.so
[0.401s] -- Up-to-date: /home/kadi/UR5e_ros2/ros2_real/install/controller_manager_msgs/include/controller_manager_msgs/controller_manager_msgs
[0.402s] -- Up-to-date: /home/kadi/UR5e_ros2/ros2_real/install/controller_manager_msgs/include/controller_manager_msgs/controller_manager_msgs/srv
[0.402s] -- Up-to-date: /home/kadi/UR5e_ros2/ros2_real/install/controller_manager_msgs/include/controller_manager_msgs/controller_manager_msgs/srv/detail
[0.402s] -- Up-to-date: /home/kadi/UR5e_ros2/ros2_real/install/controller_manager_msgs/include/controller_manager_msgs/controller_manager_msgs/srv/detail/list_hardware_components__type_support.cpp
[0.402s] -- Up-to-date: /home/kadi/UR5e_ros2/ros2_real/install/controller_manager_msgs/include/controller_manager_msgs/controller_manager_msgs/srv/detail/list_controllers__type_support.cpp
[0.402s] -- Up-to-date: /home/kadi/UR5e_ros2/ros2_real/install/controller_manager_msgs/include/controller_manager_msgs/controller_manager_msgs/srv/detail/list_controller_types__rosidl_typesupport_introspection_cpp.hpp
[0.402s] -- Up-to-date: /home/kadi/UR5e_ros2/ros2_real/install/controller_manager_msgs/include/controller_manager_msgs/controller_manager_msgs/srv/detail/list_hardware_interfaces__type_support.cpp
[0.402s] -- Up-to-date: /home/kadi/UR5e_ros2/ros2_real/install/controller_manager_msgs/include/controller_manager_msgs/controller_manager_msgs/srv/detail/reload_controller_libraries__rosidl_typesupport_introspection_cpp.hpp
[0.402s] -- Up-to-date: /home/kadi/UR5e_ros2/ros2_real/install/controller_manager_msgs/include/controller_manager_msgs/controller_manager_msgs/srv/detail/list_controllers__rosidl_typesupport_introspection_cpp.hpp
[0.402s] -- Up-to-date: /home/kadi/UR5e_ros2/ros2_real/install/controller_manager_msgs/include/controller_manager_msgs/controller_manager_msgs/srv/detail/reload_controller_libraries__type_support.cpp
[0.402s] -- Up-to-date: /home/kadi/UR5e_ros2/ros2_real/install/controller_manager_msgs/include/controller_manager_msgs/controller_manager_msgs/srv/detail/set_hardware_component_state__type_support.cpp
[0.402s] -- Up-to-date: /home/kadi/UR5e_ros2/ros2_real/install/controller_manager_msgs/include/controller_manager_msgs/controller_manager_msgs/srv/detail/load_controller__rosidl_typesupport_introspection_cpp.hpp
[0.402s] -- Up-to-date: /home/kadi/UR5e_ros2/ros2_real/install/controller_manager_msgs/include/controller_manager_msgs/controller_manager_msgs/srv/detail/list_hardware_interfaces__rosidl_typesupport_introspection_cpp.hpp
[0.402s] -- Up-to-date: /home/kadi/UR5e_ros2/ros2_real/install/controller_manager_msgs/include/controller_manager_msgs/controller_manager_msgs/srv/detail/configure_controller__rosidl_typesupport_introspection_cpp.hpp
[0.402s] -- Up-to-date: /home/kadi/UR5e_ros2/ros2_real/install/controller_manager_msgs/include/controller_manager_msgs/controller_manager_msgs/srv/detail/load_controller__type_support.cpp
[0.402s] -- Up-to-date: /home/kadi/UR5e_ros2/ros2_real/install/controller_manager_msgs/include/controller_manager_msgs/controller_manager_msgs/srv/detail/list_hardware_components__rosidl_typesupport_introspection_cpp.hpp
[0.402s] -- Up-to-date: /home/kadi/UR5e_ros2/ros2_real/install/controller_manager_msgs/include/controller_manager_msgs/controller_manager_msgs/srv/detail/switch_controller__type_support.cpp
[0.402s] -- Up-to-date: /home/kadi/UR5e_ros2/ros2_real/install/controller_manager_msgs/include/controller_manager_msgs/controller_manager_msgs/srv/detail/unload_controller__rosidl_typesupport_introspection_cpp.hpp
[0.402s] -- Up-to-date: /home/kadi/UR5e_ros2/ros2_real/install/controller_manager_msgs/include/controller_manager_msgs/controller_manager_msgs/srv/detail/switch_controller__rosidl_typesupport_introspection_cpp.hpp
[0.402s] -- Up-to-date: /home/kadi/UR5e_ros2/ros2_real/install/controller_manager_msgs/include/controller_manager_msgs/controller_manager_msgs/srv/detail/set_hardware_component_state__rosidl_typesupport_introspection_cpp.hpp
[0.403s] -- Up-to-date: /home/kadi/UR5e_ros2/ros2_real/install/controller_manager_msgs/include/controller_manager_msgs/controller_manager_msgs/srv/detail/unload_controller__type_support.cpp
[0.403s] -- Up-to-date: /home/kadi/UR5e_ros2/ros2_real/install/controller_manager_msgs/include/controller_manager_msgs/controller_manager_msgs/srv/detail/configure_controller__type_support.cpp
[0.403s] -- Up-to-date: /home/kadi/UR5e_ros2/ros2_real/install/controller_manager_msgs/include/controller_manager_msgs/controller_manager_msgs/srv/detail/list_controller_types__type_support.cpp
[0.403s] -- Up-to-date: /home/kadi/UR5e_ros2/ros2_real/install/controller_manager_msgs/include/controller_manager_msgs/controller_manager_msgs/msg
[0.403s] -- Up-to-date: /home/kadi/UR5e_ros2/ros2_real/install/controller_manager_msgs/include/controller_manager_msgs/controller_manager_msgs/msg/detail
[0.403s] -- Up-to-date: /home/kadi/UR5e_ros2/ros2_real/install/controller_manager_msgs/include/controller_manager_msgs/controller_manager_msgs/msg/detail/hardware_component_state__rosidl_typesupport_introspection_cpp.hpp
[0.403s] -- Up-to-date: /home/kadi/UR5e_ros2/ros2_real/install/controller_manager_msgs/include/controller_manager_msgs/controller_manager_msgs/msg/detail/chain_connection__type_support.cpp
[0.403s] -- Up-to-date: /home/kadi/UR5e_ros2/ros2_real/install/controller_manager_msgs/include/controller_manager_msgs/controller_manager_msgs/msg/detail/hardware_component_state__type_support.cpp
[0.403s] -- Up-to-date: /home/kadi/UR5e_ros2/ros2_real/install/controller_manager_msgs/include/controller_manager_msgs/controller_manager_msgs/msg/detail/hardware_interface__type_support.cpp
[0.403s] -- Up-to-date: /home/kadi/UR5e_ros2/ros2_real/install/controller_manager_msgs/include/controller_manager_msgs/controller_manager_msgs/msg/detail/chain_connection__rosidl_typesupport_introspection_cpp.hpp
[0.403s] -- Up-to-date: /home/kadi/UR5e_ros2/ros2_real/install/controller_manager_msgs/include/controller_manager_msgs/controller_manager_msgs/msg/detail/hardware_interface__rosidl_typesupport_introspection_cpp.hpp
[0.403s] -- Up-to-date: /home/kadi/UR5e_ros2/ros2_real/install/controller_manager_msgs/include/controller_manager_msgs/controller_manager_msgs/msg/detail/controller_state__rosidl_typesupport_introspection_cpp.hpp
[0.403s] -- Up-to-date: /home/kadi/UR5e_ros2/ros2_real/install/controller_manager_msgs/include/controller_manager_msgs/controller_manager_msgs/msg/detail/controller_state__type_support.cpp
[0.403s] -- Up-to-date: /home/kadi/UR5e_ros2/ros2_real/install/controller_manager_msgs/lib/libcontroller_manager_msgs__rosidl_typesupport_introspection_cpp.so
[0.403s] -- Up-to-date: /home/kadi/UR5e_ros2/ros2_real/install/controller_manager_msgs/lib/libcontroller_manager_msgs__rosidl_typesupport_cpp.so
[0.403s] -- Up-to-date: /home/kadi/UR5e_ros2/ros2_real/install/controller_manager_msgs/share/controller_manager_msgs/environment/pythonpath.sh
[0.403s] -- Up-to-date: /home/kadi/UR5e_ros2/ros2_real/install/controller_manager_msgs/share/controller_manager_msgs/environment/pythonpath.dsv
[0.403s] -- Up-to-date: /home/kadi/UR5e_ros2/ros2_real/install/controller_manager_msgs/lib/python3.10/site-packages/controller_manager_msgs-3.28.1-py3.10.egg-info
[0.403s] -- Installing: /home/kadi/UR5e_ros2/ros2_real/install/controller_manager_msgs/lib/python3.10/site-packages/controller_manager_msgs-3.28.1-py3.10.egg-info/SOURCES.txt
[0.403s] -- Installing: /home/kadi/UR5e_ros2/ros2_real/install/controller_manager_msgs/lib/python3.10/site-packages/controller_manager_msgs-3.28.1-py3.10.egg-info/dependency_links.txt
[0.403s] -- Installing: /home/kadi/UR5e_ros2/ros2_real/install/controller_manager_msgs/lib/python3.10/site-packages/controller_manager_msgs-3.28.1-py3.10.egg-info/PKG-INFO
[0.403s] -- Installing: /home/kadi/UR5e_ros2/ros2_real/install/controller_manager_msgs/lib/python3.10/site-packages/controller_manager_msgs-3.28.1-py3.10.egg-info/top_level.txt
[0.403s] -- Up-to-date: /home/kadi/UR5e_ros2/ros2_real/install/controller_manager_msgs/lib/python3.10/site-packages/controller_manager_msgs
[0.403s] -- Up-to-date: /home/kadi/UR5e_ros2/ros2_real/install/controller_manager_msgs/lib/python3.10/site-packages/controller_manager_msgs/srv
[0.403s] -- Up-to-date: /home/kadi/UR5e_ros2/ros2_real/install/controller_manager_msgs/lib/python3.10/site-packages/controller_manager_msgs/srv/__init__.py
[0.403s] -- Up-to-date: /home/kadi/UR5e_ros2/ros2_real/install/controller_manager_msgs/lib/python3.10/site-packages/controller_manager_msgs/srv/_unload_controller_s.c
[0.404s] -- Up-to-date: /home/kadi/UR5e_ros2/ros2_real/install/controller_manager_msgs/lib/python3.10/site-packages/controller_manager_msgs/srv/_unload_controller.py
[0.404s] -- Up-to-date: /home/kadi/UR5e_ros2/ros2_real/install/controller_manager_msgs/lib/python3.10/site-packages/controller_manager_msgs/srv/_list_hardware_components_s.c
[0.404s] -- Up-to-date: /home/kadi/UR5e_ros2/ros2_real/install/controller_manager_msgs/lib/python3.10/site-packages/controller_manager_msgs/srv/_set_hardware_component_state_s.c
[0.404s] -- Up-to-date: /home/kadi/UR5e_ros2/ros2_real/install/controller_manager_msgs/lib/python3.10/site-packages/controller_manager_msgs/srv/_list_controllers_s.c
[0.404s] -- Up-to-date: /home/kadi/UR5e_ros2/ros2_real/install/controller_manager_msgs/lib/python3.10/site-packages/controller_manager_msgs/srv/_list_hardware_components.py
[0.404s] -- Up-to-date: /home/kadi/UR5e_ros2/ros2_real/install/controller_manager_msgs/lib/python3.10/site-packages/controller_manager_msgs/srv/_switch_controller_s.c
[0.404s] -- Up-to-date: /home/kadi/UR5e_ros2/ros2_real/install/controller_manager_msgs/lib/python3.10/site-packages/controller_manager_msgs/srv/_list_controllers.py
[0.404s] -- Up-to-date: /home/kadi/UR5e_ros2/ros2_real/install/controller_manager_msgs/lib/python3.10/site-packages/controller_manager_msgs/srv/_list_controller_types_s.c
[0.404s] -- Up-to-date: /home/kadi/UR5e_ros2/ros2_real/install/controller_manager_msgs/lib/python3.10/site-packages/controller_manager_msgs/srv/_list_hardware_interfaces_s.c
[0.404s] -- Up-to-date: /home/kadi/UR5e_ros2/ros2_real/install/controller_manager_msgs/lib/python3.10/site-packages/controller_manager_msgs/srv/_load_controller.py
[0.404s] -- Up-to-date: /home/kadi/UR5e_ros2/ros2_real/install/controller_manager_msgs/lib/python3.10/site-packages/controller_manager_msgs/srv/_reload_controller_libraries_s.c
[0.404s] -- Up-to-date: /home/kadi/UR5e_ros2/ros2_real/install/controller_manager_msgs/lib/python3.10/site-packages/controller_manager_msgs/srv/_load_controller_s.c
[0.404s] -- Up-to-date: /home/kadi/UR5e_ros2/ros2_real/install/controller_manager_msgs/lib/python3.10/site-packages/controller_manager_msgs/srv/_list_controller_types.py
[0.404s] -- Up-to-date: /home/kadi/UR5e_ros2/ros2_real/install/controller_manager_msgs/lib/python3.10/site-packages/controller_manager_msgs/srv/_switch_controller.py
[0.404s] -- Up-to-date: /home/kadi/UR5e_ros2/ros2_real/install/controller_manager_msgs/lib/python3.10/site-packages/controller_manager_msgs/srv/_list_hardware_interfaces.py
[0.404s] -- Up-to-date: /home/kadi/UR5e_ros2/ros2_real/install/controller_manager_msgs/lib/python3.10/site-packages/controller_manager_msgs/srv/_set_hardware_component_state.py
[0.404s] -- Up-to-date: /home/kadi/UR5e_ros2/ros2_real/install/controller_manager_msgs/lib/python3.10/site-packages/controller_manager_msgs/srv/_configure_controller.py
[0.404s] -- Up-to-date: /home/kadi/UR5e_ros2/ros2_real/install/controller_manager_msgs/lib/python3.10/site-packages/controller_manager_msgs/srv/_reload_controller_libraries.py
[0.404s] -- Up-to-date: /home/kadi/UR5e_ros2/ros2_real/install/controller_manager_msgs/lib/python3.10/site-packages/controller_manager_msgs/srv/_configure_controller_s.c
[0.404s] -- Up-to-date: /home/kadi/UR5e_ros2/ros2_real/install/controller_manager_msgs/lib/python3.10/site-packages/controller_manager_msgs/__init__.py
[0.404s] -- Up-to-date: /home/kadi/UR5e_ros2/ros2_real/install/controller_manager_msgs/lib/python3.10/site-packages/controller_manager_msgs/msg
[0.404s] -- Up-to-date: /home/kadi/UR5e_ros2/ros2_real/install/controller_manager_msgs/lib/python3.10/site-packages/controller_manager_msgs/msg/__init__.py
[0.404s] -- Up-to-date: /home/kadi/UR5e_ros2/ros2_real/install/controller_manager_msgs/lib/python3.10/site-packages/controller_manager_msgs/msg/_chain_connection_s.c
[0.404s] -- Up-to-date: /home/kadi/UR5e_ros2/ros2_real/install/controller_manager_msgs/lib/python3.10/site-packages/controller_manager_msgs/msg/_chain_connection.py
[0.404s] -- Up-to-date: /home/kadi/UR5e_ros2/ros2_real/install/controller_manager_msgs/lib/python3.10/site-packages/controller_manager_msgs/msg/_hardware_component_state_s.c
[0.404s] -- Up-to-date: /home/kadi/UR5e_ros2/ros2_real/install/controller_manager_msgs/lib/python3.10/site-packages/controller_manager_msgs/msg/_hardware_component_state.py
[0.404s] -- Up-to-date: /home/kadi/UR5e_ros2/ros2_real/install/controller_manager_msgs/lib/python3.10/site-packages/controller_manager_msgs/msg/_controller_state_s.c
[0.404s] -- Up-to-date: /home/kadi/UR5e_ros2/ros2_real/install/controller_manager_msgs/lib/python3.10/site-packages/controller_manager_msgs/msg/_controller_state.py
[0.404s] -- Up-to-date: /home/kadi/UR5e_ros2/ros2_real/install/controller_manager_msgs/lib/python3.10/site-packages/controller_manager_msgs/msg/_hardware_interface_s.c
[0.404s] -- Up-to-date: /home/kadi/UR5e_ros2/ros2_real/install/controller_manager_msgs/lib/python3.10/site-packages/controller_manager_msgs/msg/_hardware_interface.py
[0.404s] -- Up-to-date: /home/kadi/UR5e_ros2/ros2_real/install/controller_manager_msgs/lib/python3.10/site-packages/controller_manager_msgs/controller_manager_msgs_s__rosidl_typesupport_fastrtps_c.cpython-310-x86_64-linux-gnu.so
[0.404s] -- Up-to-date: /home/kadi/UR5e_ros2/ros2_real/install/controller_manager_msgs/lib/python3.10/site-packages/controller_manager_msgs/controller_manager_msgs_s__rosidl_typesupport_introspection_c.cpython-310-x86_64-linux-gnu.so
[0.404s] -- Up-to-date: /home/kadi/UR5e_ros2/ros2_real/install/controller_manager_msgs/lib/python3.10/site-packages/controller_manager_msgs/_controller_manager_msgs_s.ep.rosidl_typesupport_c.c
[0.405s] -- Up-to-date: /home/kadi/UR5e_ros2/ros2_real/install/controller_manager_msgs/lib/python3.10/site-packages/controller_manager_msgs/libcontroller_manager_msgs__rosidl_generator_py.so
[0.405s] -- Up-to-date: /home/kadi/UR5e_ros2/ros2_real/install/controller_manager_msgs/lib/python3.10/site-packages/controller_manager_msgs/controller_manager_msgs_s__rosidl_typesupport_c.cpython-310-x86_64-linux-gnu.so
[0.405s] -- Up-to-date: /home/kadi/UR5e_ros2/ros2_real/install/controller_manager_msgs/lib/python3.10/site-packages/controller_manager_msgs/_controller_manager_msgs_s.ep.rosidl_typesupport_fastrtps_c.c
[0.405s] -- Up-to-date: /home/kadi/UR5e_ros2/ros2_real/install/controller_manager_msgs/lib/python3.10/site-packages/controller_manager_msgs/_controller_manager_msgs_s.ep.rosidl_typesupport_introspection_c.c
[0.411s] Listing '/home/kadi/UR5e_ros2/ros2_real/install/controller_manager_msgs/lib/python3.10/site-packages/controller_manager_msgs'...
[0.411s] Listing '/home/kadi/UR5e_ros2/ros2_real/install/controller_manager_msgs/lib/python3.10/site-packages/controller_manager_msgs/msg'...
[0.411s] Listing '/home/kadi/UR5e_ros2/ros2_real/install/controller_manager_msgs/lib/python3.10/site-packages/controller_manager_msgs/srv'...
[0.416s] -- Up-to-date: /home/kadi/UR5e_ros2/ros2_real/install/controller_manager_msgs/lib/python3.10/site-packages/controller_manager_msgs/controller_manager_msgs_s__rosidl_typesupport_fastrtps_c.cpython-310-x86_64-linux-gnu.so
[0.416s] -- Up-to-date: /home/kadi/UR5e_ros2/ros2_real/install/controller_manager_msgs/lib/python3.10/site-packages/controller_manager_msgs/controller_manager_msgs_s__rosidl_typesupport_introspection_c.cpython-310-x86_64-linux-gnu.so
[0.416s] -- Up-to-date: /home/kadi/UR5e_ros2/ros2_real/install/controller_manager_msgs/lib/python3.10/site-packages/controller_manager_msgs/controller_manager_msgs_s__rosidl_typesupport_c.cpython-310-x86_64-linux-gnu.so
[0.417s] -- Up-to-date: /home/kadi/UR5e_ros2/ros2_real/install/controller_manager_msgs/lib/libcontroller_manager_msgs__rosidl_generator_py.so
[0.419s] -- Up-to-date: /home/kadi/UR5e_ros2/ros2_real/install/controller_manager_msgs/share/controller_manager_msgs/msg/ControllerState.idl
[0.419s] -- Up-to-date: /home/kadi/UR5e_ros2/ros2_real/install/controller_manager_msgs/share/controller_manager_msgs/msg/ChainConnection.idl
[0.419s] -- Up-to-date: /home/kadi/UR5e_ros2/ros2_real/install/controller_manager_msgs/share/controller_manager_msgs/msg/HardwareComponentState.idl
[0.419s] -- Up-to-date: /home/kadi/UR5e_ros2/ros2_real/install/controller_manager_msgs/share/controller_manager_msgs/msg/HardwareInterface.idl
[0.419s] -- Up-to-date: /home/kadi/UR5e_ros2/ros2_real/install/controller_manager_msgs/share/controller_manager_msgs/srv/ConfigureController.idl
[0.419s] -- Up-to-date: /home/kadi/UR5e_ros2/ros2_real/install/controller_manager_msgs/share/controller_manager_msgs/srv/ListControllers.idl
[0.419s] -- Up-to-date: /home/kadi/UR5e_ros2/ros2_real/install/controller_manager_msgs/share/controller_manager_msgs/srv/ListControllerTypes.idl
[0.419s] -- Up-to-date: /home/kadi/UR5e_ros2/ros2_real/install/controller_manager_msgs/share/controller_manager_msgs/srv/ListHardwareComponents.idl
[0.419s] -- Up-to-date: /home/kadi/UR5e_ros2/ros2_real/install/controller_manager_msgs/share/controller_manager_msgs/srv/ListHardwareInterfaces.idl
[0.419s] -- Up-to-date: /home/kadi/UR5e_ros2/ros2_real/install/controller_manager_msgs/share/controller_manager_msgs/srv/LoadController.idl
[0.419s] -- Up-to-date: /home/kadi/UR5e_ros2/ros2_real/install/controller_manager_msgs/share/controller_manager_msgs/srv/ReloadControllerLibraries.idl
[0.419s] -- Up-to-date: /home/kadi/UR5e_ros2/ros2_real/install/controller_manager_msgs/share/controller_manager_msgs/srv/SetHardwareComponentState.idl
[0.419s] -- Up-to-date: /home/kadi/UR5e_ros2/ros2_real/install/controller_manager_msgs/share/controller_manager_msgs/srv/SwitchController.idl
[0.419s] -- Up-to-date: /home/kadi/UR5e_ros2/ros2_real/install/controller_manager_msgs/share/controller_manager_msgs/srv/UnloadController.idl
[0.419s] -- Up-to-date: /home/kadi/UR5e_ros2/ros2_real/install/controller_manager_msgs/share/controller_manager_msgs/msg/ControllerState.msg
[0.419s] -- Up-to-date: /home/kadi/UR5e_ros2/ros2_real/install/controller_manager_msgs/share/controller_manager_msgs/msg/ChainConnection.msg
[0.419s] -- Up-to-date: /home/kadi/UR5e_ros2/ros2_real/install/controller_manager_msgs/share/controller_manager_msgs/msg/HardwareComponentState.msg
[0.419s] -- Up-to-date: /home/kadi/UR5e_ros2/ros2_real/install/controller_manager_msgs/share/controller_manager_msgs/msg/HardwareInterface.msg
[0.420s] -- Up-to-date: /home/kadi/UR5e_ros2/ros2_real/install/controller_manager_msgs/share/controller_manager_msgs/srv/ConfigureController.srv
[0.420s] -- Up-to-date: /home/kadi/UR5e_ros2/ros2_real/install/controller_manager_msgs/share/controller_manager_msgs/srv/ConfigureController_Request.msg
[0.420s] -- Up-to-date: /home/kadi/UR5e_ros2/ros2_real/install/controller_manager_msgs/share/controller_manager_msgs/srv/ConfigureController_Response.msg
[0.420s] -- Up-to-date: /home/kadi/UR5e_ros2/ros2_real/install/controller_manager_msgs/share/controller_manager_msgs/srv/ListControllers.srv
[0.420s] -- Up-to-date: /home/kadi/UR5e_ros2/ros2_real/install/controller_manager_msgs/share/controller_manager_msgs/srv/ListControllers_Request.msg
[0.420s] -- Up-to-date: /home/kadi/UR5e_ros2/ros2_real/install/controller_manager_msgs/share/controller_manager_msgs/srv/ListControllers_Response.msg
[0.420s] -- Up-to-date: /home/kadi/UR5e_ros2/ros2_real/install/controller_manager_msgs/share/controller_manager_msgs/srv/ListControllerTypes.srv
[0.420s] -- Up-to-date: /home/kadi/UR5e_ros2/ros2_real/install/controller_manager_msgs/share/controller_manager_msgs/srv/ListControllerTypes_Request.msg
[0.420s] -- Up-to-date: /home/kadi/UR5e_ros2/ros2_real/install/controller_manager_msgs/share/controller_manager_msgs/srv/ListControllerTypes_Response.msg
[0.420s] -- Up-to-date: /home/kadi/UR5e_ros2/ros2_real/install/controller_manager_msgs/share/controller_manager_msgs/srv/ListHardwareComponents.srv
[0.420s] -- Up-to-date: /home/kadi/UR5e_ros2/ros2_real/install/controller_manager_msgs/share/controller_manager_msgs/srv/ListHardwareComponents_Request.msg
[0.420s] -- Up-to-date: /home/kadi/UR5e_ros2/ros2_real/install/controller_manager_msgs/share/controller_manager_msgs/srv/ListHardwareComponents_Response.msg
[0.420s] -- Up-to-date: /home/kadi/UR5e_ros2/ros2_real/install/controller_manager_msgs/share/controller_manager_msgs/srv/ListHardwareInterfaces.srv
[0.420s] -- Up-to-date: /home/kadi/UR5e_ros2/ros2_real/install/controller_manager_msgs/share/controller_manager_msgs/srv/ListHardwareInterfaces_Request.msg
[0.420s] -- Up-to-date: /home/kadi/UR5e_ros2/ros2_real/install/controller_manager_msgs/share/controller_manager_msgs/srv/ListHardwareInterfaces_Response.msg
[0.420s] -- Up-to-date: /home/kadi/UR5e_ros2/ros2_real/install/controller_manager_msgs/share/controller_manager_msgs/srv/LoadController.srv
[0.420s] -- Up-to-date: /home/kadi/UR5e_ros2/ros2_real/install/controller_manager_msgs/share/controller_manager_msgs/srv/LoadController_Request.msg
[0.420s] -- Up-to-date: /home/kadi/UR5e_ros2/ros2_real/install/controller_manager_msgs/share/controller_manager_msgs/srv/LoadController_Response.msg
[0.421s] -- Up-to-date: /home/kadi/UR5e_ros2/ros2_real/install/controller_manager_msgs/share/controller_manager_msgs/srv/ReloadControllerLibraries.srv
[0.421s] -- Up-to-date: /home/kadi/UR5e_ros2/ros2_real/install/controller_manager_msgs/share/controller_manager_msgs/srv/ReloadControllerLibraries_Request.msg
[0.421s] -- Up-to-date: /home/kadi/UR5e_ros2/ros2_real/install/controller_manager_msgs/share/controller_manager_msgs/srv/ReloadControllerLibraries_Response.msg
[0.421s] -- Up-to-date: /home/kadi/UR5e_ros2/ros2_real/install/controller_manager_msgs/share/controller_manager_msgs/srv/SetHardwareComponentState.srv
[0.421s] -- Up-to-date: /home/kadi/UR5e_ros2/ros2_real/install/controller_manager_msgs/share/controller_manager_msgs/srv/SetHardwareComponentState_Request.msg
[0.421s] -- Up-to-date: /home/kadi/UR5e_ros2/ros2_real/install/controller_manager_msgs/share/controller_manager_msgs/srv/SetHardwareComponentState_Response.msg
[0.421s] -- Up-to-date: /home/kadi/UR5e_ros2/ros2_real/install/controller_manager_msgs/share/controller_manager_msgs/srv/SwitchController.srv
[0.421s] -- Up-to-date: /home/kadi/UR5e_ros2/ros2_real/install/controller_manager_msgs/share/controller_manager_msgs/srv/SwitchController_Request.msg
[0.421s] -- Up-to-date: /home/kadi/UR5e_ros2/ros2_real/install/controller_manager_msgs/share/controller_manager_msgs/srv/SwitchController_Response.msg
[0.421s] -- Up-to-date: /home/kadi/UR5e_ros2/ros2_real/install/controller_manager_msgs/share/controller_manager_msgs/srv/UnloadController.srv
[0.422s] -- Up-to-date: /home/kadi/UR5e_ros2/ros2_real/install/controller_manager_msgs/share/controller_manager_msgs/srv/UnloadController_Request.msg
[0.422s] -- Up-to-date: /home/kadi/UR5e_ros2/ros2_real/install/controller_manager_msgs/share/controller_manager_msgs/srv/UnloadController_Response.msg
[0.422s] -- Up-to-date: /home/kadi/UR5e_ros2/ros2_real/install/controller_manager_msgs/share/ament_index/resource_index/package_run_dependencies/controller_manager_msgs
[0.422s] -- Up-to-date: /home/kadi/UR5e_ros2/ros2_real/install/controller_manager_msgs/share/ament_index/resource_index/parent_prefix_path/controller_manager_msgs
[0.422s] -- Up-to-date: /home/kadi/UR5e_ros2/ros2_real/install/controller_manager_msgs/share/controller_manager_msgs/environment/ament_prefix_path.sh
[0.422s] -- Up-to-date: /home/kadi/UR5e_ros2/ros2_real/install/controller_manager_msgs/share/controller_manager_msgs/environment/ament_prefix_path.dsv
[0.422s] -- Up-to-date: /home/kadi/UR5e_ros2/ros2_real/install/controller_manager_msgs/share/controller_manager_msgs/environment/path.sh
[0.422s] -- Up-to-date: /home/kadi/UR5e_ros2/ros2_real/install/controller_manager_msgs/share/controller_manager_msgs/environment/path.dsv
[0.422s] -- Up-to-date: /home/kadi/UR5e_ros2/ros2_real/install/controller_manager_msgs/share/controller_manager_msgs/local_setup.bash
[0.422s] -- Up-to-date: /home/kadi/UR5e_ros2/ros2_real/install/controller_manager_msgs/share/controller_manager_msgs/local_setup.sh
[0.422s] -- Up-to-date: /home/kadi/UR5e_ros2/ros2_real/install/controller_manager_msgs/share/controller_manager_msgs/local_setup.zsh
[0.422s] -- Up-to-date: /home/kadi/UR5e_ros2/ros2_real/install/controller_manager_msgs/share/controller_manager_msgs/local_setup.dsv
[0.422s] -- Installing: /home/kadi/UR5e_ros2/ros2_real/install/controller_manager_msgs/share/controller_manager_msgs/package.dsv
[0.422s] -- Up-to-date: /home/kadi/UR5e_ros2/ros2_real/install/controller_manager_msgs/share/ament_index/resource_index/packages/controller_manager_msgs
[0.423s] -- Up-to-date: /home/kadi/UR5e_ros2/ros2_real/install/controller_manager_msgs/share/controller_manager_msgs/cmake/export_controller_manager_msgs__rosidl_generator_cExport.cmake
[0.423s] -- Up-to-date: /home/kadi/UR5e_ros2/ros2_real/install/controller_manager_msgs/share/controller_manager_msgs/cmake/export_controller_manager_msgs__rosidl_generator_cExport-release.cmake
[0.423s] -- Up-to-date: /home/kadi/UR5e_ros2/ros2_real/install/controller_manager_msgs/share/controller_manager_msgs/cmake/export_controller_manager_msgs__rosidl_typesupport_fastrtps_cExport.cmake
[0.423s] -- Up-to-date: /home/kadi/UR5e_ros2/ros2_real/install/controller_manager_msgs/share/controller_manager_msgs/cmake/export_controller_manager_msgs__rosidl_typesupport_fastrtps_cExport-release.cmake
[0.423s] -- Up-to-date: /home/kadi/UR5e_ros2/ros2_real/install/controller_manager_msgs/share/controller_manager_msgs/cmake/export_controller_manager_msgs__rosidl_generator_cppExport.cmake
[0.423s] -- Up-to-date: /home/kadi/UR5e_ros2/ros2_real/install/controller_manager_msgs/share/controller_manager_msgs/cmake/export_controller_manager_msgs__rosidl_typesupport_fastrtps_cppExport.cmake
[0.423s] -- Up-to-date: /home/kadi/UR5e_ros2/ros2_real/install/controller_manager_msgs/share/controller_manager_msgs/cmake/export_controller_manager_msgs__rosidl_typesupport_fastrtps_cppExport-release.cmake
[0.423s] -- Up-to-date: /home/kadi/UR5e_ros2/ros2_real/install/controller_manager_msgs/share/controller_manager_msgs/cmake/controller_manager_msgs__rosidl_typesupport_introspection_cExport.cmake
[0.423s] -- Up-to-date: /home/kadi/UR5e_ros2/ros2_real/install/controller_manager_msgs/share/controller_manager_msgs/cmake/controller_manager_msgs__rosidl_typesupport_introspection_cExport-release.cmake
[0.423s] -- Up-to-date: /home/kadi/UR5e_ros2/ros2_real/install/controller_manager_msgs/share/controller_manager_msgs/cmake/controller_manager_msgs__rosidl_typesupport_cExport.cmake
[0.423s] -- Up-to-date: /home/kadi/UR5e_ros2/ros2_real/install/controller_manager_msgs/share/controller_manager_msgs/cmake/controller_manager_msgs__rosidl_typesupport_cExport-release.cmake
[0.423s] -- Up-to-date: /home/kadi/UR5e_ros2/ros2_real/install/controller_manager_msgs/share/controller_manager_msgs/cmake/controller_manager_msgs__rosidl_typesupport_introspection_cppExport.cmake
[0.423s] -- Up-to-date: /home/kadi/UR5e_ros2/ros2_real/install/controller_manager_msgs/share/controller_manager_msgs/cmake/controller_manager_msgs__rosidl_typesupport_introspection_cppExport-release.cmake
[0.423s] -- Up-to-date: /home/kadi/UR5e_ros2/ros2_real/install/controller_manager_msgs/share/controller_manager_msgs/cmake/controller_manager_msgs__rosidl_typesupport_cppExport.cmake
[0.423s] -- Up-to-date: /home/kadi/UR5e_ros2/ros2_real/install/controller_manager_msgs/share/controller_manager_msgs/cmake/controller_manager_msgs__rosidl_typesupport_cppExport-release.cmake
[0.423s] -- Up-to-date: /home/kadi/UR5e_ros2/ros2_real/install/controller_manager_msgs/share/controller_manager_msgs/cmake/export_controller_manager_msgs__rosidl_generator_pyExport.cmake
[0.423s] -- Up-to-date: /home/kadi/UR5e_ros2/ros2_real/install/controller_manager_msgs/share/controller_manager_msgs/cmake/export_controller_manager_msgs__rosidl_generator_pyExport-release.cmake
[0.423s] -- Up-to-date: /home/kadi/UR5e_ros2/ros2_real/install/controller_manager_msgs/share/controller_manager_msgs/cmake/rosidl_cmake-extras.cmake
[0.423s] -- Up-to-date: /home/kadi/UR5e_ros2/ros2_real/install/controller_manager_msgs/share/controller_manager_msgs/cmake/ament_cmake_export_dependencies-extras.cmake
[0.424s] -- Up-to-date: /home/kadi/UR5e_ros2/ros2_real/install/controller_manager_msgs/share/controller_manager_msgs/cmake/ament_cmake_export_include_directories-extras.cmake
[0.424s] -- Up-to-date: /home/kadi/UR5e_ros2/ros2_real/install/controller_manager_msgs/share/controller_manager_msgs/cmake/ament_cmake_export_libraries-extras.cmake
[0.424s] -- Up-to-date: /home/kadi/UR5e_ros2/ros2_real/install/controller_manager_msgs/share/controller_manager_msgs/cmake/ament_cmake_export_targets-extras.cmake
[0.424s] -- Up-to-date: /home/kadi/UR5e_ros2/ros2_real/install/controller_manager_msgs/share/controller_manager_msgs/cmake/rosidl_cmake_export_typesupport_targets-extras.cmake
[0.424s] -- Up-to-date: /home/kadi/UR5e_ros2/ros2_real/install/controller_manager_msgs/share/controller_manager_msgs/cmake/rosidl_cmake_export_typesupport_libraries-extras.cmake
[0.424s] -- Up-to-date: /home/kadi/UR5e_ros2/ros2_real/install/controller_manager_msgs/share/controller_manager_msgs/cmake/controller_manager_msgsConfig.cmake
[0.424s] -- Up-to-date: /home/kadi/UR5e_ros2/ros2_real/install/controller_manager_msgs/share/controller_manager_msgs/cmake/controller_manager_msgsConfig-version.cmake
[0.424s] -- Up-to-date: /home/kadi/UR5e_ros2/ros2_real/install/controller_manager_msgs/share/controller_manager_msgs/package.xml
[0.444s] Invoked command in '/home/kadi/UR5e_ros2/ros2_real/build/controller_manager_msgs' returned '0': CMAKE_PREFIX_PATH=${CMAKE_PREFIX_PATH}:/home/kadi/UR5e_ros2/ros2_real/install/rqt_joint_trajectory_controller:/home/kadi/UR5e_ros2/ros2_real/install/rqt_controller_manager:/home/kadi/UR5e_ros2/ros2_real/install/ros2controlcli:/home/kadi/UR5e_ros2/ros2_real/install/ros2_controllers_test_nodes:/opt/ros/iron /usr/bin/cmake --install /home/kadi/UR5e_ros2/ros2_real/build/controller_manager_msgs
