[0.063s] Invoking command in '/home/kadi/UR5e_ros2/ros2_real/build/ur_robot_driver': AMENT_PREFIX_PATH=/home/kadi/UR5e_ros2/ros2_real/install/velocity_controllers:/home/kadi/UR5e_ros2/ros2_real/install/ur_controllers:/home/kadi/UR5e_ros2/ros2_real/install/position_controllers:/home/kadi/UR5e_ros2/ros2_real/install/joint_trajectory_controller:/home/kadi/UR5e_ros2/ros2_real/install/joint_state_broadcaster:/home/kadi/UR5e_ros2/ros2_real/install/forward_command_controller:/home/kadi/UR5e_ros2/ros2_real/install/force_torque_sensor_broadcaster:/home/kadi/UR5e_ros2/ros2_real/install/controller_manager:/home/kadi/UR5e_ros2/ros2_real/install/hardware_interface_testing:/home/kadi/UR5e_ros2/ros2_real/install/controller_interface:/home/kadi/UR5e_ros2/ros2_real/install/hardware_interface:/home/kadi/UR5e_ros2/ros2_real/install/ur_dashboard_msgs:/home/kadi/UR5e_ros2/ros2_real/install/ros2_controllers_test_nodes:/home/kadi/UR5e_ros2/ros2_real/install/ros2_control_test_assets:/home/kadi/UR5e_ros2/ros2_real/install/controller_manager_msgs:/home/kadi/UR5e_ros2/ros2_real/install/control_msgs:${AMENT_PREFIX_PATH} CMAKE_PREFIX_PATH=/home/kadi/UR5e_ros2/ros2_real/install/velocity_controllers:/home/kadi/UR5e_ros2/ros2_real/install/ur_controllers:/home/kadi/UR5e_ros2/ros2_real/install/position_controllers:/home/kadi/UR5e_ros2/ros2_real/install/joint_trajectory_controller:/home/kadi/UR5e_ros2/ros2_real/install/joint_state_broadcaster:/home/kadi/UR5e_ros2/ros2_real/install/forward_command_controller:/home/kadi/UR5e_ros2/ros2_real/install/force_torque_sensor_broadcaster:/home/kadi/UR5e_ros2/ros2_real/install/controller_manager:/home/kadi/UR5e_ros2/ros2_real/install/hardware_interface_testing:/home/kadi/UR5e_ros2/ros2_real/install/controller_interface:/home/kadi/UR5e_ros2/ros2_real/install/hardware_interface:/home/kadi/UR5e_ros2/ros2_real/install/ur_msgs:/home/kadi/UR5e_ros2/ros2_real/install/ur_description:/home/kadi/UR5e_ros2/ros2_real/install/ur_dashboard_msgs:/home/kadi/UR5e_ros2/ros2_real/install/ur_client_library:/home/kadi/UR5e_ros2/ros2_real/install/ros2_control_test_assets:/home/kadi/UR5e_ros2/ros2_real/install/controller_manager_msgs:/home/kadi/UR5e_ros2/ros2_real/install/control_msgs:/opt/ros/iron LD_LIBRARY_PATH=/home/kadi/UR5e_ros2/ros2_real/install/velocity_controllers/lib:/home/kadi/UR5e_ros2/ros2_real/install/ur_controllers/lib:/home/kadi/UR5e_ros2/ros2_real/install/position_controllers/lib:/home/kadi/UR5e_ros2/ros2_real/install/joint_trajectory_controller/lib:/home/kadi/UR5e_ros2/ros2_real/install/joint_state_broadcaster/lib:/home/kadi/UR5e_ros2/ros2_real/install/forward_command_controller/lib:/home/kadi/UR5e_ros2/ros2_real/install/force_torque_sensor_broadcaster/lib:/home/kadi/UR5e_ros2/ros2_real/install/controller_manager/lib:/home/kadi/UR5e_ros2/ros2_real/install/hardware_interface_testing/lib:/home/kadi/UR5e_ros2/ros2_real/install/controller_interface/lib:/home/kadi/UR5e_ros2/ros2_real/install/hardware_interface/lib:/home/kadi/UR5e_ros2/ros2_real/install/ur_msgs/lib:/home/kadi/UR5e_ros2/ros2_real/install/ur_dashboard_msgs/lib:/home/kadi/UR5e_ros2/ros2_real/install/ur_client_library/lib:/home/kadi/UR5e_ros2/ros2_real/install/ros2_control_test_assets/lib:/home/kadi/UR5e_ros2/ros2_real/install/controller_manager_msgs/lib:/home/kadi/UR5e_ros2/ros2_real/install/control_msgs/lib:/home/kadi/mujoco-3.0.0/lib:/home/kadi/mujoco-3.0.0/lib:/home/kadi/mujoco-3.0.0/lib:/home/kadi/mujoco-3.0.0/lib:/home/kadi/mujoco-3.0.0/lib:/usr/lib/x86_64-linux-gnu/gazebo-11/plugins:/opt/ros/iron/opt/rviz_ogre_vendor/lib:/opt/ros/iron/lib/x86_64-linux-gnu:/opt/ros/iron/lib PKG_CONFIG_PATH=/home/kadi/UR5e_ros2/ros2_real/install/ur_client_library/lib/x86_64-linux-gnu/pkgconfig:/home/kadi/UR5e_ros2/ros2_real/install/ur_client_library/lib/pkgconfig PYTHONPATH=/home/kadi/UR5e_ros2/ros2_real/install/controller_manager/lib/python3.10/site-packages:/home/kadi/UR5e_ros2/ros2_real/install/ur_msgs/lib/python3.10/site-packages:/home/kadi/UR5e_ros2/ros2_real/install/ur_dashboard_msgs/lib/python3.10/site-packages:/home/kadi/UR5e_ros2/ros2_real/install/ros2_controllers_test_nodes/lib/python3.10/site-packages:/home/kadi/UR5e_ros2/ros2_real/install/controller_manager_msgs/lib/python3.10/site-packages:/home/kadi/UR5e_ros2/ros2_real/install/control_msgs/lib/python3.10/site-packages:/opt/ros/iron/lib/python3.10/site-packages /usr/bin/cmake /home/kadi/UR5e_ros2/ros2_real/src/Universal_Robots_ROS2_Driver/ur_robot_driver -DCMAKE_INSTALL_PREFIX=/home/kadi/UR5e_ros2/ros2_real/install/ur_robot_driver
[0.074s] -- Found ament_cmake: 2.0.7 (/opt/ros/iron/share/ament_cmake/cmake)
[0.177s] -- Found controller_manager: 3.28.1 (/home/kadi/UR5e_ros2/ros2_real/install/controller_manager/share/controller_manager/cmake)
[0.197s] -- Found rosidl_generator_c: 4.0.1 (/opt/ros/iron/share/rosidl_generator_c/cmake)
[0.202s] -- Found rosidl_generator_cpp: 4.0.1 (/opt/ros/iron/share/rosidl_generator_cpp/cmake)
[0.208s] -- Using all available rosidl_typesupport_c: rosidl_typesupport_fastrtps_c;rosidl_typesupport_introspection_c
[0.216s] -- Using all available rosidl_typesupport_cpp: rosidl_typesupport_fastrtps_cpp;rosidl_typesupport_introspection_cpp
[0.719s] -- Found rmw_implementation_cmake: 7.1.0 (/opt/ros/iron/share/rmw_implementation_cmake/cmake)
[0.720s] -- Found rmw_fastrtps_cpp: 7.1.4 (/opt/ros/iron/share/rmw_fastrtps_cpp/cmake)
[0.744s] -- Found TinyXML2 via Config file: TinyXML2_DIR-NOTFOUND
[0.753s] -- Found TinyXML2 via Config file: TinyXML2_DIR-NOTFOUND
[0.768s] -- Found TinyXML2 via Config file: TinyXML2_DIR-NOTFOUND
[0.775s] -- Found TinyXML2 via Config file: TinyXML2_DIR-NOTFOUND
[0.783s] -- Using RMW implementation 'rmw_fastrtps_cpp' as default
[1.130s] -- Found std_srvs: 5.0.1 (/opt/ros/iron/share/std_srvs/cmake)
[1.160s] -- Found tf2_geometry_msgs: 0.31.8 (/opt/ros/iron/share/tf2_geometry_msgs/cmake)
[1.163s] -- Found eigen3_cmake_module: 0.2.2 (/opt/ros/iron/share/eigen3_cmake_module/cmake)
[1.163s] -- Ensuring Eigen3 include directory is part of orocos-kdl CMake target
[1.351s] -- Found ur_dashboard_msgs: 2.3.10 (/home/kadi/UR5e_ros2/ros2_real/install/ur_dashboard_msgs/share/ur_dashboard_msgs/cmake)
[1.560s] -- Found ur_controllers: 2.3.12 (/opt/ros/iron/share/ur_controllers/cmake)
[1.597s] -- Found parameter_traits: 0.3.9 (/opt/ros/iron/share/parameter_traits/cmake)
[1.812s] -- Found ur_description: 2.3.2 (/home/kadi/UR5e_ros2/ros2_real/install/ur_description/share/ur_description/cmake)
[1.812s] -- Found launch_testing_ament_cmake: 2.0.4 (/opt/ros/iron/share/launch_testing_ament_cmake/cmake)
[1.812s] -- Found python_cmake_module: 0.10.2 (/opt/ros/iron/share/python_cmake_module/cmake)
[1.828s] -- Using PYTHON_EXECUTABLE: /usr/bin/python3
[1.828s] -- Using PYTHON_INCLUDE_DIRS: /usr/include/python3.10
[1.828s] -- Using PYTHON_LIBRARIES: /usr/lib/x86_64-linux-gnu/libpython3.10.so
[1.828s] -- Configuring done
[1.868s] -- Generating done
[1.879s] -- Build files have been written to: /home/kadi/UR5e_ros2/ros2_real/build/ur_robot_driver
[1.889s] Invoked command in '/home/kadi/UR5e_ros2/ros2_real/build/ur_robot_driver' returned '0': AMENT_PREFIX_PATH=/home/kadi/UR5e_ros2/ros2_real/install/velocity_controllers:/home/kadi/UR5e_ros2/ros2_real/install/ur_controllers:/home/kadi/UR5e_ros2/ros2_real/install/position_controllers:/home/kadi/UR5e_ros2/ros2_real/install/joint_trajectory_controller:/home/kadi/UR5e_ros2/ros2_real/install/joint_state_broadcaster:/home/kadi/UR5e_ros2/ros2_real/install/forward_command_controller:/home/kadi/UR5e_ros2/ros2_real/install/force_torque_sensor_broadcaster:/home/kadi/UR5e_ros2/ros2_real/install/controller_manager:/home/kadi/UR5e_ros2/ros2_real/install/hardware_interface_testing:/home/kadi/UR5e_ros2/ros2_real/install/controller_interface:/home/kadi/UR5e_ros2/ros2_real/install/hardware_interface:/home/kadi/UR5e_ros2/ros2_real/install/ur_dashboard_msgs:/home/kadi/UR5e_ros2/ros2_real/install/ros2_controllers_test_nodes:/home/kadi/UR5e_ros2/ros2_real/install/ros2_control_test_assets:/home/kadi/UR5e_ros2/ros2_real/install/controller_manager_msgs:/home/kadi/UR5e_ros2/ros2_real/install/control_msgs:${AMENT_PREFIX_PATH} CMAKE_PREFIX_PATH=/home/kadi/UR5e_ros2/ros2_real/install/velocity_controllers:/home/kadi/UR5e_ros2/ros2_real/install/ur_controllers:/home/kadi/UR5e_ros2/ros2_real/install/position_controllers:/home/kadi/UR5e_ros2/ros2_real/install/joint_trajectory_controller:/home/kadi/UR5e_ros2/ros2_real/install/joint_state_broadcaster:/home/kadi/UR5e_ros2/ros2_real/install/forward_command_controller:/home/kadi/UR5e_ros2/ros2_real/install/force_torque_sensor_broadcaster:/home/kadi/UR5e_ros2/ros2_real/install/controller_manager:/home/kadi/UR5e_ros2/ros2_real/install/hardware_interface_testing:/home/kadi/UR5e_ros2/ros2_real/install/controller_interface:/home/kadi/UR5e_ros2/ros2_real/install/hardware_interface:/home/kadi/UR5e_ros2/ros2_real/install/ur_msgs:/home/kadi/UR5e_ros2/ros2_real/install/ur_description:/home/kadi/UR5e_ros2/ros2_real/install/ur_dashboard_msgs:/home/kadi/UR5e_ros2/ros2_real/install/ur_client_library:/home/kadi/UR5e_ros2/ros2_real/install/ros2_control_test_assets:/home/kadi/UR5e_ros2/ros2_real/install/controller_manager_msgs:/home/kadi/UR5e_ros2/ros2_real/install/control_msgs:/opt/ros/iron LD_LIBRARY_PATH=/home/kadi/UR5e_ros2/ros2_real/install/velocity_controllers/lib:/home/kadi/UR5e_ros2/ros2_real/install/ur_controllers/lib:/home/kadi/UR5e_ros2/ros2_real/install/position_controllers/lib:/home/kadi/UR5e_ros2/ros2_real/install/joint_trajectory_controller/lib:/home/kadi/UR5e_ros2/ros2_real/install/joint_state_broadcaster/lib:/home/kadi/UR5e_ros2/ros2_real/install/forward_command_controller/lib:/home/kadi/UR5e_ros2/ros2_real/install/force_torque_sensor_broadcaster/lib:/home/kadi/UR5e_ros2/ros2_real/install/controller_manager/lib:/home/kadi/UR5e_ros2/ros2_real/install/hardware_interface_testing/lib:/home/kadi/UR5e_ros2/ros2_real/install/controller_interface/lib:/home/kadi/UR5e_ros2/ros2_real/install/hardware_interface/lib:/home/kadi/UR5e_ros2/ros2_real/install/ur_msgs/lib:/home/kadi/UR5e_ros2/ros2_real/install/ur_dashboard_msgs/lib:/home/kadi/UR5e_ros2/ros2_real/install/ur_client_library/lib:/home/kadi/UR5e_ros2/ros2_real/install/ros2_control_test_assets/lib:/home/kadi/UR5e_ros2/ros2_real/install/controller_manager_msgs/lib:/home/kadi/UR5e_ros2/ros2_real/install/control_msgs/lib:/home/kadi/mujoco-3.0.0/lib:/home/kadi/mujoco-3.0.0/lib:/home/kadi/mujoco-3.0.0/lib:/home/kadi/mujoco-3.0.0/lib:/home/kadi/mujoco-3.0.0/lib:/usr/lib/x86_64-linux-gnu/gazebo-11/plugins:/opt/ros/iron/opt/rviz_ogre_vendor/lib:/opt/ros/iron/lib/x86_64-linux-gnu:/opt/ros/iron/lib PKG_CONFIG_PATH=/home/kadi/UR5e_ros2/ros2_real/install/ur_client_library/lib/x86_64-linux-gnu/pkgconfig:/home/kadi/UR5e_ros2/ros2_real/install/ur_client_library/lib/pkgconfig PYTHONPATH=/home/kadi/UR5e_ros2/ros2_real/install/controller_manager/lib/python3.10/site-packages:/home/kadi/UR5e_ros2/ros2_real/install/ur_msgs/lib/python3.10/site-packages:/home/kadi/UR5e_ros2/ros2_real/install/ur_dashboard_msgs/lib/python3.10/site-packages:/home/kadi/UR5e_ros2/ros2_real/install/ros2_controllers_test_nodes/lib/python3.10/site-packages:/home/kadi/UR5e_ros2/ros2_real/install/controller_manager_msgs/lib/python3.10/site-packages:/home/kadi/UR5e_ros2/ros2_real/install/control_msgs/lib/python3.10/site-packages:/opt/ros/iron/lib/python3.10/site-packages /usr/bin/cmake /home/kadi/UR5e_ros2/ros2_real/src/Universal_Robots_ROS2_Driver/ur_robot_driver -DCMAKE_INSTALL_PREFIX=/home/kadi/UR5e_ros2/ros2_real/install/ur_robot_driver
[1.891s] Invoking command in '/home/kadi/UR5e_ros2/ros2_real/build/ur_robot_driver': AMENT_PREFIX_PATH=/home/kadi/UR5e_ros2/ros2_real/install/velocity_controllers:/home/kadi/UR5e_ros2/ros2_real/install/ur_controllers:/home/kadi/UR5e_ros2/ros2_real/install/position_controllers:/home/kadi/UR5e_ros2/ros2_real/install/joint_trajectory_controller:/home/kadi/UR5e_ros2/ros2_real/install/joint_state_broadcaster:/home/kadi/UR5e_ros2/ros2_real/install/forward_command_controller:/home/kadi/UR5e_ros2/ros2_real/install/force_torque_sensor_broadcaster:/home/kadi/UR5e_ros2/ros2_real/install/controller_manager:/home/kadi/UR5e_ros2/ros2_real/install/hardware_interface_testing:/home/kadi/UR5e_ros2/ros2_real/install/controller_interface:/home/kadi/UR5e_ros2/ros2_real/install/hardware_interface:/home/kadi/UR5e_ros2/ros2_real/install/ur_dashboard_msgs:/home/kadi/UR5e_ros2/ros2_real/install/ros2_controllers_test_nodes:/home/kadi/UR5e_ros2/ros2_real/install/ros2_control_test_assets:/home/kadi/UR5e_ros2/ros2_real/install/controller_manager_msgs:/home/kadi/UR5e_ros2/ros2_real/install/control_msgs:${AMENT_PREFIX_PATH} CMAKE_PREFIX_PATH=/home/kadi/UR5e_ros2/ros2_real/install/velocity_controllers:/home/kadi/UR5e_ros2/ros2_real/install/ur_controllers:/home/kadi/UR5e_ros2/ros2_real/install/position_controllers:/home/kadi/UR5e_ros2/ros2_real/install/joint_trajectory_controller:/home/kadi/UR5e_ros2/ros2_real/install/joint_state_broadcaster:/home/kadi/UR5e_ros2/ros2_real/install/forward_command_controller:/home/kadi/UR5e_ros2/ros2_real/install/force_torque_sensor_broadcaster:/home/kadi/UR5e_ros2/ros2_real/install/controller_manager:/home/kadi/UR5e_ros2/ros2_real/install/hardware_interface_testing:/home/kadi/UR5e_ros2/ros2_real/install/controller_interface:/home/kadi/UR5e_ros2/ros2_real/install/hardware_interface:/home/kadi/UR5e_ros2/ros2_real/install/ur_msgs:/home/kadi/UR5e_ros2/ros2_real/install/ur_description:/home/kadi/UR5e_ros2/ros2_real/install/ur_dashboard_msgs:/home/kadi/UR5e_ros2/ros2_real/install/ur_client_library:/home/kadi/UR5e_ros2/ros2_real/install/ros2_control_test_assets:/home/kadi/UR5e_ros2/ros2_real/install/controller_manager_msgs:/home/kadi/UR5e_ros2/ros2_real/install/control_msgs:/opt/ros/iron LD_LIBRARY_PATH=/home/kadi/UR5e_ros2/ros2_real/install/velocity_controllers/lib:/home/kadi/UR5e_ros2/ros2_real/install/ur_controllers/lib:/home/kadi/UR5e_ros2/ros2_real/install/position_controllers/lib:/home/kadi/UR5e_ros2/ros2_real/install/joint_trajectory_controller/lib:/home/kadi/UR5e_ros2/ros2_real/install/joint_state_broadcaster/lib:/home/kadi/UR5e_ros2/ros2_real/install/forward_command_controller/lib:/home/kadi/UR5e_ros2/ros2_real/install/force_torque_sensor_broadcaster/lib:/home/kadi/UR5e_ros2/ros2_real/install/controller_manager/lib:/home/kadi/UR5e_ros2/ros2_real/install/hardware_interface_testing/lib:/home/kadi/UR5e_ros2/ros2_real/install/controller_interface/lib:/home/kadi/UR5e_ros2/ros2_real/install/hardware_interface/lib:/home/kadi/UR5e_ros2/ros2_real/install/ur_msgs/lib:/home/kadi/UR5e_ros2/ros2_real/install/ur_dashboard_msgs/lib:/home/kadi/UR5e_ros2/ros2_real/install/ur_client_library/lib:/home/kadi/UR5e_ros2/ros2_real/install/ros2_control_test_assets/lib:/home/kadi/UR5e_ros2/ros2_real/install/controller_manager_msgs/lib:/home/kadi/UR5e_ros2/ros2_real/install/control_msgs/lib:/home/kadi/mujoco-3.0.0/lib:/home/kadi/mujoco-3.0.0/lib:/home/kadi/mujoco-3.0.0/lib:/home/kadi/mujoco-3.0.0/lib:/home/kadi/mujoco-3.0.0/lib:/usr/lib/x86_64-linux-gnu/gazebo-11/plugins:/opt/ros/iron/opt/rviz_ogre_vendor/lib:/opt/ros/iron/lib/x86_64-linux-gnu:/opt/ros/iron/lib PKG_CONFIG_PATH=/home/kadi/UR5e_ros2/ros2_real/install/ur_client_library/lib/x86_64-linux-gnu/pkgconfig:/home/kadi/UR5e_ros2/ros2_real/install/ur_client_library/lib/pkgconfig PYTHONPATH=/home/kadi/UR5e_ros2/ros2_real/install/controller_manager/lib/python3.10/site-packages:/home/kadi/UR5e_ros2/ros2_real/install/ur_msgs/lib/python3.10/site-packages:/home/kadi/UR5e_ros2/ros2_real/install/ur_dashboard_msgs/lib/python3.10/site-packages:/home/kadi/UR5e_ros2/ros2_real/install/ros2_controllers_test_nodes/lib/python3.10/site-packages:/home/kadi/UR5e_ros2/ros2_real/install/controller_manager_msgs/lib/python3.10/site-packages:/home/kadi/UR5e_ros2/ros2_real/install/control_msgs/lib/python3.10/site-packages:/opt/ros/iron/lib/python3.10/site-packages /usr/bin/cmake --build /home/kadi/UR5e_ros2/ros2_real/build/ur_robot_driver -- -j16 -l16
[1.933s] [35m[1mConsolidate compiler generated dependencies of target urscript_interface[0m
[1.933s] [35m[1mConsolidate compiler generated dependencies of target ur_ros2_control_node[0m
[1.934s] [35m[1mConsolidate compiler generated dependencies of target controller_stopper_node[0m
[1.934s] [35m[1mConsolidate compiler generated dependencies of target dashboard_client[0m
[1.934s] [35m[1mConsolidate compiler generated dependencies of target ur_robot_driver_plugin[0m
[1.954s] [ 53%] Built target ur_ros2_control_node
[1.954s] [ 53%] Built target controller_stopper_node
[1.954s] [ 66%] Built target urscript_interface
[1.954s] [ 53%] Built target ament_cmake_python_copy_ur_robot_driver
[1.954s] [ 73%] Built target dashboard_client
[1.955s] [100%] Built target ur_robot_driver_plugin
[2.108s] running egg_info
[2.108s] writing ur_robot_driver.egg-info/PKG-INFO
[2.108s] writing dependency_links to ur_robot_driver.egg-info/dependency_links.txt
[2.108s] writing top-level names to ur_robot_driver.egg-info/top_level.txt
[2.109s] reading manifest file 'ur_robot_driver.egg-info/SOURCES.txt'
[2.110s] writing manifest file 'ur_robot_driver.egg-info/SOURCES.txt'
[2.134s] [100%] Built target ament_cmake_python_build_ur_robot_driver_egg
[2.146s] Invoked command in '/home/kadi/UR5e_ros2/ros2_real/build/ur_robot_driver' returned '0': AMENT_PREFIX_PATH=/home/kadi/UR5e_ros2/ros2_real/install/velocity_controllers:/home/kadi/UR5e_ros2/ros2_real/install/ur_controllers:/home/kadi/UR5e_ros2/ros2_real/install/position_controllers:/home/kadi/UR5e_ros2/ros2_real/install/joint_trajectory_controller:/home/kadi/UR5e_ros2/ros2_real/install/joint_state_broadcaster:/home/kadi/UR5e_ros2/ros2_real/install/forward_command_controller:/home/kadi/UR5e_ros2/ros2_real/install/force_torque_sensor_broadcaster:/home/kadi/UR5e_ros2/ros2_real/install/controller_manager:/home/kadi/UR5e_ros2/ros2_real/install/hardware_interface_testing:/home/kadi/UR5e_ros2/ros2_real/install/controller_interface:/home/kadi/UR5e_ros2/ros2_real/install/hardware_interface:/home/kadi/UR5e_ros2/ros2_real/install/ur_dashboard_msgs:/home/kadi/UR5e_ros2/ros2_real/install/ros2_controllers_test_nodes:/home/kadi/UR5e_ros2/ros2_real/install/ros2_control_test_assets:/home/kadi/UR5e_ros2/ros2_real/install/controller_manager_msgs:/home/kadi/UR5e_ros2/ros2_real/install/control_msgs:${AMENT_PREFIX_PATH} CMAKE_PREFIX_PATH=/home/kadi/UR5e_ros2/ros2_real/install/velocity_controllers:/home/kadi/UR5e_ros2/ros2_real/install/ur_controllers:/home/kadi/UR5e_ros2/ros2_real/install/position_controllers:/home/kadi/UR5e_ros2/ros2_real/install/joint_trajectory_controller:/home/kadi/UR5e_ros2/ros2_real/install/joint_state_broadcaster:/home/kadi/UR5e_ros2/ros2_real/install/forward_command_controller:/home/kadi/UR5e_ros2/ros2_real/install/force_torque_sensor_broadcaster:/home/kadi/UR5e_ros2/ros2_real/install/controller_manager:/home/kadi/UR5e_ros2/ros2_real/install/hardware_interface_testing:/home/kadi/UR5e_ros2/ros2_real/install/controller_interface:/home/kadi/UR5e_ros2/ros2_real/install/hardware_interface:/home/kadi/UR5e_ros2/ros2_real/install/ur_msgs:/home/kadi/UR5e_ros2/ros2_real/install/ur_description:/home/kadi/UR5e_ros2/ros2_real/install/ur_dashboard_msgs:/home/kadi/UR5e_ros2/ros2_real/install/ur_client_library:/home/kadi/UR5e_ros2/ros2_real/install/ros2_control_test_assets:/home/kadi/UR5e_ros2/ros2_real/install/controller_manager_msgs:/home/kadi/UR5e_ros2/ros2_real/install/control_msgs:/opt/ros/iron LD_LIBRARY_PATH=/home/kadi/UR5e_ros2/ros2_real/install/velocity_controllers/lib:/home/kadi/UR5e_ros2/ros2_real/install/ur_controllers/lib:/home/kadi/UR5e_ros2/ros2_real/install/position_controllers/lib:/home/kadi/UR5e_ros2/ros2_real/install/joint_trajectory_controller/lib:/home/kadi/UR5e_ros2/ros2_real/install/joint_state_broadcaster/lib:/home/kadi/UR5e_ros2/ros2_real/install/forward_command_controller/lib:/home/kadi/UR5e_ros2/ros2_real/install/force_torque_sensor_broadcaster/lib:/home/kadi/UR5e_ros2/ros2_real/install/controller_manager/lib:/home/kadi/UR5e_ros2/ros2_real/install/hardware_interface_testing/lib:/home/kadi/UR5e_ros2/ros2_real/install/controller_interface/lib:/home/kadi/UR5e_ros2/ros2_real/install/hardware_interface/lib:/home/kadi/UR5e_ros2/ros2_real/install/ur_msgs/lib:/home/kadi/UR5e_ros2/ros2_real/install/ur_dashboard_msgs/lib:/home/kadi/UR5e_ros2/ros2_real/install/ur_client_library/lib:/home/kadi/UR5e_ros2/ros2_real/install/ros2_control_test_assets/lib:/home/kadi/UR5e_ros2/ros2_real/install/controller_manager_msgs/lib:/home/kadi/UR5e_ros2/ros2_real/install/control_msgs/lib:/home/kadi/mujoco-3.0.0/lib:/home/kadi/mujoco-3.0.0/lib:/home/kadi/mujoco-3.0.0/lib:/home/kadi/mujoco-3.0.0/lib:/home/kadi/mujoco-3.0.0/lib:/usr/lib/x86_64-linux-gnu/gazebo-11/plugins:/opt/ros/iron/opt/rviz_ogre_vendor/lib:/opt/ros/iron/lib/x86_64-linux-gnu:/opt/ros/iron/lib PKG_CONFIG_PATH=/home/kadi/UR5e_ros2/ros2_real/install/ur_client_library/lib/x86_64-linux-gnu/pkgconfig:/home/kadi/UR5e_ros2/ros2_real/install/ur_client_library/lib/pkgconfig PYTHONPATH=/home/kadi/UR5e_ros2/ros2_real/install/controller_manager/lib/python3.10/site-packages:/home/kadi/UR5e_ros2/ros2_real/install/ur_msgs/lib/python3.10/site-packages:/home/kadi/UR5e_ros2/ros2_real/install/ur_dashboard_msgs/lib/python3.10/site-packages:/home/kadi/UR5e_ros2/ros2_real/install/ros2_controllers_test_nodes/lib/python3.10/site-packages:/home/kadi/UR5e_ros2/ros2_real/install/controller_manager_msgs/lib/python3.10/site-packages:/home/kadi/UR5e_ros2/ros2_real/install/control_msgs/lib/python3.10/site-packages:/opt/ros/iron/lib/python3.10/site-packages /usr/bin/cmake --build /home/kadi/UR5e_ros2/ros2_real/build/ur_robot_driver -- -j16 -l16
[2.156s] Invoking command in '/home/kadi/UR5e_ros2/ros2_real/build/ur_robot_driver': AMENT_PREFIX_PATH=/home/kadi/UR5e_ros2/ros2_real/install/velocity_controllers:/home/kadi/UR5e_ros2/ros2_real/install/ur_controllers:/home/kadi/UR5e_ros2/ros2_real/install/position_controllers:/home/kadi/UR5e_ros2/ros2_real/install/joint_trajectory_controller:/home/kadi/UR5e_ros2/ros2_real/install/joint_state_broadcaster:/home/kadi/UR5e_ros2/ros2_real/install/forward_command_controller:/home/kadi/UR5e_ros2/ros2_real/install/force_torque_sensor_broadcaster:/home/kadi/UR5e_ros2/ros2_real/install/controller_manager:/home/kadi/UR5e_ros2/ros2_real/install/hardware_interface_testing:/home/kadi/UR5e_ros2/ros2_real/install/controller_interface:/home/kadi/UR5e_ros2/ros2_real/install/hardware_interface:/home/kadi/UR5e_ros2/ros2_real/install/ur_dashboard_msgs:/home/kadi/UR5e_ros2/ros2_real/install/ros2_controllers_test_nodes:/home/kadi/UR5e_ros2/ros2_real/install/ros2_control_test_assets:/home/kadi/UR5e_ros2/ros2_real/install/controller_manager_msgs:/home/kadi/UR5e_ros2/ros2_real/install/control_msgs:${AMENT_PREFIX_PATH} CMAKE_PREFIX_PATH=/home/kadi/UR5e_ros2/ros2_real/install/velocity_controllers:/home/kadi/UR5e_ros2/ros2_real/install/ur_controllers:/home/kadi/UR5e_ros2/ros2_real/install/position_controllers:/home/kadi/UR5e_ros2/ros2_real/install/joint_trajectory_controller:/home/kadi/UR5e_ros2/ros2_real/install/joint_state_broadcaster:/home/kadi/UR5e_ros2/ros2_real/install/forward_command_controller:/home/kadi/UR5e_ros2/ros2_real/install/force_torque_sensor_broadcaster:/home/kadi/UR5e_ros2/ros2_real/install/controller_manager:/home/kadi/UR5e_ros2/ros2_real/install/hardware_interface_testing:/home/kadi/UR5e_ros2/ros2_real/install/controller_interface:/home/kadi/UR5e_ros2/ros2_real/install/hardware_interface:/home/kadi/UR5e_ros2/ros2_real/install/ur_msgs:/home/kadi/UR5e_ros2/ros2_real/install/ur_description:/home/kadi/UR5e_ros2/ros2_real/install/ur_dashboard_msgs:/home/kadi/UR5e_ros2/ros2_real/install/ur_client_library:/home/kadi/UR5e_ros2/ros2_real/install/ros2_control_test_assets:/home/kadi/UR5e_ros2/ros2_real/install/controller_manager_msgs:/home/kadi/UR5e_ros2/ros2_real/install/control_msgs:/opt/ros/iron LD_LIBRARY_PATH=/home/kadi/UR5e_ros2/ros2_real/install/velocity_controllers/lib:/home/kadi/UR5e_ros2/ros2_real/install/ur_controllers/lib:/home/kadi/UR5e_ros2/ros2_real/install/position_controllers/lib:/home/kadi/UR5e_ros2/ros2_real/install/joint_trajectory_controller/lib:/home/kadi/UR5e_ros2/ros2_real/install/joint_state_broadcaster/lib:/home/kadi/UR5e_ros2/ros2_real/install/forward_command_controller/lib:/home/kadi/UR5e_ros2/ros2_real/install/force_torque_sensor_broadcaster/lib:/home/kadi/UR5e_ros2/ros2_real/install/controller_manager/lib:/home/kadi/UR5e_ros2/ros2_real/install/hardware_interface_testing/lib:/home/kadi/UR5e_ros2/ros2_real/install/controller_interface/lib:/home/kadi/UR5e_ros2/ros2_real/install/hardware_interface/lib:/home/kadi/UR5e_ros2/ros2_real/install/ur_msgs/lib:/home/kadi/UR5e_ros2/ros2_real/install/ur_dashboard_msgs/lib:/home/kadi/UR5e_ros2/ros2_real/install/ur_client_library/lib:/home/kadi/UR5e_ros2/ros2_real/install/ros2_control_test_assets/lib:/home/kadi/UR5e_ros2/ros2_real/install/controller_manager_msgs/lib:/home/kadi/UR5e_ros2/ros2_real/install/control_msgs/lib:/home/kadi/mujoco-3.0.0/lib:/home/kadi/mujoco-3.0.0/lib:/home/kadi/mujoco-3.0.0/lib:/home/kadi/mujoco-3.0.0/lib:/home/kadi/mujoco-3.0.0/lib:/usr/lib/x86_64-linux-gnu/gazebo-11/plugins:/opt/ros/iron/opt/rviz_ogre_vendor/lib:/opt/ros/iron/lib/x86_64-linux-gnu:/opt/ros/iron/lib PKG_CONFIG_PATH=/home/kadi/UR5e_ros2/ros2_real/install/ur_client_library/lib/x86_64-linux-gnu/pkgconfig:/home/kadi/UR5e_ros2/ros2_real/install/ur_client_library/lib/pkgconfig PYTHONPATH=/home/kadi/UR5e_ros2/ros2_real/install/controller_manager/lib/python3.10/site-packages:/home/kadi/UR5e_ros2/ros2_real/install/ur_msgs/lib/python3.10/site-packages:/home/kadi/UR5e_ros2/ros2_real/install/ur_dashboard_msgs/lib/python3.10/site-packages:/home/kadi/UR5e_ros2/ros2_real/install/ros2_controllers_test_nodes/lib/python3.10/site-packages:/home/kadi/UR5e_ros2/ros2_real/install/controller_manager_msgs/lib/python3.10/site-packages:/home/kadi/UR5e_ros2/ros2_real/install/control_msgs/lib/python3.10/site-packages:/opt/ros/iron/lib/python3.10/site-packages /usr/bin/cmake --install /home/kadi/UR5e_ros2/ros2_real/build/ur_robot_driver
[2.163s] -- Install configuration: "Release"
[2.163s] -- Up-to-date: /home/kadi/UR5e_ros2/ros2_real/install/ur_robot_driver/share/ur_robot_driver/hardware_interface_plugin.xml
[2.163s] -- Up-to-date: /home/kadi/UR5e_ros2/ros2_real/install/ur_robot_driver/lib/ur_robot_driver/dashboard_client
[2.164s] -- Up-to-date: /home/kadi/UR5e_ros2/ros2_real/install/ur_robot_driver/lib/ur_robot_driver/ur_ros2_control_node
[2.164s] -- Up-to-date: /home/kadi/UR5e_ros2/ros2_real/install/ur_robot_driver/lib/ur_robot_driver/controller_stopper_node
[2.164s] -- Up-to-date: /home/kadi/UR5e_ros2/ros2_real/install/ur_robot_driver/lib/ur_robot_driver/urscript_interface
[2.164s] -- Up-to-date: /home/kadi/UR5e_ros2/ros2_real/install/ur_robot_driver/lib/libur_robot_driver_plugin.so
[2.164s] -- Up-to-date: /home/kadi/UR5e_ros2/ros2_real/install/ur_robot_driver/include
[2.164s] -- Up-to-date: /home/kadi/UR5e_ros2/ros2_real/install/ur_robot_driver/include/ur_robot_driver
[2.164s] -- Up-to-date: /home/kadi/UR5e_ros2/ros2_real/install/ur_robot_driver/include/ur_robot_driver/dashboard_client_ros.hpp
[2.164s] -- Up-to-date: /home/kadi/UR5e_ros2/ros2_real/install/ur_robot_driver/include/ur_robot_driver/controller_stopper.hpp
[2.164s] -- Up-to-date: /home/kadi/UR5e_ros2/ros2_real/install/ur_robot_driver/include/ur_robot_driver/urcl_log_handler.hpp
[2.164s] -- Up-to-date: /home/kadi/UR5e_ros2/ros2_real/install/ur_robot_driver/include/ur_robot_driver/hardware_interface.hpp
[2.164s] -- Up-to-date: /home/kadi/UR5e_ros2/ros2_real/install/ur_robot_driver/share/ur_robot_driver/environment/library_path.sh
[2.164s] -- Up-to-date: /home/kadi/UR5e_ros2/ros2_real/install/ur_robot_driver/share/ur_robot_driver/environment/library_path.dsv
[2.164s] -- Up-to-date: /home/kadi/UR5e_ros2/ros2_real/install/ur_robot_driver/share/ur_robot_driver/resources
[2.165s] -- Up-to-date: /home/kadi/UR5e_ros2/ros2_real/install/ur_robot_driver/share/ur_robot_driver/resources/rtde_output_recipe.txt
[2.165s] -- Up-to-date: /home/kadi/UR5e_ros2/ros2_real/install/ur_robot_driver/share/ur_robot_driver/resources/rs485-1.0.urcap
[2.165s] -- Up-to-date: /home/kadi/UR5e_ros2/ros2_real/install/ur_robot_driver/share/ur_robot_driver/resources/rtde_input_recipe.txt
[2.165s] -- Up-to-date: /home/kadi/UR5e_ros2/ros2_real/install/ur_robot_driver/share/ur_robot_driver/resources/externalcontrol-1.0.5.urcap
[2.165s] -- Up-to-date: /home/kadi/UR5e_ros2/ros2_real/install/ur_robot_driver/include
[2.165s] -- Up-to-date: /home/kadi/UR5e_ros2/ros2_real/install/ur_robot_driver/include/ur_robot_driver
[2.165s] -- Up-to-date: /home/kadi/UR5e_ros2/ros2_real/install/ur_robot_driver/include/ur_robot_driver/dashboard_client_ros.hpp
[2.165s] -- Up-to-date: /home/kadi/UR5e_ros2/ros2_real/install/ur_robot_driver/include/ur_robot_driver/controller_stopper.hpp
[2.165s] -- Up-to-date: /home/kadi/UR5e_ros2/ros2_real/install/ur_robot_driver/include/ur_robot_driver/urcl_log_handler.hpp
[2.165s] -- Up-to-date: /home/kadi/UR5e_ros2/ros2_real/install/ur_robot_driver/include/ur_robot_driver/hardware_interface.hpp
[2.165s] -- Up-to-date: /home/kadi/UR5e_ros2/ros2_real/install/ur_robot_driver/share/ur_robot_driver/environment/pythonpath.sh
[2.165s] -- Up-to-date: /home/kadi/UR5e_ros2/ros2_real/install/ur_robot_driver/share/ur_robot_driver/environment/pythonpath.dsv
[2.165s] -- Up-to-date: /home/kadi/UR5e_ros2/ros2_real/install/ur_robot_driver/lib/python3.10/site-packages/ur_robot_driver-2.3.10-py3.10.egg-info
[2.165s] -- Installing: /home/kadi/UR5e_ros2/ros2_real/install/ur_robot_driver/lib/python3.10/site-packages/ur_robot_driver-2.3.10-py3.10.egg-info/SOURCES.txt
[2.165s] -- Installing: /home/kadi/UR5e_ros2/ros2_real/install/ur_robot_driver/lib/python3.10/site-packages/ur_robot_driver-2.3.10-py3.10.egg-info/dependency_links.txt
[2.165s] -- Installing: /home/kadi/UR5e_ros2/ros2_real/install/ur_robot_driver/lib/python3.10/site-packages/ur_robot_driver-2.3.10-py3.10.egg-info/PKG-INFO
[2.165s] -- Installing: /home/kadi/UR5e_ros2/ros2_real/install/ur_robot_driver/lib/python3.10/site-packages/ur_robot_driver-2.3.10-py3.10.egg-info/top_level.txt
[2.165s] -- Up-to-date: /home/kadi/UR5e_ros2/ros2_real/install/ur_robot_driver/lib/python3.10/site-packages/ur_robot_driver
[2.165s] -- Up-to-date: /home/kadi/UR5e_ros2/ros2_real/install/ur_robot_driver/lib/python3.10/site-packages/ur_robot_driver/__init__.py
[2.186s] Listing '/home/kadi/UR5e_ros2/ros2_real/install/ur_robot_driver/lib/python3.10/site-packages/ur_robot_driver'...
[2.189s] -- Up-to-date: /home/kadi/UR5e_ros2/ros2_real/install/ur_robot_driver/lib/ur_robot_driver/tool_communication.py
[2.189s] -- Up-to-date: /home/kadi/UR5e_ros2/ros2_real/install/ur_robot_driver/bin/wait_dashboard_server.sh
[2.189s] -- Up-to-date: /home/kadi/UR5e_ros2/ros2_real/install/ur_robot_driver/lib/ur_robot_driver/start_ursim.sh
[2.189s] -- Up-to-date: /home/kadi/UR5e_ros2/ros2_real/install/ur_robot_driver/share/ur_robot_driver/config
[2.189s] -- Up-to-date: /home/kadi/UR5e_ros2/ros2_real/install/ur_robot_driver/share/ur_robot_driver/config/ur16e_update_rate.yaml
[2.189s] -- Up-to-date: /home/kadi/UR5e_ros2/ros2_real/install/ur_robot_driver/share/ur_robot_driver/config/ur3e_update_rate.yaml
[2.189s] -- Up-to-date: /home/kadi/UR5e_ros2/ros2_real/install/ur_robot_driver/share/ur_robot_driver/config/ur5_update_rate.yaml
[2.190s] -- Installing: /home/kadi/UR5e_ros2/ros2_real/install/ur_robot_driver/share/ur_robot_driver/config/ur_controllers.yaml
[2.190s] -- Up-to-date: /home/kadi/UR5e_ros2/ros2_real/install/ur_robot_driver/share/ur_robot_driver/config/ur10e_update_rate.yaml
[2.190s] -- Up-to-date: /home/kadi/UR5e_ros2/ros2_real/install/ur_robot_driver/share/ur_robot_driver/config/test_velocity_goal_publishers_config.yaml
[2.190s] -- Up-to-date: /home/kadi/UR5e_ros2/ros2_real/install/ur_robot_driver/share/ur_robot_driver/config/ur30_update_rate.yaml
[2.190s] -- Up-to-date: /home/kadi/UR5e_ros2/ros2_real/install/ur_robot_driver/share/ur_robot_driver/config/test_goal_publishers_config.yaml
[2.190s] -- Up-to-date: /home/kadi/UR5e_ros2/ros2_real/install/ur_robot_driver/share/ur_robot_driver/config/ur3_update_rate.yaml
[2.190s] -- Up-to-date: /home/kadi/UR5e_ros2/ros2_real/install/ur_robot_driver/share/ur_robot_driver/config/ur5e_update_rate.yaml
[2.190s] -- Up-to-date: /home/kadi/UR5e_ros2/ros2_real/install/ur_robot_driver/share/ur_robot_driver/config/ur10_update_rate.yaml
[2.190s] -- Up-to-date: /home/kadi/UR5e_ros2/ros2_real/install/ur_robot_driver/share/ur_robot_driver/config/ur_controllers_cartesian.yaml
[2.190s] -- Up-to-date: /home/kadi/UR5e_ros2/ros2_real/install/ur_robot_driver/share/ur_robot_driver/config/ur20_update_rate.yaml
[2.190s] -- Up-to-date: /home/kadi/UR5e_ros2/ros2_real/install/ur_robot_driver/share/ur_robot_driver/launch
[2.190s] -- Up-to-date: /home/kadi/UR5e_ros2/ros2_real/install/ur_robot_driver/share/ur_robot_driver/launch/ur10.launch.py
[2.190s] -- Up-to-date: /home/kadi/UR5e_ros2/ros2_real/install/ur_robot_driver/share/ur_robot_driver/launch/test_joint_trajectory_controller.launch.py
[2.190s] -- Up-to-date: /home/kadi/UR5e_ros2/ros2_real/install/ur_robot_driver/share/ur_robot_driver/launch/ur5.launch.py
[2.190s] -- Up-to-date: /home/kadi/UR5e_ros2/ros2_real/install/ur_robot_driver/share/ur_robot_driver/launch/ur5e.launch.py
[2.191s] -- Up-to-date: /home/kadi/UR5e_ros2/ros2_real/install/ur_robot_driver/share/ur_robot_driver/launch/ur_dashboard_client.launch.py
[2.191s] -- Up-to-date: /home/kadi/UR5e_ros2/ros2_real/install/ur_robot_driver/share/ur_robot_driver/launch/ur10e.launch.py
[2.191s] -- Up-to-date: /home/kadi/UR5e_ros2/ros2_real/install/ur_robot_driver/share/ur_robot_driver/launch/ur20.launch.py
[2.191s] -- Up-to-date: /home/kadi/UR5e_ros2/ros2_real/install/ur_robot_driver/share/ur_robot_driver/launch/test_scaled_joint_trajectory_controller.launch.py
[2.191s] -- Up-to-date: /home/kadi/UR5e_ros2/ros2_real/install/ur_robot_driver/share/ur_robot_driver/launch/ur30.launch.py
[2.191s] -- Up-to-date: /home/kadi/UR5e_ros2/ros2_real/install/ur_robot_driver/share/ur_robot_driver/launch/test_forward_velocity_controller.launch.py
[2.191s] -- Up-to-date: /home/kadi/UR5e_ros2/ros2_real/install/ur_robot_driver/share/ur_robot_driver/launch/ur16e.launch.py
[2.191s] -- Up-to-date: /home/kadi/UR5e_ros2/ros2_real/install/ur_robot_driver/share/ur_robot_driver/launch/ur3.launch.py
[2.191s] -- Up-to-date: /home/kadi/UR5e_ros2/ros2_real/install/ur_robot_driver/share/ur_robot_driver/launch/ur_control.launch.py
[2.191s] -- Up-to-date: /home/kadi/UR5e_ros2/ros2_real/install/ur_robot_driver/share/ur_robot_driver/launch/ur3e.launch.py
[2.191s] -- Up-to-date: /home/kadi/UR5e_ros2/ros2_real/install/ur_robot_driver/share/ament_index/resource_index/package_run_dependencies/ur_robot_driver
[2.191s] -- Installing: /home/kadi/UR5e_ros2/ros2_real/install/ur_robot_driver/share/ament_index/resource_index/parent_prefix_path/ur_robot_driver
[2.191s] -- Up-to-date: /home/kadi/UR5e_ros2/ros2_real/install/ur_robot_driver/share/ur_robot_driver/environment/ament_prefix_path.sh
[2.191s] -- Up-to-date: /home/kadi/UR5e_ros2/ros2_real/install/ur_robot_driver/share/ur_robot_driver/environment/ament_prefix_path.dsv
[2.191s] -- Up-to-date: /home/kadi/UR5e_ros2/ros2_real/install/ur_robot_driver/share/ur_robot_driver/environment/path.sh
[2.191s] -- Up-to-date: /home/kadi/UR5e_ros2/ros2_real/install/ur_robot_driver/share/ur_robot_driver/environment/path.dsv
[2.191s] -- Up-to-date: /home/kadi/UR5e_ros2/ros2_real/install/ur_robot_driver/share/ur_robot_driver/local_setup.bash
[2.191s] -- Up-to-date: /home/kadi/UR5e_ros2/ros2_real/install/ur_robot_driver/share/ur_robot_driver/local_setup.sh
[2.191s] -- Up-to-date: /home/kadi/UR5e_ros2/ros2_real/install/ur_robot_driver/share/ur_robot_driver/local_setup.zsh
[2.191s] -- Up-to-date: /home/kadi/UR5e_ros2/ros2_real/install/ur_robot_driver/share/ur_robot_driver/local_setup.dsv
[2.191s] -- Installing: /home/kadi/UR5e_ros2/ros2_real/install/ur_robot_driver/share/ur_robot_driver/package.dsv
[2.191s] -- Up-to-date: /home/kadi/UR5e_ros2/ros2_real/install/ur_robot_driver/share/ament_index/resource_index/packages/ur_robot_driver
[2.191s] -- Up-to-date: /home/kadi/UR5e_ros2/ros2_real/install/ur_robot_driver/share/ament_index/resource_index/hardware_interface__pluginlib__plugin/ur_robot_driver
[2.191s] -- Up-to-date: /home/kadi/UR5e_ros2/ros2_real/install/ur_robot_driver/share/ur_robot_driver/cmake/ament_cmake_export_include_directories-extras.cmake
[2.191s] -- Up-to-date: /home/kadi/UR5e_ros2/ros2_real/install/ur_robot_driver/share/ur_robot_driver/cmake/ament_cmake_export_libraries-extras.cmake
[2.191s] -- Up-to-date: /home/kadi/UR5e_ros2/ros2_real/install/ur_robot_driver/share/ur_robot_driver/cmake/ament_cmake_export_dependencies-extras.cmake
[2.191s] -- Up-to-date: /home/kadi/UR5e_ros2/ros2_real/install/ur_robot_driver/share/ur_robot_driver/cmake/ur_robot_driverConfig.cmake
[2.191s] -- Up-to-date: /home/kadi/UR5e_ros2/ros2_real/install/ur_robot_driver/share/ur_robot_driver/cmake/ur_robot_driverConfig-version.cmake
[2.191s] -- Up-to-date: /home/kadi/UR5e_ros2/ros2_real/install/ur_robot_driver/share/ur_robot_driver/package.xml
[2.194s] Invoked command in '/home/kadi/UR5e_ros2/ros2_real/build/ur_robot_driver' returned '0': AMENT_PREFIX_PATH=/home/kadi/UR5e_ros2/ros2_real/install/velocity_controllers:/home/kadi/UR5e_ros2/ros2_real/install/ur_controllers:/home/kadi/UR5e_ros2/ros2_real/install/position_controllers:/home/kadi/UR5e_ros2/ros2_real/install/joint_trajectory_controller:/home/kadi/UR5e_ros2/ros2_real/install/joint_state_broadcaster:/home/kadi/UR5e_ros2/ros2_real/install/forward_command_controller:/home/kadi/UR5e_ros2/ros2_real/install/force_torque_sensor_broadcaster:/home/kadi/UR5e_ros2/ros2_real/install/controller_manager:/home/kadi/UR5e_ros2/ros2_real/install/hardware_interface_testing:/home/kadi/UR5e_ros2/ros2_real/install/controller_interface:/home/kadi/UR5e_ros2/ros2_real/install/hardware_interface:/home/kadi/UR5e_ros2/ros2_real/install/ur_dashboard_msgs:/home/kadi/UR5e_ros2/ros2_real/install/ros2_controllers_test_nodes:/home/kadi/UR5e_ros2/ros2_real/install/ros2_control_test_assets:/home/kadi/UR5e_ros2/ros2_real/install/controller_manager_msgs:/home/kadi/UR5e_ros2/ros2_real/install/control_msgs:${AMENT_PREFIX_PATH} CMAKE_PREFIX_PATH=/home/kadi/UR5e_ros2/ros2_real/install/velocity_controllers:/home/kadi/UR5e_ros2/ros2_real/install/ur_controllers:/home/kadi/UR5e_ros2/ros2_real/install/position_controllers:/home/kadi/UR5e_ros2/ros2_real/install/joint_trajectory_controller:/home/kadi/UR5e_ros2/ros2_real/install/joint_state_broadcaster:/home/kadi/UR5e_ros2/ros2_real/install/forward_command_controller:/home/kadi/UR5e_ros2/ros2_real/install/force_torque_sensor_broadcaster:/home/kadi/UR5e_ros2/ros2_real/install/controller_manager:/home/kadi/UR5e_ros2/ros2_real/install/hardware_interface_testing:/home/kadi/UR5e_ros2/ros2_real/install/controller_interface:/home/kadi/UR5e_ros2/ros2_real/install/hardware_interface:/home/kadi/UR5e_ros2/ros2_real/install/ur_msgs:/home/kadi/UR5e_ros2/ros2_real/install/ur_description:/home/kadi/UR5e_ros2/ros2_real/install/ur_dashboard_msgs:/home/kadi/UR5e_ros2/ros2_real/install/ur_client_library:/home/kadi/UR5e_ros2/ros2_real/install/ros2_control_test_assets:/home/kadi/UR5e_ros2/ros2_real/install/controller_manager_msgs:/home/kadi/UR5e_ros2/ros2_real/install/control_msgs:/opt/ros/iron LD_LIBRARY_PATH=/home/kadi/UR5e_ros2/ros2_real/install/velocity_controllers/lib:/home/kadi/UR5e_ros2/ros2_real/install/ur_controllers/lib:/home/kadi/UR5e_ros2/ros2_real/install/position_controllers/lib:/home/kadi/UR5e_ros2/ros2_real/install/joint_trajectory_controller/lib:/home/kadi/UR5e_ros2/ros2_real/install/joint_state_broadcaster/lib:/home/kadi/UR5e_ros2/ros2_real/install/forward_command_controller/lib:/home/kadi/UR5e_ros2/ros2_real/install/force_torque_sensor_broadcaster/lib:/home/kadi/UR5e_ros2/ros2_real/install/controller_manager/lib:/home/kadi/UR5e_ros2/ros2_real/install/hardware_interface_testing/lib:/home/kadi/UR5e_ros2/ros2_real/install/controller_interface/lib:/home/kadi/UR5e_ros2/ros2_real/install/hardware_interface/lib:/home/kadi/UR5e_ros2/ros2_real/install/ur_msgs/lib:/home/kadi/UR5e_ros2/ros2_real/install/ur_dashboard_msgs/lib:/home/kadi/UR5e_ros2/ros2_real/install/ur_client_library/lib:/home/kadi/UR5e_ros2/ros2_real/install/ros2_control_test_assets/lib:/home/kadi/UR5e_ros2/ros2_real/install/controller_manager_msgs/lib:/home/kadi/UR5e_ros2/ros2_real/install/control_msgs/lib:/home/kadi/mujoco-3.0.0/lib:/home/kadi/mujoco-3.0.0/lib:/home/kadi/mujoco-3.0.0/lib:/home/kadi/mujoco-3.0.0/lib:/home/kadi/mujoco-3.0.0/lib:/usr/lib/x86_64-linux-gnu/gazebo-11/plugins:/opt/ros/iron/opt/rviz_ogre_vendor/lib:/opt/ros/iron/lib/x86_64-linux-gnu:/opt/ros/iron/lib PKG_CONFIG_PATH=/home/kadi/UR5e_ros2/ros2_real/install/ur_client_library/lib/x86_64-linux-gnu/pkgconfig:/home/kadi/UR5e_ros2/ros2_real/install/ur_client_library/lib/pkgconfig PYTHONPATH=/home/kadi/UR5e_ros2/ros2_real/install/controller_manager/lib/python3.10/site-packages:/home/kadi/UR5e_ros2/ros2_real/install/ur_msgs/lib/python3.10/site-packages:/home/kadi/UR5e_ros2/ros2_real/install/ur_dashboard_msgs/lib/python3.10/site-packages:/home/kadi/UR5e_ros2/ros2_real/install/ros2_controllers_test_nodes/lib/python3.10/site-packages:/home/kadi/UR5e_ros2/ros2_real/install/controller_manager_msgs/lib/python3.10/site-packages:/home/kadi/UR5e_ros2/ros2_real/install/control_msgs/lib/python3.10/site-packages:/opt/ros/iron/lib/python3.10/site-packages /usr/bin/cmake --install /home/kadi/UR5e_ros2/ros2_real/build/ur_robot_driver
