-- The CXX compiler identification is GNU 11.4.0
-- Detecting CXX compiler ABI info
-- Detecting CXX compiler ABI info - done
-- Check for working CXX compiler: /usr/bin/c++ - skipped
-- Detecting CXX compile features
-- Detecting CXX compile features - done
-- Found ament_cmake: 2.0.7 (/opt/ros/iron/share/ament_cmake/cmake)
-- Found Python3: /usr/bin/python3.10 (found version "3.10.12") found components: Interpreter 
-- Found builtin_interfaces: 1.6.0 (/opt/ros/iron/share/builtin_interfaces/cmake)
-- Found rosidl_generator_c: 4.0.1 (/opt/ros/iron/share/rosidl_generator_c/cmake)
-- Found rosidl_generator_cpp: 4.0.1 (/opt/ros/iron/share/rosidl_generator_cpp/cmake)
-- Using all available rosidl_typesupport_c: rosidl_typesupport_fastrtps_c;rosidl_typesupport_introspection_c
-- Using all available rosidl_typesupport_cpp: rosidl_typesupport_fastrtps_cpp;rosidl_typesupport_introspection_cpp
-- Found control_msgs: 5.2.0 (/home/kadi/UR5e_ros2/ros2_real/install/control_msgs/share/control_msgs/cmake)
-- Found controller_interface: 3.28.1 (/home/kadi/UR5e_ros2/ros2_real/install/controller_interface/share/controller_interface/cmake)
-- Found rmw_implementation_cmake: 7.1.0 (/opt/ros/iron/share/rmw_implementation_cmake/cmake)
-- Found rmw_fastrtps_cpp: 7.1.4 (/opt/ros/iron/share/rmw_fastrtps_cpp/cmake)
-- Found TinyXML2 via Config file: TinyXML2_DIR-NOTFOUND
-- Found OpenSSL: /usr/lib/x86_64-linux-gnu/libcrypto.so (found version "3.0.2")  
-- Found TinyXML2 via Config file: TinyXML2_DIR-NOTFOUND
-- Found FastRTPS: /opt/ros/iron/include  
-- Found TinyXML2 via Config file: TinyXML2_DIR-NOTFOUND
-- Found TinyXML2 via Config file: TinyXML2_DIR-NOTFOUND
-- Using RMW implementation 'rmw_fastrtps_cpp' as default
-- Found generate_parameter_library: 0.3.9 (/opt/ros/iron/share/generate_parameter_library/cmake)
-- Found parameter_traits: 0.3.9 (/opt/ros/iron/share/parameter_traits/cmake)
-- Found realtime_tools: 2.8.1 (/opt/ros/iron/share/realtime_tools/cmake)
-- Found ament_cmake_gmock: 2.0.7 (/opt/ros/iron/share/ament_cmake_gmock/cmake)
-- Found controller_manager: 3.28.1 (/home/kadi/UR5e_ros2/ros2_real/install/controller_manager/share/controller_manager/cmake)
-- Found ros2_control_test_assets: 3.28.1 (/home/kadi/UR5e_ros2/ros2_real/install/ros2_control_test_assets/share/ros2_control_test_assets/cmake)
-- Found gmock sources under '/opt/ros/iron/src/gmock_vendor': C++ tests using 'Google Mock' will be built
-- The C compiler identification is GNU 11.4.0
-- Detecting C compiler ABI info
-- Detecting C compiler ABI info - done
-- Check for working C compiler: /usr/bin/cc - skipped
-- Detecting C compile features
-- Detecting C compile features - done
-- Found ament_cmake_gtest: 2.0.7 (/opt/ros/iron/share/ament_cmake_gtest/cmake)
-- Found gtest sources under '/opt/ros/iron/src/gtest_vendor': C++ tests using 'Google Test' will be built
-- Configuring done
-- Generating done
-- Build files have been written to: /home/kadi/UR5e_ros2/ros2_real/build/joint_state_broadcaster
[ 33%] [34m[1mRunning `/opt/ros/iron/bin/generate_parameter_library_cpp /home/kadi/UR5e_ros2/ros2_real/build/joint_state_broadcaster/joint_state_broadcaster_parameters/include//joint_state_broadcaster_parameters.hpp /home/kadi/UR5e_ros2/ros2_real/src/ros2_controllers/joint_state_broadcaster/src/joint_state_broadcaster_parameters.yaml `[0m
[ 33%] [32mBuilding CXX object gmock/CMakeFiles/gmock.dir/src/gmock-all.cc.o[0m
[ 33%] [32mBuilding CXX object gmock/CMakeFiles/gmock_main.dir/src/gmock_main.cc.o[0m
[ 33%] [32mBuilding CXX object gmock/CMakeFiles/gmock.dir/opt/ros/iron/src/gtest_vendor/src/gtest-all.cc.o[0m
[ 33%] Built target joint_state_broadcaster_parameters
[ 41%] [32mBuilding CXX object CMakeFiles/joint_state_broadcaster.dir/src/joint_state_broadcaster.cpp.o[0m
[ 50%] [32m[1mLinking CXX static library libgmock_main.a[0m
[ 50%] Built target gmock_main
[ 58%] [32m[1mLinking CXX static library libgmock.a[0m
[ 58%] Built target gmock
[ 66%] [32m[1mLinking CXX shared library libjoint_state_broadcaster.so[0m
[ 66%] Built target joint_state_broadcaster
[ 75%] [32mBuilding CXX object CMakeFiles/test_load_joint_state_broadcaster.dir/test/test_load_joint_state_broadcaster.cpp.o[0m
[ 83%] [32mBuilding CXX object CMakeFiles/test_joint_state_broadcaster.dir/test/test_joint_state_broadcaster.cpp.o[0m
[ 91%] [32m[1mLinking CXX executable test_load_joint_state_broadcaster[0m
[ 91%] Built target test_load_joint_state_broadcaster
[100%] [32m[1mLinking CXX executable test_joint_state_broadcaster[0m
[100%] Built target test_joint_state_broadcaster
-- Install configuration: "Release"
-- Installing: /home/kadi/UR5e_ros2/ros2_real/install/joint_state_broadcaster/include/joint_state_broadcaster_parameters
-- Installing: /home/kadi/UR5e_ros2/ros2_real/install/joint_state_broadcaster/include/joint_state_broadcaster_parameters/joint_state_broadcaster_parameters.hpp
-- Installing: /home/kadi/UR5e_ros2/ros2_real/install/joint_state_broadcaster/share/joint_state_broadcaster/joint_state_plugin.xml
-- Installing: /home/kadi/UR5e_ros2/ros2_real/install/joint_state_broadcaster/include/joint_state_broadcaster
-- Installing: /home/kadi/UR5e_ros2/ros2_real/install/joint_state_broadcaster/include/joint_state_broadcaster/joint_state_broadcaster
-- Installing: /home/kadi/UR5e_ros2/ros2_real/install/joint_state_broadcaster/include/joint_state_broadcaster/joint_state_broadcaster/joint_state_broadcaster.hpp
-- Installing: /home/kadi/UR5e_ros2/ros2_real/install/joint_state_broadcaster/include/joint_state_broadcaster/joint_state_broadcaster/visibility_control.h
-- Installing: /home/kadi/UR5e_ros2/ros2_real/install/joint_state_broadcaster/lib/libjoint_state_broadcaster.so
-- Set runtime path of "/home/kadi/UR5e_ros2/ros2_real/install/joint_state_broadcaster/lib/libjoint_state_broadcaster.so" to ""
-- Installing: /home/kadi/UR5e_ros2/ros2_real/install/joint_state_broadcaster/share/joint_state_broadcaster/environment/library_path.sh
-- Installing: /home/kadi/UR5e_ros2/ros2_real/install/joint_state_broadcaster/share/joint_state_broadcaster/environment/library_path.dsv
-- Installing: /home/kadi/UR5e_ros2/ros2_real/install/joint_state_broadcaster/share/ament_index/resource_index/package_run_dependencies/joint_state_broadcaster
-- Installing: /home/kadi/UR5e_ros2/ros2_real/install/joint_state_broadcaster/share/ament_index/resource_index/parent_prefix_path/joint_state_broadcaster
-- Installing: /home/kadi/UR5e_ros2/ros2_real/install/joint_state_broadcaster/share/joint_state_broadcaster/environment/ament_prefix_path.sh
-- Installing: /home/kadi/UR5e_ros2/ros2_real/install/joint_state_broadcaster/share/joint_state_broadcaster/environment/ament_prefix_path.dsv
-- Installing: /home/kadi/UR5e_ros2/ros2_real/install/joint_state_broadcaster/share/joint_state_broadcaster/environment/path.sh
-- Installing: /home/kadi/UR5e_ros2/ros2_real/install/joint_state_broadcaster/share/joint_state_broadcaster/environment/path.dsv
-- Installing: /home/kadi/UR5e_ros2/ros2_real/install/joint_state_broadcaster/share/joint_state_broadcaster/local_setup.bash
-- Installing: /home/kadi/UR5e_ros2/ros2_real/install/joint_state_broadcaster/share/joint_state_broadcaster/local_setup.sh
-- Installing: /home/kadi/UR5e_ros2/ros2_real/install/joint_state_broadcaster/share/joint_state_broadcaster/local_setup.zsh
-- Installing: /home/kadi/UR5e_ros2/ros2_real/install/joint_state_broadcaster/share/joint_state_broadcaster/local_setup.dsv
-- Installing: /home/kadi/UR5e_ros2/ros2_real/install/joint_state_broadcaster/share/joint_state_broadcaster/package.dsv
-- Installing: /home/kadi/UR5e_ros2/ros2_real/install/joint_state_broadcaster/share/ament_index/resource_index/packages/joint_state_broadcaster
-- Installing: /home/kadi/UR5e_ros2/ros2_real/install/joint_state_broadcaster/share/ament_index/resource_index/controller_interface__pluginlib__plugin/joint_state_broadcaster
-- Installing: /home/kadi/UR5e_ros2/ros2_real/install/joint_state_broadcaster/share/joint_state_broadcaster/cmake/export_joint_state_broadcasterExport.cmake
-- Installing: /home/kadi/UR5e_ros2/ros2_real/install/joint_state_broadcaster/share/joint_state_broadcaster/cmake/export_joint_state_broadcasterExport-release.cmake
-- Installing: /home/kadi/UR5e_ros2/ros2_real/install/joint_state_broadcaster/share/joint_state_broadcaster/cmake/ament_cmake_export_targets-extras.cmake
-- Installing: /home/kadi/UR5e_ros2/ros2_real/install/joint_state_broadcaster/share/joint_state_broadcaster/cmake/ament_cmake_export_dependencies-extras.cmake
-- Installing: /home/kadi/UR5e_ros2/ros2_real/install/joint_state_broadcaster/share/joint_state_broadcaster/cmake/joint_state_broadcasterConfig.cmake
-- Installing: /home/kadi/UR5e_ros2/ros2_real/install/joint_state_broadcaster/share/joint_state_broadcaster/cmake/joint_state_broadcasterConfig-version.cmake
-- Installing: /home/kadi/UR5e_ros2/ros2_real/install/joint_state_broadcaster/share/joint_state_broadcaster/package.xml
