[0.010s] Invoking command in '/home/kadi/UR5e_ros2/ros2_real/build/ur_moveit_config': CMAKE_PREFIX_PATH=/home/kadi/UR5e_ros2/ros2_real/install/ur_description:/home/kadi/UR5e_ros2/ros2_real/install/ur_msgs:/opt/ros/iron /usr/bin/cmake --build /home/kadi/UR5e_ros2/ros2_real/build/ur_moveit_config -- -j16 -l16
[0.062s] Built target ament_cmake_python_copy_ur_moveit_config
[0.236s] running egg_info
[0.237s] writing ur_moveit_config.egg-info/PKG-INFO
[0.237s] writing dependency_links to ur_moveit_config.egg-info/dependency_links.txt
[0.237s] writing top-level names to ur_moveit_config.egg-info/top_level.txt
[0.238s] reading manifest file 'ur_moveit_config.egg-info/SOURCES.txt'
[0.239s] writing manifest file 'ur_moveit_config.egg-info/SOURCES.txt'
[0.267s] Built target ament_cmake_python_build_ur_moveit_config_egg
[0.276s] Invoked command in '/home/kadi/UR5e_ros2/ros2_real/build/ur_moveit_config' returned '0': CMAKE_PREFIX_PATH=/home/kadi/UR5e_ros2/ros2_real/install/ur_description:/home/kadi/UR5e_ros2/ros2_real/install/ur_msgs:/opt/ros/iron /usr/bin/cmake --build /home/kadi/UR5e_ros2/ros2_real/build/ur_moveit_config -- -j16 -l16
[0.277s] Invoking command in '/home/kadi/UR5e_ros2/ros2_real/build/ur_moveit_config': CMAKE_PREFIX_PATH=/home/kadi/UR5e_ros2/ros2_real/install/ur_description:/home/kadi/UR5e_ros2/ros2_real/install/ur_msgs:/opt/ros/iron /usr/bin/cmake --install /home/kadi/UR5e_ros2/ros2_real/build/ur_moveit_config
[0.285s] -- Install configuration: "Release"
[0.285s] -- Up-to-date: /home/kadi/UR5e_ros2/ros2_real/install/ur_moveit_config/share/ur_moveit_config/config
[0.285s] -- Up-to-date: /home/kadi/UR5e_ros2/ros2_real/install/ur_moveit_config/share/ur_moveit_config/config/controllers.yaml
[0.286s] -- Up-to-date: /home/kadi/UR5e_ros2/ros2_real/install/ur_moveit_config/share/ur_moveit_config/config/ompl_planning.yaml
[0.286s] -- Up-to-date: /home/kadi/UR5e_ros2/ros2_real/install/ur_moveit_config/share/ur_moveit_config/config/ur_servo.yaml
[0.286s] -- Up-to-date: /home/kadi/UR5e_ros2/ros2_real/install/ur_moveit_config/share/ur_moveit_config/config/kinematics.yaml
[0.286s] -- Up-to-date: /home/kadi/UR5e_ros2/ros2_real/install/ur_moveit_config/share/ur_moveit_config/config/joint_limits.yaml
[0.286s] -- Up-to-date: /home/kadi/UR5e_ros2/ros2_real/install/ur_moveit_config/share/ur_moveit_config/launch
[0.286s] -- Up-to-date: /home/kadi/UR5e_ros2/ros2_real/install/ur_moveit_config/share/ur_moveit_config/launch/ur_moveit.launch.py
[0.286s] -- Up-to-date: /home/kadi/UR5e_ros2/ros2_real/install/ur_moveit_config/share/ur_moveit_config/rviz
[0.286s] -- Up-to-date: /home/kadi/UR5e_ros2/ros2_real/install/ur_moveit_config/share/ur_moveit_config/rviz/view_robot.rviz
[0.286s] -- Up-to-date: /home/kadi/UR5e_ros2/ros2_real/install/ur_moveit_config/share/ur_moveit_config/srdf
[0.286s] -- Up-to-date: /home/kadi/UR5e_ros2/ros2_real/install/ur_moveit_config/share/ur_moveit_config/srdf/ur_macro.srdf.xacro
[0.286s] -- Up-to-date: /home/kadi/UR5e_ros2/ros2_real/install/ur_moveit_config/share/ur_moveit_config/srdf/ur.srdf.xacro
[0.286s] -- Up-to-date: /home/kadi/UR5e_ros2/ros2_real/install/ur_moveit_config/share/ur_moveit_config/environment/pythonpath.sh
[0.286s] -- Up-to-date: /home/kadi/UR5e_ros2/ros2_real/install/ur_moveit_config/share/ur_moveit_config/environment/pythonpath.dsv
[0.286s] -- Up-to-date: /home/kadi/UR5e_ros2/ros2_real/install/ur_moveit_config/lib/python3.10/site-packages/ur_moveit_config-2.3.10-py3.10.egg-info
[0.286s] -- Installing: /home/kadi/UR5e_ros2/ros2_real/install/ur_moveit_config/lib/python3.10/site-packages/ur_moveit_config-2.3.10-py3.10.egg-info/SOURCES.txt
[0.287s] -- Installing: /home/kadi/UR5e_ros2/ros2_real/install/ur_moveit_config/lib/python3.10/site-packages/ur_moveit_config-2.3.10-py3.10.egg-info/dependency_links.txt
[0.287s] -- Installing: /home/kadi/UR5e_ros2/ros2_real/install/ur_moveit_config/lib/python3.10/site-packages/ur_moveit_config-2.3.10-py3.10.egg-info/PKG-INFO
[0.287s] -- Installing: /home/kadi/UR5e_ros2/ros2_real/install/ur_moveit_config/lib/python3.10/site-packages/ur_moveit_config-2.3.10-py3.10.egg-info/top_level.txt
[0.287s] -- Up-to-date: /home/kadi/UR5e_ros2/ros2_real/install/ur_moveit_config/lib/python3.10/site-packages/ur_moveit_config
[0.287s] -- Up-to-date: /home/kadi/UR5e_ros2/ros2_real/install/ur_moveit_config/lib/python3.10/site-packages/ur_moveit_config/__init__.py
[0.287s] -- Up-to-date: /home/kadi/UR5e_ros2/ros2_real/install/ur_moveit_config/lib/python3.10/site-packages/ur_moveit_config/launch_common.py
[0.303s] Listing '/home/kadi/UR5e_ros2/ros2_real/install/ur_moveit_config/lib/python3.10/site-packages/ur_moveit_config'...
[0.306s] -- Up-to-date: /home/kadi/UR5e_ros2/ros2_real/install/ur_moveit_config/lib/python3.10/site-packages/launch_common.py
[0.332s] -- Up-to-date: /home/kadi/UR5e_ros2/ros2_real/install/ur_moveit_config/share/ament_index/resource_index/package_run_dependencies/ur_moveit_config
[0.332s] -- Up-to-date: /home/kadi/UR5e_ros2/ros2_real/install/ur_moveit_config/share/ament_index/resource_index/parent_prefix_path/ur_moveit_config
[0.333s] -- Up-to-date: /home/kadi/UR5e_ros2/ros2_real/install/ur_moveit_config/share/ur_moveit_config/environment/ament_prefix_path.sh
[0.333s] -- Up-to-date: /home/kadi/UR5e_ros2/ros2_real/install/ur_moveit_config/share/ur_moveit_config/environment/ament_prefix_path.dsv
[0.333s] -- Up-to-date: /home/kadi/UR5e_ros2/ros2_real/install/ur_moveit_config/share/ur_moveit_config/environment/path.sh
[0.333s] -- Up-to-date: /home/kadi/UR5e_ros2/ros2_real/install/ur_moveit_config/share/ur_moveit_config/environment/path.dsv
[0.333s] -- Up-to-date: /home/kadi/UR5e_ros2/ros2_real/install/ur_moveit_config/share/ur_moveit_config/local_setup.bash
[0.333s] -- Up-to-date: /home/kadi/UR5e_ros2/ros2_real/install/ur_moveit_config/share/ur_moveit_config/local_setup.sh
[0.333s] -- Up-to-date: /home/kadi/UR5e_ros2/ros2_real/install/ur_moveit_config/share/ur_moveit_config/local_setup.zsh
[0.333s] -- Up-to-date: /home/kadi/UR5e_ros2/ros2_real/install/ur_moveit_config/share/ur_moveit_config/local_setup.dsv
[0.333s] -- Up-to-date: /home/kadi/UR5e_ros2/ros2_real/install/ur_moveit_config/share/ur_moveit_config/package.dsv
[0.333s] -- Up-to-date: /home/kadi/UR5e_ros2/ros2_real/install/ur_moveit_config/share/ament_index/resource_index/packages/ur_moveit_config
[0.333s] -- Up-to-date: /home/kadi/UR5e_ros2/ros2_real/install/ur_moveit_config/share/ur_moveit_config/cmake/ur_moveit_configConfig.cmake
[0.333s] -- Up-to-date: /home/kadi/UR5e_ros2/ros2_real/install/ur_moveit_config/share/ur_moveit_config/cmake/ur_moveit_configConfig-version.cmake
[0.333s] -- Up-to-date: /home/kadi/UR5e_ros2/ros2_real/install/ur_moveit_config/share/ur_moveit_config/package.xml
[0.335s] Invoked command in '/home/kadi/UR5e_ros2/ros2_real/build/ur_moveit_config' returned '0': CMAKE_PREFIX_PATH=/home/kadi/UR5e_ros2/ros2_real/install/ur_description:/home/kadi/UR5e_ros2/ros2_real/install/ur_msgs:/opt/ros/iron /usr/bin/cmake --install /home/kadi/UR5e_ros2/ros2_real/build/ur_moveit_config
