[ 25%] Built target gtest
[ 50%] Built target gtest_main
[ 75%] Built target joint_limits_urdf_test
[100%] Built target joint_limits_rosparam_test
-- Install configuration: "Release"
-- Up-to-date: /home/kadi/UR5e_ros2/ros2_real/install/joint_limits/lib/joint_limits/joint_limits_rosparam_test
-- Up-to-date: /home/kadi/UR5e_ros2/ros2_real/install/joint_limits/share/joint_limits/test/joint_limits_rosparam.yaml
-- Up-to-date: /home/kadi/UR5e_ros2/ros2_real/install/joint_limits/include/joint_limits
-- Up-to-date: /home/kadi/UR5e_ros2/ros2_real/install/joint_limits/include/joint_limits/joint_limits
-- Up-to-date: /home/kadi/UR5e_ros2/ros2_real/install/joint_limits/include/joint_limits/joint_limits/joint_limits.hpp
-- Up-to-date: /home/kadi/UR5e_ros2/ros2_real/install/joint_limits/include/joint_limits/joint_limits/joint_limits_rosparam.hpp
-- Up-to-date: /home/kadi/UR5e_ros2/ros2_real/install/joint_limits/include/joint_limits/joint_limits/joint_limits_urdf.hpp
-- Up-to-date: /home/kadi/UR5e_ros2/ros2_real/install/joint_limits/share/joint_limits/environment/library_path.sh
-- Up-to-date: /home/kadi/UR5e_ros2/ros2_real/install/joint_limits/share/joint_limits/environment/library_path.dsv
-- Up-to-date: /home/kadi/UR5e_ros2/ros2_real/install/joint_limits/share/ament_index/resource_index/package_run_dependencies/joint_limits
-- Up-to-date: /home/kadi/UR5e_ros2/ros2_real/install/joint_limits/share/ament_index/resource_index/parent_prefix_path/joint_limits
-- Up-to-date: /home/kadi/UR5e_ros2/ros2_real/install/joint_limits/share/joint_limits/environment/ament_prefix_path.sh
-- Up-to-date: /home/kadi/UR5e_ros2/ros2_real/install/joint_limits/share/joint_limits/environment/ament_prefix_path.dsv
-- Up-to-date: /home/kadi/UR5e_ros2/ros2_real/install/joint_limits/share/joint_limits/environment/path.sh
-- Up-to-date: /home/kadi/UR5e_ros2/ros2_real/install/joint_limits/share/joint_limits/environment/path.dsv
-- Up-to-date: /home/kadi/UR5e_ros2/ros2_real/install/joint_limits/share/joint_limits/local_setup.bash
-- Up-to-date: /home/kadi/UR5e_ros2/ros2_real/install/joint_limits/share/joint_limits/local_setup.sh
-- Up-to-date: /home/kadi/UR5e_ros2/ros2_real/install/joint_limits/share/joint_limits/local_setup.zsh
-- Up-to-date: /home/kadi/UR5e_ros2/ros2_real/install/joint_limits/share/joint_limits/local_setup.dsv
-- Installing: /home/kadi/UR5e_ros2/ros2_real/install/joint_limits/share/joint_limits/package.dsv
-- Up-to-date: /home/kadi/UR5e_ros2/ros2_real/install/joint_limits/share/ament_index/resource_index/packages/joint_limits
-- Up-to-date: /home/kadi/UR5e_ros2/ros2_real/install/joint_limits/share/joint_limits/cmake/export_joint_limitsExport.cmake
-- Up-to-date: /home/kadi/UR5e_ros2/ros2_real/install/joint_limits/share/joint_limits/cmake/ament_cmake_export_targets-extras.cmake
-- Up-to-date: /home/kadi/UR5e_ros2/ros2_real/install/joint_limits/share/joint_limits/cmake/ament_cmake_export_dependencies-extras.cmake
-- Up-to-date: /home/kadi/UR5e_ros2/ros2_real/install/joint_limits/share/joint_limits/cmake/joint_limitsConfig.cmake
-- Up-to-date: /home/kadi/UR5e_ros2/ros2_real/install/joint_limits/share/joint_limits/cmake/joint_limitsConfig-version.cmake
-- Up-to-date: /home/kadi/UR5e_ros2/ros2_real/install/joint_limits/share/joint_limits/package.xml
