[0.009s] Invoking command in '/home/kadi/UR5e_ros2/ros2_real/build/joint_limits': CMAKE_PREFIX_PATH=${CMAKE_PREFIX_PATH}:/home/kadi/UR5e_ros2/ros2_real/install/rqt_joint_trajectory_controller:/home/kadi/UR5e_ros2/ros2_real/install/rqt_controller_manager:/home/kadi/UR5e_ros2/ros2_real/install/ros2controlcli:/home/kadi/UR5e_ros2/ros2_real/install/ros2_controllers_test_nodes:/opt/ros/iron /usr/bin/cmake --build /home/kadi/UR5e_ros2/ros2_real/build/joint_limits -- -j16 -l16
[0.078s] [ 25%] Built target gtest
[0.078s] [ 50%] Built target gtest_main
[0.109s] [ 75%] Built target joint_limits_urdf_test
[0.110s] [100%] Built target joint_limits_rosparam_test
[0.125s] Invoked command in '/home/kadi/UR5e_ros2/ros2_real/build/joint_limits' returned '0': CMAKE_PREFIX_PATH=${CMAKE_PREFIX_PATH}:/home/kadi/UR5e_ros2/ros2_real/install/rqt_joint_trajectory_controller:/home/kadi/UR5e_ros2/ros2_real/install/rqt_controller_manager:/home/kadi/UR5e_ros2/ros2_real/install/ros2controlcli:/home/kadi/UR5e_ros2/ros2_real/install/ros2_controllers_test_nodes:/opt/ros/iron /usr/bin/cmake --build /home/kadi/UR5e_ros2/ros2_real/build/joint_limits -- -j16 -l16
[0.127s] Invoking command in '/home/kadi/UR5e_ros2/ros2_real/build/joint_limits': CMAKE_PREFIX_PATH=${CMAKE_PREFIX_PATH}:/home/kadi/UR5e_ros2/ros2_real/install/rqt_joint_trajectory_controller:/home/kadi/UR5e_ros2/ros2_real/install/rqt_controller_manager:/home/kadi/UR5e_ros2/ros2_real/install/ros2controlcli:/home/kadi/UR5e_ros2/ros2_real/install/ros2_controllers_test_nodes:/opt/ros/iron /usr/bin/cmake --install /home/kadi/UR5e_ros2/ros2_real/build/joint_limits
[0.138s] -- Install configuration: "Release"
[0.139s] -- Up-to-date: /home/kadi/UR5e_ros2/ros2_real/install/joint_limits/lib/joint_limits/joint_limits_rosparam_test
[0.139s] -- Up-to-date: /home/kadi/UR5e_ros2/ros2_real/install/joint_limits/share/joint_limits/test/joint_limits_rosparam.yaml
[0.139s] -- Up-to-date: /home/kadi/UR5e_ros2/ros2_real/install/joint_limits/include/joint_limits
[0.139s] -- Up-to-date: /home/kadi/UR5e_ros2/ros2_real/install/joint_limits/include/joint_limits/joint_limits
[0.139s] -- Up-to-date: /home/kadi/UR5e_ros2/ros2_real/install/joint_limits/include/joint_limits/joint_limits/joint_limits.hpp
[0.139s] -- Up-to-date: /home/kadi/UR5e_ros2/ros2_real/install/joint_limits/include/joint_limits/joint_limits/joint_limits_rosparam.hpp
[0.139s] -- Up-to-date: /home/kadi/UR5e_ros2/ros2_real/install/joint_limits/include/joint_limits/joint_limits/joint_limits_urdf.hpp
[0.139s] -- Up-to-date: /home/kadi/UR5e_ros2/ros2_real/install/joint_limits/share/joint_limits/environment/library_path.sh
[0.139s] -- Up-to-date: /home/kadi/UR5e_ros2/ros2_real/install/joint_limits/share/joint_limits/environment/library_path.dsv
[0.139s] -- Up-to-date: /home/kadi/UR5e_ros2/ros2_real/install/joint_limits/share/ament_index/resource_index/package_run_dependencies/joint_limits
[0.139s] -- Up-to-date: /home/kadi/UR5e_ros2/ros2_real/install/joint_limits/share/ament_index/resource_index/parent_prefix_path/joint_limits
[0.139s] -- Up-to-date: /home/kadi/UR5e_ros2/ros2_real/install/joint_limits/share/joint_limits/environment/ament_prefix_path.sh
[0.139s] -- Up-to-date: /home/kadi/UR5e_ros2/ros2_real/install/joint_limits/share/joint_limits/environment/ament_prefix_path.dsv
[0.139s] -- Up-to-date: /home/kadi/UR5e_ros2/ros2_real/install/joint_limits/share/joint_limits/environment/path.sh
[0.140s] -- Up-to-date: /home/kadi/UR5e_ros2/ros2_real/install/joint_limits/share/joint_limits/environment/path.dsv
[0.140s] -- Up-to-date: /home/kadi/UR5e_ros2/ros2_real/install/joint_limits/share/joint_limits/local_setup.bash
[0.140s] -- Up-to-date: /home/kadi/UR5e_ros2/ros2_real/install/joint_limits/share/joint_limits/local_setup.sh
[0.140s] -- Up-to-date: /home/kadi/UR5e_ros2/ros2_real/install/joint_limits/share/joint_limits/local_setup.zsh
[0.140s] -- Up-to-date: /home/kadi/UR5e_ros2/ros2_real/install/joint_limits/share/joint_limits/local_setup.dsv
[0.140s] -- Installing: /home/kadi/UR5e_ros2/ros2_real/install/joint_limits/share/joint_limits/package.dsv
[0.140s] -- Up-to-date: /home/kadi/UR5e_ros2/ros2_real/install/joint_limits/share/ament_index/resource_index/packages/joint_limits
[0.140s] -- Up-to-date: /home/kadi/UR5e_ros2/ros2_real/install/joint_limits/share/joint_limits/cmake/export_joint_limitsExport.cmake
[0.140s] -- Up-to-date: /home/kadi/UR5e_ros2/ros2_real/install/joint_limits/share/joint_limits/cmake/ament_cmake_export_targets-extras.cmake
[0.140s] -- Up-to-date: /home/kadi/UR5e_ros2/ros2_real/install/joint_limits/share/joint_limits/cmake/ament_cmake_export_dependencies-extras.cmake
[0.140s] -- Up-to-date: /home/kadi/UR5e_ros2/ros2_real/install/joint_limits/share/joint_limits/cmake/joint_limitsConfig.cmake
[0.140s] -- Up-to-date: /home/kadi/UR5e_ros2/ros2_real/install/joint_limits/share/joint_limits/cmake/joint_limitsConfig-version.cmake
[0.140s] -- Up-to-date: /home/kadi/UR5e_ros2/ros2_real/install/joint_limits/share/joint_limits/package.xml
[0.142s] Invoked command in '/home/kadi/UR5e_ros2/ros2_real/build/joint_limits' returned '0': CMAKE_PREFIX_PATH=${CMAKE_PREFIX_PATH}:/home/kadi/UR5e_ros2/ros2_real/install/rqt_joint_trajectory_controller:/home/kadi/UR5e_ros2/ros2_real/install/rqt_controller_manager:/home/kadi/UR5e_ros2/ros2_real/install/ros2controlcli:/home/kadi/UR5e_ros2/ros2_real/install/ros2_controllers_test_nodes:/opt/ros/iron /usr/bin/cmake --install /home/kadi/UR5e_ros2/ros2_real/build/joint_limits
