[0.022s] Invoking command in '/home/kadi/UR5e_ros2/ros2_real/build/diff_drive_controller': AMENT_PREFIX_PATH=/home/kadi/UR5e_ros2/ros2_real/install/controller_manager:/home/kadi/UR5e_ros2/ros2_real/install/hardware_interface_testing:/home/kadi/UR5e_ros2/ros2_real/install/controller_interface:/home/kadi/UR5e_ros2/ros2_real/install/hardware_interface:/home/kadi/UR5e_ros2/ros2_real/install/ros2_control_test_assets:/home/kadi/UR5e_ros2/ros2_real/install/controller_manager_msgs:/home/kadi/UR5e_ros2/ros2_real/install/control_msgs:${AMENT_PREFIX_PATH} CMAKE_PREFIX_PATH=/home/kadi/UR5e_ros2/ros2_real/install/controller_manager:/home/kadi/UR5e_ros2/ros2_real/install/hardware_interface_testing:/home/kadi/UR5e_ros2/ros2_real/install/controller_interface:/home/kadi/UR5e_ros2/ros2_real/install/hardware_interface:/home/kadi/UR5e_ros2/ros2_real/install/ros2_control_test_assets:/home/kadi/UR5e_ros2/ros2_real/install/controller_manager_msgs:/home/kadi/UR5e_ros2/ros2_real/install/control_msgs:/home/kadi/UR5e_ros2/ros2_real/install/ur_msgs:/home/kadi/UR5e_ros2/ros2_real/install/ur_description:/opt/ros/iron LD_LIBRARY_PATH=/home/kadi/UR5e_ros2/ros2_real/install/controller_manager/lib:/home/kadi/UR5e_ros2/ros2_real/install/hardware_interface_testing/lib:/home/kadi/UR5e_ros2/ros2_real/install/controller_interface/lib:/home/kadi/UR5e_ros2/ros2_real/install/hardware_interface/lib:/home/kadi/UR5e_ros2/ros2_real/install/ros2_control_test_assets/lib:/home/kadi/UR5e_ros2/ros2_real/install/controller_manager_msgs/lib:/home/kadi/UR5e_ros2/ros2_real/install/control_msgs/lib:${LD_LIBRARY_PATH} PYTHONPATH=/home/kadi/UR5e_ros2/ros2_real/install/controller_manager/lib/python3.10/site-packages:/home/kadi/UR5e_ros2/ros2_real/install/controller_manager_msgs/lib/python3.10/site-packages:/home/kadi/UR5e_ros2/ros2_real/install/control_msgs/lib/python3.10/site-packages:${PYTHONPATH} /usr/bin/cmake --build /home/kadi/UR5e_ros2/ros2_real/build/diff_drive_controller -- -j16 -l16
[0.061s] [35m[1mConsolidate compiler generated dependencies of target gmock_main[0m
[0.062s] [35m[1mConsolidate compiler generated dependencies of target gmock[0m
[0.072s] [  7%] Built target diff_drive_controller_parameters
[0.072s] [ 21%] Built target gmock_main
[0.075s] [ 42%] Built target gmock
[0.082s] [35m[1mConsolidate compiler generated dependencies of target diff_drive_controller[0m
[0.086s] [35m[1mConsolidate compiler generated dependencies of target test_load_diff_drive_controller[0m
[0.100s] [ 71%] Built target diff_drive_controller
[0.103s] [ 85%] Built target test_load_diff_drive_controller
[0.109s] [35m[1mConsolidate compiler generated dependencies of target test_diff_drive_controller[0m
[0.128s] [100%] Built target test_diff_drive_controller
[0.144s] Invoked command in '/home/kadi/UR5e_ros2/ros2_real/build/diff_drive_controller' returned '0': AMENT_PREFIX_PATH=/home/kadi/UR5e_ros2/ros2_real/install/controller_manager:/home/kadi/UR5e_ros2/ros2_real/install/hardware_interface_testing:/home/kadi/UR5e_ros2/ros2_real/install/controller_interface:/home/kadi/UR5e_ros2/ros2_real/install/hardware_interface:/home/kadi/UR5e_ros2/ros2_real/install/ros2_control_test_assets:/home/kadi/UR5e_ros2/ros2_real/install/controller_manager_msgs:/home/kadi/UR5e_ros2/ros2_real/install/control_msgs:${AMENT_PREFIX_PATH} CMAKE_PREFIX_PATH=/home/kadi/UR5e_ros2/ros2_real/install/controller_manager:/home/kadi/UR5e_ros2/ros2_real/install/hardware_interface_testing:/home/kadi/UR5e_ros2/ros2_real/install/controller_interface:/home/kadi/UR5e_ros2/ros2_real/install/hardware_interface:/home/kadi/UR5e_ros2/ros2_real/install/ros2_control_test_assets:/home/kadi/UR5e_ros2/ros2_real/install/controller_manager_msgs:/home/kadi/UR5e_ros2/ros2_real/install/control_msgs:/home/kadi/UR5e_ros2/ros2_real/install/ur_msgs:/home/kadi/UR5e_ros2/ros2_real/install/ur_description:/opt/ros/iron LD_LIBRARY_PATH=/home/kadi/UR5e_ros2/ros2_real/install/controller_manager/lib:/home/kadi/UR5e_ros2/ros2_real/install/hardware_interface_testing/lib:/home/kadi/UR5e_ros2/ros2_real/install/controller_interface/lib:/home/kadi/UR5e_ros2/ros2_real/install/hardware_interface/lib:/home/kadi/UR5e_ros2/ros2_real/install/ros2_control_test_assets/lib:/home/kadi/UR5e_ros2/ros2_real/install/controller_manager_msgs/lib:/home/kadi/UR5e_ros2/ros2_real/install/control_msgs/lib:${LD_LIBRARY_PATH} PYTHONPATH=/home/kadi/UR5e_ros2/ros2_real/install/controller_manager/lib/python3.10/site-packages:/home/kadi/UR5e_ros2/ros2_real/install/controller_manager_msgs/lib/python3.10/site-packages:/home/kadi/UR5e_ros2/ros2_real/install/control_msgs/lib/python3.10/site-packages:${PYTHONPATH} /usr/bin/cmake --build /home/kadi/UR5e_ros2/ros2_real/build/diff_drive_controller -- -j16 -l16
[0.144s] Invoking command in '/home/kadi/UR5e_ros2/ros2_real/build/diff_drive_controller': AMENT_PREFIX_PATH=/home/kadi/UR5e_ros2/ros2_real/install/controller_manager:/home/kadi/UR5e_ros2/ros2_real/install/hardware_interface_testing:/home/kadi/UR5e_ros2/ros2_real/install/controller_interface:/home/kadi/UR5e_ros2/ros2_real/install/hardware_interface:/home/kadi/UR5e_ros2/ros2_real/install/ros2_control_test_assets:/home/kadi/UR5e_ros2/ros2_real/install/controller_manager_msgs:/home/kadi/UR5e_ros2/ros2_real/install/control_msgs:${AMENT_PREFIX_PATH} CMAKE_PREFIX_PATH=/home/kadi/UR5e_ros2/ros2_real/install/controller_manager:/home/kadi/UR5e_ros2/ros2_real/install/hardware_interface_testing:/home/kadi/UR5e_ros2/ros2_real/install/controller_interface:/home/kadi/UR5e_ros2/ros2_real/install/hardware_interface:/home/kadi/UR5e_ros2/ros2_real/install/ros2_control_test_assets:/home/kadi/UR5e_ros2/ros2_real/install/controller_manager_msgs:/home/kadi/UR5e_ros2/ros2_real/install/control_msgs:/home/kadi/UR5e_ros2/ros2_real/install/ur_msgs:/home/kadi/UR5e_ros2/ros2_real/install/ur_description:/opt/ros/iron LD_LIBRARY_PATH=/home/kadi/UR5e_ros2/ros2_real/install/controller_manager/lib:/home/kadi/UR5e_ros2/ros2_real/install/hardware_interface_testing/lib:/home/kadi/UR5e_ros2/ros2_real/install/controller_interface/lib:/home/kadi/UR5e_ros2/ros2_real/install/hardware_interface/lib:/home/kadi/UR5e_ros2/ros2_real/install/ros2_control_test_assets/lib:/home/kadi/UR5e_ros2/ros2_real/install/controller_manager_msgs/lib:/home/kadi/UR5e_ros2/ros2_real/install/control_msgs/lib:${LD_LIBRARY_PATH} PYTHONPATH=/home/kadi/UR5e_ros2/ros2_real/install/controller_manager/lib/python3.10/site-packages:/home/kadi/UR5e_ros2/ros2_real/install/controller_manager_msgs/lib/python3.10/site-packages:/home/kadi/UR5e_ros2/ros2_real/install/control_msgs/lib/python3.10/site-packages:${PYTHONPATH} /usr/bin/cmake --install /home/kadi/UR5e_ros2/ros2_real/build/diff_drive_controller
[0.150s] -- Install configuration: "Release"
[0.150s] -- Installing: /home/kadi/UR5e_ros2/ros2_real/install/diff_drive_controller/include/diff_drive_controller_parameters
[0.150s] -- Installing: /home/kadi/UR5e_ros2/ros2_real/install/diff_drive_controller/include/diff_drive_controller_parameters/diff_drive_controller_parameters.hpp
[0.150s] -- Installing: /home/kadi/UR5e_ros2/ros2_real/install/diff_drive_controller/share/diff_drive_controller/diff_drive_plugin.xml
[0.151s] -- Installing: /home/kadi/UR5e_ros2/ros2_real/install/diff_drive_controller/include/diff_drive_controller
[0.151s] -- Installing: /home/kadi/UR5e_ros2/ros2_real/install/diff_drive_controller/include/diff_drive_controller/diff_drive_controller
[0.151s] -- Installing: /home/kadi/UR5e_ros2/ros2_real/install/diff_drive_controller/include/diff_drive_controller/diff_drive_controller/odometry.hpp
[0.151s] -- Installing: /home/kadi/UR5e_ros2/ros2_real/install/diff_drive_controller/include/diff_drive_controller/diff_drive_controller/visibility_control.h
[0.151s] -- Installing: /home/kadi/UR5e_ros2/ros2_real/install/diff_drive_controller/include/diff_drive_controller/diff_drive_controller/speed_limiter.hpp
[0.151s] -- Installing: /home/kadi/UR5e_ros2/ros2_real/install/diff_drive_controller/include/diff_drive_controller/diff_drive_controller/diff_drive_controller.hpp
[0.151s] -- Installing: /home/kadi/UR5e_ros2/ros2_real/install/diff_drive_controller/lib/libdiff_drive_controller.so
[0.153s] -- Set runtime path of "/home/kadi/UR5e_ros2/ros2_real/install/diff_drive_controller/lib/libdiff_drive_controller.so" to ""
[0.153s] -- Installing: /home/kadi/UR5e_ros2/ros2_real/install/diff_drive_controller/share/diff_drive_controller/environment/library_path.sh
[0.153s] -- Installing: /home/kadi/UR5e_ros2/ros2_real/install/diff_drive_controller/share/diff_drive_controller/environment/library_path.dsv
[0.154s] -- Installing: /home/kadi/UR5e_ros2/ros2_real/install/diff_drive_controller/share/ament_index/resource_index/package_run_dependencies/diff_drive_controller
[0.154s] -- Installing: /home/kadi/UR5e_ros2/ros2_real/install/diff_drive_controller/share/ament_index/resource_index/parent_prefix_path/diff_drive_controller
[0.154s] -- Installing: /home/kadi/UR5e_ros2/ros2_real/install/diff_drive_controller/share/diff_drive_controller/environment/ament_prefix_path.sh
[0.154s] -- Installing: /home/kadi/UR5e_ros2/ros2_real/install/diff_drive_controller/share/diff_drive_controller/environment/ament_prefix_path.dsv
[0.154s] -- Installing: /home/kadi/UR5e_ros2/ros2_real/install/diff_drive_controller/share/diff_drive_controller/environment/path.sh
[0.154s] -- Installing: /home/kadi/UR5e_ros2/ros2_real/install/diff_drive_controller/share/diff_drive_controller/environment/path.dsv
[0.155s] -- Installing: /home/kadi/UR5e_ros2/ros2_real/install/diff_drive_controller/share/diff_drive_controller/local_setup.bash
[0.155s] -- Installing: /home/kadi/UR5e_ros2/ros2_real/install/diff_drive_controller/share/diff_drive_controller/local_setup.sh
[0.155s] -- Installing: /home/kadi/UR5e_ros2/ros2_real/install/diff_drive_controller/share/diff_drive_controller/local_setup.zsh
[0.155s] -- Installing: /home/kadi/UR5e_ros2/ros2_real/install/diff_drive_controller/share/diff_drive_controller/local_setup.dsv
[0.155s] -- Installing: /home/kadi/UR5e_ros2/ros2_real/install/diff_drive_controller/share/diff_drive_controller/package.dsv
[0.155s] -- Installing: /home/kadi/UR5e_ros2/ros2_real/install/diff_drive_controller/share/ament_index/resource_index/packages/diff_drive_controller
[0.156s] -- Installing: /home/kadi/UR5e_ros2/ros2_real/install/diff_drive_controller/share/ament_index/resource_index/controller_interface__pluginlib__plugin/diff_drive_controller
[0.156s] -- Installing: /home/kadi/UR5e_ros2/ros2_real/install/diff_drive_controller/share/diff_drive_controller/cmake/export_diff_drive_controllerExport.cmake
[0.156s] -- Installing: /home/kadi/UR5e_ros2/ros2_real/install/diff_drive_controller/share/diff_drive_controller/cmake/export_diff_drive_controllerExport-release.cmake
[0.156s] -- Installing: /home/kadi/UR5e_ros2/ros2_real/install/diff_drive_controller/share/diff_drive_controller/cmake/ament_cmake_export_targets-extras.cmake
[0.156s] -- Installing: /home/kadi/UR5e_ros2/ros2_real/install/diff_drive_controller/share/diff_drive_controller/cmake/ament_cmake_export_dependencies-extras.cmake
[0.157s] -- Installing: /home/kadi/UR5e_ros2/ros2_real/install/diff_drive_controller/share/diff_drive_controller/cmake/diff_drive_controllerConfig.cmake
[0.157s] -- Installing: /home/kadi/UR5e_ros2/ros2_real/install/diff_drive_controller/share/diff_drive_controller/cmake/diff_drive_controllerConfig-version.cmake
[0.157s] -- Installing: /home/kadi/UR5e_ros2/ros2_real/install/diff_drive_controller/share/diff_drive_controller/package.xml
[0.159s] Invoked command in '/home/kadi/UR5e_ros2/ros2_real/build/diff_drive_controller' returned '0': AMENT_PREFIX_PATH=/home/kadi/UR5e_ros2/ros2_real/install/controller_manager:/home/kadi/UR5e_ros2/ros2_real/install/hardware_interface_testing:/home/kadi/UR5e_ros2/ros2_real/install/controller_interface:/home/kadi/UR5e_ros2/ros2_real/install/hardware_interface:/home/kadi/UR5e_ros2/ros2_real/install/ros2_control_test_assets:/home/kadi/UR5e_ros2/ros2_real/install/controller_manager_msgs:/home/kadi/UR5e_ros2/ros2_real/install/control_msgs:${AMENT_PREFIX_PATH} CMAKE_PREFIX_PATH=/home/kadi/UR5e_ros2/ros2_real/install/controller_manager:/home/kadi/UR5e_ros2/ros2_real/install/hardware_interface_testing:/home/kadi/UR5e_ros2/ros2_real/install/controller_interface:/home/kadi/UR5e_ros2/ros2_real/install/hardware_interface:/home/kadi/UR5e_ros2/ros2_real/install/ros2_control_test_assets:/home/kadi/UR5e_ros2/ros2_real/install/controller_manager_msgs:/home/kadi/UR5e_ros2/ros2_real/install/control_msgs:/home/kadi/UR5e_ros2/ros2_real/install/ur_msgs:/home/kadi/UR5e_ros2/ros2_real/install/ur_description:/opt/ros/iron LD_LIBRARY_PATH=/home/kadi/UR5e_ros2/ros2_real/install/controller_manager/lib:/home/kadi/UR5e_ros2/ros2_real/install/hardware_interface_testing/lib:/home/kadi/UR5e_ros2/ros2_real/install/controller_interface/lib:/home/kadi/UR5e_ros2/ros2_real/install/hardware_interface/lib:/home/kadi/UR5e_ros2/ros2_real/install/ros2_control_test_assets/lib:/home/kadi/UR5e_ros2/ros2_real/install/controller_manager_msgs/lib:/home/kadi/UR5e_ros2/ros2_real/install/control_msgs/lib:${LD_LIBRARY_PATH} PYTHONPATH=/home/kadi/UR5e_ros2/ros2_real/install/controller_manager/lib/python3.10/site-packages:/home/kadi/UR5e_ros2/ros2_real/install/controller_manager_msgs/lib/python3.10/site-packages:/home/kadi/UR5e_ros2/ros2_real/install/control_msgs/lib/python3.10/site-packages:${PYTHONPATH} /usr/bin/cmake --install /home/kadi/UR5e_ros2/ros2_real/build/diff_drive_controller
