[0.529s] Invoking command in '/home/kadi/UR5e_ros2/ros2_real/src/ros2_control/rqt_controller_manager': AMENT_PREFIX_PATH=/home/kadi/UR5e_ros2/ros2_real/install/controller_manager:/home/kadi/UR5e_ros2/ros2_real/install/hardware_interface_testing:/home/kadi/UR5e_ros2/ros2_real/install/controller_interface:/home/kadi/UR5e_ros2/ros2_real/install/hardware_interface:/home/kadi/UR5e_ros2/ros2_real/install/ros2_control_test_assets:/home/kadi/UR5e_ros2/ros2_real/install/controller_manager_msgs:/home/kadi/UR5e_ros2/ros2_real/install/control_msgs:${AMENT_PREFIX_PATH} CMAKE_PREFIX_PATH=/home/kadi/UR5e_ros2/ros2_real/install/controller_manager:/home/kadi/UR5e_ros2/ros2_real/install/hardware_interface_testing:/home/kadi/UR5e_ros2/ros2_real/install/controller_interface:/home/kadi/UR5e_ros2/ros2_real/install/hardware_interface:/home/kadi/UR5e_ros2/ros2_real/install/ros2_control_test_assets:/home/kadi/UR5e_ros2/ros2_real/install/controller_manager_msgs:/home/kadi/UR5e_ros2/ros2_real/install/control_msgs:${CMAKE_PREFIX_PATH} LD_LIBRARY_PATH=/home/kadi/UR5e_ros2/ros2_real/install/controller_manager/lib:/home/kadi/UR5e_ros2/ros2_real/install/hardware_interface_testing/lib:/home/kadi/UR5e_ros2/ros2_real/install/controller_interface/lib:/home/kadi/UR5e_ros2/ros2_real/install/hardware_interface/lib:/home/kadi/UR5e_ros2/ros2_real/install/ros2_control_test_assets/lib:/home/kadi/UR5e_ros2/ros2_real/install/controller_manager_msgs/lib:/home/kadi/UR5e_ros2/ros2_real/install/control_msgs/lib:${LD_LIBRARY_PATH} PYTHONPATH=/home/kadi/UR5e_ros2/ros2_real/build/rqt_controller_manager/prefix_override:/usr/lib/python3/dist-packages/colcon_core/task/python/colcon_distutils_commands:/home/kadi/UR5e_ros2/ros2_real/install/rqt_controller_manager/lib/python3.10/site-packages:/home/kadi/UR5e_ros2/ros2_real/install/controller_manager/lib/python3.10/site-packages:/home/kadi/UR5e_ros2/ros2_real/install/controller_manager_msgs/lib/python3.10/site-packages:/home/kadi/UR5e_ros2/ros2_real/install/control_msgs/lib/python3.10/site-packages:${PYTHONPATH} /usr/bin/python3 -W ignore:setup.py install is deprecated -W ignore:easy_install command is deprecated setup.py egg_info --egg-base ../../../build/rqt_controller_manager build --build-base /home/kadi/UR5e_ros2/ros2_real/build/rqt_controller_manager/build install --record /home/kadi/UR5e_ros2/ros2_real/build/rqt_controller_manager/install.log --single-version-externally-managed install_data
[0.693s] running egg_info
[0.693s] creating ../../../build/rqt_controller_manager/rqt_controller_manager.egg-info
[0.693s] writing ../../../build/rqt_controller_manager/rqt_controller_manager.egg-info/PKG-INFO
[0.694s] writing dependency_links to ../../../build/rqt_controller_manager/rqt_controller_manager.egg-info/dependency_links.txt
[0.694s] writing entry points to ../../../build/rqt_controller_manager/rqt_controller_manager.egg-info/entry_points.txt
[0.694s] writing requirements to ../../../build/rqt_controller_manager/rqt_controller_manager.egg-info/requires.txt
[0.694s] writing top-level names to ../../../build/rqt_controller_manager/rqt_controller_manager.egg-info/top_level.txt
[0.694s] writing manifest file '../../../build/rqt_controller_manager/rqt_controller_manager.egg-info/SOURCES.txt'
[0.695s] reading manifest file '../../../build/rqt_controller_manager/rqt_controller_manager.egg-info/SOURCES.txt'
[0.696s] writing manifest file '../../../build/rqt_controller_manager/rqt_controller_manager.egg-info/SOURCES.txt'
[0.696s] running build
[0.696s] running build_py
[0.696s] creating /home/kadi/UR5e_ros2/ros2_real/build/rqt_controller_manager/build
[0.696s] creating /home/kadi/UR5e_ros2/ros2_real/build/rqt_controller_manager/build/lib
[0.696s] creating /home/kadi/UR5e_ros2/ros2_real/build/rqt_controller_manager/build/lib/rqt_controller_manager
[0.696s] copying rqt_controller_manager/__init__.py -> /home/kadi/UR5e_ros2/ros2_real/build/rqt_controller_manager/build/lib/rqt_controller_manager
[0.696s] copying rqt_controller_manager/update_combo.py -> /home/kadi/UR5e_ros2/ros2_real/build/rqt_controller_manager/build/lib/rqt_controller_manager
[0.696s] copying rqt_controller_manager/main.py -> /home/kadi/UR5e_ros2/ros2_real/build/rqt_controller_manager/build/lib/rqt_controller_manager
[0.696s] copying rqt_controller_manager/controller_manager.py -> /home/kadi/UR5e_ros2/ros2_real/build/rqt_controller_manager/build/lib/rqt_controller_manager
[0.696s] running install
[0.697s] running install_lib
[0.697s] creating /home/kadi/UR5e_ros2/ros2_real/install/rqt_controller_manager/lib/python3.10/site-packages/rqt_controller_manager
[0.697s] copying /home/kadi/UR5e_ros2/ros2_real/build/rqt_controller_manager/build/lib/rqt_controller_manager/__init__.py -> /home/kadi/UR5e_ros2/ros2_real/install/rqt_controller_manager/lib/python3.10/site-packages/rqt_controller_manager
[0.697s] copying /home/kadi/UR5e_ros2/ros2_real/build/rqt_controller_manager/build/lib/rqt_controller_manager/update_combo.py -> /home/kadi/UR5e_ros2/ros2_real/install/rqt_controller_manager/lib/python3.10/site-packages/rqt_controller_manager
[0.697s] copying /home/kadi/UR5e_ros2/ros2_real/build/rqt_controller_manager/build/lib/rqt_controller_manager/main.py -> /home/kadi/UR5e_ros2/ros2_real/install/rqt_controller_manager/lib/python3.10/site-packages/rqt_controller_manager
[0.698s] copying /home/kadi/UR5e_ros2/ros2_real/build/rqt_controller_manager/build/lib/rqt_controller_manager/controller_manager.py -> /home/kadi/UR5e_ros2/ros2_real/install/rqt_controller_manager/lib/python3.10/site-packages/rqt_controller_manager
[0.698s] byte-compiling /home/kadi/UR5e_ros2/ros2_real/install/rqt_controller_manager/lib/python3.10/site-packages/rqt_controller_manager/__init__.py to __init__.cpython-310.pyc
[0.698s] byte-compiling /home/kadi/UR5e_ros2/ros2_real/install/rqt_controller_manager/lib/python3.10/site-packages/rqt_controller_manager/update_combo.py to update_combo.cpython-310.pyc
[0.698s] byte-compiling /home/kadi/UR5e_ros2/ros2_real/install/rqt_controller_manager/lib/python3.10/site-packages/rqt_controller_manager/main.py to main.cpython-310.pyc
[0.699s] byte-compiling /home/kadi/UR5e_ros2/ros2_real/install/rqt_controller_manager/lib/python3.10/site-packages/rqt_controller_manager/controller_manager.py to controller_manager.cpython-310.pyc
[0.701s] running install_data
[0.701s] creating /home/kadi/UR5e_ros2/ros2_real/install/rqt_controller_manager/share/ament_index
[0.701s] creating /home/kadi/UR5e_ros2/ros2_real/install/rqt_controller_manager/share/ament_index/resource_index
[0.701s] creating /home/kadi/UR5e_ros2/ros2_real/install/rqt_controller_manager/share/ament_index/resource_index/packages
[0.702s] copying resource/rqt_controller_manager -> /home/kadi/UR5e_ros2/ros2_real/install/rqt_controller_manager/share/ament_index/resource_index/packages
[0.702s] copying package.xml -> /home/kadi/UR5e_ros2/ros2_real/install/rqt_controller_manager/share/rqt_controller_manager
[0.702s] creating /home/kadi/UR5e_ros2/ros2_real/install/rqt_controller_manager/share/rqt_controller_manager/resource
[0.702s] copying resource/led_off.png -> /home/kadi/UR5e_ros2/ros2_real/install/rqt_controller_manager/share/rqt_controller_manager/resource
[0.705s] copying resource/cm_icon.png -> /home/kadi/UR5e_ros2/ros2_real/install/rqt_controller_manager/share/rqt_controller_manager/resource
[0.705s] copying resource/led_green.png -> /home/kadi/UR5e_ros2/ros2_real/install/rqt_controller_manager/share/rqt_controller_manager/resource
[0.705s] copying resource/led_red.png -> /home/kadi/UR5e_ros2/ros2_real/install/rqt_controller_manager/share/rqt_controller_manager/resource
[0.706s] copying resource/popup_info.ui -> /home/kadi/UR5e_ros2/ros2_real/install/rqt_controller_manager/share/rqt_controller_manager/resource
[0.706s] copying resource/controller_manager.ui -> /home/kadi/UR5e_ros2/ros2_real/install/rqt_controller_manager/share/rqt_controller_manager/resource
[0.706s] copying plugin.xml -> /home/kadi/UR5e_ros2/ros2_real/install/rqt_controller_manager/share/rqt_controller_manager
[0.706s] running install_egg_info
[0.710s] Copying ../../../build/rqt_controller_manager/rqt_controller_manager.egg-info to /home/kadi/UR5e_ros2/ros2_real/install/rqt_controller_manager/lib/python3.10/site-packages/rqt_controller_manager-3.28.1-py3.10.egg-info
[0.711s] running install_scripts
[0.726s] Installing rqt_controller_manager script to /home/kadi/UR5e_ros2/ros2_real/install/rqt_controller_manager/lib/rqt_controller_manager
[0.726s] writing list of installed files to '/home/kadi/UR5e_ros2/ros2_real/build/rqt_controller_manager/install.log'
[0.752s] Invoked command in '/home/kadi/UR5e_ros2/ros2_real/src/ros2_control/rqt_controller_manager' returned '0': AMENT_PREFIX_PATH=/home/kadi/UR5e_ros2/ros2_real/install/controller_manager:/home/kadi/UR5e_ros2/ros2_real/install/hardware_interface_testing:/home/kadi/UR5e_ros2/ros2_real/install/controller_interface:/home/kadi/UR5e_ros2/ros2_real/install/hardware_interface:/home/kadi/UR5e_ros2/ros2_real/install/ros2_control_test_assets:/home/kadi/UR5e_ros2/ros2_real/install/controller_manager_msgs:/home/kadi/UR5e_ros2/ros2_real/install/control_msgs:${AMENT_PREFIX_PATH} CMAKE_PREFIX_PATH=/home/kadi/UR5e_ros2/ros2_real/install/controller_manager:/home/kadi/UR5e_ros2/ros2_real/install/hardware_interface_testing:/home/kadi/UR5e_ros2/ros2_real/install/controller_interface:/home/kadi/UR5e_ros2/ros2_real/install/hardware_interface:/home/kadi/UR5e_ros2/ros2_real/install/ros2_control_test_assets:/home/kadi/UR5e_ros2/ros2_real/install/controller_manager_msgs:/home/kadi/UR5e_ros2/ros2_real/install/control_msgs:${CMAKE_PREFIX_PATH} LD_LIBRARY_PATH=/home/kadi/UR5e_ros2/ros2_real/install/controller_manager/lib:/home/kadi/UR5e_ros2/ros2_real/install/hardware_interface_testing/lib:/home/kadi/UR5e_ros2/ros2_real/install/controller_interface/lib:/home/kadi/UR5e_ros2/ros2_real/install/hardware_interface/lib:/home/kadi/UR5e_ros2/ros2_real/install/ros2_control_test_assets/lib:/home/kadi/UR5e_ros2/ros2_real/install/controller_manager_msgs/lib:/home/kadi/UR5e_ros2/ros2_real/install/control_msgs/lib:${LD_LIBRARY_PATH} PYTHONPATH=/home/kadi/UR5e_ros2/ros2_real/build/rqt_controller_manager/prefix_override:/usr/lib/python3/dist-packages/colcon_core/task/python/colcon_distutils_commands:/home/kadi/UR5e_ros2/ros2_real/install/rqt_controller_manager/lib/python3.10/site-packages:/home/kadi/UR5e_ros2/ros2_real/install/controller_manager/lib/python3.10/site-packages:/home/kadi/UR5e_ros2/ros2_real/install/controller_manager_msgs/lib/python3.10/site-packages:/home/kadi/UR5e_ros2/ros2_real/install/control_msgs/lib/python3.10/site-packages:${PYTHONPATH} /usr/bin/python3 -W ignore:setup.py install is deprecated -W ignore:easy_install command is deprecated setup.py egg_info --egg-base ../../../build/rqt_controller_manager build --build-base /home/kadi/UR5e_ros2/ros2_real/build/rqt_controller_manager/build install --record /home/kadi/UR5e_ros2/ros2_real/build/rqt_controller_manager/install.log --single-version-externally-managed install_data
