-- The CXX compiler identification is GNU 11.4.0
-- Detecting CXX compiler ABI info
-- Detecting CXX compiler ABI info - done
-- Check for working CXX compiler: /usr/bin/c++ - skipped
-- Detecting CXX compile features
-- Detecting CXX compile features - done
-- Found ament_cmake: 2.0.7 (/opt/ros/iron/share/ament_cmake/cmake)
-- Found Python3: /usr/bin/python3.10 (found version "3.10.12") found components: Interpreter 
-- Found forward_command_controller: 3.26.3 (/home/kadi/UR5e_ros2/ros2_real/install/forward_command_controller/share/forward_command_controller/cmake)
-- Found rosidl_generator_c: 4.0.1 (/opt/ros/iron/share/rosidl_generator_c/cmake)
-- Found rosidl_generator_cpp: 4.0.1 (/opt/ros/iron/share/rosidl_generator_cpp/cmake)
-- Using all available rosidl_typesupport_c: rosidl_typesupport_fastrtps_c;rosidl_typesupport_introspection_c
-- Using all available rosidl_typesupport_cpp: rosidl_typesupport_fastrtps_cpp;rosidl_typesupport_introspection_cpp
-- Found rmw_implementation_cmake: 7.1.0 (/opt/ros/iron/share/rmw_implementation_cmake/cmake)
-- Found rmw_fastrtps_cpp: 7.1.4 (/opt/ros/iron/share/rmw_fastrtps_cpp/cmake)
-- Found TinyXML2 via Config file: TinyXML2_DIR-NOTFOUND
-- Found OpenSSL: /usr/lib/x86_64-linux-gnu/libcrypto.so (found version "3.0.2")  
-- Found TinyXML2 via Config file: TinyXML2_DIR-NOTFOUND
-- Found FastRTPS: /opt/ros/iron/include  
-- Found TinyXML2 via Config file: TinyXML2_DIR-NOTFOUND
-- Found TinyXML2 via Config file: TinyXML2_DIR-NOTFOUND
-- Using RMW implementation 'rmw_fastrtps_cpp' as default
-- Found parameter_traits: 0.3.9 (/opt/ros/iron/share/parameter_traits/cmake)
-- Found ament_cmake_gmock: 2.0.7 (/opt/ros/iron/share/ament_cmake_gmock/cmake)
-- Found controller_manager: 3.28.1 (/home/kadi/UR5e_ros2/ros2_real/install/controller_manager/share/controller_manager/cmake)
-- Found ros2_control_test_assets: 3.28.1 (/home/kadi/UR5e_ros2/ros2_real/install/ros2_control_test_assets/share/ros2_control_test_assets/cmake)
-- Found gmock sources under '/opt/ros/iron/src/gmock_vendor': C++ tests using 'Google Mock' will be built
-- The C compiler identification is GNU 11.4.0
-- Detecting C compiler ABI info
-- Detecting C compiler ABI info - done
-- Check for working C compiler: /usr/bin/cc - skipped
-- Detecting C compile features
-- Detecting C compile features - done
-- Found ament_cmake_gtest: 2.0.7 (/opt/ros/iron/share/ament_cmake_gtest/cmake)
-- Found gtest sources under '/opt/ros/iron/src/gtest_vendor': C++ tests using 'Google Test' will be built
-- Configuring done
-- Generating done
-- Build files have been written to: /home/kadi/UR5e_ros2/ros2_real/build/position_controllers
[ 36%] [32mBuilding CXX object CMakeFiles/position_controllers.dir/src/joint_group_position_controller.cpp.o[0m
[ 36%] [32mBuilding CXX object gmock/CMakeFiles/gmock.dir/opt/ros/iron/src/gtest_vendor/src/gtest-all.cc.o[0m
[ 36%] [32mBuilding CXX object gmock/CMakeFiles/gmock.dir/src/gmock-all.cc.o[0m
[ 36%] [32mBuilding CXX object gmock/CMakeFiles/gmock_main.dir/src/gmock_main.cc.o[0m
[ 45%] [32m[1mLinking CXX static library libgmock_main.a[0m
[ 45%] Built target gmock_main
[ 54%] [32m[1mLinking CXX shared library libposition_controllers.so[0m
[ 54%] Built target position_controllers
[ 63%] [32m[1mLinking CXX static library libgmock.a[0m
[ 63%] Built target gmock
[ 72%] [32mBuilding CXX object CMakeFiles/test_load_joint_group_position_controller.dir/test/test_load_joint_group_position_controller.cpp.o[0m
[ 81%] [32mBuilding CXX object CMakeFiles/test_joint_group_position_controller.dir/test/test_joint_group_position_controller.cpp.o[0m
[ 90%] [32m[1mLinking CXX executable test_joint_group_position_controller[0m
[100%] [32m[1mLinking CXX executable test_load_joint_group_position_controller[0m
[100%] Built target test_joint_group_position_controller
[100%] Built target test_load_joint_group_position_controller
-- Install configuration: "Release"
-- Installing: /home/kadi/UR5e_ros2/ros2_real/install/position_controllers/share/position_controllers/position_controllers_plugins.xml
-- Installing: /home/kadi/UR5e_ros2/ros2_real/install/position_controllers/include/position_controllers
-- Installing: /home/kadi/UR5e_ros2/ros2_real/install/position_controllers/include/position_controllers/position_controllers
-- Installing: /home/kadi/UR5e_ros2/ros2_real/install/position_controllers/include/position_controllers/position_controllers/joint_group_position_controller.hpp
-- Installing: /home/kadi/UR5e_ros2/ros2_real/install/position_controllers/include/position_controllers/position_controllers/visibility_control.h
-- Installing: /home/kadi/UR5e_ros2/ros2_real/install/position_controllers/lib/libposition_controllers.so
-- Set runtime path of "/home/kadi/UR5e_ros2/ros2_real/install/position_controllers/lib/libposition_controllers.so" to ""
-- Installing: /home/kadi/UR5e_ros2/ros2_real/install/position_controllers/share/position_controllers/environment/library_path.sh
-- Installing: /home/kadi/UR5e_ros2/ros2_real/install/position_controllers/share/position_controllers/environment/library_path.dsv
-- Installing: /home/kadi/UR5e_ros2/ros2_real/install/position_controllers/share/ament_index/resource_index/package_run_dependencies/position_controllers
-- Installing: /home/kadi/UR5e_ros2/ros2_real/install/position_controllers/share/ament_index/resource_index/parent_prefix_path/position_controllers
-- Installing: /home/kadi/UR5e_ros2/ros2_real/install/position_controllers/share/position_controllers/environment/ament_prefix_path.sh
-- Installing: /home/kadi/UR5e_ros2/ros2_real/install/position_controllers/share/position_controllers/environment/ament_prefix_path.dsv
-- Installing: /home/kadi/UR5e_ros2/ros2_real/install/position_controllers/share/position_controllers/environment/path.sh
-- Installing: /home/kadi/UR5e_ros2/ros2_real/install/position_controllers/share/position_controllers/environment/path.dsv
-- Installing: /home/kadi/UR5e_ros2/ros2_real/install/position_controllers/share/position_controllers/local_setup.bash
-- Installing: /home/kadi/UR5e_ros2/ros2_real/install/position_controllers/share/position_controllers/local_setup.sh
-- Installing: /home/kadi/UR5e_ros2/ros2_real/install/position_controllers/share/position_controllers/local_setup.zsh
-- Installing: /home/kadi/UR5e_ros2/ros2_real/install/position_controllers/share/position_controllers/local_setup.dsv
-- Installing: /home/kadi/UR5e_ros2/ros2_real/install/position_controllers/share/position_controllers/package.dsv
-- Installing: /home/kadi/UR5e_ros2/ros2_real/install/position_controllers/share/ament_index/resource_index/packages/position_controllers
-- Installing: /home/kadi/UR5e_ros2/ros2_real/install/position_controllers/share/ament_index/resource_index/controller_interface__pluginlib__plugin/position_controllers
-- Installing: /home/kadi/UR5e_ros2/ros2_real/install/position_controllers/share/position_controllers/cmake/export_position_controllersExport.cmake
-- Installing: /home/kadi/UR5e_ros2/ros2_real/install/position_controllers/share/position_controllers/cmake/export_position_controllersExport-release.cmake
-- Installing: /home/kadi/UR5e_ros2/ros2_real/install/position_controllers/share/position_controllers/cmake/ament_cmake_export_targets-extras.cmake
-- Installing: /home/kadi/UR5e_ros2/ros2_real/install/position_controllers/share/position_controllers/cmake/ament_cmake_export_dependencies-extras.cmake
-- Installing: /home/kadi/UR5e_ros2/ros2_real/install/position_controllers/share/position_controllers/cmake/position_controllersConfig.cmake
-- Installing: /home/kadi/UR5e_ros2/ros2_real/install/position_controllers/share/position_controllers/cmake/position_controllersConfig-version.cmake
-- Installing: /home/kadi/UR5e_ros2/ros2_real/install/position_controllers/share/position_controllers/package.xml
