[35m[1mConsolidate compiler generated dependencies of target gmock_main[0m
[35m[1mConsolidate compiler generated dependencies of target gmock[0m
[35m[1mConsolidate compiler generated dependencies of target controller_interface[0m
[  8%] Built target gmock_main
[ 21%] Built target gmock
[ 39%] Built target controller_interface
[35m[1mConsolidate compiler generated dependencies of target test_controller_interface[0m
[35m[1mConsolidate compiler generated dependencies of target test_controller_with_options[0m
[35m[1mConsolidate compiler generated dependencies of target test_force_torque_sensor[0m
[35m[1mConsolidate compiler generated dependencies of target test_semantic_component_interface[0m
[35m[1mConsolidate compiler generated dependencies of target test_imu_sensor[0m
[35m[1mConsolidate compiler generated dependencies of target test_pose_sensor[0m
[35m[1mConsolidate compiler generated dependencies of target test_chainable_controller_interface[0m
[ 60%] Built target test_imu_sensor
[ 65%] Built target test_semantic_component_interface
[ 65%] Built target test_force_torque_sensor
[ 73%] Built target test_pose_sensor
[ 82%] Built target test_controller_with_options
[ 91%] Built target test_controller_interface
[100%] Built target test_chainable_controller_interface
-- Install configuration: "Release"
-- Up-to-date: /home/kadi/UR5e_ros2/ros2_real/install/controller_interface/include/controller_interface
-- Up-to-date: /home/kadi/UR5e_ros2/ros2_real/install/controller_interface/include/controller_interface/semantic_components
-- Up-to-date: /home/kadi/UR5e_ros2/ros2_real/install/controller_interface/include/controller_interface/semantic_components/range_sensor.hpp
-- Up-to-date: /home/kadi/UR5e_ros2/ros2_real/install/controller_interface/include/controller_interface/semantic_components/imu_sensor.hpp
-- Up-to-date: /home/kadi/UR5e_ros2/ros2_real/install/controller_interface/include/controller_interface/semantic_components/force_torque_sensor.hpp
-- Up-to-date: /home/kadi/UR5e_ros2/ros2_real/install/controller_interface/include/controller_interface/semantic_components/pose_sensor.hpp
-- Up-to-date: /home/kadi/UR5e_ros2/ros2_real/install/controller_interface/include/controller_interface/semantic_components/semantic_component_interface.hpp
-- Up-to-date: /home/kadi/UR5e_ros2/ros2_real/install/controller_interface/include/controller_interface/controller_interface
-- Up-to-date: /home/kadi/UR5e_ros2/ros2_real/install/controller_interface/include/controller_interface/controller_interface/helpers.hpp
-- Up-to-date: /home/kadi/UR5e_ros2/ros2_real/install/controller_interface/include/controller_interface/controller_interface/controller_interface_base.hpp
-- Up-to-date: /home/kadi/UR5e_ros2/ros2_real/install/controller_interface/include/controller_interface/controller_interface/visibility_control.h
-- Up-to-date: /home/kadi/UR5e_ros2/ros2_real/install/controller_interface/include/controller_interface/controller_interface/chainable_controller_interface.hpp
-- Up-to-date: /home/kadi/UR5e_ros2/ros2_real/install/controller_interface/include/controller_interface/controller_interface/controller_interface.hpp
-- Up-to-date: /home/kadi/UR5e_ros2/ros2_real/install/controller_interface/lib/libcontroller_interface.so
-- Up-to-date: /home/kadi/UR5e_ros2/ros2_real/install/controller_interface/share/controller_interface/environment/library_path.sh
-- Up-to-date: /home/kadi/UR5e_ros2/ros2_real/install/controller_interface/share/controller_interface/environment/library_path.dsv
-- Up-to-date: /home/kadi/UR5e_ros2/ros2_real/install/controller_interface/share/ament_index/resource_index/package_run_dependencies/controller_interface
-- Up-to-date: /home/kadi/UR5e_ros2/ros2_real/install/controller_interface/share/ament_index/resource_index/parent_prefix_path/controller_interface
-- Up-to-date: /home/kadi/UR5e_ros2/ros2_real/install/controller_interface/share/controller_interface/environment/ament_prefix_path.sh
-- Up-to-date: /home/kadi/UR5e_ros2/ros2_real/install/controller_interface/share/controller_interface/environment/ament_prefix_path.dsv
-- Up-to-date: /home/kadi/UR5e_ros2/ros2_real/install/controller_interface/share/controller_interface/environment/path.sh
-- Up-to-date: /home/kadi/UR5e_ros2/ros2_real/install/controller_interface/share/controller_interface/environment/path.dsv
-- Up-to-date: /home/kadi/UR5e_ros2/ros2_real/install/controller_interface/share/controller_interface/local_setup.bash
-- Up-to-date: /home/kadi/UR5e_ros2/ros2_real/install/controller_interface/share/controller_interface/local_setup.sh
-- Up-to-date: /home/kadi/UR5e_ros2/ros2_real/install/controller_interface/share/controller_interface/local_setup.zsh
-- Up-to-date: /home/kadi/UR5e_ros2/ros2_real/install/controller_interface/share/controller_interface/local_setup.dsv
-- Installing: /home/kadi/UR5e_ros2/ros2_real/install/controller_interface/share/controller_interface/package.dsv
-- Up-to-date: /home/kadi/UR5e_ros2/ros2_real/install/controller_interface/share/ament_index/resource_index/packages/controller_interface
-- Up-to-date: /home/kadi/UR5e_ros2/ros2_real/install/controller_interface/share/controller_interface/cmake/export_controller_interfaceExport.cmake
-- Up-to-date: /home/kadi/UR5e_ros2/ros2_real/install/controller_interface/share/controller_interface/cmake/export_controller_interfaceExport-release.cmake
-- Up-to-date: /home/kadi/UR5e_ros2/ros2_real/install/controller_interface/share/controller_interface/cmake/ament_cmake_export_targets-extras.cmake
-- Up-to-date: /home/kadi/UR5e_ros2/ros2_real/install/controller_interface/share/controller_interface/cmake/ament_cmake_export_dependencies-extras.cmake
-- Up-to-date: /home/kadi/UR5e_ros2/ros2_real/install/controller_interface/share/controller_interface/cmake/controller_interfaceConfig.cmake
-- Up-to-date: /home/kadi/UR5e_ros2/ros2_real/install/controller_interface/share/controller_interface/cmake/controller_interfaceConfig-version.cmake
-- Up-to-date: /home/kadi/UR5e_ros2/ros2_real/install/controller_interface/share/controller_interface/package.xml
