[35m[1mConsolidate compiler generated dependencies of target gmock_main[0m
[35m[1mConsolidate compiler generated dependencies of target gmock[0m
[35m[1mConsolidate compiler generated dependencies of target calibration[0m
[ 33%] Built target gmock_main
[ 41%] Built target gmock
[ 66%] Built target calibration
[35m[1mConsolidate compiler generated dependencies of target calibration_correction[0m
[35m[1mConsolidate compiler generated dependencies of target calibration_test[0m
[ 83%] [32m[1mLinking CXX executable calibration_test[0m
[ 83%] [32m[1mLinking CXX executable calibration_correction[0m
[ 91%] Built target calibration_correction
[100%] Built target calibration_test
-- Install configuration: "Release"
-- Installing: /home/kadi/UR5e_ros2/ros2_real/install/ur_calibration/lib/ur_calibration/calibration_correction
-- Set runtime path of "/home/kadi/UR5e_ros2/ros2_real/install/ur_calibration/lib/ur_calibration/calibration_correction" to ""
-- Up-to-date: /home/kadi/UR5e_ros2/ros2_real/install/ur_calibration/include
-- Up-to-date: /home/kadi/UR5e_ros2/ros2_real/install/ur_calibration/include/ur_calibration
-- Up-to-date: /home/kadi/UR5e_ros2/ros2_real/install/ur_calibration/include/ur_calibration/calibration.hpp
-- Up-to-date: /home/kadi/UR5e_ros2/ros2_real/install/ur_calibration/include/ur_calibration/calibration_consumer.hpp
-- Up-to-date: /home/kadi/UR5e_ros2/ros2_real/install/ur_calibration/share/ur_calibration/launch
-- Up-to-date: /home/kadi/UR5e_ros2/ros2_real/install/ur_calibration/share/ur_calibration/launch/calibration_correction.launch.py
-- Up-to-date: /home/kadi/UR5e_ros2/ros2_real/install/ur_calibration/share/ament_index/resource_index/package_run_dependencies/ur_calibration
-- Up-to-date: /home/kadi/UR5e_ros2/ros2_real/install/ur_calibration/share/ament_index/resource_index/parent_prefix_path/ur_calibration
-- Up-to-date: /home/kadi/UR5e_ros2/ros2_real/install/ur_calibration/share/ur_calibration/environment/ament_prefix_path.sh
-- Up-to-date: /home/kadi/UR5e_ros2/ros2_real/install/ur_calibration/share/ur_calibration/environment/ament_prefix_path.dsv
-- Up-to-date: /home/kadi/UR5e_ros2/ros2_real/install/ur_calibration/share/ur_calibration/environment/path.sh
-- Up-to-date: /home/kadi/UR5e_ros2/ros2_real/install/ur_calibration/share/ur_calibration/environment/path.dsv
-- Up-to-date: /home/kadi/UR5e_ros2/ros2_real/install/ur_calibration/share/ur_calibration/local_setup.bash
-- Up-to-date: /home/kadi/UR5e_ros2/ros2_real/install/ur_calibration/share/ur_calibration/local_setup.sh
-- Up-to-date: /home/kadi/UR5e_ros2/ros2_real/install/ur_calibration/share/ur_calibration/local_setup.zsh
-- Up-to-date: /home/kadi/UR5e_ros2/ros2_real/install/ur_calibration/share/ur_calibration/local_setup.dsv
-- Installing: /home/kadi/UR5e_ros2/ros2_real/install/ur_calibration/share/ur_calibration/package.dsv
-- Up-to-date: /home/kadi/UR5e_ros2/ros2_real/install/ur_calibration/share/ament_index/resource_index/packages/ur_calibration
-- Up-to-date: /home/kadi/UR5e_ros2/ros2_real/install/ur_calibration/share/ur_calibration/cmake/ament_cmake_export_include_directories-extras.cmake
-- Up-to-date: /home/kadi/UR5e_ros2/ros2_real/install/ur_calibration/share/ur_calibration/cmake/ament_cmake_export_dependencies-extras.cmake
-- Up-to-date: /home/kadi/UR5e_ros2/ros2_real/install/ur_calibration/share/ur_calibration/cmake/ur_calibrationConfig.cmake
-- Up-to-date: /home/kadi/UR5e_ros2/ros2_real/install/ur_calibration/share/ur_calibration/cmake/ur_calibrationConfig-version.cmake
-- Up-to-date: /home/kadi/UR5e_ros2/ros2_real/install/ur_calibration/share/ur_calibration/package.xml
