[0.025s] Invoking command in '/home/kadi/UR5e_ros2/ros2_real/build/ur_client_library': CMAKE_PREFIX_PATH=${CMAKE_PREFIX_PATH}:/opt/ros/iron /usr/bin/cmake --build /home/kadi/UR5e_ros2/ros2_real/build/ur_client_library -- -j16 -l16
[0.063s] [35m[1mConsolidate compiler generated dependencies of target urcl[0m
[0.088s] [ 64%] Built target urcl
[0.099s] [35m[1mConsolidate compiler generated dependencies of target primary_pipeline_example[0m
[0.099s] [35m[1mConsolidate compiler generated dependencies of target tool_contact_example[0m
[0.099s] [35m[1mConsolidate compiler generated dependencies of target spline_example[0m
[0.099s] [35m[1mConsolidate compiler generated dependencies of target primary_pipeline_calibration_example[0m
[0.099s] [35m[1mConsolidate compiler generated dependencies of target driver_example[0m
[0.099s] [35m[1mConsolidate compiler generated dependencies of target dashboard_example[0m
[0.099s] [35m[1mConsolidate compiler generated dependencies of target freedrive_example[0m
[0.099s] [35m[1mConsolidate compiler generated dependencies of target rtde_client_example[0m
[0.100s] [35m[1mConsolidate compiler generated dependencies of target force_mode_example[0m
[0.111s] [ 76%] Built target tool_contact_example
[0.111s] [ 76%] Built target driver_example
[0.111s] [ 76%] Built target primary_pipeline_example
[0.111s] [ 88%] Built target freedrive_example
[0.111s] [ 88%] Built target dashboard_example
[0.111s] [ 88%] Built target primary_pipeline_calibration_example
[0.111s] [ 92%] Built target spline_example
[0.112s] [ 96%] Built target rtde_client_example
[0.113s] [100%] Built target force_mode_example
[0.124s] Invoked command in '/home/kadi/UR5e_ros2/ros2_real/build/ur_client_library' returned '0': CMAKE_PREFIX_PATH=${CMAKE_PREFIX_PATH}:/opt/ros/iron /usr/bin/cmake --build /home/kadi/UR5e_ros2/ros2_real/build/ur_client_library -- -j16 -l16
[0.125s] Invoking command in '/home/kadi/UR5e_ros2/ros2_real/build/ur_client_library': CMAKE_PREFIX_PATH=${CMAKE_PREFIX_PATH}:/opt/ros/iron /usr/bin/cmake --install /home/kadi/UR5e_ros2/ros2_real/build/ur_client_library
[0.131s] -- Install configuration: "Release"
[0.131s] -- Up-to-date: /home/kadi/UR5e_ros2/ros2_real/install/ur_client_library/lib/liburcl.so
[0.131s] -- Up-to-date: /home/kadi/UR5e_ros2/ros2_real/install/ur_client_library/include
[0.131s] -- Up-to-date: /home/kadi/UR5e_ros2/ros2_real/install/ur_client_library/include/ur_client_library
[0.131s] -- Up-to-date: /home/kadi/UR5e_ros2/ros2_real/install/ur_client_library/include/ur_client_library/comm
[0.131s] -- Up-to-date: /home/kadi/UR5e_ros2/ros2_real/install/ur_client_library/include/ur_client_library/comm/tcp_socket.h
[0.131s] -- Up-to-date: /home/kadi/UR5e_ros2/ros2_real/install/ur_client_library/include/ur_client_library/comm/package_serializer.h
[0.131s] -- Up-to-date: /home/kadi/UR5e_ros2/ros2_real/install/ur_client_library/include/ur_client_library/comm/stream.h
[0.131s] -- Up-to-date: /home/kadi/UR5e_ros2/ros2_real/install/ur_client_library/include/ur_client_library/comm/bin_parser.h
[0.131s] -- Up-to-date: /home/kadi/UR5e_ros2/ros2_real/install/ur_client_library/include/ur_client_library/comm/tcp_server.h
[0.131s] -- Up-to-date: /home/kadi/UR5e_ros2/ros2_real/install/ur_client_library/include/ur_client_library/comm/producer.h
[0.131s] -- Up-to-date: /home/kadi/UR5e_ros2/ros2_real/install/ur_client_library/include/ur_client_library/comm/parser.h
[0.131s] -- Up-to-date: /home/kadi/UR5e_ros2/ros2_real/install/ur_client_library/include/ur_client_library/comm/control_mode.h
[0.131s] -- Up-to-date: /home/kadi/UR5e_ros2/ros2_real/install/ur_client_library/include/ur_client_library/comm/pipeline.h
[0.132s] -- Up-to-date: /home/kadi/UR5e_ros2/ros2_real/install/ur_client_library/include/ur_client_library/comm/package.h
[0.132s] -- Up-to-date: /home/kadi/UR5e_ros2/ros2_real/install/ur_client_library/include/ur_client_library/comm/shell_consumer.h
[0.132s] -- Up-to-date: /home/kadi/UR5e_ros2/ros2_real/install/ur_client_library/include/ur_client_library/rtde
[0.132s] -- Up-to-date: /home/kadi/UR5e_ros2/ros2_real/install/ur_client_library/include/ur_client_library/rtde/control_package_setup_outputs.h
[0.132s] -- Up-to-date: /home/kadi/UR5e_ros2/ros2_real/install/ur_client_library/include/ur_client_library/rtde/text_message.h
[0.132s] -- Up-to-date: /home/kadi/UR5e_ros2/ros2_real/install/ur_client_library/include/ur_client_library/rtde/rtde_parser.h
[0.132s] -- Up-to-date: /home/kadi/UR5e_ros2/ros2_real/install/ur_client_library/include/ur_client_library/rtde/rtde_writer.h
[0.132s] -- Up-to-date: /home/kadi/UR5e_ros2/ros2_real/install/ur_client_library/include/ur_client_library/rtde/request_protocol_version.h
[0.132s] -- Up-to-date: /home/kadi/UR5e_ros2/ros2_real/install/ur_client_library/include/ur_client_library/rtde/get_urcontrol_version.h
[0.132s] -- Up-to-date: /home/kadi/UR5e_ros2/ros2_real/install/ur_client_library/include/ur_client_library/rtde/control_package_start.h
[0.132s] -- Up-to-date: /home/kadi/UR5e_ros2/ros2_real/install/ur_client_library/include/ur_client_library/rtde/rtde_package.h
[0.132s] -- Up-to-date: /home/kadi/UR5e_ros2/ros2_real/install/ur_client_library/include/ur_client_library/rtde/control_package_pause.h
[0.132s] -- Up-to-date: /home/kadi/UR5e_ros2/ros2_real/install/ur_client_library/include/ur_client_library/rtde/data_package.h
[0.132s] -- Up-to-date: /home/kadi/UR5e_ros2/ros2_real/install/ur_client_library/include/ur_client_library/rtde/package_header.h
[0.132s] -- Up-to-date: /home/kadi/UR5e_ros2/ros2_real/install/ur_client_library/include/ur_client_library/rtde/rtde_client.h
[0.132s] -- Up-to-date: /home/kadi/UR5e_ros2/ros2_real/install/ur_client_library/include/ur_client_library/rtde/control_package_setup_inputs.h
[0.132s] -- Up-to-date: /home/kadi/UR5e_ros2/ros2_real/install/ur_client_library/include/ur_client_library/ur
[0.133s] -- Up-to-date: /home/kadi/UR5e_ros2/ros2_real/install/ur_client_library/include/ur_client_library/ur/dashboard_client.h
[0.133s] -- Up-to-date: /home/kadi/UR5e_ros2/ros2_real/install/ur_client_library/include/ur_client_library/ur/tool_communication.h
[0.133s] -- Up-to-date: /home/kadi/UR5e_ros2/ros2_real/install/ur_client_library/include/ur_client_library/ur/ur_driver.h
[0.133s] -- Up-to-date: /home/kadi/UR5e_ros2/ros2_real/install/ur_client_library/include/ur_client_library/ur/datatypes.h
[0.133s] -- Up-to-date: /home/kadi/UR5e_ros2/ros2_real/install/ur_client_library/include/ur_client_library/ur/robot_receive_timeout.h
[0.133s] -- Up-to-date: /home/kadi/UR5e_ros2/ros2_real/install/ur_client_library/include/ur_client_library/ur/version_information.h
[0.133s] -- Up-to-date: /home/kadi/UR5e_ros2/ros2_real/install/ur_client_library/include/ur_client_library/ur/calibration_checker.h
[0.133s] -- Up-to-date: /home/kadi/UR5e_ros2/ros2_real/install/ur_client_library/include/ur_client_library/control
[0.133s] -- Up-to-date: /home/kadi/UR5e_ros2/ros2_real/install/ur_client_library/include/ur_client_library/control/script_command_interface.h
[0.133s] -- Up-to-date: /home/kadi/UR5e_ros2/ros2_real/install/ur_client_library/include/ur_client_library/control/script_sender.h
[0.133s] -- Up-to-date: /home/kadi/UR5e_ros2/ros2_real/install/ur_client_library/include/ur_client_library/control/reverse_interface.h
[0.133s] -- Up-to-date: /home/kadi/UR5e_ros2/ros2_real/install/ur_client_library/include/ur_client_library/control/trajectory_point_interface.h
[0.133s] -- Up-to-date: /home/kadi/UR5e_ros2/ros2_real/install/ur_client_library/include/ur_client_library/helpers.h
[0.133s] -- Up-to-date: /home/kadi/UR5e_ros2/ros2_real/install/ur_client_library/include/ur_client_library/log.h
[0.133s] -- Up-to-date: /home/kadi/UR5e_ros2/ros2_real/install/ur_client_library/include/ur_client_library/exceptions.h
[0.133s] -- Up-to-date: /home/kadi/UR5e_ros2/ros2_real/install/ur_client_library/include/ur_client_library/default_log_handler.h
[0.133s] -- Up-to-date: /home/kadi/UR5e_ros2/ros2_real/install/ur_client_library/include/ur_client_library/primary
[0.133s] -- Up-to-date: /home/kadi/UR5e_ros2/ros2_real/install/ur_client_library/include/ur_client_library/primary/robot_message.h
[0.133s] -- Up-to-date: /home/kadi/UR5e_ros2/ros2_real/install/ur_client_library/include/ur_client_library/primary/primary_package.h
[0.133s] -- Up-to-date: /home/kadi/UR5e_ros2/ros2_real/install/ur_client_library/include/ur_client_library/primary/robot_message
[0.133s] -- Up-to-date: /home/kadi/UR5e_ros2/ros2_real/install/ur_client_library/include/ur_client_library/primary/robot_message/version_message.h
[0.133s] -- Up-to-date: /home/kadi/UR5e_ros2/ros2_real/install/ur_client_library/include/ur_client_library/primary/primary_parser.h
[0.133s] -- Up-to-date: /home/kadi/UR5e_ros2/ros2_real/install/ur_client_library/include/ur_client_library/primary/robot_state.h
[0.133s] -- Up-to-date: /home/kadi/UR5e_ros2/ros2_real/install/ur_client_library/include/ur_client_library/primary/robot_state
[0.133s] -- Up-to-date: /home/kadi/UR5e_ros2/ros2_real/install/ur_client_library/include/ur_client_library/primary/robot_state/kinematics_info.h
[0.133s] -- Up-to-date: /home/kadi/UR5e_ros2/ros2_real/install/ur_client_library/include/ur_client_library/primary/abstract_primary_consumer.h
[0.133s] -- Up-to-date: /home/kadi/UR5e_ros2/ros2_real/install/ur_client_library/include/ur_client_library/primary/package_header.h
[0.134s] -- Up-to-date: /home/kadi/UR5e_ros2/ros2_real/install/ur_client_library/include/ur_client_library/types.h
[0.134s] -- Up-to-date: /home/kadi/UR5e_ros2/ros2_real/install/ur_client_library/include/ur_client_library/queue
[0.134s] -- Up-to-date: /home/kadi/UR5e_ros2/ros2_real/install/ur_client_library/include/ur_client_library/queue/atomicops.h
[0.134s] -- Up-to-date: /home/kadi/UR5e_ros2/ros2_real/install/ur_client_library/include/ur_client_library/queue/readerwriterqueue.h
[0.134s] -- Up-to-date: /home/kadi/UR5e_ros2/ros2_real/install/ur_client_library/include/ur_client_library/queue/LICENSE.md
[0.134s] -- Up-to-date: /home/kadi/UR5e_ros2/ros2_real/install/ur_client_library/lib/cmake/ur_client_library/urclTargets.cmake
[0.134s] -- Up-to-date: /home/kadi/UR5e_ros2/ros2_real/install/ur_client_library/lib/cmake/ur_client_library/urclTargets-release.cmake
[0.134s] -- Up-to-date: /home/kadi/UR5e_ros2/ros2_real/install/ur_client_library/lib/ur_client_library/start_ursim.sh
[0.134s] -- Up-to-date: /home/kadi/UR5e_ros2/ros2_real/install/ur_client_library/lib/cmake/ur_client_library/ur_client_libraryConfig.cmake
[0.134s] -- Up-to-date: /home/kadi/UR5e_ros2/ros2_real/install/ur_client_library/share/ur_client_library/package.xml
[0.134s] -- Up-to-date: /home/kadi/UR5e_ros2/ros2_real/install/ur_client_library/share/ament_index/resource_index/packages/ur_client_library
[0.134s] -- Up-to-date: /home/kadi/UR5e_ros2/ros2_real/install/ur_client_library/share/ur_client_library/hook/ament_prefix_path.dsv
[0.134s] -- Up-to-date: /home/kadi/UR5e_ros2/ros2_real/install/ur_client_library/share/ur_client_library/hook/ros_package_path.dsv
[0.134s] -- Up-to-date: /home/kadi/UR5e_ros2/ros2_real/install/ur_client_library/share/ur_client_library/resources
[0.134s] -- Up-to-date: /home/kadi/UR5e_ros2/ros2_real/install/ur_client_library/share/ur_client_library/resources/external_control.urscript
[0.135s] Invoked command in '/home/kadi/UR5e_ros2/ros2_real/build/ur_client_library' returned '0': CMAKE_PREFIX_PATH=${CMAKE_PREFIX_PATH}:/opt/ros/iron /usr/bin/cmake --install /home/kadi/UR5e_ros2/ros2_real/build/ur_client_library
