-- The C compiler identification is GNU 11.4.0
-- The CXX compiler identification is GNU 11.4.0
-- Detecting C compiler ABI info
-- Detecting C compiler ABI info - done
-- Check for working C compiler: /usr/bin/cc - skipped
-- Detecting C compile features
-- Detecting C compile features - done
-- Detecting CXX compiler ABI info
-- Detecting CXX compiler ABI info - done
-- Check for working CXX compiler: /usr/bin/c++ - skipped
-- Detecting CXX compile features
-- Detecting CXX compile features - done
-- Found ament_cmake: 2.0.7 (/opt/ros/iron/share/ament_cmake/cmake)
-- Found Python3: /usr/bin/python3.10 (found version "3.10.12") found components: Interpreter 
-- Found rclcpp: 21.0.8 (/opt/ros/iron/share/rclcpp/cmake)
-- Found rosidl_generator_c: 4.0.1 (/opt/ros/iron/share/rosidl_generator_c/cmake)
-- Found rosidl_generator_cpp: 4.0.1 (/opt/ros/iron/share/rosidl_generator_cpp/cmake)
-- Using all available rosidl_typesupport_c: rosidl_typesupport_fastrtps_c;rosidl_typesupport_introspection_c
-- Using all available rosidl_typesupport_cpp: rosidl_typesupport_fastrtps_cpp;rosidl_typesupport_introspection_cpp
-- Found rmw_implementation_cmake: 7.1.0 (/opt/ros/iron/share/rmw_implementation_cmake/cmake)
-- Found rmw_fastrtps_cpp: 7.1.4 (/opt/ros/iron/share/rmw_fastrtps_cpp/cmake)
-- Found OpenSSL: /usr/lib/x86_64-linux-gnu/libcrypto.so (found version "3.0.2")  
-- Found FastRTPS: /opt/ros/iron/include  
-- Using RMW implementation 'rmw_fastrtps_cpp' as default
-- Found controller_interface: 3.28.1 (/home/kadi/UR5e_ros2/ros2_real/install/controller_interface/share/controller_interface/cmake)
-- Found kdl_parser: 2.9.0 (/opt/ros/iron/share/kdl_parser/cmake)
-- Found eigen3_cmake_module: 0.2.2 (/opt/ros/iron/share/eigen3_cmake_module/cmake)
-- Found Eigen3: TRUE (found version "3.4.0") 
-- Ensuring Eigen3 include directory is part of orocos-kdl CMake target
-- Found urdf: 2.8.2 (/opt/ros/iron/share/urdf/cmake)
-- Found realtime_tools: 2.8.1 (/opt/ros/iron/share/realtime_tools/cmake)
-- Configuring done
-- Generating done
-- Build files have been written to: /home/kadi/UR5e_ros2/ros2_real/build/cartesian_controller_base
[ 54%] [32mBuilding CXX object CMakeFiles/cartesian_controller_base.dir/src/PDController.cpp.o[0m
[ 54%] [32mBuilding CXX object CMakeFiles/ik_solvers.dir/src/SelectivelyDampedLeastSquaresSolver.cpp.o[0m
[ 54%] [32mBuilding CXX object CMakeFiles/ik_solvers.dir/src/ForwardDynamicsSolver.cpp.o[0m
[ 54%] [32mBuilding CXX object CMakeFiles/cartesian_controller_base.dir/src/cartesian_controller_base.cpp.o[0m
[ 54%] [32mBuilding CXX object CMakeFiles/ik_solvers.dir/src/JacobianTransposeSolver.cpp.o[0m
[ 54%] [32mBuilding CXX object CMakeFiles/cartesian_controller_base.dir/src/SpatialPDController.cpp.o[0m
[ 63%] [32mBuilding CXX object CMakeFiles/cartesian_controller_base.dir/src/IKSolver.cpp.o[0m
[ 72%] [32mBuilding CXX object CMakeFiles/ik_solvers.dir/src/IKSolver.cpp.o[0m
[ 81%] [32mBuilding CXX object CMakeFiles/ik_solvers.dir/src/DampedLeastSquaresSolver.cpp.o[0m
[ 90%] [32m[1mLinking CXX shared library libcartesian_controller_base.so[0m
[ 90%] Built target cartesian_controller_base
[100%] [32m[1mLinking CXX shared library libik_solvers.so[0m
[100%] Built target ik_solvers
-- Install configuration: "Release"
-- Installing: /home/kadi/UR5e_ros2/ros2_real/install/cartesian_controller_base/share/cartesian_controller_base/ik_solver_plugin.xml
-- Installing: /home/kadi/UR5e_ros2/ros2_real/install/cartesian_controller_base/include
-- Installing: /home/kadi/UR5e_ros2/ros2_real/install/cartesian_controller_base/include/cartesian_controller_base
-- Installing: /home/kadi/UR5e_ros2/ros2_real/install/cartesian_controller_base/include/cartesian_controller_base/SelectivelyDampedLeastSquaresSolver.h
-- Installing: /home/kadi/UR5e_ros2/ros2_real/install/cartesian_controller_base/include/cartesian_controller_base/cartesian_controller_base.h
-- Installing: /home/kadi/UR5e_ros2/ros2_real/install/cartesian_controller_base/include/cartesian_controller_base/ROS2VersionConfig.h.in
-- Installing: /home/kadi/UR5e_ros2/ros2_real/install/cartesian_controller_base/include/cartesian_controller_base/SpatialPDController.h
-- Installing: /home/kadi/UR5e_ros2/ros2_real/install/cartesian_controller_base/include/cartesian_controller_base/Utility.h
-- Installing: /home/kadi/UR5e_ros2/ros2_real/install/cartesian_controller_base/include/cartesian_controller_base/DampedLeastSquaresSolver.h
-- Installing: /home/kadi/UR5e_ros2/ros2_real/install/cartesian_controller_base/include/cartesian_controller_base/JacobianTransposeSolver.h
-- Installing: /home/kadi/UR5e_ros2/ros2_real/install/cartesian_controller_base/include/cartesian_controller_base/IKSolver.h
-- Installing: /home/kadi/UR5e_ros2/ros2_real/install/cartesian_controller_base/include/cartesian_controller_base/PDController.h
-- Installing: /home/kadi/UR5e_ros2/ros2_real/install/cartesian_controller_base/include/cartesian_controller_base/ForwardDynamicsSolver.h
-- Installing: /home/kadi/UR5e_ros2/ros2_real/install/cartesian_controller_base/lib/libcartesian_controller_base.so
-- Set runtime path of "/home/kadi/UR5e_ros2/ros2_real/install/cartesian_controller_base/lib/libcartesian_controller_base.so" to ""
-- Installing: /home/kadi/UR5e_ros2/ros2_real/install/cartesian_controller_base/lib/libik_solvers.so
-- Set runtime path of "/home/kadi/UR5e_ros2/ros2_real/install/cartesian_controller_base/lib/libik_solvers.so" to ""
-- Installing: /home/kadi/UR5e_ros2/ros2_real/install/cartesian_controller_base/include/cartesian_controller_base/ROS2VersionConfig.h
-- Installing: /home/kadi/UR5e_ros2/ros2_real/install/cartesian_controller_base/share/cartesian_controller_base/environment/library_path.sh
-- Installing: /home/kadi/UR5e_ros2/ros2_real/install/cartesian_controller_base/share/cartesian_controller_base/environment/library_path.dsv
-- Installing: /home/kadi/UR5e_ros2/ros2_real/install/cartesian_controller_base/share/ament_index/resource_index/package_run_dependencies/cartesian_controller_base
-- Installing: /home/kadi/UR5e_ros2/ros2_real/install/cartesian_controller_base/share/ament_index/resource_index/parent_prefix_path/cartesian_controller_base
-- Installing: /home/kadi/UR5e_ros2/ros2_real/install/cartesian_controller_base/share/cartesian_controller_base/environment/ament_prefix_path.sh
-- Installing: /home/kadi/UR5e_ros2/ros2_real/install/cartesian_controller_base/share/cartesian_controller_base/environment/ament_prefix_path.dsv
-- Installing: /home/kadi/UR5e_ros2/ros2_real/install/cartesian_controller_base/share/cartesian_controller_base/environment/path.sh
-- Installing: /home/kadi/UR5e_ros2/ros2_real/install/cartesian_controller_base/share/cartesian_controller_base/environment/path.dsv
-- Installing: /home/kadi/UR5e_ros2/ros2_real/install/cartesian_controller_base/share/cartesian_controller_base/local_setup.bash
-- Installing: /home/kadi/UR5e_ros2/ros2_real/install/cartesian_controller_base/share/cartesian_controller_base/local_setup.sh
-- Installing: /home/kadi/UR5e_ros2/ros2_real/install/cartesian_controller_base/share/cartesian_controller_base/local_setup.zsh
-- Installing: /home/kadi/UR5e_ros2/ros2_real/install/cartesian_controller_base/share/cartesian_controller_base/local_setup.dsv
-- Installing: /home/kadi/UR5e_ros2/ros2_real/install/cartesian_controller_base/share/cartesian_controller_base/package.dsv
-- Installing: /home/kadi/UR5e_ros2/ros2_real/install/cartesian_controller_base/share/ament_index/resource_index/packages/cartesian_controller_base
-- Installing: /home/kadi/UR5e_ros2/ros2_real/install/cartesian_controller_base/share/ament_index/resource_index/cartesian_controller_base__pluginlib__plugin/cartesian_controller_base
-- Installing: /home/kadi/UR5e_ros2/ros2_real/install/cartesian_controller_base/share/cartesian_controller_base/cmake/ament_cmake_export_dependencies-extras.cmake
-- Installing: /home/kadi/UR5e_ros2/ros2_real/install/cartesian_controller_base/share/cartesian_controller_base/cmake/ament_cmake_export_include_directories-extras.cmake
-- Installing: /home/kadi/UR5e_ros2/ros2_real/install/cartesian_controller_base/share/cartesian_controller_base/cmake/ament_cmake_export_libraries-extras.cmake
-- Installing: /home/kadi/UR5e_ros2/ros2_real/install/cartesian_controller_base/share/cartesian_controller_base/cmake/cartesian_controller_baseConfig.cmake
-- Installing: /home/kadi/UR5e_ros2/ros2_real/install/cartesian_controller_base/share/cartesian_controller_base/cmake/cartesian_controller_baseConfig-version.cmake
-- Installing: /home/kadi/UR5e_ros2/ros2_real/install/cartesian_controller_base/share/cartesian_controller_base/package.xml
