[0.014s] Invoking command in '/home/kadi/UR5e_ros2/ros2_real/build/controller_manager_msgs': CMAKE_PREFIX_PATH=${CMAKE_PREFIX_PATH}:/opt/ros/iron /usr/bin/cmake --build /home/kadi/UR5e_ros2/ros2_real/build/controller_manager_msgs -- -j16 -l16
[0.054s] [  0%] Built target controller_manager_msgs__rosidl_generator_type_description
[0.071s] [  0%] Built target ament_cmake_python_copy_controller_manager_msgs
[0.071s] [35m[1mConsolidate compiler generated dependencies of target controller_manager_msgs__rosidl_generator_c[0m
[0.071s] [  0%] Built target controller_manager_msgs__cpp
[0.086s] [ 27%] Built target controller_manager_msgs__rosidl_generator_c
[0.098s] [35m[1mConsolidate compiler generated dependencies of target controller_manager_msgs__rosidl_typesupport_c[0m
[0.098s] [35m[1mConsolidate compiler generated dependencies of target controller_manager_msgs__rosidl_typesupport_introspection_c[0m
[0.099s] [35m[1mConsolidate compiler generated dependencies of target controller_manager_msgs__rosidl_typesupport_cpp[0m
[0.099s] [35m[1mConsolidate compiler generated dependencies of target controller_manager_msgs__rosidl_typesupport_fastrtps_c[0m
[0.100s] [35m[1mConsolidate compiler generated dependencies of target controller_manager_msgs__rosidl_typesupport_fastrtps_cpp[0m
[0.103s] [35m[1mConsolidate compiler generated dependencies of target controller_manager_msgs__rosidl_typesupport_introspection_cpp[0m
[0.118s] [ 46%] Built target controller_manager_msgs__rosidl_typesupport_introspection_c
[0.118s] [ 47%] Built target controller_manager_msgs__rosidl_typesupport_c
[0.119s] [ 57%] Built target controller_manager_msgs__rosidl_typesupport_cpp
[0.122s] [ 87%] Built target controller_manager_msgs__rosidl_typesupport_fastrtps_c
[0.122s] [ 87%] Built target controller_manager_msgs__rosidl_typesupport_introspection_cpp
[0.123s] [ 87%] Built target controller_manager_msgs__rosidl_typesupport_fastrtps_cpp
[0.141s] [ 87%] Built target controller_manager_msgs
[0.159s] [ 88%] Built target controller_manager_msgs__py
[0.171s] [35m[1mConsolidate compiler generated dependencies of target controller_manager_msgs__rosidl_generator_py[0m
[0.188s] [ 97%] Built target controller_manager_msgs__rosidl_generator_py
[0.196s] [35m[1mConsolidate compiler generated dependencies of target controller_manager_msgs__rosidl_typesupport_c__pyext[0m
[0.196s] [35m[1mConsolidate compiler generated dependencies of target controller_manager_msgs__rosidl_typesupport_fastrtps_c__pyext[0m
[0.196s] [35m[1mConsolidate compiler generated dependencies of target controller_manager_msgs__rosidl_typesupport_introspection_c__pyext[0m
[0.209s] [100%] Built target controller_manager_msgs__rosidl_typesupport_fastrtps_c__pyext
[0.209s] [100%] Built target controller_manager_msgs__rosidl_typesupport_c__pyext
[0.209s] [100%] Built target controller_manager_msgs__rosidl_typesupport_introspection_c__pyext
[0.244s] running egg_info
[0.245s] writing controller_manager_msgs.egg-info/PKG-INFO
[0.245s] writing dependency_links to controller_manager_msgs.egg-info/dependency_links.txt
[0.245s] writing top-level names to controller_manager_msgs.egg-info/top_level.txt
[0.248s] reading manifest file 'controller_manager_msgs.egg-info/SOURCES.txt'
[0.248s] writing manifest file 'controller_manager_msgs.egg-info/SOURCES.txt'
[0.276s] [100%] Built target ament_cmake_python_build_controller_manager_msgs_egg
[0.300s] Invoked command in '/home/kadi/UR5e_ros2/ros2_real/build/controller_manager_msgs' returned '0': CMAKE_PREFIX_PATH=${CMAKE_PREFIX_PATH}:/opt/ros/iron /usr/bin/cmake --build /home/kadi/UR5e_ros2/ros2_real/build/controller_manager_msgs -- -j16 -l16
[0.300s] Invoking command in '/home/kadi/UR5e_ros2/ros2_real/build/controller_manager_msgs': CMAKE_PREFIX_PATH=${CMAKE_PREFIX_PATH}:/opt/ros/iron /usr/bin/cmake --install /home/kadi/UR5e_ros2/ros2_real/build/controller_manager_msgs
[0.306s] -- Install configuration: "Release"
[0.306s] -- Up-to-date: /home/kadi/UR5e_ros2/ros2_real/install/controller_manager_msgs/share/ament_index/resource_index/rosidl_interfaces/controller_manager_msgs
[0.307s] -- Up-to-date: /home/kadi/UR5e_ros2/ros2_real/install/controller_manager_msgs/share/controller_manager_msgs/msg/ControllerState.json
[0.307s] -- Up-to-date: /home/kadi/UR5e_ros2/ros2_real/install/controller_manager_msgs/share/controller_manager_msgs/msg/ChainConnection.json
[0.307s] -- Up-to-date: /home/kadi/UR5e_ros2/ros2_real/install/controller_manager_msgs/share/controller_manager_msgs/msg/HardwareComponentState.json
[0.307s] -- Up-to-date: /home/kadi/UR5e_ros2/ros2_real/install/controller_manager_msgs/share/controller_manager_msgs/msg/HardwareInterface.json
[0.307s] -- Up-to-date: /home/kadi/UR5e_ros2/ros2_real/install/controller_manager_msgs/share/controller_manager_msgs/srv/ConfigureController.json
[0.307s] -- Up-to-date: /home/kadi/UR5e_ros2/ros2_real/install/controller_manager_msgs/share/controller_manager_msgs/srv/ListControllers.json
[0.307s] -- Up-to-date: /home/kadi/UR5e_ros2/ros2_real/install/controller_manager_msgs/share/controller_manager_msgs/srv/ListControllerTypes.json
[0.307s] -- Up-to-date: /home/kadi/UR5e_ros2/ros2_real/install/controller_manager_msgs/share/controller_manager_msgs/srv/ListHardwareComponents.json
[0.307s] -- Up-to-date: /home/kadi/UR5e_ros2/ros2_real/install/controller_manager_msgs/share/controller_manager_msgs/srv/ListHardwareInterfaces.json
[0.307s] -- Up-to-date: /home/kadi/UR5e_ros2/ros2_real/install/controller_manager_msgs/share/controller_manager_msgs/srv/LoadController.json
[0.307s] -- Up-to-date: /home/kadi/UR5e_ros2/ros2_real/install/controller_manager_msgs/share/controller_manager_msgs/srv/ReloadControllerLibraries.json
[0.307s] -- Up-to-date: /home/kadi/UR5e_ros2/ros2_real/install/controller_manager_msgs/share/controller_manager_msgs/srv/SetHardwareComponentState.json
[0.307s] -- Up-to-date: /home/kadi/UR5e_ros2/ros2_real/install/controller_manager_msgs/share/controller_manager_msgs/srv/SwitchController.json
[0.307s] -- Up-to-date: /home/kadi/UR5e_ros2/ros2_real/install/controller_manager_msgs/share/controller_manager_msgs/srv/UnloadController.json
[0.307s] -- Up-to-date: /home/kadi/UR5e_ros2/ros2_real/install/controller_manager_msgs/include/controller_manager_msgs/controller_manager_msgs
[0.307s] -- Up-to-date: /home/kadi/UR5e_ros2/ros2_real/install/controller_manager_msgs/include/controller_manager_msgs/controller_manager_msgs/srv
[0.307s] -- Up-to-date: /home/kadi/UR5e_ros2/ros2_real/install/controller_manager_msgs/include/controller_manager_msgs/controller_manager_msgs/srv/detail
[0.307s] -- Up-to-date: /home/kadi/UR5e_ros2/ros2_real/install/controller_manager_msgs/include/controller_manager_msgs/controller_manager_msgs/srv/detail/configure_controller__functions.h
[0.307s] -- Up-to-date: /home/kadi/UR5e_ros2/ros2_real/install/controller_manager_msgs/include/controller_manager_msgs/controller_manager_msgs/srv/detail/set_hardware_component_state__type_support.h
[0.307s] -- Up-to-date: /home/kadi/UR5e_ros2/ros2_real/install/controller_manager_msgs/include/controller_manager_msgs/controller_manager_msgs/srv/detail/switch_controller__functions.c
[0.307s] -- Up-to-date: /home/kadi/UR5e_ros2/ros2_real/install/controller_manager_msgs/include/controller_manager_msgs/controller_manager_msgs/srv/detail/set_hardware_component_state__functions.h
[0.308s] -- Installing: /home/kadi/UR5e_ros2/ros2_real/install/controller_manager_msgs/include/controller_manager_msgs/controller_manager_msgs/srv/detail/unload_controller__type_support.c
[0.308s] -- Up-to-date: /home/kadi/UR5e_ros2/ros2_real/install/controller_manager_msgs/include/controller_manager_msgs/controller_manager_msgs/srv/detail/configure_controller__type_support.h
[0.308s] -- Up-to-date: /home/kadi/UR5e_ros2/ros2_real/install/controller_manager_msgs/include/controller_manager_msgs/controller_manager_msgs/srv/detail/configure_controller__description.c
[0.308s] -- Up-to-date: /home/kadi/UR5e_ros2/ros2_real/install/controller_manager_msgs/include/controller_manager_msgs/controller_manager_msgs/srv/detail/reload_controller_libraries__functions.c
[0.308s] -- Up-to-date: /home/kadi/UR5e_ros2/ros2_real/install/controller_manager_msgs/include/controller_manager_msgs/controller_manager_msgs/srv/detail/list_hardware_interfaces__functions.h
[0.308s] -- Up-to-date: /home/kadi/UR5e_ros2/ros2_real/install/controller_manager_msgs/include/controller_manager_msgs/controller_manager_msgs/srv/detail/list_controllers__struct.h
[0.308s] -- Up-to-date: /home/kadi/UR5e_ros2/ros2_real/install/controller_manager_msgs/include/controller_manager_msgs/controller_manager_msgs/srv/detail/list_controller_types__functions.h
[0.308s] -- Up-to-date: /home/kadi/UR5e_ros2/ros2_real/install/controller_manager_msgs/include/controller_manager_msgs/controller_manager_msgs/srv/detail/reload_controller_libraries__struct.h
[0.308s] -- Installing: /home/kadi/UR5e_ros2/ros2_real/install/controller_manager_msgs/include/controller_manager_msgs/controller_manager_msgs/srv/detail/configure_controller__type_support.c
[0.308s] -- Up-to-date: /home/kadi/UR5e_ros2/ros2_real/install/controller_manager_msgs/include/controller_manager_msgs/controller_manager_msgs/srv/detail/set_hardware_component_state__struct.h
[0.308s] -- Up-to-date: /home/kadi/UR5e_ros2/ros2_real/install/controller_manager_msgs/include/controller_manager_msgs/controller_manager_msgs/srv/detail/list_hardware_components__functions.h
[0.308s] -- Up-to-date: /home/kadi/UR5e_ros2/ros2_real/install/controller_manager_msgs/include/controller_manager_msgs/controller_manager_msgs/srv/detail/reload_controller_libraries__description.c
[0.309s] -- Up-to-date: /home/kadi/UR5e_ros2/ros2_real/install/controller_manager_msgs/include/controller_manager_msgs/controller_manager_msgs/srv/detail/list_hardware_interfaces__struct.h
[0.309s] -- Up-to-date: /home/kadi/UR5e_ros2/ros2_real/install/controller_manager_msgs/include/controller_manager_msgs/controller_manager_msgs/srv/detail/list_hardware_components__type_support.h
[0.309s] -- Up-to-date: /home/kadi/UR5e_ros2/ros2_real/install/controller_manager_msgs/include/controller_manager_msgs/controller_manager_msgs/srv/detail/unload_controller__functions.h
[0.309s] -- Installing: /home/kadi/UR5e_ros2/ros2_real/install/controller_manager_msgs/include/controller_manager_msgs/controller_manager_msgs/srv/detail/reload_controller_libraries__type_support.c
[0.309s] -- Up-to-date: /home/kadi/UR5e_ros2/ros2_real/install/controller_manager_msgs/include/controller_manager_msgs/controller_manager_msgs/srv/detail/load_controller__type_support.h
[0.309s] -- Up-to-date: /home/kadi/UR5e_ros2/ros2_real/install/controller_manager_msgs/include/controller_manager_msgs/controller_manager_msgs/srv/detail/list_controllers__description.c
[0.309s] -- Up-to-date: /home/kadi/UR5e_ros2/ros2_real/install/controller_manager_msgs/include/controller_manager_msgs/controller_manager_msgs/srv/detail/load_controller__struct.h
[0.309s] -- Installing: /home/kadi/UR5e_ros2/ros2_real/install/controller_manager_msgs/include/controller_manager_msgs/controller_manager_msgs/srv/detail/list_hardware_components__type_support.c
[0.309s] -- Up-to-date: /home/kadi/UR5e_ros2/ros2_real/install/controller_manager_msgs/include/controller_manager_msgs/controller_manager_msgs/srv/detail/list_controller_types__functions.c
[0.309s] -- Up-to-date: /home/kadi/UR5e_ros2/ros2_real/install/controller_manager_msgs/include/controller_manager_msgs/controller_manager_msgs/srv/detail/switch_controller__description.c
[0.309s] -- Installing: /home/kadi/UR5e_ros2/ros2_real/install/controller_manager_msgs/include/controller_manager_msgs/controller_manager_msgs/srv/detail/list_hardware_interfaces__type_support.c
[0.309s] -- Up-to-date: /home/kadi/UR5e_ros2/ros2_real/install/controller_manager_msgs/include/controller_manager_msgs/controller_manager_msgs/srv/detail/unload_controller__functions.c
[0.309s] -- Installing: /home/kadi/UR5e_ros2/ros2_real/install/controller_manager_msgs/include/controller_manager_msgs/controller_manager_msgs/srv/detail/list_controllers__type_support.c
[0.309s] -- Up-to-date: /home/kadi/UR5e_ros2/ros2_real/install/controller_manager_msgs/include/controller_manager_msgs/controller_manager_msgs/srv/detail/list_controller_types__description.c
[0.309s] -- Up-to-date: /home/kadi/UR5e_ros2/ros2_real/install/controller_manager_msgs/include/controller_manager_msgs/controller_manager_msgs/srv/detail/reload_controller_libraries__functions.h
[0.309s] -- Up-to-date: /home/kadi/UR5e_ros2/ros2_real/install/controller_manager_msgs/include/controller_manager_msgs/controller_manager_msgs/srv/detail/list_controllers__functions.c
[0.309s] -- Up-to-date: /home/kadi/UR5e_ros2/ros2_real/install/controller_manager_msgs/include/controller_manager_msgs/controller_manager_msgs/srv/detail/reload_controller_libraries__type_support.h
[0.309s] -- Up-to-date: /home/kadi/UR5e_ros2/ros2_real/install/controller_manager_msgs/include/controller_manager_msgs/controller_manager_msgs/srv/detail/list_controllers__type_support.h
[0.309s] -- Up-to-date: /home/kadi/UR5e_ros2/ros2_real/install/controller_manager_msgs/include/controller_manager_msgs/controller_manager_msgs/srv/detail/list_hardware_interfaces__functions.c
[0.309s] -- Up-to-date: /home/kadi/UR5e_ros2/ros2_real/install/controller_manager_msgs/include/controller_manager_msgs/controller_manager_msgs/srv/detail/set_hardware_component_state__description.c
[0.309s] -- Up-to-date: /home/kadi/UR5e_ros2/ros2_real/install/controller_manager_msgs/include/controller_manager_msgs/controller_manager_msgs/srv/detail/load_controller__functions.h
[0.309s] -- Up-to-date: /home/kadi/UR5e_ros2/ros2_real/install/controller_manager_msgs/include/controller_manager_msgs/controller_manager_msgs/srv/detail/switch_controller__type_support.h
[0.310s] -- Up-to-date: /home/kadi/UR5e_ros2/ros2_real/install/controller_manager_msgs/include/controller_manager_msgs/controller_manager_msgs/srv/detail/list_controller_types__type_support.h
[0.310s] -- Up-to-date: /home/kadi/UR5e_ros2/ros2_real/install/controller_manager_msgs/include/controller_manager_msgs/controller_manager_msgs/srv/detail/list_controllers__functions.h
[0.310s] -- Up-to-date: /home/kadi/UR5e_ros2/ros2_real/install/controller_manager_msgs/include/controller_manager_msgs/controller_manager_msgs/srv/detail/list_hardware_interfaces__type_support.h
[0.310s] -- Up-to-date: /home/kadi/UR5e_ros2/ros2_real/install/controller_manager_msgs/include/controller_manager_msgs/controller_manager_msgs/srv/detail/load_controller__functions.c
[0.310s] -- Up-to-date: /home/kadi/UR5e_ros2/ros2_real/install/controller_manager_msgs/include/controller_manager_msgs/controller_manager_msgs/srv/detail/unload_controller__description.c
[0.310s] -- Up-to-date: /home/kadi/UR5e_ros2/ros2_real/install/controller_manager_msgs/include/controller_manager_msgs/controller_manager_msgs/srv/detail/list_controller_types__struct.h
[0.310s] -- Installing: /home/kadi/UR5e_ros2/ros2_real/install/controller_manager_msgs/include/controller_manager_msgs/controller_manager_msgs/srv/detail/switch_controller__type_support.c
[0.310s] -- Up-to-date: /home/kadi/UR5e_ros2/ros2_real/install/controller_manager_msgs/include/controller_manager_msgs/controller_manager_msgs/srv/detail/unload_controller__struct.h
[0.310s] -- Up-to-date: /home/kadi/UR5e_ros2/ros2_real/install/controller_manager_msgs/include/controller_manager_msgs/controller_manager_msgs/srv/detail/switch_controller__struct.h
[0.310s] -- Up-to-date: /home/kadi/UR5e_ros2/ros2_real/install/controller_manager_msgs/include/controller_manager_msgs/controller_manager_msgs/srv/detail/switch_controller__functions.h
[0.310s] -- Up-to-date: /home/kadi/UR5e_ros2/ros2_real/install/controller_manager_msgs/include/controller_manager_msgs/controller_manager_msgs/srv/detail/configure_controller__functions.c
[0.310s] -- Up-to-date: /home/kadi/UR5e_ros2/ros2_real/install/controller_manager_msgs/include/controller_manager_msgs/controller_manager_msgs/srv/detail/list_hardware_components__functions.c
[0.310s] -- Up-to-date: /home/kadi/UR5e_ros2/ros2_real/install/controller_manager_msgs/include/controller_manager_msgs/controller_manager_msgs/srv/detail/load_controller__description.c
[0.310s] -- Up-to-date: /home/kadi/UR5e_ros2/ros2_real/install/controller_manager_msgs/include/controller_manager_msgs/controller_manager_msgs/srv/detail/list_hardware_components__struct.h
[0.310s] -- Installing: /home/kadi/UR5e_ros2/ros2_real/install/controller_manager_msgs/include/controller_manager_msgs/controller_manager_msgs/srv/detail/list_controller_types__type_support.c
[0.310s] -- Up-to-date: /home/kadi/UR5e_ros2/ros2_real/install/controller_manager_msgs/include/controller_manager_msgs/controller_manager_msgs/srv/detail/configure_controller__struct.h
[0.310s] -- Up-to-date: /home/kadi/UR5e_ros2/ros2_real/install/controller_manager_msgs/include/controller_manager_msgs/controller_manager_msgs/srv/detail/set_hardware_component_state__functions.c
[0.310s] -- Up-to-date: /home/kadi/UR5e_ros2/ros2_real/install/controller_manager_msgs/include/controller_manager_msgs/controller_manager_msgs/srv/detail/unload_controller__type_support.h
[0.310s] -- Up-to-date: /home/kadi/UR5e_ros2/ros2_real/install/controller_manager_msgs/include/controller_manager_msgs/controller_manager_msgs/srv/detail/list_hardware_interfaces__description.c
[0.311s] -- Installing: /home/kadi/UR5e_ros2/ros2_real/install/controller_manager_msgs/include/controller_manager_msgs/controller_manager_msgs/srv/detail/load_controller__type_support.c
[0.311s] -- Up-to-date: /home/kadi/UR5e_ros2/ros2_real/install/controller_manager_msgs/include/controller_manager_msgs/controller_manager_msgs/srv/detail/list_hardware_components__description.c
[0.311s] -- Installing: /home/kadi/UR5e_ros2/ros2_real/install/controller_manager_msgs/include/controller_manager_msgs/controller_manager_msgs/srv/detail/set_hardware_component_state__type_support.c
[0.311s] -- Up-to-date: /home/kadi/UR5e_ros2/ros2_real/install/controller_manager_msgs/include/controller_manager_msgs/controller_manager_msgs/srv/list_controller_types.h
[0.311s] -- Up-to-date: /home/kadi/UR5e_ros2/ros2_real/install/controller_manager_msgs/include/controller_manager_msgs/controller_manager_msgs/srv/reload_controller_libraries.h
[0.311s] -- Up-to-date: /home/kadi/UR5e_ros2/ros2_real/install/controller_manager_msgs/include/controller_manager_msgs/controller_manager_msgs/srv/load_controller.h
[0.311s] -- Up-to-date: /home/kadi/UR5e_ros2/ros2_real/install/controller_manager_msgs/include/controller_manager_msgs/controller_manager_msgs/srv/list_hardware_components.h
[0.311s] -- Up-to-date: /home/kadi/UR5e_ros2/ros2_real/install/controller_manager_msgs/include/controller_manager_msgs/controller_manager_msgs/srv/unload_controller.h
[0.311s] -- Up-to-date: /home/kadi/UR5e_ros2/ros2_real/install/controller_manager_msgs/include/controller_manager_msgs/controller_manager_msgs/srv/list_hardware_interfaces.h
[0.311s] -- Up-to-date: /home/kadi/UR5e_ros2/ros2_real/install/controller_manager_msgs/include/controller_manager_msgs/controller_manager_msgs/srv/set_hardware_component_state.h
[0.311s] -- Up-to-date: /home/kadi/UR5e_ros2/ros2_real/install/controller_manager_msgs/include/controller_manager_msgs/controller_manager_msgs/srv/configure_controller.h
[0.311s] -- Up-to-date: /home/kadi/UR5e_ros2/ros2_real/install/controller_manager_msgs/include/controller_manager_msgs/controller_manager_msgs/srv/switch_controller.h
[0.311s] -- Up-to-date: /home/kadi/UR5e_ros2/ros2_real/install/controller_manager_msgs/include/controller_manager_msgs/controller_manager_msgs/srv/list_controllers.h
[0.311s] -- Up-to-date: /home/kadi/UR5e_ros2/ros2_real/install/controller_manager_msgs/include/controller_manager_msgs/controller_manager_msgs/msg
[0.312s] -- Up-to-date: /home/kadi/UR5e_ros2/ros2_real/install/controller_manager_msgs/include/controller_manager_msgs/controller_manager_msgs/msg/rosidl_generator_c__visibility_control.h
[0.312s] -- Up-to-date: /home/kadi/UR5e_ros2/ros2_real/install/controller_manager_msgs/include/controller_manager_msgs/controller_manager_msgs/msg/detail
[0.312s] -- Up-to-date: /home/kadi/UR5e_ros2/ros2_real/install/controller_manager_msgs/include/controller_manager_msgs/controller_manager_msgs/msg/detail/hardware_component_state__description.c
[0.312s] -- Up-to-date: /home/kadi/UR5e_ros2/ros2_real/install/controller_manager_msgs/include/controller_manager_msgs/controller_manager_msgs/msg/detail/hardware_interface__functions.h
[0.312s] -- Up-to-date: /home/kadi/UR5e_ros2/ros2_real/install/controller_manager_msgs/include/controller_manager_msgs/controller_manager_msgs/msg/detail/hardware_interface__type_support.h
[0.312s] -- Up-to-date: /home/kadi/UR5e_ros2/ros2_real/install/controller_manager_msgs/include/controller_manager_msgs/controller_manager_msgs/msg/detail/controller_state__functions.c
[0.312s] -- Up-to-date: /home/kadi/UR5e_ros2/ros2_real/install/controller_manager_msgs/include/controller_manager_msgs/controller_manager_msgs/msg/detail/chain_connection__functions.c
[0.312s] -- Up-to-date: /home/kadi/UR5e_ros2/ros2_real/install/controller_manager_msgs/include/controller_manager_msgs/controller_manager_msgs/msg/detail/controller_state__description.c
[0.312s] -- Installing: /home/kadi/UR5e_ros2/ros2_real/install/controller_manager_msgs/include/controller_manager_msgs/controller_manager_msgs/msg/detail/chain_connection__type_support.c
[0.312s] -- Installing: /home/kadi/UR5e_ros2/ros2_real/install/controller_manager_msgs/include/controller_manager_msgs/controller_manager_msgs/msg/detail/hardware_component_state__type_support.c
[0.312s] -- Up-to-date: /home/kadi/UR5e_ros2/ros2_real/install/controller_manager_msgs/include/controller_manager_msgs/controller_manager_msgs/msg/detail/hardware_component_state__struct.h
[0.312s] -- Up-to-date: /home/kadi/UR5e_ros2/ros2_real/install/controller_manager_msgs/include/controller_manager_msgs/controller_manager_msgs/msg/detail/hardware_interface__struct.h
[0.312s] -- Installing: /home/kadi/UR5e_ros2/ros2_real/install/controller_manager_msgs/include/controller_manager_msgs/controller_manager_msgs/msg/detail/hardware_interface__type_support.c
[0.312s] -- Up-to-date: /home/kadi/UR5e_ros2/ros2_real/install/controller_manager_msgs/include/controller_manager_msgs/controller_manager_msgs/msg/detail/controller_state__type_support.h
[0.312s] -- Up-to-date: /home/kadi/UR5e_ros2/ros2_real/install/controller_manager_msgs/include/controller_manager_msgs/controller_manager_msgs/msg/detail/hardware_interface__functions.c
[0.312s] -- Up-to-date: /home/kadi/UR5e_ros2/ros2_real/install/controller_manager_msgs/include/controller_manager_msgs/controller_manager_msgs/msg/detail/chain_connection__struct.h
[0.312s] -- Installing: /home/kadi/UR5e_ros2/ros2_real/install/controller_manager_msgs/include/controller_manager_msgs/controller_manager_msgs/msg/detail/controller_state__type_support.c
[0.313s] -- Up-to-date: /home/kadi/UR5e_ros2/ros2_real/install/controller_manager_msgs/include/controller_manager_msgs/controller_manager_msgs/msg/detail/chain_connection__description.c
[0.313s] -- Up-to-date: /home/kadi/UR5e_ros2/ros2_real/install/controller_manager_msgs/include/controller_manager_msgs/controller_manager_msgs/msg/detail/controller_state__functions.h
[0.313s] -- Up-to-date: /home/kadi/UR5e_ros2/ros2_real/install/controller_manager_msgs/include/controller_manager_msgs/controller_manager_msgs/msg/detail/chain_connection__type_support.h
[0.313s] -- Up-to-date: /home/kadi/UR5e_ros2/ros2_real/install/controller_manager_msgs/include/controller_manager_msgs/controller_manager_msgs/msg/detail/hardware_interface__description.c
[0.313s] -- Up-to-date: /home/kadi/UR5e_ros2/ros2_real/install/controller_manager_msgs/include/controller_manager_msgs/controller_manager_msgs/msg/detail/controller_state__struct.h
[0.313s] -- Up-to-date: /home/kadi/UR5e_ros2/ros2_real/install/controller_manager_msgs/include/controller_manager_msgs/controller_manager_msgs/msg/detail/chain_connection__functions.h
[0.313s] -- Up-to-date: /home/kadi/UR5e_ros2/ros2_real/install/controller_manager_msgs/include/controller_manager_msgs/controller_manager_msgs/msg/detail/hardware_component_state__type_support.h
[0.313s] -- Up-to-date: /home/kadi/UR5e_ros2/ros2_real/install/controller_manager_msgs/include/controller_manager_msgs/controller_manager_msgs/msg/detail/hardware_component_state__functions.h
[0.313s] -- Up-to-date: /home/kadi/UR5e_ros2/ros2_real/install/controller_manager_msgs/include/controller_manager_msgs/controller_manager_msgs/msg/detail/hardware_component_state__functions.c
[0.313s] -- Up-to-date: /home/kadi/UR5e_ros2/ros2_real/install/controller_manager_msgs/include/controller_manager_msgs/controller_manager_msgs/msg/chain_connection.h
[0.313s] -- Up-to-date: /home/kadi/UR5e_ros2/ros2_real/install/controller_manager_msgs/include/controller_manager_msgs/controller_manager_msgs/msg/controller_state.h
[0.313s] -- Up-to-date: /home/kadi/UR5e_ros2/ros2_real/install/controller_manager_msgs/include/controller_manager_msgs/controller_manager_msgs/msg/hardware_interface.h
[0.313s] -- Up-to-date: /home/kadi/UR5e_ros2/ros2_real/install/controller_manager_msgs/include/controller_manager_msgs/controller_manager_msgs/msg/hardware_component_state.h
[0.313s] -- Up-to-date: /home/kadi/UR5e_ros2/ros2_real/install/controller_manager_msgs/share/controller_manager_msgs/environment/library_path.sh
[0.313s] -- Up-to-date: /home/kadi/UR5e_ros2/ros2_real/install/controller_manager_msgs/share/controller_manager_msgs/environment/library_path.dsv
[0.314s] -- Up-to-date: /home/kadi/UR5e_ros2/ros2_real/install/controller_manager_msgs/lib/libcontroller_manager_msgs__rosidl_generator_c.so
[0.314s] -- Up-to-date: /home/kadi/UR5e_ros2/ros2_real/install/controller_manager_msgs/include/controller_manager_msgs/controller_manager_msgs
[0.314s] -- Up-to-date: /home/kadi/UR5e_ros2/ros2_real/install/controller_manager_msgs/include/controller_manager_msgs/controller_manager_msgs/srv
[0.314s] -- Up-to-date: /home/kadi/UR5e_ros2/ros2_real/install/controller_manager_msgs/include/controller_manager_msgs/controller_manager_msgs/srv/detail
[0.314s] -- Up-to-date: /home/kadi/UR5e_ros2/ros2_real/install/controller_manager_msgs/include/controller_manager_msgs/controller_manager_msgs/srv/detail/list_controllers__rosidl_typesupport_fastrtps_c.h
[0.314s] -- Up-to-date: /home/kadi/UR5e_ros2/ros2_real/install/controller_manager_msgs/include/controller_manager_msgs/controller_manager_msgs/srv/detail/switch_controller__rosidl_typesupport_fastrtps_c.h
[0.314s] -- Up-to-date: /home/kadi/UR5e_ros2/ros2_real/install/controller_manager_msgs/include/controller_manager_msgs/controller_manager_msgs/srv/detail/set_hardware_component_state__rosidl_typesupport_fastrtps_c.h
[0.314s] -- Up-to-date: /home/kadi/UR5e_ros2/ros2_real/install/controller_manager_msgs/include/controller_manager_msgs/controller_manager_msgs/srv/detail/reload_controller_libraries__rosidl_typesupport_fastrtps_c.h
[0.314s] -- Up-to-date: /home/kadi/UR5e_ros2/ros2_real/install/controller_manager_msgs/include/controller_manager_msgs/controller_manager_msgs/srv/detail/configure_controller__rosidl_typesupport_fastrtps_c.h
[0.314s] -- Up-to-date: /home/kadi/UR5e_ros2/ros2_real/install/controller_manager_msgs/include/controller_manager_msgs/controller_manager_msgs/srv/detail/load_controller__rosidl_typesupport_fastrtps_c.h
[0.314s] -- Up-to-date: /home/kadi/UR5e_ros2/ros2_real/install/controller_manager_msgs/include/controller_manager_msgs/controller_manager_msgs/srv/detail/list_controller_types__rosidl_typesupport_fastrtps_c.h
[0.314s] -- Up-to-date: /home/kadi/UR5e_ros2/ros2_real/install/controller_manager_msgs/include/controller_manager_msgs/controller_manager_msgs/srv/detail/list_hardware_interfaces__rosidl_typesupport_fastrtps_c.h
[0.314s] -- Up-to-date: /home/kadi/UR5e_ros2/ros2_real/install/controller_manager_msgs/include/controller_manager_msgs/controller_manager_msgs/srv/detail/unload_controller__rosidl_typesupport_fastrtps_c.h
[0.314s] -- Up-to-date: /home/kadi/UR5e_ros2/ros2_real/install/controller_manager_msgs/include/controller_manager_msgs/controller_manager_msgs/srv/detail/list_hardware_components__rosidl_typesupport_fastrtps_c.h
[0.314s] -- Up-to-date: /home/kadi/UR5e_ros2/ros2_real/install/controller_manager_msgs/include/controller_manager_msgs/controller_manager_msgs/msg
[0.314s] -- Up-to-date: /home/kadi/UR5e_ros2/ros2_real/install/controller_manager_msgs/include/controller_manager_msgs/controller_manager_msgs/msg/rosidl_typesupport_fastrtps_c__visibility_control.h
[0.314s] -- Up-to-date: /home/kadi/UR5e_ros2/ros2_real/install/controller_manager_msgs/include/controller_manager_msgs/controller_manager_msgs/msg/detail
[0.314s] -- Up-to-date: /home/kadi/UR5e_ros2/ros2_real/install/controller_manager_msgs/include/controller_manager_msgs/controller_manager_msgs/msg/detail/controller_state__rosidl_typesupport_fastrtps_c.h
[0.314s] -- Up-to-date: /home/kadi/UR5e_ros2/ros2_real/install/controller_manager_msgs/include/controller_manager_msgs/controller_manager_msgs/msg/detail/chain_connection__rosidl_typesupport_fastrtps_c.h
[0.314s] -- Up-to-date: /home/kadi/UR5e_ros2/ros2_real/install/controller_manager_msgs/include/controller_manager_msgs/controller_manager_msgs/msg/detail/hardware_interface__rosidl_typesupport_fastrtps_c.h
[0.314s] -- Up-to-date: /home/kadi/UR5e_ros2/ros2_real/install/controller_manager_msgs/include/controller_manager_msgs/controller_manager_msgs/msg/detail/hardware_component_state__rosidl_typesupport_fastrtps_c.h
[0.315s] -- Up-to-date: /home/kadi/UR5e_ros2/ros2_real/install/controller_manager_msgs/lib/libcontroller_manager_msgs__rosidl_typesupport_fastrtps_c.so
[0.317s] -- Up-to-date: /home/kadi/UR5e_ros2/ros2_real/install/controller_manager_msgs/include/controller_manager_msgs/controller_manager_msgs
[0.318s] -- Up-to-date: /home/kadi/UR5e_ros2/ros2_real/install/controller_manager_msgs/include/controller_manager_msgs/controller_manager_msgs/srv
[0.318s] -- Up-to-date: /home/kadi/UR5e_ros2/ros2_real/install/controller_manager_msgs/include/controller_manager_msgs/controller_manager_msgs/srv/load_controller.hpp
[0.318s] -- Up-to-date: /home/kadi/UR5e_ros2/ros2_real/install/controller_manager_msgs/include/controller_manager_msgs/controller_manager_msgs/srv/configure_controller.hpp
[0.318s] -- Up-to-date: /home/kadi/UR5e_ros2/ros2_real/install/controller_manager_msgs/include/controller_manager_msgs/controller_manager_msgs/srv/detail
[0.318s] -- Up-to-date: /home/kadi/UR5e_ros2/ros2_real/install/controller_manager_msgs/include/controller_manager_msgs/controller_manager_msgs/srv/detail/list_controllers__struct.hpp
[0.318s] -- Up-to-date: /home/kadi/UR5e_ros2/ros2_real/install/controller_manager_msgs/include/controller_manager_msgs/controller_manager_msgs/srv/detail/list_controllers__builder.hpp
[0.318s] -- Up-to-date: /home/kadi/UR5e_ros2/ros2_real/install/controller_manager_msgs/include/controller_manager_msgs/controller_manager_msgs/srv/detail/list_hardware_components__traits.hpp
[0.318s] -- Up-to-date: /home/kadi/UR5e_ros2/ros2_real/install/controller_manager_msgs/include/controller_manager_msgs/controller_manager_msgs/srv/detail/load_controller__builder.hpp
[0.318s] -- Up-to-date: /home/kadi/UR5e_ros2/ros2_real/install/controller_manager_msgs/include/controller_manager_msgs/controller_manager_msgs/srv/detail/list_hardware_interfaces__builder.hpp
[0.318s] -- Up-to-date: /home/kadi/UR5e_ros2/ros2_real/install/controller_manager_msgs/include/controller_manager_msgs/controller_manager_msgs/srv/detail/load_controller__traits.hpp
[0.318s] -- Up-to-date: /home/kadi/UR5e_ros2/ros2_real/install/controller_manager_msgs/include/controller_manager_msgs/controller_manager_msgs/srv/detail/unload_controller__struct.hpp
[0.318s] -- Up-to-date: /home/kadi/UR5e_ros2/ros2_real/install/controller_manager_msgs/include/controller_manager_msgs/controller_manager_msgs/srv/detail/list_controller_types__builder.hpp
[0.318s] -- Up-to-date: /home/kadi/UR5e_ros2/ros2_real/install/controller_manager_msgs/include/controller_manager_msgs/controller_manager_msgs/srv/detail/list_hardware_components__struct.hpp
[0.318s] -- Up-to-date: /home/kadi/UR5e_ros2/ros2_real/install/controller_manager_msgs/include/controller_manager_msgs/controller_manager_msgs/srv/detail/set_hardware_component_state__builder.hpp
[0.318s] -- Up-to-date: /home/kadi/UR5e_ros2/ros2_real/install/controller_manager_msgs/include/controller_manager_msgs/controller_manager_msgs/srv/detail/list_controllers__traits.hpp
[0.318s] -- Up-to-date: /home/kadi/UR5e_ros2/ros2_real/install/controller_manager_msgs/include/controller_manager_msgs/controller_manager_msgs/srv/detail/reload_controller_libraries__struct.hpp
[0.318s] -- Up-to-date: /home/kadi/UR5e_ros2/ros2_real/install/controller_manager_msgs/include/controller_manager_msgs/controller_manager_msgs/srv/detail/reload_controller_libraries__traits.hpp
[0.318s] -- Up-to-date: /home/kadi/UR5e_ros2/ros2_real/install/controller_manager_msgs/include/controller_manager_msgs/controller_manager_msgs/srv/detail/list_controller_types__struct.hpp
[0.318s] -- Up-to-date: /home/kadi/UR5e_ros2/ros2_real/install/controller_manager_msgs/include/controller_manager_msgs/controller_manager_msgs/srv/detail/list_hardware_interfaces__struct.hpp
[0.318s] -- Up-to-date: /home/kadi/UR5e_ros2/ros2_real/install/controller_manager_msgs/include/controller_manager_msgs/controller_manager_msgs/srv/detail/configure_controller__builder.hpp
[0.318s] -- Up-to-date: /home/kadi/UR5e_ros2/ros2_real/install/controller_manager_msgs/include/controller_manager_msgs/controller_manager_msgs/srv/detail/configure_controller__traits.hpp
[0.318s] -- Up-to-date: /home/kadi/UR5e_ros2/ros2_real/install/controller_manager_msgs/include/controller_manager_msgs/controller_manager_msgs/srv/detail/load_controller__struct.hpp
[0.318s] -- Up-to-date: /home/kadi/UR5e_ros2/ros2_real/install/controller_manager_msgs/include/controller_manager_msgs/controller_manager_msgs/srv/detail/list_hardware_interfaces__traits.hpp
[0.318s] -- Up-to-date: /home/kadi/UR5e_ros2/ros2_real/install/controller_manager_msgs/include/controller_manager_msgs/controller_manager_msgs/srv/detail/set_hardware_component_state__struct.hpp
[0.318s] -- Up-to-date: /home/kadi/UR5e_ros2/ros2_real/install/controller_manager_msgs/include/controller_manager_msgs/controller_manager_msgs/srv/detail/unload_controller__traits.hpp
[0.319s] -- Up-to-date: /home/kadi/UR5e_ros2/ros2_real/install/controller_manager_msgs/include/controller_manager_msgs/controller_manager_msgs/srv/detail/configure_controller__struct.hpp
[0.319s] -- Up-to-date: /home/kadi/UR5e_ros2/ros2_real/install/controller_manager_msgs/include/controller_manager_msgs/controller_manager_msgs/srv/detail/set_hardware_component_state__traits.hpp
[0.319s] -- Up-to-date: /home/kadi/UR5e_ros2/ros2_real/install/controller_manager_msgs/include/controller_manager_msgs/controller_manager_msgs/srv/detail/switch_controller__traits.hpp
[0.319s] -- Up-to-date: /home/kadi/UR5e_ros2/ros2_real/install/controller_manager_msgs/include/controller_manager_msgs/controller_manager_msgs/srv/detail/switch_controller__struct.hpp
[0.319s] -- Up-to-date: /home/kadi/UR5e_ros2/ros2_real/install/controller_manager_msgs/include/controller_manager_msgs/controller_manager_msgs/srv/detail/list_hardware_components__builder.hpp
[0.319s] -- Up-to-date: /home/kadi/UR5e_ros2/ros2_real/install/controller_manager_msgs/include/controller_manager_msgs/controller_manager_msgs/srv/detail/reload_controller_libraries__builder.hpp
[0.319s] -- Up-to-date: /home/kadi/UR5e_ros2/ros2_real/install/controller_manager_msgs/include/controller_manager_msgs/controller_manager_msgs/srv/detail/switch_controller__builder.hpp
[0.319s] -- Up-to-date: /home/kadi/UR5e_ros2/ros2_real/install/controller_manager_msgs/include/controller_manager_msgs/controller_manager_msgs/srv/detail/list_controller_types__traits.hpp
[0.319s] -- Up-to-date: /home/kadi/UR5e_ros2/ros2_real/install/controller_manager_msgs/include/controller_manager_msgs/controller_manager_msgs/srv/detail/unload_controller__builder.hpp
[0.319s] -- Up-to-date: /home/kadi/UR5e_ros2/ros2_real/install/controller_manager_msgs/include/controller_manager_msgs/controller_manager_msgs/srv/list_controllers.hpp
[0.319s] -- Up-to-date: /home/kadi/UR5e_ros2/ros2_real/install/controller_manager_msgs/include/controller_manager_msgs/controller_manager_msgs/srv/list_hardware_components.hpp
[0.319s] -- Up-to-date: /home/kadi/UR5e_ros2/ros2_real/install/controller_manager_msgs/include/controller_manager_msgs/controller_manager_msgs/srv/reload_controller_libraries.hpp
[0.319s] -- Up-to-date: /home/kadi/UR5e_ros2/ros2_real/install/controller_manager_msgs/include/controller_manager_msgs/controller_manager_msgs/srv/switch_controller.hpp
[0.319s] -- Up-to-date: /home/kadi/UR5e_ros2/ros2_real/install/controller_manager_msgs/include/controller_manager_msgs/controller_manager_msgs/srv/set_hardware_component_state.hpp
[0.319s] -- Up-to-date: /home/kadi/UR5e_ros2/ros2_real/install/controller_manager_msgs/include/controller_manager_msgs/controller_manager_msgs/srv/list_hardware_interfaces.hpp
[0.319s] -- Up-to-date: /home/kadi/UR5e_ros2/ros2_real/install/controller_manager_msgs/include/controller_manager_msgs/controller_manager_msgs/srv/unload_controller.hpp
[0.319s] -- Up-to-date: /home/kadi/UR5e_ros2/ros2_real/install/controller_manager_msgs/include/controller_manager_msgs/controller_manager_msgs/srv/list_controller_types.hpp
[0.319s] -- Up-to-date: /home/kadi/UR5e_ros2/ros2_real/install/controller_manager_msgs/include/controller_manager_msgs/controller_manager_msgs/msg
[0.319s] -- Up-to-date: /home/kadi/UR5e_ros2/ros2_real/install/controller_manager_msgs/include/controller_manager_msgs/controller_manager_msgs/msg/detail
[0.320s] -- Up-to-date: /home/kadi/UR5e_ros2/ros2_real/install/controller_manager_msgs/include/controller_manager_msgs/controller_manager_msgs/msg/detail/controller_state__traits.hpp
[0.320s] -- Up-to-date: /home/kadi/UR5e_ros2/ros2_real/install/controller_manager_msgs/include/controller_manager_msgs/controller_manager_msgs/msg/detail/hardware_interface__builder.hpp
[0.320s] -- Up-to-date: /home/kadi/UR5e_ros2/ros2_real/install/controller_manager_msgs/include/controller_manager_msgs/controller_manager_msgs/msg/detail/chain_connection__struct.hpp
[0.320s] -- Up-to-date: /home/kadi/UR5e_ros2/ros2_real/install/controller_manager_msgs/include/controller_manager_msgs/controller_manager_msgs/msg/detail/chain_connection__builder.hpp
[0.321s] -- Up-to-date: /home/kadi/UR5e_ros2/ros2_real/install/controller_manager_msgs/include/controller_manager_msgs/controller_manager_msgs/msg/detail/hardware_interface__traits.hpp
[0.321s] -- Up-to-date: /home/kadi/UR5e_ros2/ros2_real/install/controller_manager_msgs/include/controller_manager_msgs/controller_manager_msgs/msg/detail/hardware_interface__struct.hpp
[0.321s] -- Up-to-date: /home/kadi/UR5e_ros2/ros2_real/install/controller_manager_msgs/include/controller_manager_msgs/controller_manager_msgs/msg/detail/hardware_component_state__traits.hpp
[0.321s] -- Up-to-date: /home/kadi/UR5e_ros2/ros2_real/install/controller_manager_msgs/include/controller_manager_msgs/controller_manager_msgs/msg/detail/chain_connection__traits.hpp
[0.321s] -- Up-to-date: /home/kadi/UR5e_ros2/ros2_real/install/controller_manager_msgs/include/controller_manager_msgs/controller_manager_msgs/msg/detail/controller_state__builder.hpp
[0.321s] -- Up-to-date: /home/kadi/UR5e_ros2/ros2_real/install/controller_manager_msgs/include/controller_manager_msgs/controller_manager_msgs/msg/detail/hardware_component_state__struct.hpp
[0.321s] -- Up-to-date: /home/kadi/UR5e_ros2/ros2_real/install/controller_manager_msgs/include/controller_manager_msgs/controller_manager_msgs/msg/detail/controller_state__struct.hpp
[0.321s] -- Up-to-date: /home/kadi/UR5e_ros2/ros2_real/install/controller_manager_msgs/include/controller_manager_msgs/controller_manager_msgs/msg/detail/hardware_component_state__builder.hpp
[0.323s] -- Up-to-date: /home/kadi/UR5e_ros2/ros2_real/install/controller_manager_msgs/include/controller_manager_msgs/controller_manager_msgs/msg/chain_connection.hpp
[0.323s] -- Up-to-date: /home/kadi/UR5e_ros2/ros2_real/install/controller_manager_msgs/include/controller_manager_msgs/controller_manager_msgs/msg/hardware_component_state.hpp
[0.323s] -- Up-to-date: /home/kadi/UR5e_ros2/ros2_real/install/controller_manager_msgs/include/controller_manager_msgs/controller_manager_msgs/msg/hardware_interface.hpp
[0.323s] -- Up-to-date: /home/kadi/UR5e_ros2/ros2_real/install/controller_manager_msgs/include/controller_manager_msgs/controller_manager_msgs/msg/controller_state.hpp
[0.323s] -- Up-to-date: /home/kadi/UR5e_ros2/ros2_real/install/controller_manager_msgs/include/controller_manager_msgs/controller_manager_msgs
[0.323s] -- Up-to-date: /home/kadi/UR5e_ros2/ros2_real/install/controller_manager_msgs/include/controller_manager_msgs/controller_manager_msgs/srv
[0.323s] -- Up-to-date: /home/kadi/UR5e_ros2/ros2_real/install/controller_manager_msgs/include/controller_manager_msgs/controller_manager_msgs/srv/detail
[0.323s] -- Up-to-date: /home/kadi/UR5e_ros2/ros2_real/install/controller_manager_msgs/include/controller_manager_msgs/controller_manager_msgs/srv/detail/load_controller__rosidl_typesupport_fastrtps_cpp.hpp
[0.323s] -- Up-to-date: /home/kadi/UR5e_ros2/ros2_real/install/controller_manager_msgs/include/controller_manager_msgs/controller_manager_msgs/srv/detail/reload_controller_libraries__rosidl_typesupport_fastrtps_cpp.hpp
[0.323s] -- Up-to-date: /home/kadi/UR5e_ros2/ros2_real/install/controller_manager_msgs/include/controller_manager_msgs/controller_manager_msgs/srv/detail/list_hardware_components__rosidl_typesupport_fastrtps_cpp.hpp
[0.323s] -- Up-to-date: /home/kadi/UR5e_ros2/ros2_real/install/controller_manager_msgs/include/controller_manager_msgs/controller_manager_msgs/srv/detail/list_controller_types__rosidl_typesupport_fastrtps_cpp.hpp
[0.323s] -- Up-to-date: /home/kadi/UR5e_ros2/ros2_real/install/controller_manager_msgs/include/controller_manager_msgs/controller_manager_msgs/srv/detail/configure_controller__rosidl_typesupport_fastrtps_cpp.hpp
[0.323s] -- Up-to-date: /home/kadi/UR5e_ros2/ros2_real/install/controller_manager_msgs/include/controller_manager_msgs/controller_manager_msgs/srv/detail/set_hardware_component_state__rosidl_typesupport_fastrtps_cpp.hpp
[0.323s] -- Up-to-date: /home/kadi/UR5e_ros2/ros2_real/install/controller_manager_msgs/include/controller_manager_msgs/controller_manager_msgs/srv/detail/list_controllers__rosidl_typesupport_fastrtps_cpp.hpp
[0.323s] -- Up-to-date: /home/kadi/UR5e_ros2/ros2_real/install/controller_manager_msgs/include/controller_manager_msgs/controller_manager_msgs/srv/detail/switch_controller__rosidl_typesupport_fastrtps_cpp.hpp
[0.323s] -- Up-to-date: /home/kadi/UR5e_ros2/ros2_real/install/controller_manager_msgs/include/controller_manager_msgs/controller_manager_msgs/srv/detail/dds_fastrtps
[0.323s] -- Up-to-date: /home/kadi/UR5e_ros2/ros2_real/install/controller_manager_msgs/include/controller_manager_msgs/controller_manager_msgs/srv/detail/list_hardware_interfaces__rosidl_typesupport_fastrtps_cpp.hpp
[0.323s] -- Up-to-date: /home/kadi/UR5e_ros2/ros2_real/install/controller_manager_msgs/include/controller_manager_msgs/controller_manager_msgs/srv/detail/unload_controller__rosidl_typesupport_fastrtps_cpp.hpp
[0.323s] -- Up-to-date: /home/kadi/UR5e_ros2/ros2_real/install/controller_manager_msgs/include/controller_manager_msgs/controller_manager_msgs/msg
[0.323s] -- Up-to-date: /home/kadi/UR5e_ros2/ros2_real/install/controller_manager_msgs/include/controller_manager_msgs/controller_manager_msgs/msg/detail
[0.323s] -- Up-to-date: /home/kadi/UR5e_ros2/ros2_real/install/controller_manager_msgs/include/controller_manager_msgs/controller_manager_msgs/msg/detail/controller_state__rosidl_typesupport_fastrtps_cpp.hpp
[0.323s] -- Up-to-date: /home/kadi/UR5e_ros2/ros2_real/install/controller_manager_msgs/include/controller_manager_msgs/controller_manager_msgs/msg/detail/chain_connection__rosidl_typesupport_fastrtps_cpp.hpp
[0.323s] -- Up-to-date: /home/kadi/UR5e_ros2/ros2_real/install/controller_manager_msgs/include/controller_manager_msgs/controller_manager_msgs/msg/detail/hardware_interface__rosidl_typesupport_fastrtps_cpp.hpp
[0.323s] -- Up-to-date: /home/kadi/UR5e_ros2/ros2_real/install/controller_manager_msgs/include/controller_manager_msgs/controller_manager_msgs/msg/detail/hardware_component_state__rosidl_typesupport_fastrtps_cpp.hpp
[0.323s] -- Up-to-date: /home/kadi/UR5e_ros2/ros2_real/install/controller_manager_msgs/include/controller_manager_msgs/controller_manager_msgs/msg/detail/dds_fastrtps
[0.323s] -- Up-to-date: /home/kadi/UR5e_ros2/ros2_real/install/controller_manager_msgs/include/controller_manager_msgs/controller_manager_msgs/msg/rosidl_typesupport_fastrtps_cpp__visibility_control.h
[0.324s] -- Up-to-date: /home/kadi/UR5e_ros2/ros2_real/install/controller_manager_msgs/lib/libcontroller_manager_msgs__rosidl_typesupport_fastrtps_cpp.so
[0.324s] -- Up-to-date: /home/kadi/UR5e_ros2/ros2_real/install/controller_manager_msgs/include/controller_manager_msgs/controller_manager_msgs
[0.324s] -- Up-to-date: /home/kadi/UR5e_ros2/ros2_real/install/controller_manager_msgs/include/controller_manager_msgs/controller_manager_msgs/srv
[0.324s] -- Up-to-date: /home/kadi/UR5e_ros2/ros2_real/install/controller_manager_msgs/include/controller_manager_msgs/controller_manager_msgs/srv/detail
[0.324s] -- Installing: /home/kadi/UR5e_ros2/ros2_real/install/controller_manager_msgs/include/controller_manager_msgs/controller_manager_msgs/srv/detail/unload_controller__type_support.c
[0.324s] -- Up-to-date: /home/kadi/UR5e_ros2/ros2_real/install/controller_manager_msgs/include/controller_manager_msgs/controller_manager_msgs/srv/detail/load_controller__rosidl_typesupport_introspection_c.h
[0.324s] -- Installing: /home/kadi/UR5e_ros2/ros2_real/install/controller_manager_msgs/include/controller_manager_msgs/controller_manager_msgs/srv/detail/configure_controller__type_support.c
[0.324s] -- Up-to-date: /home/kadi/UR5e_ros2/ros2_real/install/controller_manager_msgs/include/controller_manager_msgs/controller_manager_msgs/srv/detail/list_controllers__rosidl_typesupport_introspection_c.h
[0.324s] -- Up-to-date: /home/kadi/UR5e_ros2/ros2_real/install/controller_manager_msgs/include/controller_manager_msgs/controller_manager_msgs/srv/detail/list_hardware_components__rosidl_typesupport_introspection_c.h
[0.324s] -- Up-to-date: /home/kadi/UR5e_ros2/ros2_real/install/controller_manager_msgs/include/controller_manager_msgs/controller_manager_msgs/srv/detail/set_hardware_component_state__rosidl_typesupport_introspection_c.h
[0.324s] -- Up-to-date: /home/kadi/UR5e_ros2/ros2_real/install/controller_manager_msgs/include/controller_manager_msgs/controller_manager_msgs/srv/detail/list_hardware_interfaces__rosidl_typesupport_introspection_c.h
[0.324s] -- Installing: /home/kadi/UR5e_ros2/ros2_real/install/controller_manager_msgs/include/controller_manager_msgs/controller_manager_msgs/srv/detail/reload_controller_libraries__type_support.c
[0.324s] -- Installing: /home/kadi/UR5e_ros2/ros2_real/install/controller_manager_msgs/include/controller_manager_msgs/controller_manager_msgs/srv/detail/list_hardware_components__type_support.c
[0.324s] -- Up-to-date: /home/kadi/UR5e_ros2/ros2_real/install/controller_manager_msgs/include/controller_manager_msgs/controller_manager_msgs/srv/detail/switch_controller__rosidl_typesupport_introspection_c.h
[0.324s] -- Installing: /home/kadi/UR5e_ros2/ros2_real/install/controller_manager_msgs/include/controller_manager_msgs/controller_manager_msgs/srv/detail/list_hardware_interfaces__type_support.c
[0.324s] -- Installing: /home/kadi/UR5e_ros2/ros2_real/install/controller_manager_msgs/include/controller_manager_msgs/controller_manager_msgs/srv/detail/list_controllers__type_support.c
[0.325s] -- Up-to-date: /home/kadi/UR5e_ros2/ros2_real/install/controller_manager_msgs/include/controller_manager_msgs/controller_manager_msgs/srv/detail/unload_controller__rosidl_typesupport_introspection_c.h
[0.325s] -- Up-to-date: /home/kadi/UR5e_ros2/ros2_real/install/controller_manager_msgs/include/controller_manager_msgs/controller_manager_msgs/srv/detail/reload_controller_libraries__rosidl_typesupport_introspection_c.h
[0.325s] -- Installing: /home/kadi/UR5e_ros2/ros2_real/install/controller_manager_msgs/include/controller_manager_msgs/controller_manager_msgs/srv/detail/switch_controller__type_support.c
[0.325s] -- Up-to-date: /home/kadi/UR5e_ros2/ros2_real/install/controller_manager_msgs/include/controller_manager_msgs/controller_manager_msgs/srv/detail/configure_controller__rosidl_typesupport_introspection_c.h
[0.325s] -- Installing: /home/kadi/UR5e_ros2/ros2_real/install/controller_manager_msgs/include/controller_manager_msgs/controller_manager_msgs/srv/detail/list_controller_types__type_support.c
[0.325s] -- Installing: /home/kadi/UR5e_ros2/ros2_real/install/controller_manager_msgs/include/controller_manager_msgs/controller_manager_msgs/srv/detail/load_controller__type_support.c
[0.325s] -- Up-to-date: /home/kadi/UR5e_ros2/ros2_real/install/controller_manager_msgs/include/controller_manager_msgs/controller_manager_msgs/srv/detail/list_controller_types__rosidl_typesupport_introspection_c.h
[0.325s] -- Installing: /home/kadi/UR5e_ros2/ros2_real/install/controller_manager_msgs/include/controller_manager_msgs/controller_manager_msgs/srv/detail/set_hardware_component_state__type_support.c
[0.325s] -- Up-to-date: /home/kadi/UR5e_ros2/ros2_real/install/controller_manager_msgs/include/controller_manager_msgs/controller_manager_msgs/msg
[0.326s] -- Up-to-date: /home/kadi/UR5e_ros2/ros2_real/install/controller_manager_msgs/include/controller_manager_msgs/controller_manager_msgs/msg/detail
[0.326s] -- Up-to-date: /home/kadi/UR5e_ros2/ros2_real/install/controller_manager_msgs/include/controller_manager_msgs/controller_manager_msgs/msg/detail/chain_connection__rosidl_typesupport_introspection_c.h
[0.326s] -- Installing: /home/kadi/UR5e_ros2/ros2_real/install/controller_manager_msgs/include/controller_manager_msgs/controller_manager_msgs/msg/detail/chain_connection__type_support.c
[0.327s] -- Up-to-date: /home/kadi/UR5e_ros2/ros2_real/install/controller_manager_msgs/include/controller_manager_msgs/controller_manager_msgs/msg/detail/controller_state__rosidl_typesupport_introspection_c.h
[0.327s] -- Installing: /home/kadi/UR5e_ros2/ros2_real/install/controller_manager_msgs/include/controller_manager_msgs/controller_manager_msgs/msg/detail/hardware_component_state__type_support.c
[0.327s] -- Installing: /home/kadi/UR5e_ros2/ros2_real/install/controller_manager_msgs/include/controller_manager_msgs/controller_manager_msgs/msg/detail/hardware_interface__type_support.c
[0.327s] -- Up-to-date: /home/kadi/UR5e_ros2/ros2_real/install/controller_manager_msgs/include/controller_manager_msgs/controller_manager_msgs/msg/detail/hardware_interface__rosidl_typesupport_introspection_c.h
[0.327s] -- Up-to-date: /home/kadi/UR5e_ros2/ros2_real/install/controller_manager_msgs/include/controller_manager_msgs/controller_manager_msgs/msg/detail/hardware_component_state__rosidl_typesupport_introspection_c.h
[0.327s] -- Installing: /home/kadi/UR5e_ros2/ros2_real/install/controller_manager_msgs/include/controller_manager_msgs/controller_manager_msgs/msg/detail/controller_state__type_support.c
[0.327s] -- Up-to-date: /home/kadi/UR5e_ros2/ros2_real/install/controller_manager_msgs/include/controller_manager_msgs/controller_manager_msgs/msg/rosidl_typesupport_introspection_c__visibility_control.h
[0.328s] -- Up-to-date: /home/kadi/UR5e_ros2/ros2_real/install/controller_manager_msgs/lib/libcontroller_manager_msgs__rosidl_typesupport_introspection_c.so
[0.328s] -- Up-to-date: /home/kadi/UR5e_ros2/ros2_real/install/controller_manager_msgs/lib/libcontroller_manager_msgs__rosidl_typesupport_c.so
[0.328s] -- Up-to-date: /home/kadi/UR5e_ros2/ros2_real/install/controller_manager_msgs/include/controller_manager_msgs/controller_manager_msgs
[0.328s] -- Up-to-date: /home/kadi/UR5e_ros2/ros2_real/install/controller_manager_msgs/include/controller_manager_msgs/controller_manager_msgs/srv
[0.328s] -- Up-to-date: /home/kadi/UR5e_ros2/ros2_real/install/controller_manager_msgs/include/controller_manager_msgs/controller_manager_msgs/srv/detail
[0.328s] -- Up-to-date: /home/kadi/UR5e_ros2/ros2_real/install/controller_manager_msgs/include/controller_manager_msgs/controller_manager_msgs/srv/detail/list_hardware_components__type_support.cpp
[0.328s] -- Up-to-date: /home/kadi/UR5e_ros2/ros2_real/install/controller_manager_msgs/include/controller_manager_msgs/controller_manager_msgs/srv/detail/list_controllers__type_support.cpp
[0.328s] -- Up-to-date: /home/kadi/UR5e_ros2/ros2_real/install/controller_manager_msgs/include/controller_manager_msgs/controller_manager_msgs/srv/detail/list_controller_types__rosidl_typesupport_introspection_cpp.hpp
[0.328s] -- Up-to-date: /home/kadi/UR5e_ros2/ros2_real/install/controller_manager_msgs/include/controller_manager_msgs/controller_manager_msgs/srv/detail/list_hardware_interfaces__type_support.cpp
[0.328s] -- Up-to-date: /home/kadi/UR5e_ros2/ros2_real/install/controller_manager_msgs/include/controller_manager_msgs/controller_manager_msgs/srv/detail/reload_controller_libraries__rosidl_typesupport_introspection_cpp.hpp
[0.328s] -- Up-to-date: /home/kadi/UR5e_ros2/ros2_real/install/controller_manager_msgs/include/controller_manager_msgs/controller_manager_msgs/srv/detail/list_controllers__rosidl_typesupport_introspection_cpp.hpp
[0.328s] -- Up-to-date: /home/kadi/UR5e_ros2/ros2_real/install/controller_manager_msgs/include/controller_manager_msgs/controller_manager_msgs/srv/detail/reload_controller_libraries__type_support.cpp
[0.328s] -- Up-to-date: /home/kadi/UR5e_ros2/ros2_real/install/controller_manager_msgs/include/controller_manager_msgs/controller_manager_msgs/srv/detail/set_hardware_component_state__type_support.cpp
[0.328s] -- Up-to-date: /home/kadi/UR5e_ros2/ros2_real/install/controller_manager_msgs/include/controller_manager_msgs/controller_manager_msgs/srv/detail/load_controller__rosidl_typesupport_introspection_cpp.hpp
[0.328s] -- Up-to-date: /home/kadi/UR5e_ros2/ros2_real/install/controller_manager_msgs/include/controller_manager_msgs/controller_manager_msgs/srv/detail/list_hardware_interfaces__rosidl_typesupport_introspection_cpp.hpp
[0.328s] -- Up-to-date: /home/kadi/UR5e_ros2/ros2_real/install/controller_manager_msgs/include/controller_manager_msgs/controller_manager_msgs/srv/detail/configure_controller__rosidl_typesupport_introspection_cpp.hpp
[0.328s] -- Up-to-date: /home/kadi/UR5e_ros2/ros2_real/install/controller_manager_msgs/include/controller_manager_msgs/controller_manager_msgs/srv/detail/load_controller__type_support.cpp
[0.328s] -- Up-to-date: /home/kadi/UR5e_ros2/ros2_real/install/controller_manager_msgs/include/controller_manager_msgs/controller_manager_msgs/srv/detail/list_hardware_components__rosidl_typesupport_introspection_cpp.hpp
[0.328s] -- Up-to-date: /home/kadi/UR5e_ros2/ros2_real/install/controller_manager_msgs/include/controller_manager_msgs/controller_manager_msgs/srv/detail/switch_controller__type_support.cpp
[0.328s] -- Up-to-date: /home/kadi/UR5e_ros2/ros2_real/install/controller_manager_msgs/include/controller_manager_msgs/controller_manager_msgs/srv/detail/unload_controller__rosidl_typesupport_introspection_cpp.hpp
[0.328s] -- Up-to-date: /home/kadi/UR5e_ros2/ros2_real/install/controller_manager_msgs/include/controller_manager_msgs/controller_manager_msgs/srv/detail/switch_controller__rosidl_typesupport_introspection_cpp.hpp
[0.328s] -- Up-to-date: /home/kadi/UR5e_ros2/ros2_real/install/controller_manager_msgs/include/controller_manager_msgs/controller_manager_msgs/srv/detail/set_hardware_component_state__rosidl_typesupport_introspection_cpp.hpp
[0.329s] -- Up-to-date: /home/kadi/UR5e_ros2/ros2_real/install/controller_manager_msgs/include/controller_manager_msgs/controller_manager_msgs/srv/detail/unload_controller__type_support.cpp
[0.329s] -- Up-to-date: /home/kadi/UR5e_ros2/ros2_real/install/controller_manager_msgs/include/controller_manager_msgs/controller_manager_msgs/srv/detail/configure_controller__type_support.cpp
[0.329s] -- Up-to-date: /home/kadi/UR5e_ros2/ros2_real/install/controller_manager_msgs/include/controller_manager_msgs/controller_manager_msgs/srv/detail/list_controller_types__type_support.cpp
[0.329s] -- Up-to-date: /home/kadi/UR5e_ros2/ros2_real/install/controller_manager_msgs/include/controller_manager_msgs/controller_manager_msgs/msg
[0.329s] -- Up-to-date: /home/kadi/UR5e_ros2/ros2_real/install/controller_manager_msgs/include/controller_manager_msgs/controller_manager_msgs/msg/detail
[0.329s] -- Up-to-date: /home/kadi/UR5e_ros2/ros2_real/install/controller_manager_msgs/include/controller_manager_msgs/controller_manager_msgs/msg/detail/hardware_component_state__rosidl_typesupport_introspection_cpp.hpp
[0.329s] -- Up-to-date: /home/kadi/UR5e_ros2/ros2_real/install/controller_manager_msgs/include/controller_manager_msgs/controller_manager_msgs/msg/detail/chain_connection__type_support.cpp
[0.329s] -- Up-to-date: /home/kadi/UR5e_ros2/ros2_real/install/controller_manager_msgs/include/controller_manager_msgs/controller_manager_msgs/msg/detail/hardware_component_state__type_support.cpp
[0.329s] -- Up-to-date: /home/kadi/UR5e_ros2/ros2_real/install/controller_manager_msgs/include/controller_manager_msgs/controller_manager_msgs/msg/detail/hardware_interface__type_support.cpp
[0.329s] -- Up-to-date: /home/kadi/UR5e_ros2/ros2_real/install/controller_manager_msgs/include/controller_manager_msgs/controller_manager_msgs/msg/detail/chain_connection__rosidl_typesupport_introspection_cpp.hpp
[0.329s] -- Up-to-date: /home/kadi/UR5e_ros2/ros2_real/install/controller_manager_msgs/include/controller_manager_msgs/controller_manager_msgs/msg/detail/hardware_interface__rosidl_typesupport_introspection_cpp.hpp
[0.329s] -- Up-to-date: /home/kadi/UR5e_ros2/ros2_real/install/controller_manager_msgs/include/controller_manager_msgs/controller_manager_msgs/msg/detail/controller_state__rosidl_typesupport_introspection_cpp.hpp
[0.329s] -- Up-to-date: /home/kadi/UR5e_ros2/ros2_real/install/controller_manager_msgs/include/controller_manager_msgs/controller_manager_msgs/msg/detail/controller_state__type_support.cpp
[0.330s] -- Up-to-date: /home/kadi/UR5e_ros2/ros2_real/install/controller_manager_msgs/lib/libcontroller_manager_msgs__rosidl_typesupport_introspection_cpp.so
[0.330s] -- Up-to-date: /home/kadi/UR5e_ros2/ros2_real/install/controller_manager_msgs/lib/libcontroller_manager_msgs__rosidl_typesupport_cpp.so
[0.330s] -- Up-to-date: /home/kadi/UR5e_ros2/ros2_real/install/controller_manager_msgs/share/controller_manager_msgs/environment/pythonpath.sh
[0.331s] -- Up-to-date: /home/kadi/UR5e_ros2/ros2_real/install/controller_manager_msgs/share/controller_manager_msgs/environment/pythonpath.dsv
[0.331s] -- Up-to-date: /home/kadi/UR5e_ros2/ros2_real/install/controller_manager_msgs/lib/python3.10/site-packages/controller_manager_msgs-3.28.1-py3.10.egg-info
[0.331s] -- Installing: /home/kadi/UR5e_ros2/ros2_real/install/controller_manager_msgs/lib/python3.10/site-packages/controller_manager_msgs-3.28.1-py3.10.egg-info/SOURCES.txt
[0.331s] -- Installing: /home/kadi/UR5e_ros2/ros2_real/install/controller_manager_msgs/lib/python3.10/site-packages/controller_manager_msgs-3.28.1-py3.10.egg-info/dependency_links.txt
[0.331s] -- Installing: /home/kadi/UR5e_ros2/ros2_real/install/controller_manager_msgs/lib/python3.10/site-packages/controller_manager_msgs-3.28.1-py3.10.egg-info/PKG-INFO
[0.331s] -- Installing: /home/kadi/UR5e_ros2/ros2_real/install/controller_manager_msgs/lib/python3.10/site-packages/controller_manager_msgs-3.28.1-py3.10.egg-info/top_level.txt
[0.331s] -- Up-to-date: /home/kadi/UR5e_ros2/ros2_real/install/controller_manager_msgs/lib/python3.10/site-packages/controller_manager_msgs
[0.331s] -- Up-to-date: /home/kadi/UR5e_ros2/ros2_real/install/controller_manager_msgs/lib/python3.10/site-packages/controller_manager_msgs/srv
[0.331s] -- Up-to-date: /home/kadi/UR5e_ros2/ros2_real/install/controller_manager_msgs/lib/python3.10/site-packages/controller_manager_msgs/srv/__init__.py
[0.331s] -- Up-to-date: /home/kadi/UR5e_ros2/ros2_real/install/controller_manager_msgs/lib/python3.10/site-packages/controller_manager_msgs/srv/_unload_controller_s.c
[0.331s] -- Up-to-date: /home/kadi/UR5e_ros2/ros2_real/install/controller_manager_msgs/lib/python3.10/site-packages/controller_manager_msgs/srv/_unload_controller.py
[0.331s] -- Up-to-date: /home/kadi/UR5e_ros2/ros2_real/install/controller_manager_msgs/lib/python3.10/site-packages/controller_manager_msgs/srv/_list_hardware_components_s.c
[0.332s] -- Up-to-date: /home/kadi/UR5e_ros2/ros2_real/install/controller_manager_msgs/lib/python3.10/site-packages/controller_manager_msgs/srv/_set_hardware_component_state_s.c
[0.332s] -- Up-to-date: /home/kadi/UR5e_ros2/ros2_real/install/controller_manager_msgs/lib/python3.10/site-packages/controller_manager_msgs/srv/_list_controllers_s.c
[0.332s] -- Up-to-date: /home/kadi/UR5e_ros2/ros2_real/install/controller_manager_msgs/lib/python3.10/site-packages/controller_manager_msgs/srv/_list_hardware_components.py
[0.332s] -- Up-to-date: /home/kadi/UR5e_ros2/ros2_real/install/controller_manager_msgs/lib/python3.10/site-packages/controller_manager_msgs/srv/_switch_controller_s.c
[0.332s] -- Up-to-date: /home/kadi/UR5e_ros2/ros2_real/install/controller_manager_msgs/lib/python3.10/site-packages/controller_manager_msgs/srv/_list_controllers.py
[0.332s] -- Up-to-date: /home/kadi/UR5e_ros2/ros2_real/install/controller_manager_msgs/lib/python3.10/site-packages/controller_manager_msgs/srv/_list_controller_types_s.c
[0.332s] -- Up-to-date: /home/kadi/UR5e_ros2/ros2_real/install/controller_manager_msgs/lib/python3.10/site-packages/controller_manager_msgs/srv/_list_hardware_interfaces_s.c
[0.332s] -- Up-to-date: /home/kadi/UR5e_ros2/ros2_real/install/controller_manager_msgs/lib/python3.10/site-packages/controller_manager_msgs/srv/_load_controller.py
[0.332s] -- Up-to-date: /home/kadi/UR5e_ros2/ros2_real/install/controller_manager_msgs/lib/python3.10/site-packages/controller_manager_msgs/srv/_reload_controller_libraries_s.c
[0.332s] -- Up-to-date: /home/kadi/UR5e_ros2/ros2_real/install/controller_manager_msgs/lib/python3.10/site-packages/controller_manager_msgs/srv/_load_controller_s.c
[0.332s] -- Up-to-date: /home/kadi/UR5e_ros2/ros2_real/install/controller_manager_msgs/lib/python3.10/site-packages/controller_manager_msgs/srv/_list_controller_types.py
[0.332s] -- Up-to-date: /home/kadi/UR5e_ros2/ros2_real/install/controller_manager_msgs/lib/python3.10/site-packages/controller_manager_msgs/srv/_switch_controller.py
[0.332s] -- Up-to-date: /home/kadi/UR5e_ros2/ros2_real/install/controller_manager_msgs/lib/python3.10/site-packages/controller_manager_msgs/srv/_list_hardware_interfaces.py
[0.332s] -- Up-to-date: /home/kadi/UR5e_ros2/ros2_real/install/controller_manager_msgs/lib/python3.10/site-packages/controller_manager_msgs/srv/_set_hardware_component_state.py
[0.332s] -- Up-to-date: /home/kadi/UR5e_ros2/ros2_real/install/controller_manager_msgs/lib/python3.10/site-packages/controller_manager_msgs/srv/_configure_controller.py
[0.332s] -- Up-to-date: /home/kadi/UR5e_ros2/ros2_real/install/controller_manager_msgs/lib/python3.10/site-packages/controller_manager_msgs/srv/_reload_controller_libraries.py
[0.332s] -- Up-to-date: /home/kadi/UR5e_ros2/ros2_real/install/controller_manager_msgs/lib/python3.10/site-packages/controller_manager_msgs/srv/_configure_controller_s.c
[0.332s] -- Up-to-date: /home/kadi/UR5e_ros2/ros2_real/install/controller_manager_msgs/lib/python3.10/site-packages/controller_manager_msgs/__init__.py
[0.332s] -- Up-to-date: /home/kadi/UR5e_ros2/ros2_real/install/controller_manager_msgs/lib/python3.10/site-packages/controller_manager_msgs/msg
[0.332s] -- Up-to-date: /home/kadi/UR5e_ros2/ros2_real/install/controller_manager_msgs/lib/python3.10/site-packages/controller_manager_msgs/msg/__init__.py
[0.334s] -- Up-to-date: /home/kadi/UR5e_ros2/ros2_real/install/controller_manager_msgs/lib/python3.10/site-packages/controller_manager_msgs/msg/_chain_connection_s.c
[0.334s] -- Up-to-date: /home/kadi/UR5e_ros2/ros2_real/install/controller_manager_msgs/lib/python3.10/site-packages/controller_manager_msgs/msg/_chain_connection.py
[0.334s] -- Up-to-date: /home/kadi/UR5e_ros2/ros2_real/install/controller_manager_msgs/lib/python3.10/site-packages/controller_manager_msgs/msg/_hardware_component_state_s.c
[0.334s] -- Up-to-date: /home/kadi/UR5e_ros2/ros2_real/install/controller_manager_msgs/lib/python3.10/site-packages/controller_manager_msgs/msg/_hardware_component_state.py
[0.334s] -- Up-to-date: /home/kadi/UR5e_ros2/ros2_real/install/controller_manager_msgs/lib/python3.10/site-packages/controller_manager_msgs/msg/_controller_state_s.c
[0.334s] -- Up-to-date: /home/kadi/UR5e_ros2/ros2_real/install/controller_manager_msgs/lib/python3.10/site-packages/controller_manager_msgs/msg/_controller_state.py
[0.334s] -- Up-to-date: /home/kadi/UR5e_ros2/ros2_real/install/controller_manager_msgs/lib/python3.10/site-packages/controller_manager_msgs/msg/_hardware_interface_s.c
[0.334s] -- Up-to-date: /home/kadi/UR5e_ros2/ros2_real/install/controller_manager_msgs/lib/python3.10/site-packages/controller_manager_msgs/msg/_hardware_interface.py
[0.334s] -- Up-to-date: /home/kadi/UR5e_ros2/ros2_real/install/controller_manager_msgs/lib/python3.10/site-packages/controller_manager_msgs/controller_manager_msgs_s__rosidl_typesupport_fastrtps_c.cpython-310-x86_64-linux-gnu.so
[0.334s] -- Up-to-date: /home/kadi/UR5e_ros2/ros2_real/install/controller_manager_msgs/lib/python3.10/site-packages/controller_manager_msgs/controller_manager_msgs_s__rosidl_typesupport_introspection_c.cpython-310-x86_64-linux-gnu.so
[0.334s] -- Up-to-date: /home/kadi/UR5e_ros2/ros2_real/install/controller_manager_msgs/lib/python3.10/site-packages/controller_manager_msgs/_controller_manager_msgs_s.ep.rosidl_typesupport_c.c
[0.334s] -- Up-to-date: /home/kadi/UR5e_ros2/ros2_real/install/controller_manager_msgs/lib/python3.10/site-packages/controller_manager_msgs/libcontroller_manager_msgs__rosidl_generator_py.so
[0.334s] -- Up-to-date: /home/kadi/UR5e_ros2/ros2_real/install/controller_manager_msgs/lib/python3.10/site-packages/controller_manager_msgs/controller_manager_msgs_s__rosidl_typesupport_c.cpython-310-x86_64-linux-gnu.so
[0.334s] -- Up-to-date: /home/kadi/UR5e_ros2/ros2_real/install/controller_manager_msgs/lib/python3.10/site-packages/controller_manager_msgs/_controller_manager_msgs_s.ep.rosidl_typesupport_fastrtps_c.c
[0.334s] -- Up-to-date: /home/kadi/UR5e_ros2/ros2_real/install/controller_manager_msgs/lib/python3.10/site-packages/controller_manager_msgs/_controller_manager_msgs_s.ep.rosidl_typesupport_introspection_c.c
[0.344s] Listing '/home/kadi/UR5e_ros2/ros2_real/install/controller_manager_msgs/lib/python3.10/site-packages/controller_manager_msgs'...
[0.344s] Listing '/home/kadi/UR5e_ros2/ros2_real/install/controller_manager_msgs/lib/python3.10/site-packages/controller_manager_msgs/msg'...
[0.344s] Listing '/home/kadi/UR5e_ros2/ros2_real/install/controller_manager_msgs/lib/python3.10/site-packages/controller_manager_msgs/srv'...
[0.346s] -- Up-to-date: /home/kadi/UR5e_ros2/ros2_real/install/controller_manager_msgs/lib/python3.10/site-packages/controller_manager_msgs/controller_manager_msgs_s__rosidl_typesupport_fastrtps_c.cpython-310-x86_64-linux-gnu.so
[0.347s] -- Up-to-date: /home/kadi/UR5e_ros2/ros2_real/install/controller_manager_msgs/lib/python3.10/site-packages/controller_manager_msgs/controller_manager_msgs_s__rosidl_typesupport_introspection_c.cpython-310-x86_64-linux-gnu.so
[0.348s] -- Up-to-date: /home/kadi/UR5e_ros2/ros2_real/install/controller_manager_msgs/lib/python3.10/site-packages/controller_manager_msgs/controller_manager_msgs_s__rosidl_typesupport_c.cpython-310-x86_64-linux-gnu.so
[0.348s] -- Up-to-date: /home/kadi/UR5e_ros2/ros2_real/install/controller_manager_msgs/lib/libcontroller_manager_msgs__rosidl_generator_py.so
[0.348s] -- Up-to-date: /home/kadi/UR5e_ros2/ros2_real/install/controller_manager_msgs/share/controller_manager_msgs/msg/ControllerState.idl
[0.348s] -- Up-to-date: /home/kadi/UR5e_ros2/ros2_real/install/controller_manager_msgs/share/controller_manager_msgs/msg/ChainConnection.idl
[0.348s] -- Up-to-date: /home/kadi/UR5e_ros2/ros2_real/install/controller_manager_msgs/share/controller_manager_msgs/msg/HardwareComponentState.idl
[0.348s] -- Up-to-date: /home/kadi/UR5e_ros2/ros2_real/install/controller_manager_msgs/share/controller_manager_msgs/msg/HardwareInterface.idl
[0.348s] -- Up-to-date: /home/kadi/UR5e_ros2/ros2_real/install/controller_manager_msgs/share/controller_manager_msgs/srv/ConfigureController.idl
[0.348s] -- Up-to-date: /home/kadi/UR5e_ros2/ros2_real/install/controller_manager_msgs/share/controller_manager_msgs/srv/ListControllers.idl
[0.348s] -- Up-to-date: /home/kadi/UR5e_ros2/ros2_real/install/controller_manager_msgs/share/controller_manager_msgs/srv/ListControllerTypes.idl
[0.348s] -- Up-to-date: /home/kadi/UR5e_ros2/ros2_real/install/controller_manager_msgs/share/controller_manager_msgs/srv/ListHardwareComponents.idl
[0.349s] -- Up-to-date: /home/kadi/UR5e_ros2/ros2_real/install/controller_manager_msgs/share/controller_manager_msgs/srv/ListHardwareInterfaces.idl
[0.349s] -- Up-to-date: /home/kadi/UR5e_ros2/ros2_real/install/controller_manager_msgs/share/controller_manager_msgs/srv/LoadController.idl
[0.349s] -- Up-to-date: /home/kadi/UR5e_ros2/ros2_real/install/controller_manager_msgs/share/controller_manager_msgs/srv/ReloadControllerLibraries.idl
[0.349s] -- Up-to-date: /home/kadi/UR5e_ros2/ros2_real/install/controller_manager_msgs/share/controller_manager_msgs/srv/SetHardwareComponentState.idl
[0.349s] -- Up-to-date: /home/kadi/UR5e_ros2/ros2_real/install/controller_manager_msgs/share/controller_manager_msgs/srv/SwitchController.idl
[0.349s] -- Up-to-date: /home/kadi/UR5e_ros2/ros2_real/install/controller_manager_msgs/share/controller_manager_msgs/srv/UnloadController.idl
[0.349s] -- Up-to-date: /home/kadi/UR5e_ros2/ros2_real/install/controller_manager_msgs/share/controller_manager_msgs/msg/ControllerState.msg
[0.349s] -- Up-to-date: /home/kadi/UR5e_ros2/ros2_real/install/controller_manager_msgs/share/controller_manager_msgs/msg/ChainConnection.msg
[0.349s] -- Up-to-date: /home/kadi/UR5e_ros2/ros2_real/install/controller_manager_msgs/share/controller_manager_msgs/msg/HardwareComponentState.msg
[0.349s] -- Up-to-date: /home/kadi/UR5e_ros2/ros2_real/install/controller_manager_msgs/share/controller_manager_msgs/msg/HardwareInterface.msg
[0.349s] -- Up-to-date: /home/kadi/UR5e_ros2/ros2_real/install/controller_manager_msgs/share/controller_manager_msgs/srv/ConfigureController.srv
[0.349s] -- Up-to-date: /home/kadi/UR5e_ros2/ros2_real/install/controller_manager_msgs/share/controller_manager_msgs/srv/ConfigureController_Request.msg
[0.349s] -- Up-to-date: /home/kadi/UR5e_ros2/ros2_real/install/controller_manager_msgs/share/controller_manager_msgs/srv/ConfigureController_Response.msg
[0.349s] -- Up-to-date: /home/kadi/UR5e_ros2/ros2_real/install/controller_manager_msgs/share/controller_manager_msgs/srv/ListControllers.srv
[0.349s] -- Up-to-date: /home/kadi/UR5e_ros2/ros2_real/install/controller_manager_msgs/share/controller_manager_msgs/srv/ListControllers_Request.msg
[0.349s] -- Up-to-date: /home/kadi/UR5e_ros2/ros2_real/install/controller_manager_msgs/share/controller_manager_msgs/srv/ListControllers_Response.msg
[0.349s] -- Up-to-date: /home/kadi/UR5e_ros2/ros2_real/install/controller_manager_msgs/share/controller_manager_msgs/srv/ListControllerTypes.srv
[0.349s] -- Up-to-date: /home/kadi/UR5e_ros2/ros2_real/install/controller_manager_msgs/share/controller_manager_msgs/srv/ListControllerTypes_Request.msg
[0.349s] -- Up-to-date: /home/kadi/UR5e_ros2/ros2_real/install/controller_manager_msgs/share/controller_manager_msgs/srv/ListControllerTypes_Response.msg
[0.349s] -- Up-to-date: /home/kadi/UR5e_ros2/ros2_real/install/controller_manager_msgs/share/controller_manager_msgs/srv/ListHardwareComponents.srv
[0.349s] -- Up-to-date: /home/kadi/UR5e_ros2/ros2_real/install/controller_manager_msgs/share/controller_manager_msgs/srv/ListHardwareComponents_Request.msg
[0.349s] -- Up-to-date: /home/kadi/UR5e_ros2/ros2_real/install/controller_manager_msgs/share/controller_manager_msgs/srv/ListHardwareComponents_Response.msg
[0.349s] -- Up-to-date: /home/kadi/UR5e_ros2/ros2_real/install/controller_manager_msgs/share/controller_manager_msgs/srv/ListHardwareInterfaces.srv
[0.350s] -- Up-to-date: /home/kadi/UR5e_ros2/ros2_real/install/controller_manager_msgs/share/controller_manager_msgs/srv/ListHardwareInterfaces_Request.msg
[0.350s] -- Up-to-date: /home/kadi/UR5e_ros2/ros2_real/install/controller_manager_msgs/share/controller_manager_msgs/srv/ListHardwareInterfaces_Response.msg
[0.350s] -- Up-to-date: /home/kadi/UR5e_ros2/ros2_real/install/controller_manager_msgs/share/controller_manager_msgs/srv/LoadController.srv
[0.350s] -- Up-to-date: /home/kadi/UR5e_ros2/ros2_real/install/controller_manager_msgs/share/controller_manager_msgs/srv/LoadController_Request.msg
[0.350s] -- Up-to-date: /home/kadi/UR5e_ros2/ros2_real/install/controller_manager_msgs/share/controller_manager_msgs/srv/LoadController_Response.msg
[0.350s] -- Up-to-date: /home/kadi/UR5e_ros2/ros2_real/install/controller_manager_msgs/share/controller_manager_msgs/srv/ReloadControllerLibraries.srv
[0.350s] -- Up-to-date: /home/kadi/UR5e_ros2/ros2_real/install/controller_manager_msgs/share/controller_manager_msgs/srv/ReloadControllerLibraries_Request.msg
[0.350s] -- Up-to-date: /home/kadi/UR5e_ros2/ros2_real/install/controller_manager_msgs/share/controller_manager_msgs/srv/ReloadControllerLibraries_Response.msg
[0.350s] -- Up-to-date: /home/kadi/UR5e_ros2/ros2_real/install/controller_manager_msgs/share/controller_manager_msgs/srv/SetHardwareComponentState.srv
[0.350s] -- Up-to-date: /home/kadi/UR5e_ros2/ros2_real/install/controller_manager_msgs/share/controller_manager_msgs/srv/SetHardwareComponentState_Request.msg
[0.350s] -- Up-to-date: /home/kadi/UR5e_ros2/ros2_real/install/controller_manager_msgs/share/controller_manager_msgs/srv/SetHardwareComponentState_Response.msg
[0.350s] -- Up-to-date: /home/kadi/UR5e_ros2/ros2_real/install/controller_manager_msgs/share/controller_manager_msgs/srv/SwitchController.srv
[0.350s] -- Up-to-date: /home/kadi/UR5e_ros2/ros2_real/install/controller_manager_msgs/share/controller_manager_msgs/srv/SwitchController_Request.msg
[0.350s] -- Up-to-date: /home/kadi/UR5e_ros2/ros2_real/install/controller_manager_msgs/share/controller_manager_msgs/srv/SwitchController_Response.msg
[0.350s] -- Up-to-date: /home/kadi/UR5e_ros2/ros2_real/install/controller_manager_msgs/share/controller_manager_msgs/srv/UnloadController.srv
[0.350s] -- Up-to-date: /home/kadi/UR5e_ros2/ros2_real/install/controller_manager_msgs/share/controller_manager_msgs/srv/UnloadController_Request.msg
[0.350s] -- Up-to-date: /home/kadi/UR5e_ros2/ros2_real/install/controller_manager_msgs/share/controller_manager_msgs/srv/UnloadController_Response.msg
[0.350s] -- Up-to-date: /home/kadi/UR5e_ros2/ros2_real/install/controller_manager_msgs/share/ament_index/resource_index/package_run_dependencies/controller_manager_msgs
[0.350s] -- Up-to-date: /home/kadi/UR5e_ros2/ros2_real/install/controller_manager_msgs/share/ament_index/resource_index/parent_prefix_path/controller_manager_msgs
[0.350s] -- Up-to-date: /home/kadi/UR5e_ros2/ros2_real/install/controller_manager_msgs/share/controller_manager_msgs/environment/ament_prefix_path.sh
[0.350s] -- Up-to-date: /home/kadi/UR5e_ros2/ros2_real/install/controller_manager_msgs/share/controller_manager_msgs/environment/ament_prefix_path.dsv
[0.350s] -- Up-to-date: /home/kadi/UR5e_ros2/ros2_real/install/controller_manager_msgs/share/controller_manager_msgs/environment/path.sh
[0.350s] -- Up-to-date: /home/kadi/UR5e_ros2/ros2_real/install/controller_manager_msgs/share/controller_manager_msgs/environment/path.dsv
[0.350s] -- Up-to-date: /home/kadi/UR5e_ros2/ros2_real/install/controller_manager_msgs/share/controller_manager_msgs/local_setup.bash
[0.350s] -- Up-to-date: /home/kadi/UR5e_ros2/ros2_real/install/controller_manager_msgs/share/controller_manager_msgs/local_setup.sh
[0.350s] -- Up-to-date: /home/kadi/UR5e_ros2/ros2_real/install/controller_manager_msgs/share/controller_manager_msgs/local_setup.zsh
[0.350s] -- Up-to-date: /home/kadi/UR5e_ros2/ros2_real/install/controller_manager_msgs/share/controller_manager_msgs/local_setup.dsv
[0.350s] -- Installing: /home/kadi/UR5e_ros2/ros2_real/install/controller_manager_msgs/share/controller_manager_msgs/package.dsv
[0.351s] -- Up-to-date: /home/kadi/UR5e_ros2/ros2_real/install/controller_manager_msgs/share/ament_index/resource_index/packages/controller_manager_msgs
[0.351s] -- Up-to-date: /home/kadi/UR5e_ros2/ros2_real/install/controller_manager_msgs/share/controller_manager_msgs/cmake/export_controller_manager_msgs__rosidl_generator_cExport.cmake
[0.351s] -- Up-to-date: /home/kadi/UR5e_ros2/ros2_real/install/controller_manager_msgs/share/controller_manager_msgs/cmake/export_controller_manager_msgs__rosidl_generator_cExport-release.cmake
[0.351s] -- Up-to-date: /home/kadi/UR5e_ros2/ros2_real/install/controller_manager_msgs/share/controller_manager_msgs/cmake/export_controller_manager_msgs__rosidl_typesupport_fastrtps_cExport.cmake
[0.351s] -- Up-to-date: /home/kadi/UR5e_ros2/ros2_real/install/controller_manager_msgs/share/controller_manager_msgs/cmake/export_controller_manager_msgs__rosidl_typesupport_fastrtps_cExport-release.cmake
[0.351s] -- Up-to-date: /home/kadi/UR5e_ros2/ros2_real/install/controller_manager_msgs/share/controller_manager_msgs/cmake/export_controller_manager_msgs__rosidl_generator_cppExport.cmake
[0.351s] -- Up-to-date: /home/kadi/UR5e_ros2/ros2_real/install/controller_manager_msgs/share/controller_manager_msgs/cmake/export_controller_manager_msgs__rosidl_typesupport_fastrtps_cppExport.cmake
[0.351s] -- Up-to-date: /home/kadi/UR5e_ros2/ros2_real/install/controller_manager_msgs/share/controller_manager_msgs/cmake/export_controller_manager_msgs__rosidl_typesupport_fastrtps_cppExport-release.cmake
[0.351s] -- Up-to-date: /home/kadi/UR5e_ros2/ros2_real/install/controller_manager_msgs/share/controller_manager_msgs/cmake/controller_manager_msgs__rosidl_typesupport_introspection_cExport.cmake
[0.351s] -- Up-to-date: /home/kadi/UR5e_ros2/ros2_real/install/controller_manager_msgs/share/controller_manager_msgs/cmake/controller_manager_msgs__rosidl_typesupport_introspection_cExport-release.cmake
[0.351s] -- Up-to-date: /home/kadi/UR5e_ros2/ros2_real/install/controller_manager_msgs/share/controller_manager_msgs/cmake/controller_manager_msgs__rosidl_typesupport_cExport.cmake
[0.352s] -- Up-to-date: /home/kadi/UR5e_ros2/ros2_real/install/controller_manager_msgs/share/controller_manager_msgs/cmake/controller_manager_msgs__rosidl_typesupport_cExport-release.cmake
[0.352s] -- Up-to-date: /home/kadi/UR5e_ros2/ros2_real/install/controller_manager_msgs/share/controller_manager_msgs/cmake/controller_manager_msgs__rosidl_typesupport_introspection_cppExport.cmake
[0.352s] -- Up-to-date: /home/kadi/UR5e_ros2/ros2_real/install/controller_manager_msgs/share/controller_manager_msgs/cmake/controller_manager_msgs__rosidl_typesupport_introspection_cppExport-release.cmake
[0.352s] -- Up-to-date: /home/kadi/UR5e_ros2/ros2_real/install/controller_manager_msgs/share/controller_manager_msgs/cmake/controller_manager_msgs__rosidl_typesupport_cppExport.cmake
[0.352s] -- Up-to-date: /home/kadi/UR5e_ros2/ros2_real/install/controller_manager_msgs/share/controller_manager_msgs/cmake/controller_manager_msgs__rosidl_typesupport_cppExport-release.cmake
[0.352s] -- Up-to-date: /home/kadi/UR5e_ros2/ros2_real/install/controller_manager_msgs/share/controller_manager_msgs/cmake/export_controller_manager_msgs__rosidl_generator_pyExport.cmake
[0.352s] -- Up-to-date: /home/kadi/UR5e_ros2/ros2_real/install/controller_manager_msgs/share/controller_manager_msgs/cmake/export_controller_manager_msgs__rosidl_generator_pyExport-release.cmake
[0.352s] -- Up-to-date: /home/kadi/UR5e_ros2/ros2_real/install/controller_manager_msgs/share/controller_manager_msgs/cmake/rosidl_cmake-extras.cmake
[0.352s] -- Up-to-date: /home/kadi/UR5e_ros2/ros2_real/install/controller_manager_msgs/share/controller_manager_msgs/cmake/ament_cmake_export_dependencies-extras.cmake
[0.352s] -- Up-to-date: /home/kadi/UR5e_ros2/ros2_real/install/controller_manager_msgs/share/controller_manager_msgs/cmake/ament_cmake_export_include_directories-extras.cmake
[0.352s] -- Up-to-date: /home/kadi/UR5e_ros2/ros2_real/install/controller_manager_msgs/share/controller_manager_msgs/cmake/ament_cmake_export_libraries-extras.cmake
[0.352s] -- Up-to-date: /home/kadi/UR5e_ros2/ros2_real/install/controller_manager_msgs/share/controller_manager_msgs/cmake/ament_cmake_export_targets-extras.cmake
[0.352s] -- Up-to-date: /home/kadi/UR5e_ros2/ros2_real/install/controller_manager_msgs/share/controller_manager_msgs/cmake/rosidl_cmake_export_typesupport_targets-extras.cmake
[0.352s] -- Up-to-date: /home/kadi/UR5e_ros2/ros2_real/install/controller_manager_msgs/share/controller_manager_msgs/cmake/rosidl_cmake_export_typesupport_libraries-extras.cmake
[0.352s] -- Up-to-date: /home/kadi/UR5e_ros2/ros2_real/install/controller_manager_msgs/share/controller_manager_msgs/cmake/controller_manager_msgsConfig.cmake
[0.352s] -- Up-to-date: /home/kadi/UR5e_ros2/ros2_real/install/controller_manager_msgs/share/controller_manager_msgs/cmake/controller_manager_msgsConfig-version.cmake
[0.352s] -- Up-to-date: /home/kadi/UR5e_ros2/ros2_real/install/controller_manager_msgs/share/controller_manager_msgs/package.xml
[0.359s] Invoked command in '/home/kadi/UR5e_ros2/ros2_real/build/controller_manager_msgs' returned '0': CMAKE_PREFIX_PATH=${CMAKE_PREFIX_PATH}:/opt/ros/iron /usr/bin/cmake --install /home/kadi/UR5e_ros2/ros2_real/build/controller_manager_msgs
