-- The CXX compiler identification is GNU 11.4.0
-- Detecting CXX compiler ABI info
-- Detecting CXX compiler ABI info - done
-- Check for working CXX compiler: /usr/bin/c++ - skipped
-- Detecting CXX compile features
-- Detecting CXX compile features - done
-- Found ament_cmake: 2.0.7 (/opt/ros/iron/share/ament_cmake/cmake)
-- Found Python3: /usr/bin/python3.10 (found version "3.10.12") found components: Interpreter 
-- Found rclcpp: 21.0.8 (/opt/ros/iron/share/rclcpp/cmake)
-- Found rosidl_generator_c: 4.0.1 (/opt/ros/iron/share/rosidl_generator_c/cmake)
-- Found rosidl_generator_cpp: 4.0.1 (/opt/ros/iron/share/rosidl_generator_cpp/cmake)
-- Using all available rosidl_typesupport_c: rosidl_typesupport_fastrtps_c;rosidl_typesupport_introspection_c
-- Using all available rosidl_typesupport_cpp: rosidl_typesupport_fastrtps_cpp;rosidl_typesupport_introspection_cpp
-- Found rmw_implementation_cmake: 7.1.0 (/opt/ros/iron/share/rmw_implementation_cmake/cmake)
-- Found rmw_fastrtps_cpp: 7.1.4 (/opt/ros/iron/share/rmw_fastrtps_cpp/cmake)
-- Found OpenSSL: /usr/lib/x86_64-linux-gnu/libcrypto.so (found version "3.0.2")  
-- Found FastRTPS: /opt/ros/iron/include  
-- Using RMW implementation 'rmw_fastrtps_cpp' as default
-- Found rclcpp_lifecycle: 21.0.8 (/opt/ros/iron/share/rclcpp_lifecycle/cmake)
-- Configuring done
-- Generating done
-- Build files have been written to: /home/kadi/UR5e_ros2/ros2_real/build/kinematics_interface
[ 50%] [32mBuilding CXX object CMakeFiles/kinematics_interface.dir/src/kinematics_interface.cpp.o[0m
[100%] [32m[1mLinking CXX shared library libkinematics_interface.so[0m
[100%] Built target kinematics_interface
-- Install configuration: "Release"
-- Installing: /home/kadi/UR5e_ros2/ros2_real/install/kinematics_interface/include/kinematics_interface
-- Installing: /home/kadi/UR5e_ros2/ros2_real/install/kinematics_interface/include/kinematics_interface/kinematics_interface
-- Installing: /home/kadi/UR5e_ros2/ros2_real/install/kinematics_interface/include/kinematics_interface/kinematics_interface/kinematics_interface.hpp
-- Installing: /home/kadi/UR5e_ros2/ros2_real/install/kinematics_interface/include/kinematics_interface/kinematics_interface/visibility_control.h
-- Installing: /home/kadi/UR5e_ros2/ros2_real/install/kinematics_interface/lib/libkinematics_interface.so
-- Set runtime path of "/home/kadi/UR5e_ros2/ros2_real/install/kinematics_interface/lib/libkinematics_interface.so" to ""
-- Installing: /home/kadi/UR5e_ros2/ros2_real/install/kinematics_interface/share/kinematics_interface/environment/library_path.sh
-- Installing: /home/kadi/UR5e_ros2/ros2_real/install/kinematics_interface/share/kinematics_interface/environment/library_path.dsv
-- Installing: /home/kadi/UR5e_ros2/ros2_real/install/kinematics_interface/share/ament_index/resource_index/package_run_dependencies/kinematics_interface
-- Installing: /home/kadi/UR5e_ros2/ros2_real/install/kinematics_interface/share/ament_index/resource_index/parent_prefix_path/kinematics_interface
-- Installing: /home/kadi/UR5e_ros2/ros2_real/install/kinematics_interface/share/kinematics_interface/environment/ament_prefix_path.sh
-- Installing: /home/kadi/UR5e_ros2/ros2_real/install/kinematics_interface/share/kinematics_interface/environment/ament_prefix_path.dsv
-- Installing: /home/kadi/UR5e_ros2/ros2_real/install/kinematics_interface/share/kinematics_interface/environment/path.sh
-- Installing: /home/kadi/UR5e_ros2/ros2_real/install/kinematics_interface/share/kinematics_interface/environment/path.dsv
-- Installing: /home/kadi/UR5e_ros2/ros2_real/install/kinematics_interface/share/kinematics_interface/local_setup.bash
-- Installing: /home/kadi/UR5e_ros2/ros2_real/install/kinematics_interface/share/kinematics_interface/local_setup.sh
-- Installing: /home/kadi/UR5e_ros2/ros2_real/install/kinematics_interface/share/kinematics_interface/local_setup.zsh
-- Installing: /home/kadi/UR5e_ros2/ros2_real/install/kinematics_interface/share/kinematics_interface/local_setup.dsv
-- Installing: /home/kadi/UR5e_ros2/ros2_real/install/kinematics_interface/share/kinematics_interface/package.dsv
-- Installing: /home/kadi/UR5e_ros2/ros2_real/install/kinematics_interface/share/ament_index/resource_index/packages/kinematics_interface
-- Installing: /home/kadi/UR5e_ros2/ros2_real/install/kinematics_interface/share/kinematics_interface/cmake/export_kinematics_interfaceExport.cmake
-- Installing: /home/kadi/UR5e_ros2/ros2_real/install/kinematics_interface/share/kinematics_interface/cmake/export_kinematics_interfaceExport-release.cmake
-- Installing: /home/kadi/UR5e_ros2/ros2_real/install/kinematics_interface/share/kinematics_interface/cmake/ament_cmake_export_targets-extras.cmake
-- Installing: /home/kadi/UR5e_ros2/ros2_real/install/kinematics_interface/share/kinematics_interface/cmake/ament_cmake_export_dependencies-extras.cmake
-- Installing: /home/kadi/UR5e_ros2/ros2_real/install/kinematics_interface/share/kinematics_interface/cmake/kinematics_interfaceConfig.cmake
-- Installing: /home/kadi/UR5e_ros2/ros2_real/install/kinematics_interface/share/kinematics_interface/cmake/kinematics_interfaceConfig-version.cmake
-- Installing: /home/kadi/UR5e_ros2/ros2_real/install/kinematics_interface/share/kinematics_interface/package.xml
