[0.024s] Invoking command in '/home/kadi/UR5e_ros2/ros2_real/build/steering_controllers_library': AMENT_PREFIX_PATH=/home/kadi/UR5e_ros2/ros2_real/install/controller_manager:/home/kadi/UR5e_ros2/ros2_real/install/hardware_interface_testing:/home/kadi/UR5e_ros2/ros2_real/install/controller_interface:/home/kadi/UR5e_ros2/ros2_real/install/hardware_interface:/home/kadi/UR5e_ros2/ros2_real/install/ros2_control_test_assets:/home/kadi/UR5e_ros2/ros2_real/install/controller_manager_msgs:/home/kadi/UR5e_ros2/ros2_real/install/control_msgs:${AMENT_PREFIX_PATH} CMAKE_PREFIX_PATH=/home/kadi/UR5e_ros2/ros2_real/install/controller_manager:/home/kadi/UR5e_ros2/ros2_real/install/hardware_interface_testing:/home/kadi/UR5e_ros2/ros2_real/install/controller_interface:/home/kadi/UR5e_ros2/ros2_real/install/hardware_interface:/home/kadi/UR5e_ros2/ros2_real/install/ros2_control_test_assets:/home/kadi/UR5e_ros2/ros2_real/install/controller_manager_msgs:/home/kadi/UR5e_ros2/ros2_real/install/control_msgs:/home/kadi/UR5e_ros2/ros2_real/install/ur_msgs:/home/kadi/UR5e_ros2/ros2_real/install/ur_description:/opt/ros/iron LD_LIBRARY_PATH=/home/kadi/UR5e_ros2/ros2_real/install/controller_manager/lib:/home/kadi/UR5e_ros2/ros2_real/install/hardware_interface_testing/lib:/home/kadi/UR5e_ros2/ros2_real/install/controller_interface/lib:/home/kadi/UR5e_ros2/ros2_real/install/hardware_interface/lib:/home/kadi/UR5e_ros2/ros2_real/install/ros2_control_test_assets/lib:/home/kadi/UR5e_ros2/ros2_real/install/controller_manager_msgs/lib:/home/kadi/UR5e_ros2/ros2_real/install/control_msgs/lib:${LD_LIBRARY_PATH} PYTHONPATH=/home/kadi/UR5e_ros2/ros2_real/install/controller_manager/lib/python3.10/site-packages:/home/kadi/UR5e_ros2/ros2_real/install/controller_manager_msgs/lib/python3.10/site-packages:/home/kadi/UR5e_ros2/ros2_real/install/control_msgs/lib/python3.10/site-packages:${PYTHONPATH} /usr/bin/cmake /home/kadi/UR5e_ros2/ros2_real/src/ros2_controllers/steering_controllers_library -DCMAKE_BUILD_TYPE=Release -DCMAKE_INSTALL_PREFIX=/home/kadi/UR5e_ros2/ros2_real/install/steering_controllers_library
[0.085s] -- The CXX compiler identification is GNU 11.4.0
[0.094s] -- Detecting CXX compiler ABI info
[0.173s] -- Detecting CXX compiler ABI info - done
[0.178s] -- Check for working CXX compiler: /usr/bin/c++ - skipped
[0.178s] -- Detecting CXX compile features
[0.178s] -- Detecting CXX compile features - done
[0.181s] -- Found ament_cmake: 2.0.7 (/opt/ros/iron/share/ament_cmake/cmake)
[0.319s] -- Found Python3: /usr/bin/python3.10 (found version "3.10.12") found components: Interpreter 
[0.396s] -- Found control_msgs: 5.2.0 (/home/kadi/UR5e_ros2/ros2_real/install/control_msgs/share/control_msgs/cmake)
[0.434s] -- Found rosidl_generator_c: 4.0.1 (/opt/ros/iron/share/rosidl_generator_c/cmake)
[0.445s] -- Found rosidl_generator_cpp: 4.0.1 (/opt/ros/iron/share/rosidl_generator_cpp/cmake)
[0.460s] -- Using all available rosidl_typesupport_c: rosidl_typesupport_fastrtps_c;rosidl_typesupport_introspection_c
[0.477s] -- Using all available rosidl_typesupport_cpp: rosidl_typesupport_fastrtps_cpp;rosidl_typesupport_introspection_cpp
[0.909s] -- Found controller_interface: 3.28.1 (/home/kadi/UR5e_ros2/ros2_real/install/controller_interface/share/controller_interface/cmake)
[1.055s] -- Found rmw_implementation_cmake: 7.1.0 (/opt/ros/iron/share/rmw_implementation_cmake/cmake)
[1.057s] -- Found rmw_fastrtps_cpp: 7.1.4 (/opt/ros/iron/share/rmw_fastrtps_cpp/cmake)
[1.093s] -- Found TinyXML2 via Config file: TinyXML2_DIR-NOTFOUND
[1.160s] -- Found OpenSSL: /usr/lib/x86_64-linux-gnu/libcrypto.so (found version "3.0.2")  
[1.162s] -- Found TinyXML2 via Config file: TinyXML2_DIR-NOTFOUND
[1.176s] -- Found FastRTPS: /opt/ros/iron/include  
[1.180s] -- Found TinyXML2 via Config file: TinyXML2_DIR-NOTFOUND
[1.187s] -- Found TinyXML2 via Config file: TinyXML2_DIR-NOTFOUND
[1.197s] -- Using RMW implementation 'rmw_fastrtps_cpp' as default
[1.366s] -- Found generate_parameter_library: 0.3.9 (/opt/ros/iron/share/generate_parameter_library/cmake)
[1.370s] -- Found parameter_traits: 0.3.9 (/opt/ros/iron/share/parameter_traits/cmake)
[1.390s] -- Found nav_msgs: 5.0.1 (/opt/ros/iron/share/nav_msgs/cmake)
[1.469s] -- Found realtime_tools: 2.8.1 (/opt/ros/iron/share/realtime_tools/cmake)
[1.713s] -- Found std_srvs: 5.0.1 (/opt/ros/iron/share/std_srvs/cmake)
[1.746s] -- Found tf2: 0.31.8 (/opt/ros/iron/share/tf2/cmake)
[1.753s] -- Found tf2_msgs: 0.31.8 (/opt/ros/iron/share/tf2_msgs/cmake)
[1.842s] -- Found tf2_geometry_msgs: 0.31.8 (/opt/ros/iron/share/tf2_geometry_msgs/cmake)
[1.852s] -- Found eigen3_cmake_module: 0.2.2 (/opt/ros/iron/share/eigen3_cmake_module/cmake)
[1.853s] -- Found Eigen3: TRUE (found version "3.4.0") 
[1.853s] -- Ensuring Eigen3 include directory is part of orocos-kdl CMake target
[1.967s] -- Found ackermann_msgs: 2.0.2 (/opt/ros/iron/share/ackermann_msgs/cmake)
[1.997s] -- Found ament_cmake_gmock: 2.0.7 (/opt/ros/iron/share/ament_cmake_gmock/cmake)
[1.997s] -- Found controller_manager: 3.28.1 (/home/kadi/UR5e_ros2/ros2_real/install/controller_manager/share/controller_manager/cmake)
[2.191s] -- Found ros2_control_test_assets: 3.28.1 (/home/kadi/UR5e_ros2/ros2_real/install/ros2_control_test_assets/share/ros2_control_test_assets/cmake)
[2.194s] -- Found gmock sources under '/opt/ros/iron/src/gmock_vendor': C++ tests using 'Google Mock' will be built
[2.232s] -- The C compiler identification is GNU 11.4.0
[2.238s] -- Detecting C compiler ABI info
[2.328s] -- Detecting C compiler ABI info - done
[2.336s] -- Check for working C compiler: /usr/bin/cc - skipped
[2.336s] -- Detecting C compile features
[2.336s] -- Detecting C compile features - done
[2.342s] -- Found ament_cmake_gtest: 2.0.7 (/opt/ros/iron/share/ament_cmake_gtest/cmake)
[2.343s] -- Found gtest sources under '/opt/ros/iron/src/gtest_vendor': C++ tests using 'Google Test' will be built
[2.349s] -- Found gmock sources under '/opt/ros/iron/src/gmock_vendor': C++ tests using 'Google Mock' will be built
[2.349s] -- Found ament_cmake_gtest: 2.0.7 (/opt/ros/iron/share/ament_cmake_gtest/cmake)
[2.350s] -- Found gtest sources under '/opt/ros/iron/src/gtest_vendor': C++ tests using 'Google Test' will be built
[2.398s] -- Configuring done
[2.455s] -- Generating done
[2.468s] -- Build files have been written to: /home/kadi/UR5e_ros2/ros2_real/build/steering_controllers_library
[2.491s] Invoked command in '/home/kadi/UR5e_ros2/ros2_real/build/steering_controllers_library' returned '0': AMENT_PREFIX_PATH=/home/kadi/UR5e_ros2/ros2_real/install/controller_manager:/home/kadi/UR5e_ros2/ros2_real/install/hardware_interface_testing:/home/kadi/UR5e_ros2/ros2_real/install/controller_interface:/home/kadi/UR5e_ros2/ros2_real/install/hardware_interface:/home/kadi/UR5e_ros2/ros2_real/install/ros2_control_test_assets:/home/kadi/UR5e_ros2/ros2_real/install/controller_manager_msgs:/home/kadi/UR5e_ros2/ros2_real/install/control_msgs:${AMENT_PREFIX_PATH} CMAKE_PREFIX_PATH=/home/kadi/UR5e_ros2/ros2_real/install/controller_manager:/home/kadi/UR5e_ros2/ros2_real/install/hardware_interface_testing:/home/kadi/UR5e_ros2/ros2_real/install/controller_interface:/home/kadi/UR5e_ros2/ros2_real/install/hardware_interface:/home/kadi/UR5e_ros2/ros2_real/install/ros2_control_test_assets:/home/kadi/UR5e_ros2/ros2_real/install/controller_manager_msgs:/home/kadi/UR5e_ros2/ros2_real/install/control_msgs:/home/kadi/UR5e_ros2/ros2_real/install/ur_msgs:/home/kadi/UR5e_ros2/ros2_real/install/ur_description:/opt/ros/iron LD_LIBRARY_PATH=/home/kadi/UR5e_ros2/ros2_real/install/controller_manager/lib:/home/kadi/UR5e_ros2/ros2_real/install/hardware_interface_testing/lib:/home/kadi/UR5e_ros2/ros2_real/install/controller_interface/lib:/home/kadi/UR5e_ros2/ros2_real/install/hardware_interface/lib:/home/kadi/UR5e_ros2/ros2_real/install/ros2_control_test_assets/lib:/home/kadi/UR5e_ros2/ros2_real/install/controller_manager_msgs/lib:/home/kadi/UR5e_ros2/ros2_real/install/control_msgs/lib:${LD_LIBRARY_PATH} PYTHONPATH=/home/kadi/UR5e_ros2/ros2_real/install/controller_manager/lib/python3.10/site-packages:/home/kadi/UR5e_ros2/ros2_real/install/controller_manager_msgs/lib/python3.10/site-packages:/home/kadi/UR5e_ros2/ros2_real/install/control_msgs/lib/python3.10/site-packages:${PYTHONPATH} /usr/bin/cmake /home/kadi/UR5e_ros2/ros2_real/src/ros2_controllers/steering_controllers_library -DCMAKE_BUILD_TYPE=Release -DCMAKE_INSTALL_PREFIX=/home/kadi/UR5e_ros2/ros2_real/install/steering_controllers_library
[2.493s] Invoking command in '/home/kadi/UR5e_ros2/ros2_real/build/steering_controllers_library': AMENT_PREFIX_PATH=/home/kadi/UR5e_ros2/ros2_real/install/controller_manager:/home/kadi/UR5e_ros2/ros2_real/install/hardware_interface_testing:/home/kadi/UR5e_ros2/ros2_real/install/controller_interface:/home/kadi/UR5e_ros2/ros2_real/install/hardware_interface:/home/kadi/UR5e_ros2/ros2_real/install/ros2_control_test_assets:/home/kadi/UR5e_ros2/ros2_real/install/controller_manager_msgs:/home/kadi/UR5e_ros2/ros2_real/install/control_msgs:${AMENT_PREFIX_PATH} CMAKE_PREFIX_PATH=/home/kadi/UR5e_ros2/ros2_real/install/controller_manager:/home/kadi/UR5e_ros2/ros2_real/install/hardware_interface_testing:/home/kadi/UR5e_ros2/ros2_real/install/controller_interface:/home/kadi/UR5e_ros2/ros2_real/install/hardware_interface:/home/kadi/UR5e_ros2/ros2_real/install/ros2_control_test_assets:/home/kadi/UR5e_ros2/ros2_real/install/controller_manager_msgs:/home/kadi/UR5e_ros2/ros2_real/install/control_msgs:/home/kadi/UR5e_ros2/ros2_real/install/ur_msgs:/home/kadi/UR5e_ros2/ros2_real/install/ur_description:/opt/ros/iron LD_LIBRARY_PATH=/home/kadi/UR5e_ros2/ros2_real/install/controller_manager/lib:/home/kadi/UR5e_ros2/ros2_real/install/hardware_interface_testing/lib:/home/kadi/UR5e_ros2/ros2_real/install/controller_interface/lib:/home/kadi/UR5e_ros2/ros2_real/install/hardware_interface/lib:/home/kadi/UR5e_ros2/ros2_real/install/ros2_control_test_assets/lib:/home/kadi/UR5e_ros2/ros2_real/install/controller_manager_msgs/lib:/home/kadi/UR5e_ros2/ros2_real/install/control_msgs/lib:${LD_LIBRARY_PATH} PYTHONPATH=/home/kadi/UR5e_ros2/ros2_real/install/controller_manager/lib/python3.10/site-packages:/home/kadi/UR5e_ros2/ros2_real/install/controller_manager_msgs/lib/python3.10/site-packages:/home/kadi/UR5e_ros2/ros2_real/install/control_msgs/lib/python3.10/site-packages:${PYTHONPATH} /usr/bin/cmake --build /home/kadi/UR5e_ros2/ros2_real/build/steering_controllers_library -- -j16 -l16
[2.548s] [  7%] [34m[1mRunning `/opt/ros/iron/bin/generate_parameter_library_cpp /home/kadi/UR5e_ros2/ros2_real/build/steering_controllers_library/steering_controllers_library_parameters/include//steering_controllers_library_parameters.hpp /home/kadi/UR5e_ros2/ros2_real/src/ros2_controllers/steering_controllers_library/src/steering_controllers_library.yaml `[0m
[2.550s] [ 15%] [32mBuilding CXX object gmock/CMakeFiles/gmock_main.dir/src/gmock_main.cc.o[0m
[2.550s] [ 30%] [32mBuilding CXX object gmock/CMakeFiles/gmock.dir/opt/ros/iron/src/gtest_vendor/src/gtest-all.cc.o[0m
[2.550s] [ 30%] [32mBuilding CXX object gmock/CMakeFiles/gmock.dir/src/gmock-all.cc.o[0m
[2.891s] [ 30%] Built target steering_controllers_library_parameters
[2.915s] [ 38%] [32mBuilding CXX object CMakeFiles/steering_controllers_library.dir/src/steering_controllers_library.cpp.o[0m
[2.916s] [ 46%] [32mBuilding CXX object CMakeFiles/steering_controllers_library.dir/src/steering_odometry.cpp.o[0m
[3.590s] [ 53%] [32m[1mLinking CXX static library libgmock_main.a[0m
[3.667s] [ 53%] Built target gmock_main
[10.427s] [ 61%] [32m[1mLinking CXX static library libgmock.a[0m
[10.508s] [ 61%] Built target gmock
[17.922s] [ 69%] [32m[1mLinking CXX shared library libsteering_controllers_library.so[0m
[18.113s] [ 69%] Built target steering_controllers_library
[18.133s] [ 84%] [32mBuilding CXX object CMakeFiles/test_steering_odometry.dir/test/test_steering_odometry.cpp.o[0m
[18.133s] [ 84%] [32mBuilding CXX object CMakeFiles/test_steering_controllers_library.dir/test/test_steering_controllers_library.cpp.o[0m
[20.824s] [ 92%] [32m[1mLinking CXX executable test_steering_odometry[0m
[21.013s] [ 92%] Built target test_steering_odometry
[25.705s] [100%] [32m[1mLinking CXX executable test_steering_controllers_library[0m
[25.882s] [100%] Built target test_steering_controllers_library
[25.896s] Invoked command in '/home/kadi/UR5e_ros2/ros2_real/build/steering_controllers_library' returned '0': AMENT_PREFIX_PATH=/home/kadi/UR5e_ros2/ros2_real/install/controller_manager:/home/kadi/UR5e_ros2/ros2_real/install/hardware_interface_testing:/home/kadi/UR5e_ros2/ros2_real/install/controller_interface:/home/kadi/UR5e_ros2/ros2_real/install/hardware_interface:/home/kadi/UR5e_ros2/ros2_real/install/ros2_control_test_assets:/home/kadi/UR5e_ros2/ros2_real/install/controller_manager_msgs:/home/kadi/UR5e_ros2/ros2_real/install/control_msgs:${AMENT_PREFIX_PATH} CMAKE_PREFIX_PATH=/home/kadi/UR5e_ros2/ros2_real/install/controller_manager:/home/kadi/UR5e_ros2/ros2_real/install/hardware_interface_testing:/home/kadi/UR5e_ros2/ros2_real/install/controller_interface:/home/kadi/UR5e_ros2/ros2_real/install/hardware_interface:/home/kadi/UR5e_ros2/ros2_real/install/ros2_control_test_assets:/home/kadi/UR5e_ros2/ros2_real/install/controller_manager_msgs:/home/kadi/UR5e_ros2/ros2_real/install/control_msgs:/home/kadi/UR5e_ros2/ros2_real/install/ur_msgs:/home/kadi/UR5e_ros2/ros2_real/install/ur_description:/opt/ros/iron LD_LIBRARY_PATH=/home/kadi/UR5e_ros2/ros2_real/install/controller_manager/lib:/home/kadi/UR5e_ros2/ros2_real/install/hardware_interface_testing/lib:/home/kadi/UR5e_ros2/ros2_real/install/controller_interface/lib:/home/kadi/UR5e_ros2/ros2_real/install/hardware_interface/lib:/home/kadi/UR5e_ros2/ros2_real/install/ros2_control_test_assets/lib:/home/kadi/UR5e_ros2/ros2_real/install/controller_manager_msgs/lib:/home/kadi/UR5e_ros2/ros2_real/install/control_msgs/lib:${LD_LIBRARY_PATH} PYTHONPATH=/home/kadi/UR5e_ros2/ros2_real/install/controller_manager/lib/python3.10/site-packages:/home/kadi/UR5e_ros2/ros2_real/install/controller_manager_msgs/lib/python3.10/site-packages:/home/kadi/UR5e_ros2/ros2_real/install/control_msgs/lib/python3.10/site-packages:${PYTHONPATH} /usr/bin/cmake --build /home/kadi/UR5e_ros2/ros2_real/build/steering_controllers_library -- -j16 -l16
[25.898s] Invoking command in '/home/kadi/UR5e_ros2/ros2_real/build/steering_controllers_library': AMENT_PREFIX_PATH=/home/kadi/UR5e_ros2/ros2_real/install/controller_manager:/home/kadi/UR5e_ros2/ros2_real/install/hardware_interface_testing:/home/kadi/UR5e_ros2/ros2_real/install/controller_interface:/home/kadi/UR5e_ros2/ros2_real/install/hardware_interface:/home/kadi/UR5e_ros2/ros2_real/install/ros2_control_test_assets:/home/kadi/UR5e_ros2/ros2_real/install/controller_manager_msgs:/home/kadi/UR5e_ros2/ros2_real/install/control_msgs:${AMENT_PREFIX_PATH} CMAKE_PREFIX_PATH=/home/kadi/UR5e_ros2/ros2_real/install/controller_manager:/home/kadi/UR5e_ros2/ros2_real/install/hardware_interface_testing:/home/kadi/UR5e_ros2/ros2_real/install/controller_interface:/home/kadi/UR5e_ros2/ros2_real/install/hardware_interface:/home/kadi/UR5e_ros2/ros2_real/install/ros2_control_test_assets:/home/kadi/UR5e_ros2/ros2_real/install/controller_manager_msgs:/home/kadi/UR5e_ros2/ros2_real/install/control_msgs:/home/kadi/UR5e_ros2/ros2_real/install/ur_msgs:/home/kadi/UR5e_ros2/ros2_real/install/ur_description:/opt/ros/iron LD_LIBRARY_PATH=/home/kadi/UR5e_ros2/ros2_real/install/controller_manager/lib:/home/kadi/UR5e_ros2/ros2_real/install/hardware_interface_testing/lib:/home/kadi/UR5e_ros2/ros2_real/install/controller_interface/lib:/home/kadi/UR5e_ros2/ros2_real/install/hardware_interface/lib:/home/kadi/UR5e_ros2/ros2_real/install/ros2_control_test_assets/lib:/home/kadi/UR5e_ros2/ros2_real/install/controller_manager_msgs/lib:/home/kadi/UR5e_ros2/ros2_real/install/control_msgs/lib:${LD_LIBRARY_PATH} PYTHONPATH=/home/kadi/UR5e_ros2/ros2_real/install/controller_manager/lib/python3.10/site-packages:/home/kadi/UR5e_ros2/ros2_real/install/controller_manager_msgs/lib/python3.10/site-packages:/home/kadi/UR5e_ros2/ros2_real/install/control_msgs/lib/python3.10/site-packages:${PYTHONPATH} /usr/bin/cmake --install /home/kadi/UR5e_ros2/ros2_real/build/steering_controllers_library
[25.905s] -- Install configuration: "Release"
[25.905s] -- Installing: /home/kadi/UR5e_ros2/ros2_real/install/steering_controllers_library/include/steering_controllers_library_parameters
[25.905s] -- Installing: /home/kadi/UR5e_ros2/ros2_real/install/steering_controllers_library/include/steering_controllers_library_parameters/steering_controllers_library_parameters.hpp
[25.906s] -- Installing: /home/kadi/UR5e_ros2/ros2_real/install/steering_controllers_library/include/steering_controllers_library
[25.906s] -- Installing: /home/kadi/UR5e_ros2/ros2_real/install/steering_controllers_library/include/steering_controllers_library/steering_controllers_library
[25.906s] -- Installing: /home/kadi/UR5e_ros2/ros2_real/install/steering_controllers_library/include/steering_controllers_library/steering_controllers_library/steering_controllers_library.hpp
[25.906s] -- Installing: /home/kadi/UR5e_ros2/ros2_real/install/steering_controllers_library/include/steering_controllers_library/steering_controllers_library/visibility_control.h
[25.906s] -- Installing: /home/kadi/UR5e_ros2/ros2_real/install/steering_controllers_library/include/steering_controllers_library/steering_controllers_library/steering_odometry.hpp
[25.906s] -- Installing: /home/kadi/UR5e_ros2/ros2_real/install/steering_controllers_library/lib/libsteering_controllers_library.so
[25.908s] -- Set runtime path of "/home/kadi/UR5e_ros2/ros2_real/install/steering_controllers_library/lib/libsteering_controllers_library.so" to ""
[25.908s] -- Installing: /home/kadi/UR5e_ros2/ros2_real/install/steering_controllers_library/share/steering_controllers_library/environment/library_path.sh
[25.908s] -- Installing: /home/kadi/UR5e_ros2/ros2_real/install/steering_controllers_library/share/steering_controllers_library/environment/library_path.dsv
[25.908s] -- Installing: /home/kadi/UR5e_ros2/ros2_real/install/steering_controllers_library/share/ament_index/resource_index/package_run_dependencies/steering_controllers_library
[25.908s] -- Installing: /home/kadi/UR5e_ros2/ros2_real/install/steering_controllers_library/share/ament_index/resource_index/parent_prefix_path/steering_controllers_library
[25.908s] -- Installing: /home/kadi/UR5e_ros2/ros2_real/install/steering_controllers_library/share/steering_controllers_library/environment/ament_prefix_path.sh
[25.909s] -- Installing: /home/kadi/UR5e_ros2/ros2_real/install/steering_controllers_library/share/steering_controllers_library/environment/ament_prefix_path.dsv
[25.909s] -- Installing: /home/kadi/UR5e_ros2/ros2_real/install/steering_controllers_library/share/steering_controllers_library/environment/path.sh
[25.909s] -- Installing: /home/kadi/UR5e_ros2/ros2_real/install/steering_controllers_library/share/steering_controllers_library/environment/path.dsv
[25.909s] -- Installing: /home/kadi/UR5e_ros2/ros2_real/install/steering_controllers_library/share/steering_controllers_library/local_setup.bash
[25.909s] -- Installing: /home/kadi/UR5e_ros2/ros2_real/install/steering_controllers_library/share/steering_controllers_library/local_setup.sh
[25.909s] -- Installing: /home/kadi/UR5e_ros2/ros2_real/install/steering_controllers_library/share/steering_controllers_library/local_setup.zsh
[25.909s] -- Installing: /home/kadi/UR5e_ros2/ros2_real/install/steering_controllers_library/share/steering_controllers_library/local_setup.dsv
[25.909s] -- Installing: /home/kadi/UR5e_ros2/ros2_real/install/steering_controllers_library/share/steering_controllers_library/package.dsv
[25.910s] -- Installing: /home/kadi/UR5e_ros2/ros2_real/install/steering_controllers_library/share/ament_index/resource_index/packages/steering_controllers_library
[25.910s] -- Installing: /home/kadi/UR5e_ros2/ros2_real/install/steering_controllers_library/share/steering_controllers_library/cmake/export_steering_controllers_libraryExport.cmake
[25.910s] -- Installing: /home/kadi/UR5e_ros2/ros2_real/install/steering_controllers_library/share/steering_controllers_library/cmake/export_steering_controllers_libraryExport-release.cmake
[25.910s] -- Installing: /home/kadi/UR5e_ros2/ros2_real/install/steering_controllers_library/share/steering_controllers_library/cmake/ament_cmake_export_targets-extras.cmake
[25.910s] -- Installing: /home/kadi/UR5e_ros2/ros2_real/install/steering_controllers_library/share/steering_controllers_library/cmake/ament_cmake_export_dependencies-extras.cmake
[25.910s] -- Installing: /home/kadi/UR5e_ros2/ros2_real/install/steering_controllers_library/share/steering_controllers_library/cmake/steering_controllers_libraryConfig.cmake
[25.910s] -- Installing: /home/kadi/UR5e_ros2/ros2_real/install/steering_controllers_library/share/steering_controllers_library/cmake/steering_controllers_libraryConfig-version.cmake
[25.910s] -- Installing: /home/kadi/UR5e_ros2/ros2_real/install/steering_controllers_library/share/steering_controllers_library/package.xml
[25.913s] Invoked command in '/home/kadi/UR5e_ros2/ros2_real/build/steering_controllers_library' returned '0': AMENT_PREFIX_PATH=/home/kadi/UR5e_ros2/ros2_real/install/controller_manager:/home/kadi/UR5e_ros2/ros2_real/install/hardware_interface_testing:/home/kadi/UR5e_ros2/ros2_real/install/controller_interface:/home/kadi/UR5e_ros2/ros2_real/install/hardware_interface:/home/kadi/UR5e_ros2/ros2_real/install/ros2_control_test_assets:/home/kadi/UR5e_ros2/ros2_real/install/controller_manager_msgs:/home/kadi/UR5e_ros2/ros2_real/install/control_msgs:${AMENT_PREFIX_PATH} CMAKE_PREFIX_PATH=/home/kadi/UR5e_ros2/ros2_real/install/controller_manager:/home/kadi/UR5e_ros2/ros2_real/install/hardware_interface_testing:/home/kadi/UR5e_ros2/ros2_real/install/controller_interface:/home/kadi/UR5e_ros2/ros2_real/install/hardware_interface:/home/kadi/UR5e_ros2/ros2_real/install/ros2_control_test_assets:/home/kadi/UR5e_ros2/ros2_real/install/controller_manager_msgs:/home/kadi/UR5e_ros2/ros2_real/install/control_msgs:/home/kadi/UR5e_ros2/ros2_real/install/ur_msgs:/home/kadi/UR5e_ros2/ros2_real/install/ur_description:/opt/ros/iron LD_LIBRARY_PATH=/home/kadi/UR5e_ros2/ros2_real/install/controller_manager/lib:/home/kadi/UR5e_ros2/ros2_real/install/hardware_interface_testing/lib:/home/kadi/UR5e_ros2/ros2_real/install/controller_interface/lib:/home/kadi/UR5e_ros2/ros2_real/install/hardware_interface/lib:/home/kadi/UR5e_ros2/ros2_real/install/ros2_control_test_assets/lib:/home/kadi/UR5e_ros2/ros2_real/install/controller_manager_msgs/lib:/home/kadi/UR5e_ros2/ros2_real/install/control_msgs/lib:${LD_LIBRARY_PATH} PYTHONPATH=/home/kadi/UR5e_ros2/ros2_real/install/controller_manager/lib/python3.10/site-packages:/home/kadi/UR5e_ros2/ros2_real/install/controller_manager_msgs/lib/python3.10/site-packages:/home/kadi/UR5e_ros2/ros2_real/install/control_msgs/lib/python3.10/site-packages:${PYTHONPATH} /usr/bin/cmake --install /home/kadi/UR5e_ros2/ros2_real/build/steering_controllers_library
