[0.019s] Invoking command in '/home/kadi/UR5e_ros2/ros2_real/build/robotiq_driver': CMAKE_PREFIX_PATH=${CMAKE_PREFIX_PATH}:/home/kadi/UR5e_ros2/ros2_real/install/rqt_joint_trajectory_controller:/home/kadi/UR5e_ros2/ros2_real/install/rqt_controller_manager:/home/kadi/UR5e_ros2/ros2_real/install/ros2controlcli:/home/kadi/UR5e_ros2/ros2_real/install/ros2_controllers_test_nodes:/opt/ros/iron /usr/bin/cmake /home/kadi/UR5e_ros2/ros2_real/src/ros2_robotiq_gripper/robotiq_driver -DCMAKE_INSTALL_PREFIX=/home/kadi/UR5e_ros2/ros2_real/install/robotiq_driver
[0.088s] -- The CXX compiler identification is GNU 11.4.0
[0.094s] -- Detecting CXX compiler ABI info
[0.185s] -- Detecting CXX compiler ABI info - done
[0.189s] -- Check for working CXX compiler: /usr/bin/c++ - skipped
[0.189s] -- Detecting CXX compile features
[0.189s] -- Detecting CXX compile features - done
[0.195s] -- Found ament_cmake: 2.0.7 (/opt/ros/iron/share/ament_cmake/cmake)
[0.344s] -- Found Python3: /usr/bin/python3.10 (found version "3.10.12") found components: Interpreter 
[0.464s] -- Found hardware_interface: 3.28.1 (/home/kadi/UR5e_ros2/ros2_real/install/hardware_interface/share/hardware_interface/cmake)
[0.530s] -- Found rosidl_generator_c: 4.0.1 (/opt/ros/iron/share/rosidl_generator_c/cmake)
[0.550s] -- Found rosidl_generator_cpp: 4.0.1 (/opt/ros/iron/share/rosidl_generator_cpp/cmake)
[0.572s] -- Using all available rosidl_typesupport_c: rosidl_typesupport_fastrtps_c;rosidl_typesupport_introspection_c
[0.595s] -- Using all available rosidl_typesupport_cpp: rosidl_typesupport_fastrtps_cpp;rosidl_typesupport_introspection_cpp
[1.216s] -- Found rmw_implementation_cmake: 7.1.0 (/opt/ros/iron/share/rmw_implementation_cmake/cmake)
[1.222s] -- Found rmw_fastrtps_cpp: 7.1.4 (/opt/ros/iron/share/rmw_fastrtps_cpp/cmake)
[1.277s] -- Found TinyXML2 via Config file: TinyXML2_DIR-NOTFOUND
[1.357s] -- Found OpenSSL: /usr/lib/x86_64-linux-gnu/libcrypto.so (found version "3.0.2")  
[1.359s] -- Found TinyXML2 via Config file: TinyXML2_DIR-NOTFOUND
[1.374s] -- Found FastRTPS: /opt/ros/iron/include  
[1.378s] -- Found TinyXML2 via Config file: TinyXML2_DIR-NOTFOUND
[1.386s] -- Found TinyXML2 via Config file: TinyXML2_DIR-NOTFOUND
[1.395s] -- Using RMW implementation 'rmw_fastrtps_cpp' as default
[1.572s] [31mCMake Error at CMakeLists.txt:18 (find_package):
[1.572s]   By not providing "Findserial.cmake" in CMAKE_MODULE_PATH this project has
[1.572s]   asked CMake to find a package configuration file provided by "serial", but
[1.572s]   CMake did not find one.
[1.572s] 
[1.572s]   Could not find a package configuration file provided by "serial" with any
[1.572s]   of the following names:
[1.572s] 
[1.572s]     serialConfig.cmake
[1.572s]     serial-config.cmake
[1.572s] 
[1.572s]   Add the installation prefix of "serial" to CMAKE_PREFIX_PATH or set
[1.572s]   "serial_DIR" to a directory containing one of the above files.  If "serial"
[1.572s]   provides a separate development package or SDK, be sure it has been
[1.572s]   installed.
[1.572s] 
[1.572s] [0m
[1.572s] -- Configuring incomplete, errors occurred!
[1.572s] See also "/home/kadi/UR5e_ros2/ros2_real/build/robotiq_driver/CMakeFiles/CMakeOutput.log".
[1.581s] Invoked command in '/home/kadi/UR5e_ros2/ros2_real/build/robotiq_driver' returned '1': CMAKE_PREFIX_PATH=${CMAKE_PREFIX_PATH}:/home/kadi/UR5e_ros2/ros2_real/install/rqt_joint_trajectory_controller:/home/kadi/UR5e_ros2/ros2_real/install/rqt_controller_manager:/home/kadi/UR5e_ros2/ros2_real/install/ros2controlcli:/home/kadi/UR5e_ros2/ros2_real/install/ros2_controllers_test_nodes:/opt/ros/iron /usr/bin/cmake /home/kadi/UR5e_ros2/ros2_real/src/ros2_robotiq_gripper/robotiq_driver -DCMAKE_INSTALL_PREFIX=/home/kadi/UR5e_ros2/ros2_real/install/robotiq_driver
