[0.009s] Invoking command in '/home/kadi/UR5e_ros2/ros2_real/build/ur_msgs': CMAKE_PREFIX_PATH=${CMAKE_PREFIX_PATH}:/opt/ros/iron /usr/bin/cmake /home/kadi/UR5e_ros2/ros2_real/src/ur_msgs -DCMAKE_INSTALL_PREFIX=/home/kadi/UR5e_ros2/ros2_real/install/ur_msgs
[0.019s] -- Found ament_cmake: 2.0.7 (/opt/ros/iron/share/ament_cmake/cmake)
[0.108s] -- Found builtin_interfaces: 1.6.0 (/opt/ros/iron/share/builtin_interfaces/cmake)
[0.126s] -- Found rosidl_generator_c: 4.0.1 (/opt/ros/iron/share/rosidl_generator_c/cmake)
[0.130s] -- Found rosidl_generator_cpp: 4.0.1 (/opt/ros/iron/share/rosidl_generator_cpp/cmake)
[0.138s] -- Using all available rosidl_typesupport_c: rosidl_typesupport_fastrtps_c;rosidl_typesupport_introspection_c
[0.148s] -- Using all available rosidl_typesupport_cpp: rosidl_typesupport_fastrtps_cpp;rosidl_typesupport_introspection_cpp
[0.156s] -- Found rosidl_default_generators: 1.5.0 (/opt/ros/iron/share/rosidl_default_generators/cmake)
[0.160s] -- Found rosidl_adapter: 4.0.1 (/opt/ros/iron/share/rosidl_adapter/cmake)
[0.163s] -- Found geometry_msgs: 5.0.1 (/opt/ros/iron/share/geometry_msgs/cmake)
[0.206s] -- Found ament_lint_auto: 0.14.4 (/opt/ros/iron/share/ament_lint_auto/cmake)
[0.493s] -- Found ament_cmake_ros: 0.11.2 (/opt/ros/iron/share/ament_cmake_ros/cmake)
[0.761s] -- Using all available rosidl_typesupport_c: rosidl_typesupport_fastrtps_c;rosidl_typesupport_introspection_c
[0.868s] -- Using all available rosidl_typesupport_cpp: rosidl_typesupport_fastrtps_cpp;rosidl_typesupport_introspection_cpp
[0.884s] -- Found python_cmake_module: 0.10.2 (/opt/ros/iron/share/python_cmake_module/cmake)
[0.900s] -- Using PYTHON_EXECUTABLE: /usr/bin/python3
[0.900s] -- Using PYTHON_INCLUDE_DIRS: /usr/include/python3.10
[0.900s] -- Using PYTHON_LIBRARIES: /usr/lib/x86_64-linux-gnu/libpython3.10.so
[0.926s] -- Added test 'copyright' to check source files copyright and LICENSE
[0.928s] -- Added test 'lint_cmake' to check CMake code style
[0.929s] -- Added test 'xmllint' to check XML markup files
[0.932s] -- Configuring done
[0.972s] -- Generating done
[0.982s] -- Build files have been written to: /home/kadi/UR5e_ros2/ros2_real/build/ur_msgs
[0.989s] Invoked command in '/home/kadi/UR5e_ros2/ros2_real/build/ur_msgs' returned '0': CMAKE_PREFIX_PATH=${CMAKE_PREFIX_PATH}:/opt/ros/iron /usr/bin/cmake /home/kadi/UR5e_ros2/ros2_real/src/ur_msgs -DCMAKE_INSTALL_PREFIX=/home/kadi/UR5e_ros2/ros2_real/install/ur_msgs
[0.989s] Invoking command in '/home/kadi/UR5e_ros2/ros2_real/build/ur_msgs': CMAKE_PREFIX_PATH=${CMAKE_PREFIX_PATH}:/opt/ros/iron /usr/bin/cmake --build /home/kadi/UR5e_ros2/ros2_real/build/ur_msgs -- -j16 -l16
[1.034s] [  1%] Built target ur_msgs__rosidl_generator_type_description
[1.044s] [  1%] Built target ament_cmake_python_copy_ur_msgs
[1.047s] [35m[1mConsolidate compiler generated dependencies of target ur_msgs__rosidl_generator_c[0m
[1.052s] [  1%] Built target ur_msgs__cpp
[1.063s] [ 27%] Built target ur_msgs__rosidl_generator_c
[1.074s] [35m[1mConsolidate compiler generated dependencies of target ur_msgs__rosidl_typesupport_c[0m
[1.074s] [35m[1mConsolidate compiler generated dependencies of target ur_msgs__rosidl_typesupport_introspection_c[0m
[1.074s] [35m[1mConsolidate compiler generated dependencies of target ur_msgs__rosidl_typesupport_cpp[0m
[1.074s] [35m[1mConsolidate compiler generated dependencies of target ur_msgs__rosidl_typesupport_introspection_cpp[0m
[1.075s] [35m[1mConsolidate compiler generated dependencies of target ur_msgs__rosidl_typesupport_fastrtps_c[0m
[1.075s] [35m[1mConsolidate compiler generated dependencies of target ur_msgs__rosidl_typesupport_fastrtps_cpp[0m
[1.086s] [ 45%] Built target ur_msgs__rosidl_typesupport_introspection_c
[1.086s] [ 46%] Built target ur_msgs__rosidl_typesupport_c
[1.089s] [ 75%] Built target ur_msgs__rosidl_typesupport_cpp
[1.089s] [ 75%] Built target ur_msgs__rosidl_typesupport_introspection_cpp
[1.090s] [ 76%] Built target ur_msgs__rosidl_typesupport_fastrtps_c
[1.090s] [ 86%] Built target ur_msgs__rosidl_typesupport_fastrtps_cpp
[1.107s] [ 86%] Built target ur_msgs
[1.124s] [ 87%] Built target ur_msgs__py
[1.137s] [35m[1mConsolidate compiler generated dependencies of target ur_msgs__rosidl_generator_py[0m
[1.154s] [ 96%] Built target ur_msgs__rosidl_generator_py
[1.163s] [35m[1mConsolidate compiler generated dependencies of target ur_msgs__rosidl_typesupport_introspection_c__pyext[0m
[1.163s] [35m[1mConsolidate compiler generated dependencies of target ur_msgs__rosidl_typesupport_fastrtps_c__pyext[0m
[1.164s] [35m[1mConsolidate compiler generated dependencies of target ur_msgs__rosidl_typesupport_c__pyext[0m
[1.175s] [ 98%] Built target ur_msgs__rosidl_typesupport_fastrtps_c__pyext
[1.175s] [ 99%] Built target ur_msgs__rosidl_typesupport_introspection_c__pyext
[1.175s] [100%] Built target ur_msgs__rosidl_typesupport_c__pyext
[1.194s] running egg_info
[1.194s] writing ur_msgs.egg-info/PKG-INFO
[1.194s] writing dependency_links to ur_msgs.egg-info/dependency_links.txt
[1.195s] writing top-level names to ur_msgs.egg-info/top_level.txt
[1.196s] reading manifest file 'ur_msgs.egg-info/SOURCES.txt'
[1.196s] writing manifest file 'ur_msgs.egg-info/SOURCES.txt'
[1.216s] [100%] Built target ament_cmake_python_build_ur_msgs_egg
[1.227s] Invoked command in '/home/kadi/UR5e_ros2/ros2_real/build/ur_msgs' returned '0': CMAKE_PREFIX_PATH=${CMAKE_PREFIX_PATH}:/opt/ros/iron /usr/bin/cmake --build /home/kadi/UR5e_ros2/ros2_real/build/ur_msgs -- -j16 -l16
[1.239s] Invoking command in '/home/kadi/UR5e_ros2/ros2_real/build/ur_msgs': CMAKE_PREFIX_PATH=${CMAKE_PREFIX_PATH}:/opt/ros/iron /usr/bin/cmake --install /home/kadi/UR5e_ros2/ros2_real/build/ur_msgs
[1.245s] -- Install configuration: "Release"
[1.245s] -- Up-to-date: /home/kadi/UR5e_ros2/ros2_real/install/ur_msgs/share/ament_index/resource_index/rosidl_interfaces/ur_msgs
[1.245s] -- Up-to-date: /home/kadi/UR5e_ros2/ros2_real/install/ur_msgs/share/ur_msgs/msg/Analog.json
[1.245s] -- Up-to-date: /home/kadi/UR5e_ros2/ros2_real/install/ur_msgs/share/ur_msgs/msg/Digital.json
[1.245s] -- Up-to-date: /home/kadi/UR5e_ros2/ros2_real/install/ur_msgs/share/ur_msgs/msg/IOStates.json
[1.245s] -- Up-to-date: /home/kadi/UR5e_ros2/ros2_real/install/ur_msgs/share/ur_msgs/msg/RobotStateRTMsg.json
[1.245s] -- Up-to-date: /home/kadi/UR5e_ros2/ros2_real/install/ur_msgs/share/ur_msgs/msg/MasterboardDataMsg.json
[1.245s] -- Up-to-date: /home/kadi/UR5e_ros2/ros2_real/install/ur_msgs/share/ur_msgs/msg/RobotModeDataMsg.json
[1.245s] -- Up-to-date: /home/kadi/UR5e_ros2/ros2_real/install/ur_msgs/share/ur_msgs/msg/ToolDataMsg.json
[1.245s] -- Up-to-date: /home/kadi/UR5e_ros2/ros2_real/install/ur_msgs/share/ur_msgs/srv/SetAnalogOutput.json
[1.246s] -- Up-to-date: /home/kadi/UR5e_ros2/ros2_real/install/ur_msgs/share/ur_msgs/srv/SetPayload.json
[1.246s] -- Up-to-date: /home/kadi/UR5e_ros2/ros2_real/install/ur_msgs/share/ur_msgs/srv/SetSpeedSliderFraction.json
[1.246s] -- Up-to-date: /home/kadi/UR5e_ros2/ros2_real/install/ur_msgs/share/ur_msgs/srv/SetIO.json
[1.246s] -- Up-to-date: /home/kadi/UR5e_ros2/ros2_real/install/ur_msgs/share/ur_msgs/srv/GetRobotSoftwareVersion.json
[1.246s] -- Up-to-date: /home/kadi/UR5e_ros2/ros2_real/install/ur_msgs/include/ur_msgs/ur_msgs
[1.246s] -- Up-to-date: /home/kadi/UR5e_ros2/ros2_real/install/ur_msgs/include/ur_msgs/ur_msgs/srv
[1.246s] -- Up-to-date: /home/kadi/UR5e_ros2/ros2_real/install/ur_msgs/include/ur_msgs/ur_msgs/srv/set_speed_slider_fraction.h
[1.246s] -- Up-to-date: /home/kadi/UR5e_ros2/ros2_real/install/ur_msgs/include/ur_msgs/ur_msgs/srv/detail
[1.246s] -- Up-to-date: /home/kadi/UR5e_ros2/ros2_real/install/ur_msgs/include/ur_msgs/ur_msgs/srv/detail/set_analog_output__type_support.h
[1.246s] -- Up-to-date: /home/kadi/UR5e_ros2/ros2_real/install/ur_msgs/include/ur_msgs/ur_msgs/srv/detail/set_analog_output__description.c
[1.246s] -- Up-to-date: /home/kadi/UR5e_ros2/ros2_real/install/ur_msgs/include/ur_msgs/ur_msgs/srv/detail/set_payload__struct.h
[1.246s] -- Up-to-date: /home/kadi/UR5e_ros2/ros2_real/install/ur_msgs/include/ur_msgs/ur_msgs/srv/detail/get_robot_software_version__type_support.c
[1.246s] -- Up-to-date: /home/kadi/UR5e_ros2/ros2_real/install/ur_msgs/include/ur_msgs/ur_msgs/srv/detail/set_io__functions.h
[1.246s] -- Up-to-date: /home/kadi/UR5e_ros2/ros2_real/install/ur_msgs/include/ur_msgs/ur_msgs/srv/detail/set_analog_output__struct.h
[1.246s] -- Up-to-date: /home/kadi/UR5e_ros2/ros2_real/install/ur_msgs/include/ur_msgs/ur_msgs/srv/detail/set_speed_slider_fraction__struct.h
[1.246s] -- Up-to-date: /home/kadi/UR5e_ros2/ros2_real/install/ur_msgs/include/ur_msgs/ur_msgs/srv/detail/set_speed_slider_fraction__functions.h
[1.246s] -- Up-to-date: /home/kadi/UR5e_ros2/ros2_real/install/ur_msgs/include/ur_msgs/ur_msgs/srv/detail/set_speed_slider_fraction__type_support.c
[1.246s] -- Up-to-date: /home/kadi/UR5e_ros2/ros2_real/install/ur_msgs/include/ur_msgs/ur_msgs/srv/detail/set_payload__description.c
[1.246s] -- Up-to-date: /home/kadi/UR5e_ros2/ros2_real/install/ur_msgs/include/ur_msgs/ur_msgs/srv/detail/set_payload__type_support.c
[1.246s] -- Up-to-date: /home/kadi/UR5e_ros2/ros2_real/install/ur_msgs/include/ur_msgs/ur_msgs/srv/detail/get_robot_software_version__type_support.h
[1.246s] -- Up-to-date: /home/kadi/UR5e_ros2/ros2_real/install/ur_msgs/include/ur_msgs/ur_msgs/srv/detail/set_io__type_support.h
[1.247s] -- Up-to-date: /home/kadi/UR5e_ros2/ros2_real/install/ur_msgs/include/ur_msgs/ur_msgs/srv/detail/set_io__struct.h
[1.247s] -- Up-to-date: /home/kadi/UR5e_ros2/ros2_real/install/ur_msgs/include/ur_msgs/ur_msgs/srv/detail/set_io__type_support.c
[1.247s] -- Up-to-date: /home/kadi/UR5e_ros2/ros2_real/install/ur_msgs/include/ur_msgs/ur_msgs/srv/detail/set_payload__functions.c
[1.247s] -- Up-to-date: /home/kadi/UR5e_ros2/ros2_real/install/ur_msgs/include/ur_msgs/ur_msgs/srv/detail/set_speed_slider_fraction__type_support.h
[1.247s] -- Up-to-date: /home/kadi/UR5e_ros2/ros2_real/install/ur_msgs/include/ur_msgs/ur_msgs/srv/detail/set_payload__type_support.h
[1.247s] -- Up-to-date: /home/kadi/UR5e_ros2/ros2_real/install/ur_msgs/include/ur_msgs/ur_msgs/srv/detail/set_analog_output__functions.c
[1.247s] -- Up-to-date: /home/kadi/UR5e_ros2/ros2_real/install/ur_msgs/include/ur_msgs/ur_msgs/srv/detail/set_payload__functions.h
[1.247s] -- Up-to-date: /home/kadi/UR5e_ros2/ros2_real/install/ur_msgs/include/ur_msgs/ur_msgs/srv/detail/set_speed_slider_fraction__description.c
[1.247s] -- Up-to-date: /home/kadi/UR5e_ros2/ros2_real/install/ur_msgs/include/ur_msgs/ur_msgs/srv/detail/get_robot_software_version__description.c
[1.247s] -- Up-to-date: /home/kadi/UR5e_ros2/ros2_real/install/ur_msgs/include/ur_msgs/ur_msgs/srv/detail/get_robot_software_version__struct.h
[1.247s] -- Up-to-date: /home/kadi/UR5e_ros2/ros2_real/install/ur_msgs/include/ur_msgs/ur_msgs/srv/detail/set_io__description.c
[1.247s] -- Up-to-date: /home/kadi/UR5e_ros2/ros2_real/install/ur_msgs/include/ur_msgs/ur_msgs/srv/detail/set_io__functions.c
[1.247s] -- Up-to-date: /home/kadi/UR5e_ros2/ros2_real/install/ur_msgs/include/ur_msgs/ur_msgs/srv/detail/set_analog_output__functions.h
[1.247s] -- Up-to-date: /home/kadi/UR5e_ros2/ros2_real/install/ur_msgs/include/ur_msgs/ur_msgs/srv/detail/get_robot_software_version__functions.h
[1.247s] -- Up-to-date: /home/kadi/UR5e_ros2/ros2_real/install/ur_msgs/include/ur_msgs/ur_msgs/srv/detail/set_analog_output__type_support.c
[1.247s] -- Up-to-date: /home/kadi/UR5e_ros2/ros2_real/install/ur_msgs/include/ur_msgs/ur_msgs/srv/detail/set_speed_slider_fraction__functions.c
[1.247s] -- Up-to-date: /home/kadi/UR5e_ros2/ros2_real/install/ur_msgs/include/ur_msgs/ur_msgs/srv/detail/get_robot_software_version__functions.c
[1.247s] -- Up-to-date: /home/kadi/UR5e_ros2/ros2_real/install/ur_msgs/include/ur_msgs/ur_msgs/srv/set_analog_output.h
[1.247s] -- Up-to-date: /home/kadi/UR5e_ros2/ros2_real/install/ur_msgs/include/ur_msgs/ur_msgs/srv/get_robot_software_version.h
[1.247s] -- Up-to-date: /home/kadi/UR5e_ros2/ros2_real/install/ur_msgs/include/ur_msgs/ur_msgs/srv/set_io.h
[1.247s] -- Up-to-date: /home/kadi/UR5e_ros2/ros2_real/install/ur_msgs/include/ur_msgs/ur_msgs/srv/set_payload.h
[1.247s] -- Up-to-date: /home/kadi/UR5e_ros2/ros2_real/install/ur_msgs/include/ur_msgs/ur_msgs/msg
[1.247s] -- Up-to-date: /home/kadi/UR5e_ros2/ros2_real/install/ur_msgs/include/ur_msgs/ur_msgs/msg/rosidl_generator_c__visibility_control.h
[1.247s] -- Up-to-date: /home/kadi/UR5e_ros2/ros2_real/install/ur_msgs/include/ur_msgs/ur_msgs/msg/robot_state_rt_msg.h
[1.247s] -- Up-to-date: /home/kadi/UR5e_ros2/ros2_real/install/ur_msgs/include/ur_msgs/ur_msgs/msg/tool_data_msg.h
[1.247s] -- Up-to-date: /home/kadi/UR5e_ros2/ros2_real/install/ur_msgs/include/ur_msgs/ur_msgs/msg/detail
[1.247s] -- Up-to-date: /home/kadi/UR5e_ros2/ros2_real/install/ur_msgs/include/ur_msgs/ur_msgs/msg/detail/analog__functions.c
[1.247s] -- Up-to-date: /home/kadi/UR5e_ros2/ros2_real/install/ur_msgs/include/ur_msgs/ur_msgs/msg/detail/masterboard_data_msg__functions.c
[1.247s] -- Up-to-date: /home/kadi/UR5e_ros2/ros2_real/install/ur_msgs/include/ur_msgs/ur_msgs/msg/detail/digital__type_support.h
[1.247s] -- Up-to-date: /home/kadi/UR5e_ros2/ros2_real/install/ur_msgs/include/ur_msgs/ur_msgs/msg/detail/tool_data_msg__functions.c
[1.247s] -- Up-to-date: /home/kadi/UR5e_ros2/ros2_real/install/ur_msgs/include/ur_msgs/ur_msgs/msg/detail/digital__struct.h
[1.247s] -- Up-to-date: /home/kadi/UR5e_ros2/ros2_real/install/ur_msgs/include/ur_msgs/ur_msgs/msg/detail/tool_data_msg__functions.h
[1.247s] -- Up-to-date: /home/kadi/UR5e_ros2/ros2_real/install/ur_msgs/include/ur_msgs/ur_msgs/msg/detail/digital__type_support.c
[1.248s] -- Up-to-date: /home/kadi/UR5e_ros2/ros2_real/install/ur_msgs/include/ur_msgs/ur_msgs/msg/detail/masterboard_data_msg__description.c
[1.248s] -- Up-to-date: /home/kadi/UR5e_ros2/ros2_real/install/ur_msgs/include/ur_msgs/ur_msgs/msg/detail/tool_data_msg__struct.h
[1.248s] -- Up-to-date: /home/kadi/UR5e_ros2/ros2_real/install/ur_msgs/include/ur_msgs/ur_msgs/msg/detail/tool_data_msg__description.c
[1.248s] -- Up-to-date: /home/kadi/UR5e_ros2/ros2_real/install/ur_msgs/include/ur_msgs/ur_msgs/msg/detail/analog__type_support.h
[1.248s] -- Up-to-date: /home/kadi/UR5e_ros2/ros2_real/install/ur_msgs/include/ur_msgs/ur_msgs/msg/detail/io_states__type_support.c
[1.248s] -- Up-to-date: /home/kadi/UR5e_ros2/ros2_real/install/ur_msgs/include/ur_msgs/ur_msgs/msg/detail/io_states__type_support.h
[1.248s] -- Up-to-date: /home/kadi/UR5e_ros2/ros2_real/install/ur_msgs/include/ur_msgs/ur_msgs/msg/detail/digital__functions.h
[1.248s] -- Up-to-date: /home/kadi/UR5e_ros2/ros2_real/install/ur_msgs/include/ur_msgs/ur_msgs/msg/detail/digital__functions.c
[1.248s] -- Up-to-date: /home/kadi/UR5e_ros2/ros2_real/install/ur_msgs/include/ur_msgs/ur_msgs/msg/detail/tool_data_msg__type_support.h
[1.248s] -- Up-to-date: /home/kadi/UR5e_ros2/ros2_real/install/ur_msgs/include/ur_msgs/ur_msgs/msg/detail/io_states__struct.h
[1.248s] -- Up-to-date: /home/kadi/UR5e_ros2/ros2_real/install/ur_msgs/include/ur_msgs/ur_msgs/msg/detail/robot_mode_data_msg__struct.h
[1.248s] -- Up-to-date: /home/kadi/UR5e_ros2/ros2_real/install/ur_msgs/include/ur_msgs/ur_msgs/msg/detail/robot_mode_data_msg__type_support.c
[1.248s] -- Up-to-date: /home/kadi/UR5e_ros2/ros2_real/install/ur_msgs/include/ur_msgs/ur_msgs/msg/detail/digital__description.c
[1.248s] -- Up-to-date: /home/kadi/UR5e_ros2/ros2_real/install/ur_msgs/include/ur_msgs/ur_msgs/msg/detail/robot_state_rt_msg__type_support.h
[1.248s] -- Up-to-date: /home/kadi/UR5e_ros2/ros2_real/install/ur_msgs/include/ur_msgs/ur_msgs/msg/detail/analog__type_support.c
[1.248s] -- Up-to-date: /home/kadi/UR5e_ros2/ros2_real/install/ur_msgs/include/ur_msgs/ur_msgs/msg/detail/robot_mode_data_msg__description.c
[1.248s] -- Up-to-date: /home/kadi/UR5e_ros2/ros2_real/install/ur_msgs/include/ur_msgs/ur_msgs/msg/detail/analog__struct.h
[1.248s] -- Up-to-date: /home/kadi/UR5e_ros2/ros2_real/install/ur_msgs/include/ur_msgs/ur_msgs/msg/detail/masterboard_data_msg__struct.h
[1.248s] -- Up-to-date: /home/kadi/UR5e_ros2/ros2_real/install/ur_msgs/include/ur_msgs/ur_msgs/msg/detail/io_states__description.c
[1.248s] -- Up-to-date: /home/kadi/UR5e_ros2/ros2_real/install/ur_msgs/include/ur_msgs/ur_msgs/msg/detail/robot_state_rt_msg__type_support.c
[1.248s] -- Up-to-date: /home/kadi/UR5e_ros2/ros2_real/install/ur_msgs/include/ur_msgs/ur_msgs/msg/detail/masterboard_data_msg__type_support.h
[1.248s] -- Up-to-date: /home/kadi/UR5e_ros2/ros2_real/install/ur_msgs/include/ur_msgs/ur_msgs/msg/detail/masterboard_data_msg__type_support.c
[1.248s] -- Up-to-date: /home/kadi/UR5e_ros2/ros2_real/install/ur_msgs/include/ur_msgs/ur_msgs/msg/detail/robot_mode_data_msg__functions.c
[1.248s] -- Up-to-date: /home/kadi/UR5e_ros2/ros2_real/install/ur_msgs/include/ur_msgs/ur_msgs/msg/detail/masterboard_data_msg__functions.h
[1.248s] -- Up-to-date: /home/kadi/UR5e_ros2/ros2_real/install/ur_msgs/include/ur_msgs/ur_msgs/msg/detail/robot_state_rt_msg__struct.h
[1.248s] -- Up-to-date: /home/kadi/UR5e_ros2/ros2_real/install/ur_msgs/include/ur_msgs/ur_msgs/msg/detail/tool_data_msg__type_support.c
[1.248s] -- Up-to-date: /home/kadi/UR5e_ros2/ros2_real/install/ur_msgs/include/ur_msgs/ur_msgs/msg/detail/analog__description.c
[1.248s] -- Up-to-date: /home/kadi/UR5e_ros2/ros2_real/install/ur_msgs/include/ur_msgs/ur_msgs/msg/detail/io_states__functions.h
[1.248s] -- Up-to-date: /home/kadi/UR5e_ros2/ros2_real/install/ur_msgs/include/ur_msgs/ur_msgs/msg/detail/robot_state_rt_msg__description.c
[1.248s] -- Up-to-date: /home/kadi/UR5e_ros2/ros2_real/install/ur_msgs/include/ur_msgs/ur_msgs/msg/detail/robot_state_rt_msg__functions.c
[1.248s] -- Up-to-date: /home/kadi/UR5e_ros2/ros2_real/install/ur_msgs/include/ur_msgs/ur_msgs/msg/detail/robot_state_rt_msg__functions.h
[1.248s] -- Up-to-date: /home/kadi/UR5e_ros2/ros2_real/install/ur_msgs/include/ur_msgs/ur_msgs/msg/detail/io_states__functions.c
[1.248s] -- Up-to-date: /home/kadi/UR5e_ros2/ros2_real/install/ur_msgs/include/ur_msgs/ur_msgs/msg/detail/analog__functions.h
[1.248s] -- Up-to-date: /home/kadi/UR5e_ros2/ros2_real/install/ur_msgs/include/ur_msgs/ur_msgs/msg/detail/robot_mode_data_msg__type_support.h
[1.248s] -- Up-to-date: /home/kadi/UR5e_ros2/ros2_real/install/ur_msgs/include/ur_msgs/ur_msgs/msg/detail/robot_mode_data_msg__functions.h
[1.249s] -- Up-to-date: /home/kadi/UR5e_ros2/ros2_real/install/ur_msgs/include/ur_msgs/ur_msgs/msg/masterboard_data_msg.h
[1.249s] -- Up-to-date: /home/kadi/UR5e_ros2/ros2_real/install/ur_msgs/include/ur_msgs/ur_msgs/msg/analog.h
[1.249s] -- Up-to-date: /home/kadi/UR5e_ros2/ros2_real/install/ur_msgs/include/ur_msgs/ur_msgs/msg/io_states.h
[1.249s] -- Up-to-date: /home/kadi/UR5e_ros2/ros2_real/install/ur_msgs/include/ur_msgs/ur_msgs/msg/digital.h
[1.249s] -- Up-to-date: /home/kadi/UR5e_ros2/ros2_real/install/ur_msgs/include/ur_msgs/ur_msgs/msg/robot_mode_data_msg.h
[1.249s] -- Up-to-date: /home/kadi/UR5e_ros2/ros2_real/install/ur_msgs/share/ur_msgs/environment/library_path.sh
[1.249s] -- Up-to-date: /home/kadi/UR5e_ros2/ros2_real/install/ur_msgs/share/ur_msgs/environment/library_path.dsv
[1.249s] -- Up-to-date: /home/kadi/UR5e_ros2/ros2_real/install/ur_msgs/lib/libur_msgs__rosidl_generator_c.so
[1.249s] -- Up-to-date: /home/kadi/UR5e_ros2/ros2_real/install/ur_msgs/include/ur_msgs/ur_msgs
[1.249s] -- Up-to-date: /home/kadi/UR5e_ros2/ros2_real/install/ur_msgs/include/ur_msgs/ur_msgs/srv
[1.249s] -- Up-to-date: /home/kadi/UR5e_ros2/ros2_real/install/ur_msgs/include/ur_msgs/ur_msgs/srv/detail
[1.249s] -- Up-to-date: /home/kadi/UR5e_ros2/ros2_real/install/ur_msgs/include/ur_msgs/ur_msgs/srv/detail/set_analog_output__rosidl_typesupport_fastrtps_c.h
[1.249s] -- Up-to-date: /home/kadi/UR5e_ros2/ros2_real/install/ur_msgs/include/ur_msgs/ur_msgs/srv/detail/set_io__rosidl_typesupport_fastrtps_c.h
[1.249s] -- Up-to-date: /home/kadi/UR5e_ros2/ros2_real/install/ur_msgs/include/ur_msgs/ur_msgs/srv/detail/set_payload__rosidl_typesupport_fastrtps_c.h
[1.249s] -- Up-to-date: /home/kadi/UR5e_ros2/ros2_real/install/ur_msgs/include/ur_msgs/ur_msgs/srv/detail/set_speed_slider_fraction__rosidl_typesupport_fastrtps_c.h
[1.249s] -- Up-to-date: /home/kadi/UR5e_ros2/ros2_real/install/ur_msgs/include/ur_msgs/ur_msgs/srv/detail/get_robot_software_version__rosidl_typesupport_fastrtps_c.h
[1.249s] -- Up-to-date: /home/kadi/UR5e_ros2/ros2_real/install/ur_msgs/include/ur_msgs/ur_msgs/msg
[1.249s] -- Up-to-date: /home/kadi/UR5e_ros2/ros2_real/install/ur_msgs/include/ur_msgs/ur_msgs/msg/rosidl_typesupport_fastrtps_c__visibility_control.h
[1.249s] -- Up-to-date: /home/kadi/UR5e_ros2/ros2_real/install/ur_msgs/include/ur_msgs/ur_msgs/msg/detail
[1.249s] -- Up-to-date: /home/kadi/UR5e_ros2/ros2_real/install/ur_msgs/include/ur_msgs/ur_msgs/msg/detail/robot_mode_data_msg__rosidl_typesupport_fastrtps_c.h
[1.249s] -- Up-to-date: /home/kadi/UR5e_ros2/ros2_real/install/ur_msgs/include/ur_msgs/ur_msgs/msg/detail/io_states__rosidl_typesupport_fastrtps_c.h
[1.249s] -- Up-to-date: /home/kadi/UR5e_ros2/ros2_real/install/ur_msgs/include/ur_msgs/ur_msgs/msg/detail/analog__rosidl_typesupport_fastrtps_c.h
[1.249s] -- Up-to-date: /home/kadi/UR5e_ros2/ros2_real/install/ur_msgs/include/ur_msgs/ur_msgs/msg/detail/tool_data_msg__rosidl_typesupport_fastrtps_c.h
[1.249s] -- Up-to-date: /home/kadi/UR5e_ros2/ros2_real/install/ur_msgs/include/ur_msgs/ur_msgs/msg/detail/robot_state_rt_msg__rosidl_typesupport_fastrtps_c.h
[1.249s] -- Up-to-date: /home/kadi/UR5e_ros2/ros2_real/install/ur_msgs/include/ur_msgs/ur_msgs/msg/detail/masterboard_data_msg__rosidl_typesupport_fastrtps_c.h
[1.249s] -- Up-to-date: /home/kadi/UR5e_ros2/ros2_real/install/ur_msgs/include/ur_msgs/ur_msgs/msg/detail/digital__rosidl_typesupport_fastrtps_c.h
[1.249s] -- Up-to-date: /home/kadi/UR5e_ros2/ros2_real/install/ur_msgs/lib/libur_msgs__rosidl_typesupport_fastrtps_c.so
[1.249s] -- Up-to-date: /home/kadi/UR5e_ros2/ros2_real/install/ur_msgs/include/ur_msgs/ur_msgs
[1.249s] -- Up-to-date: /home/kadi/UR5e_ros2/ros2_real/install/ur_msgs/include/ur_msgs/ur_msgs/srv
[1.249s] -- Up-to-date: /home/kadi/UR5e_ros2/ros2_real/install/ur_msgs/include/ur_msgs/ur_msgs/srv/detail
[1.249s] -- Up-to-date: /home/kadi/UR5e_ros2/ros2_real/install/ur_msgs/include/ur_msgs/ur_msgs/srv/detail/get_robot_software_version__traits.hpp
[1.250s] -- Up-to-date: /home/kadi/UR5e_ros2/ros2_real/install/ur_msgs/include/ur_msgs/ur_msgs/srv/detail/set_speed_slider_fraction__struct.hpp
[1.250s] -- Up-to-date: /home/kadi/UR5e_ros2/ros2_real/install/ur_msgs/include/ur_msgs/ur_msgs/srv/detail/set_analog_output__traits.hpp
[1.250s] -- Up-to-date: /home/kadi/UR5e_ros2/ros2_real/install/ur_msgs/include/ur_msgs/ur_msgs/srv/detail/set_analog_output__builder.hpp
[1.250s] -- Up-to-date: /home/kadi/UR5e_ros2/ros2_real/install/ur_msgs/include/ur_msgs/ur_msgs/srv/detail/set_payload__struct.hpp
[1.250s] -- Up-to-date: /home/kadi/UR5e_ros2/ros2_real/install/ur_msgs/include/ur_msgs/ur_msgs/srv/detail/set_io__struct.hpp
[1.250s] -- Up-to-date: /home/kadi/UR5e_ros2/ros2_real/install/ur_msgs/include/ur_msgs/ur_msgs/srv/detail/set_io__builder.hpp
[1.250s] -- Up-to-date: /home/kadi/UR5e_ros2/ros2_real/install/ur_msgs/include/ur_msgs/ur_msgs/srv/detail/set_io__traits.hpp
[1.250s] -- Up-to-date: /home/kadi/UR5e_ros2/ros2_real/install/ur_msgs/include/ur_msgs/ur_msgs/srv/detail/set_payload__builder.hpp
[1.250s] -- Up-to-date: /home/kadi/UR5e_ros2/ros2_real/install/ur_msgs/include/ur_msgs/ur_msgs/srv/detail/set_payload__traits.hpp
[1.250s] -- Up-to-date: /home/kadi/UR5e_ros2/ros2_real/install/ur_msgs/include/ur_msgs/ur_msgs/srv/detail/set_speed_slider_fraction__builder.hpp
[1.250s] -- Up-to-date: /home/kadi/UR5e_ros2/ros2_real/install/ur_msgs/include/ur_msgs/ur_msgs/srv/detail/get_robot_software_version__struct.hpp
[1.250s] -- Up-to-date: /home/kadi/UR5e_ros2/ros2_real/install/ur_msgs/include/ur_msgs/ur_msgs/srv/detail/set_speed_slider_fraction__traits.hpp
[1.250s] -- Up-to-date: /home/kadi/UR5e_ros2/ros2_real/install/ur_msgs/include/ur_msgs/ur_msgs/srv/detail/set_analog_output__struct.hpp
[1.250s] -- Up-to-date: /home/kadi/UR5e_ros2/ros2_real/install/ur_msgs/include/ur_msgs/ur_msgs/srv/detail/get_robot_software_version__builder.hpp
[1.250s] -- Up-to-date: /home/kadi/UR5e_ros2/ros2_real/install/ur_msgs/include/ur_msgs/ur_msgs/srv/get_robot_software_version.hpp
[1.250s] -- Up-to-date: /home/kadi/UR5e_ros2/ros2_real/install/ur_msgs/include/ur_msgs/ur_msgs/srv/set_payload.hpp
[1.250s] -- Up-to-date: /home/kadi/UR5e_ros2/ros2_real/install/ur_msgs/include/ur_msgs/ur_msgs/srv/set_analog_output.hpp
[1.250s] -- Up-to-date: /home/kadi/UR5e_ros2/ros2_real/install/ur_msgs/include/ur_msgs/ur_msgs/srv/set_io.hpp
[1.250s] -- Up-to-date: /home/kadi/UR5e_ros2/ros2_real/install/ur_msgs/include/ur_msgs/ur_msgs/srv/set_speed_slider_fraction.hpp
[1.250s] -- Up-to-date: /home/kadi/UR5e_ros2/ros2_real/install/ur_msgs/include/ur_msgs/ur_msgs/msg
[1.250s] -- Up-to-date: /home/kadi/UR5e_ros2/ros2_real/install/ur_msgs/include/ur_msgs/ur_msgs/msg/robot_state_rt_msg.hpp
[1.250s] -- Up-to-date: /home/kadi/UR5e_ros2/ros2_real/install/ur_msgs/include/ur_msgs/ur_msgs/msg/masterboard_data_msg.hpp
[1.250s] -- Up-to-date: /home/kadi/UR5e_ros2/ros2_real/install/ur_msgs/include/ur_msgs/ur_msgs/msg/io_states.hpp
[1.250s] -- Up-to-date: /home/kadi/UR5e_ros2/ros2_real/install/ur_msgs/include/ur_msgs/ur_msgs/msg/tool_data_msg.hpp
[1.250s] -- Up-to-date: /home/kadi/UR5e_ros2/ros2_real/install/ur_msgs/include/ur_msgs/ur_msgs/msg/detail
[1.250s] -- Up-to-date: /home/kadi/UR5e_ros2/ros2_real/install/ur_msgs/include/ur_msgs/ur_msgs/msg/detail/robot_state_rt_msg__builder.hpp
[1.250s] -- Up-to-date: /home/kadi/UR5e_ros2/ros2_real/install/ur_msgs/include/ur_msgs/ur_msgs/msg/detail/analog__traits.hpp
[1.250s] -- Up-to-date: /home/kadi/UR5e_ros2/ros2_real/install/ur_msgs/include/ur_msgs/ur_msgs/msg/detail/robot_state_rt_msg__traits.hpp
[1.250s] -- Up-to-date: /home/kadi/UR5e_ros2/ros2_real/install/ur_msgs/include/ur_msgs/ur_msgs/msg/detail/robot_state_rt_msg__struct.hpp
[1.250s] -- Up-to-date: /home/kadi/UR5e_ros2/ros2_real/install/ur_msgs/include/ur_msgs/ur_msgs/msg/detail/tool_data_msg__struct.hpp
[1.250s] -- Up-to-date: /home/kadi/UR5e_ros2/ros2_real/install/ur_msgs/include/ur_msgs/ur_msgs/msg/detail/tool_data_msg__builder.hpp
[1.250s] -- Up-to-date: /home/kadi/UR5e_ros2/ros2_real/install/ur_msgs/include/ur_msgs/ur_msgs/msg/detail/analog__struct.hpp
[1.251s] -- Up-to-date: /home/kadi/UR5e_ros2/ros2_real/install/ur_msgs/include/ur_msgs/ur_msgs/msg/detail/masterboard_data_msg__traits.hpp
[1.251s] -- Up-to-date: /home/kadi/UR5e_ros2/ros2_real/install/ur_msgs/include/ur_msgs/ur_msgs/msg/detail/masterboard_data_msg__struct.hpp
[1.251s] -- Up-to-date: /home/kadi/UR5e_ros2/ros2_real/install/ur_msgs/include/ur_msgs/ur_msgs/msg/detail/robot_mode_data_msg__traits.hpp
[1.251s] -- Up-to-date: /home/kadi/UR5e_ros2/ros2_real/install/ur_msgs/include/ur_msgs/ur_msgs/msg/detail/digital__traits.hpp
[1.251s] -- Up-to-date: /home/kadi/UR5e_ros2/ros2_real/install/ur_msgs/include/ur_msgs/ur_msgs/msg/detail/io_states__struct.hpp
[1.251s] -- Up-to-date: /home/kadi/UR5e_ros2/ros2_real/install/ur_msgs/include/ur_msgs/ur_msgs/msg/detail/masterboard_data_msg__builder.hpp
[1.251s] -- Up-to-date: /home/kadi/UR5e_ros2/ros2_real/install/ur_msgs/include/ur_msgs/ur_msgs/msg/detail/robot_mode_data_msg__builder.hpp
[1.251s] -- Up-to-date: /home/kadi/UR5e_ros2/ros2_real/install/ur_msgs/include/ur_msgs/ur_msgs/msg/detail/io_states__traits.hpp
[1.251s] -- Up-to-date: /home/kadi/UR5e_ros2/ros2_real/install/ur_msgs/include/ur_msgs/ur_msgs/msg/detail/io_states__builder.hpp
[1.251s] -- Up-to-date: /home/kadi/UR5e_ros2/ros2_real/install/ur_msgs/include/ur_msgs/ur_msgs/msg/detail/digital__struct.hpp
[1.251s] -- Up-to-date: /home/kadi/UR5e_ros2/ros2_real/install/ur_msgs/include/ur_msgs/ur_msgs/msg/detail/analog__builder.hpp
[1.251s] -- Up-to-date: /home/kadi/UR5e_ros2/ros2_real/install/ur_msgs/include/ur_msgs/ur_msgs/msg/detail/digital__builder.hpp
[1.251s] -- Up-to-date: /home/kadi/UR5e_ros2/ros2_real/install/ur_msgs/include/ur_msgs/ur_msgs/msg/detail/robot_mode_data_msg__struct.hpp
[1.251s] -- Up-to-date: /home/kadi/UR5e_ros2/ros2_real/install/ur_msgs/include/ur_msgs/ur_msgs/msg/detail/tool_data_msg__traits.hpp
[1.251s] -- Up-to-date: /home/kadi/UR5e_ros2/ros2_real/install/ur_msgs/include/ur_msgs/ur_msgs/msg/analog.hpp
[1.251s] -- Up-to-date: /home/kadi/UR5e_ros2/ros2_real/install/ur_msgs/include/ur_msgs/ur_msgs/msg/robot_mode_data_msg.hpp
[1.251s] -- Up-to-date: /home/kadi/UR5e_ros2/ros2_real/install/ur_msgs/include/ur_msgs/ur_msgs/msg/digital.hpp
[1.251s] -- Up-to-date: /home/kadi/UR5e_ros2/ros2_real/install/ur_msgs/include/ur_msgs/ur_msgs
[1.251s] -- Up-to-date: /home/kadi/UR5e_ros2/ros2_real/install/ur_msgs/include/ur_msgs/ur_msgs/srv
[1.251s] -- Up-to-date: /home/kadi/UR5e_ros2/ros2_real/install/ur_msgs/include/ur_msgs/ur_msgs/srv/detail
[1.251s] -- Up-to-date: /home/kadi/UR5e_ros2/ros2_real/install/ur_msgs/include/ur_msgs/ur_msgs/srv/detail/set_speed_slider_fraction__rosidl_typesupport_fastrtps_cpp.hpp
[1.251s] -- Up-to-date: /home/kadi/UR5e_ros2/ros2_real/install/ur_msgs/include/ur_msgs/ur_msgs/srv/detail/set_analog_output__rosidl_typesupport_fastrtps_cpp.hpp
[1.251s] -- Up-to-date: /home/kadi/UR5e_ros2/ros2_real/install/ur_msgs/include/ur_msgs/ur_msgs/srv/detail/set_payload__rosidl_typesupport_fastrtps_cpp.hpp
[1.251s] -- Up-to-date: /home/kadi/UR5e_ros2/ros2_real/install/ur_msgs/include/ur_msgs/ur_msgs/srv/detail/get_robot_software_version__rosidl_typesupport_fastrtps_cpp.hpp
[1.251s] -- Up-to-date: /home/kadi/UR5e_ros2/ros2_real/install/ur_msgs/include/ur_msgs/ur_msgs/srv/detail/set_io__rosidl_typesupport_fastrtps_cpp.hpp
[1.251s] -- Up-to-date: /home/kadi/UR5e_ros2/ros2_real/install/ur_msgs/include/ur_msgs/ur_msgs/srv/detail/dds_fastrtps
[1.251s] -- Up-to-date: /home/kadi/UR5e_ros2/ros2_real/install/ur_msgs/include/ur_msgs/ur_msgs/msg
[1.251s] -- Up-to-date: /home/kadi/UR5e_ros2/ros2_real/install/ur_msgs/include/ur_msgs/ur_msgs/msg/detail
[1.251s] -- Up-to-date: /home/kadi/UR5e_ros2/ros2_real/install/ur_msgs/include/ur_msgs/ur_msgs/msg/detail/robot_state_rt_msg__rosidl_typesupport_fastrtps_cpp.hpp
[1.251s] -- Up-to-date: /home/kadi/UR5e_ros2/ros2_real/install/ur_msgs/include/ur_msgs/ur_msgs/msg/detail/tool_data_msg__rosidl_typesupport_fastrtps_cpp.hpp
[1.251s] -- Up-to-date: /home/kadi/UR5e_ros2/ros2_real/install/ur_msgs/include/ur_msgs/ur_msgs/msg/detail/robot_mode_data_msg__rosidl_typesupport_fastrtps_cpp.hpp
[1.251s] -- Up-to-date: /home/kadi/UR5e_ros2/ros2_real/install/ur_msgs/include/ur_msgs/ur_msgs/msg/detail/analog__rosidl_typesupport_fastrtps_cpp.hpp
[1.252s] -- Up-to-date: /home/kadi/UR5e_ros2/ros2_real/install/ur_msgs/include/ur_msgs/ur_msgs/msg/detail/digital__rosidl_typesupport_fastrtps_cpp.hpp
[1.252s] -- Up-to-date: /home/kadi/UR5e_ros2/ros2_real/install/ur_msgs/include/ur_msgs/ur_msgs/msg/detail/masterboard_data_msg__rosidl_typesupport_fastrtps_cpp.hpp
[1.252s] -- Up-to-date: /home/kadi/UR5e_ros2/ros2_real/install/ur_msgs/include/ur_msgs/ur_msgs/msg/detail/io_states__rosidl_typesupport_fastrtps_cpp.hpp
[1.252s] -- Up-to-date: /home/kadi/UR5e_ros2/ros2_real/install/ur_msgs/include/ur_msgs/ur_msgs/msg/detail/dds_fastrtps
[1.252s] -- Up-to-date: /home/kadi/UR5e_ros2/ros2_real/install/ur_msgs/include/ur_msgs/ur_msgs/msg/rosidl_typesupport_fastrtps_cpp__visibility_control.h
[1.252s] -- Up-to-date: /home/kadi/UR5e_ros2/ros2_real/install/ur_msgs/lib/libur_msgs__rosidl_typesupport_fastrtps_cpp.so
[1.252s] -- Up-to-date: /home/kadi/UR5e_ros2/ros2_real/install/ur_msgs/include/ur_msgs/ur_msgs
[1.252s] -- Up-to-date: /home/kadi/UR5e_ros2/ros2_real/install/ur_msgs/include/ur_msgs/ur_msgs/srv
[1.252s] -- Up-to-date: /home/kadi/UR5e_ros2/ros2_real/install/ur_msgs/include/ur_msgs/ur_msgs/srv/detail
[1.252s] -- Up-to-date: /home/kadi/UR5e_ros2/ros2_real/install/ur_msgs/include/ur_msgs/ur_msgs/srv/detail/get_robot_software_version__type_support.c
[1.252s] -- Up-to-date: /home/kadi/UR5e_ros2/ros2_real/install/ur_msgs/include/ur_msgs/ur_msgs/srv/detail/set_io__rosidl_typesupport_introspection_c.h
[1.252s] -- Up-to-date: /home/kadi/UR5e_ros2/ros2_real/install/ur_msgs/include/ur_msgs/ur_msgs/srv/detail/set_speed_slider_fraction__rosidl_typesupport_introspection_c.h
[1.252s] -- Up-to-date: /home/kadi/UR5e_ros2/ros2_real/install/ur_msgs/include/ur_msgs/ur_msgs/srv/detail/set_speed_slider_fraction__type_support.c
[1.252s] -- Up-to-date: /home/kadi/UR5e_ros2/ros2_real/install/ur_msgs/include/ur_msgs/ur_msgs/srv/detail/set_payload__type_support.c
[1.252s] -- Up-to-date: /home/kadi/UR5e_ros2/ros2_real/install/ur_msgs/include/ur_msgs/ur_msgs/srv/detail/set_io__type_support.c
[1.252s] -- Up-to-date: /home/kadi/UR5e_ros2/ros2_real/install/ur_msgs/include/ur_msgs/ur_msgs/srv/detail/get_robot_software_version__rosidl_typesupport_introspection_c.h
[1.252s] -- Up-to-date: /home/kadi/UR5e_ros2/ros2_real/install/ur_msgs/include/ur_msgs/ur_msgs/srv/detail/set_analog_output__rosidl_typesupport_introspection_c.h
[1.252s] -- Up-to-date: /home/kadi/UR5e_ros2/ros2_real/install/ur_msgs/include/ur_msgs/ur_msgs/srv/detail/set_payload__rosidl_typesupport_introspection_c.h
[1.252s] -- Up-to-date: /home/kadi/UR5e_ros2/ros2_real/install/ur_msgs/include/ur_msgs/ur_msgs/srv/detail/set_analog_output__type_support.c
[1.252s] -- Up-to-date: /home/kadi/UR5e_ros2/ros2_real/install/ur_msgs/include/ur_msgs/ur_msgs/msg
[1.252s] -- Up-to-date: /home/kadi/UR5e_ros2/ros2_real/install/ur_msgs/include/ur_msgs/ur_msgs/msg/detail
[1.252s] -- Up-to-date: /home/kadi/UR5e_ros2/ros2_real/install/ur_msgs/include/ur_msgs/ur_msgs/msg/detail/digital__type_support.c
[1.252s] -- Up-to-date: /home/kadi/UR5e_ros2/ros2_real/install/ur_msgs/include/ur_msgs/ur_msgs/msg/detail/tool_data_msg__rosidl_typesupport_introspection_c.h
[1.252s] -- Up-to-date: /home/kadi/UR5e_ros2/ros2_real/install/ur_msgs/include/ur_msgs/ur_msgs/msg/detail/robot_state_rt_msg__rosidl_typesupport_introspection_c.h
[1.252s] -- Up-to-date: /home/kadi/UR5e_ros2/ros2_real/install/ur_msgs/include/ur_msgs/ur_msgs/msg/detail/io_states__type_support.c
[1.252s] -- Up-to-date: /home/kadi/UR5e_ros2/ros2_real/install/ur_msgs/include/ur_msgs/ur_msgs/msg/detail/digital__rosidl_typesupport_introspection_c.h
[1.252s] -- Up-to-date: /home/kadi/UR5e_ros2/ros2_real/install/ur_msgs/include/ur_msgs/ur_msgs/msg/detail/robot_mode_data_msg__type_support.c
[1.252s] -- Up-to-date: /home/kadi/UR5e_ros2/ros2_real/install/ur_msgs/include/ur_msgs/ur_msgs/msg/detail/analog__type_support.c
[1.252s] -- Up-to-date: /home/kadi/UR5e_ros2/ros2_real/install/ur_msgs/include/ur_msgs/ur_msgs/msg/detail/robot_state_rt_msg__type_support.c
[1.252s] -- Up-to-date: /home/kadi/UR5e_ros2/ros2_real/install/ur_msgs/include/ur_msgs/ur_msgs/msg/detail/masterboard_data_msg__type_support.c
[1.252s] -- Up-to-date: /home/kadi/UR5e_ros2/ros2_real/install/ur_msgs/include/ur_msgs/ur_msgs/msg/detail/analog__rosidl_typesupport_introspection_c.h
[1.252s] -- Up-to-date: /home/kadi/UR5e_ros2/ros2_real/install/ur_msgs/include/ur_msgs/ur_msgs/msg/detail/masterboard_data_msg__rosidl_typesupport_introspection_c.h
[1.253s] -- Up-to-date: /home/kadi/UR5e_ros2/ros2_real/install/ur_msgs/include/ur_msgs/ur_msgs/msg/detail/tool_data_msg__type_support.c
[1.253s] -- Up-to-date: /home/kadi/UR5e_ros2/ros2_real/install/ur_msgs/include/ur_msgs/ur_msgs/msg/detail/io_states__rosidl_typesupport_introspection_c.h
[1.253s] -- Up-to-date: /home/kadi/UR5e_ros2/ros2_real/install/ur_msgs/include/ur_msgs/ur_msgs/msg/detail/robot_mode_data_msg__rosidl_typesupport_introspection_c.h
[1.253s] -- Up-to-date: /home/kadi/UR5e_ros2/ros2_real/install/ur_msgs/include/ur_msgs/ur_msgs/msg/rosidl_typesupport_introspection_c__visibility_control.h
[1.253s] -- Up-to-date: /home/kadi/UR5e_ros2/ros2_real/install/ur_msgs/lib/libur_msgs__rosidl_typesupport_introspection_c.so
[1.253s] -- Up-to-date: /home/kadi/UR5e_ros2/ros2_real/install/ur_msgs/lib/libur_msgs__rosidl_typesupport_c.so
[1.253s] -- Up-to-date: /home/kadi/UR5e_ros2/ros2_real/install/ur_msgs/include/ur_msgs/ur_msgs
[1.253s] -- Up-to-date: /home/kadi/UR5e_ros2/ros2_real/install/ur_msgs/include/ur_msgs/ur_msgs/srv
[1.253s] -- Up-to-date: /home/kadi/UR5e_ros2/ros2_real/install/ur_msgs/include/ur_msgs/ur_msgs/srv/detail
[1.253s] -- Up-to-date: /home/kadi/UR5e_ros2/ros2_real/install/ur_msgs/include/ur_msgs/ur_msgs/srv/detail/set_payload__rosidl_typesupport_introspection_cpp.hpp
[1.253s] -- Up-to-date: /home/kadi/UR5e_ros2/ros2_real/install/ur_msgs/include/ur_msgs/ur_msgs/srv/detail/set_io__rosidl_typesupport_introspection_cpp.hpp
[1.253s] -- Up-to-date: /home/kadi/UR5e_ros2/ros2_real/install/ur_msgs/include/ur_msgs/ur_msgs/srv/detail/set_analog_output__rosidl_typesupport_introspection_cpp.hpp
[1.253s] -- Up-to-date: /home/kadi/UR5e_ros2/ros2_real/install/ur_msgs/include/ur_msgs/ur_msgs/srv/detail/get_robot_software_version__type_support.cpp
[1.253s] -- Up-to-date: /home/kadi/UR5e_ros2/ros2_real/install/ur_msgs/include/ur_msgs/ur_msgs/srv/detail/get_robot_software_version__rosidl_typesupport_introspection_cpp.hpp
[1.253s] -- Up-to-date: /home/kadi/UR5e_ros2/ros2_real/install/ur_msgs/include/ur_msgs/ur_msgs/srv/detail/set_analog_output__type_support.cpp
[1.253s] -- Up-to-date: /home/kadi/UR5e_ros2/ros2_real/install/ur_msgs/include/ur_msgs/ur_msgs/srv/detail/set_io__type_support.cpp
[1.253s] -- Up-to-date: /home/kadi/UR5e_ros2/ros2_real/install/ur_msgs/include/ur_msgs/ur_msgs/srv/detail/set_speed_slider_fraction__type_support.cpp
[1.253s] -- Up-to-date: /home/kadi/UR5e_ros2/ros2_real/install/ur_msgs/include/ur_msgs/ur_msgs/srv/detail/set_payload__type_support.cpp
[1.253s] -- Up-to-date: /home/kadi/UR5e_ros2/ros2_real/install/ur_msgs/include/ur_msgs/ur_msgs/srv/detail/set_speed_slider_fraction__rosidl_typesupport_introspection_cpp.hpp
[1.253s] -- Up-to-date: /home/kadi/UR5e_ros2/ros2_real/install/ur_msgs/include/ur_msgs/ur_msgs/msg
[1.253s] -- Up-to-date: /home/kadi/UR5e_ros2/ros2_real/install/ur_msgs/include/ur_msgs/ur_msgs/msg/detail
[1.253s] -- Up-to-date: /home/kadi/UR5e_ros2/ros2_real/install/ur_msgs/include/ur_msgs/ur_msgs/msg/detail/tool_data_msg__rosidl_typesupport_introspection_cpp.hpp
[1.253s] -- Up-to-date: /home/kadi/UR5e_ros2/ros2_real/install/ur_msgs/include/ur_msgs/ur_msgs/msg/detail/analog__type_support.cpp
[1.253s] -- Up-to-date: /home/kadi/UR5e_ros2/ros2_real/install/ur_msgs/include/ur_msgs/ur_msgs/msg/detail/masterboard_data_msg__type_support.cpp
[1.253s] -- Up-to-date: /home/kadi/UR5e_ros2/ros2_real/install/ur_msgs/include/ur_msgs/ur_msgs/msg/detail/robot_state_rt_msg__type_support.cpp
[1.253s] -- Up-to-date: /home/kadi/UR5e_ros2/ros2_real/install/ur_msgs/include/ur_msgs/ur_msgs/msg/detail/robot_mode_data_msg__rosidl_typesupport_introspection_cpp.hpp
[1.253s] -- Up-to-date: /home/kadi/UR5e_ros2/ros2_real/install/ur_msgs/include/ur_msgs/ur_msgs/msg/detail/io_states__rosidl_typesupport_introspection_cpp.hpp
[1.253s] -- Up-to-date: /home/kadi/UR5e_ros2/ros2_real/install/ur_msgs/include/ur_msgs/ur_msgs/msg/detail/robot_mode_data_msg__type_support.cpp
[1.253s] -- Up-to-date: /home/kadi/UR5e_ros2/ros2_real/install/ur_msgs/include/ur_msgs/ur_msgs/msg/detail/analog__rosidl_typesupport_introspection_cpp.hpp
[1.253s] -- Up-to-date: /home/kadi/UR5e_ros2/ros2_real/install/ur_msgs/include/ur_msgs/ur_msgs/msg/detail/digital__type_support.cpp
[1.253s] -- Up-to-date: /home/kadi/UR5e_ros2/ros2_real/install/ur_msgs/include/ur_msgs/ur_msgs/msg/detail/masterboard_data_msg__rosidl_typesupport_introspection_cpp.hpp
[1.253s] -- Up-to-date: /home/kadi/UR5e_ros2/ros2_real/install/ur_msgs/include/ur_msgs/ur_msgs/msg/detail/robot_state_rt_msg__rosidl_typesupport_introspection_cpp.hpp
[1.253s] -- Up-to-date: /home/kadi/UR5e_ros2/ros2_real/install/ur_msgs/include/ur_msgs/ur_msgs/msg/detail/tool_data_msg__type_support.cpp
[1.253s] -- Up-to-date: /home/kadi/UR5e_ros2/ros2_real/install/ur_msgs/include/ur_msgs/ur_msgs/msg/detail/io_states__type_support.cpp
[1.253s] -- Up-to-date: /home/kadi/UR5e_ros2/ros2_real/install/ur_msgs/include/ur_msgs/ur_msgs/msg/detail/digital__rosidl_typesupport_introspection_cpp.hpp
[1.254s] -- Up-to-date: /home/kadi/UR5e_ros2/ros2_real/install/ur_msgs/lib/libur_msgs__rosidl_typesupport_introspection_cpp.so
[1.254s] -- Up-to-date: /home/kadi/UR5e_ros2/ros2_real/install/ur_msgs/lib/libur_msgs__rosidl_typesupport_cpp.so
[1.254s] -- Up-to-date: /home/kadi/UR5e_ros2/ros2_real/install/ur_msgs/share/ur_msgs/environment/pythonpath.sh
[1.254s] -- Up-to-date: /home/kadi/UR5e_ros2/ros2_real/install/ur_msgs/share/ur_msgs/environment/pythonpath.dsv
[1.254s] -- Up-to-date: /home/kadi/UR5e_ros2/ros2_real/install/ur_msgs/lib/python3.10/site-packages/ur_msgs-2.0.1-py3.10.egg-info
[1.254s] -- Installing: /home/kadi/UR5e_ros2/ros2_real/install/ur_msgs/lib/python3.10/site-packages/ur_msgs-2.0.1-py3.10.egg-info/SOURCES.txt
[1.254s] -- Installing: /home/kadi/UR5e_ros2/ros2_real/install/ur_msgs/lib/python3.10/site-packages/ur_msgs-2.0.1-py3.10.egg-info/dependency_links.txt
[1.254s] -- Installing: /home/kadi/UR5e_ros2/ros2_real/install/ur_msgs/lib/python3.10/site-packages/ur_msgs-2.0.1-py3.10.egg-info/PKG-INFO
[1.254s] -- Installing: /home/kadi/UR5e_ros2/ros2_real/install/ur_msgs/lib/python3.10/site-packages/ur_msgs-2.0.1-py3.10.egg-info/top_level.txt
[1.254s] -- Up-to-date: /home/kadi/UR5e_ros2/ros2_real/install/ur_msgs/lib/python3.10/site-packages/ur_msgs
[1.254s] -- Up-to-date: /home/kadi/UR5e_ros2/ros2_real/install/ur_msgs/lib/python3.10/site-packages/ur_msgs/srv
[1.254s] -- Up-to-date: /home/kadi/UR5e_ros2/ros2_real/install/ur_msgs/lib/python3.10/site-packages/ur_msgs/srv/_set_io.py
[1.254s] -- Up-to-date: /home/kadi/UR5e_ros2/ros2_real/install/ur_msgs/lib/python3.10/site-packages/ur_msgs/srv/_set_analog_output.py
[1.254s] -- Up-to-date: /home/kadi/UR5e_ros2/ros2_real/install/ur_msgs/lib/python3.10/site-packages/ur_msgs/srv/__init__.py
[1.254s] -- Up-to-date: /home/kadi/UR5e_ros2/ros2_real/install/ur_msgs/lib/python3.10/site-packages/ur_msgs/srv/_set_payload_s.c
[1.254s] -- Up-to-date: /home/kadi/UR5e_ros2/ros2_real/install/ur_msgs/lib/python3.10/site-packages/ur_msgs/srv/_set_speed_slider_fraction.py
[1.254s] -- Up-to-date: /home/kadi/UR5e_ros2/ros2_real/install/ur_msgs/lib/python3.10/site-packages/ur_msgs/srv/_set_speed_slider_fraction_s.c
[1.254s] -- Up-to-date: /home/kadi/UR5e_ros2/ros2_real/install/ur_msgs/lib/python3.10/site-packages/ur_msgs/srv/_get_robot_software_version_s.c
[1.254s] -- Up-to-date: /home/kadi/UR5e_ros2/ros2_real/install/ur_msgs/lib/python3.10/site-packages/ur_msgs/srv/_set_payload.py
[1.254s] -- Up-to-date: /home/kadi/UR5e_ros2/ros2_real/install/ur_msgs/lib/python3.10/site-packages/ur_msgs/srv/_set_io_s.c
[1.254s] -- Up-to-date: /home/kadi/UR5e_ros2/ros2_real/install/ur_msgs/lib/python3.10/site-packages/ur_msgs/srv/_get_robot_software_version.py
[1.254s] -- Up-to-date: /home/kadi/UR5e_ros2/ros2_real/install/ur_msgs/lib/python3.10/site-packages/ur_msgs/srv/_set_analog_output_s.c
[1.254s] -- Installing: /home/kadi/UR5e_ros2/ros2_real/install/ur_msgs/lib/python3.10/site-packages/ur_msgs/__init__.py
[1.254s] -- Up-to-date: /home/kadi/UR5e_ros2/ros2_real/install/ur_msgs/lib/python3.10/site-packages/ur_msgs/msg
[1.254s] -- Up-to-date: /home/kadi/UR5e_ros2/ros2_real/install/ur_msgs/lib/python3.10/site-packages/ur_msgs/msg/__init__.py
[1.254s] -- Up-to-date: /home/kadi/UR5e_ros2/ros2_real/install/ur_msgs/lib/python3.10/site-packages/ur_msgs/msg/_digital_s.c
[1.254s] -- Up-to-date: /home/kadi/UR5e_ros2/ros2_real/install/ur_msgs/lib/python3.10/site-packages/ur_msgs/msg/_analog_s.c
[1.254s] -- Up-to-date: /home/kadi/UR5e_ros2/ros2_real/install/ur_msgs/lib/python3.10/site-packages/ur_msgs/msg/_masterboard_data_msg.py
[1.254s] -- Up-to-date: /home/kadi/UR5e_ros2/ros2_real/install/ur_msgs/lib/python3.10/site-packages/ur_msgs/msg/_io_states_s.c
[1.254s] -- Up-to-date: /home/kadi/UR5e_ros2/ros2_real/install/ur_msgs/lib/python3.10/site-packages/ur_msgs/msg/_tool_data_msg_s.c
[1.254s] -- Up-to-date: /home/kadi/UR5e_ros2/ros2_real/install/ur_msgs/lib/python3.10/site-packages/ur_msgs/msg/_io_states.py
[1.254s] -- Up-to-date: /home/kadi/UR5e_ros2/ros2_real/install/ur_msgs/lib/python3.10/site-packages/ur_msgs/msg/_robot_state_rt_msg_s.c
[1.254s] -- Up-to-date: /home/kadi/UR5e_ros2/ros2_real/install/ur_msgs/lib/python3.10/site-packages/ur_msgs/msg/_analog.py
[1.254s] -- Up-to-date: /home/kadi/UR5e_ros2/ros2_real/install/ur_msgs/lib/python3.10/site-packages/ur_msgs/msg/_masterboard_data_msg_s.c
[1.254s] -- Up-to-date: /home/kadi/UR5e_ros2/ros2_real/install/ur_msgs/lib/python3.10/site-packages/ur_msgs/msg/_digital.py
[1.254s] -- Up-to-date: /home/kadi/UR5e_ros2/ros2_real/install/ur_msgs/lib/python3.10/site-packages/ur_msgs/msg/_robot_mode_data_msg_s.c
[1.254s] -- Up-to-date: /home/kadi/UR5e_ros2/ros2_real/install/ur_msgs/lib/python3.10/site-packages/ur_msgs/msg/_robot_mode_data_msg.py
[1.254s] -- Up-to-date: /home/kadi/UR5e_ros2/ros2_real/install/ur_msgs/lib/python3.10/site-packages/ur_msgs/msg/_tool_data_msg.py
[1.254s] -- Up-to-date: /home/kadi/UR5e_ros2/ros2_real/install/ur_msgs/lib/python3.10/site-packages/ur_msgs/msg/_robot_state_rt_msg.py
[1.254s] -- Up-to-date: /home/kadi/UR5e_ros2/ros2_real/install/ur_msgs/lib/python3.10/site-packages/ur_msgs/_ur_msgs_s.ep.rosidl_typesupport_c.c
[1.255s] -- Up-to-date: /home/kadi/UR5e_ros2/ros2_real/install/ur_msgs/lib/python3.10/site-packages/ur_msgs/libur_msgs__rosidl_generator_py.so
[1.255s] -- Up-to-date: /home/kadi/UR5e_ros2/ros2_real/install/ur_msgs/lib/python3.10/site-packages/ur_msgs/_ur_msgs_s.ep.rosidl_typesupport_fastrtps_c.c
[1.255s] -- Up-to-date: /home/kadi/UR5e_ros2/ros2_real/install/ur_msgs/lib/python3.10/site-packages/ur_msgs/ur_msgs_s__rosidl_typesupport_c.cpython-310-x86_64-linux-gnu.so
[1.255s] -- Up-to-date: /home/kadi/UR5e_ros2/ros2_real/install/ur_msgs/lib/python3.10/site-packages/ur_msgs/ur_msgs_s__rosidl_typesupport_fastrtps_c.cpython-310-x86_64-linux-gnu.so
[1.255s] -- Up-to-date: /home/kadi/UR5e_ros2/ros2_real/install/ur_msgs/lib/python3.10/site-packages/ur_msgs/_ur_msgs_s.ep.rosidl_typesupport_introspection_c.c
[1.255s] -- Up-to-date: /home/kadi/UR5e_ros2/ros2_real/install/ur_msgs/lib/python3.10/site-packages/ur_msgs/ur_msgs_s__rosidl_typesupport_introspection_c.cpython-310-x86_64-linux-gnu.so
[1.274s] Listing '/home/kadi/UR5e_ros2/ros2_real/install/ur_msgs/lib/python3.10/site-packages/ur_msgs'...
[1.274s] Compiling '/home/kadi/UR5e_ros2/ros2_real/install/ur_msgs/lib/python3.10/site-packages/ur_msgs/__init__.py'...
[1.274s] Listing '/home/kadi/UR5e_ros2/ros2_real/install/ur_msgs/lib/python3.10/site-packages/ur_msgs/msg'...
[1.274s] Listing '/home/kadi/UR5e_ros2/ros2_real/install/ur_msgs/lib/python3.10/site-packages/ur_msgs/srv'...
[1.277s] -- Up-to-date: /home/kadi/UR5e_ros2/ros2_real/install/ur_msgs/lib/python3.10/site-packages/ur_msgs/ur_msgs_s__rosidl_typesupport_fastrtps_c.cpython-310-x86_64-linux-gnu.so
[1.277s] -- Up-to-date: /home/kadi/UR5e_ros2/ros2_real/install/ur_msgs/lib/python3.10/site-packages/ur_msgs/ur_msgs_s__rosidl_typesupport_introspection_c.cpython-310-x86_64-linux-gnu.so
[1.278s] -- Up-to-date: /home/kadi/UR5e_ros2/ros2_real/install/ur_msgs/lib/python3.10/site-packages/ur_msgs/ur_msgs_s__rosidl_typesupport_c.cpython-310-x86_64-linux-gnu.so
[1.278s] -- Up-to-date: /home/kadi/UR5e_ros2/ros2_real/install/ur_msgs/lib/libur_msgs__rosidl_generator_py.so
[1.278s] -- Up-to-date: /home/kadi/UR5e_ros2/ros2_real/install/ur_msgs/share/ur_msgs/msg/Analog.idl
[1.278s] -- Up-to-date: /home/kadi/UR5e_ros2/ros2_real/install/ur_msgs/share/ur_msgs/msg/Digital.idl
[1.278s] -- Up-to-date: /home/kadi/UR5e_ros2/ros2_real/install/ur_msgs/share/ur_msgs/msg/IOStates.idl
[1.278s] -- Up-to-date: /home/kadi/UR5e_ros2/ros2_real/install/ur_msgs/share/ur_msgs/msg/RobotStateRTMsg.idl
[1.278s] -- Up-to-date: /home/kadi/UR5e_ros2/ros2_real/install/ur_msgs/share/ur_msgs/msg/MasterboardDataMsg.idl
[1.278s] -- Up-to-date: /home/kadi/UR5e_ros2/ros2_real/install/ur_msgs/share/ur_msgs/msg/RobotModeDataMsg.idl
[1.278s] -- Up-to-date: /home/kadi/UR5e_ros2/ros2_real/install/ur_msgs/share/ur_msgs/msg/ToolDataMsg.idl
[1.278s] -- Up-to-date: /home/kadi/UR5e_ros2/ros2_real/install/ur_msgs/share/ur_msgs/srv/SetAnalogOutput.idl
[1.278s] -- Up-to-date: /home/kadi/UR5e_ros2/ros2_real/install/ur_msgs/share/ur_msgs/srv/SetPayload.idl
[1.278s] -- Up-to-date: /home/kadi/UR5e_ros2/ros2_real/install/ur_msgs/share/ur_msgs/srv/SetSpeedSliderFraction.idl
[1.278s] -- Up-to-date: /home/kadi/UR5e_ros2/ros2_real/install/ur_msgs/share/ur_msgs/srv/SetIO.idl
[1.278s] -- Up-to-date: /home/kadi/UR5e_ros2/ros2_real/install/ur_msgs/share/ur_msgs/srv/GetRobotSoftwareVersion.idl
[1.278s] -- Up-to-date: /home/kadi/UR5e_ros2/ros2_real/install/ur_msgs/share/ur_msgs/msg/Analog.msg
[1.278s] -- Up-to-date: /home/kadi/UR5e_ros2/ros2_real/install/ur_msgs/share/ur_msgs/msg/Digital.msg
[1.278s] -- Up-to-date: /home/kadi/UR5e_ros2/ros2_real/install/ur_msgs/share/ur_msgs/msg/IOStates.msg
[1.278s] -- Up-to-date: /home/kadi/UR5e_ros2/ros2_real/install/ur_msgs/share/ur_msgs/msg/RobotStateRTMsg.msg
[1.278s] -- Up-to-date: /home/kadi/UR5e_ros2/ros2_real/install/ur_msgs/share/ur_msgs/msg/MasterboardDataMsg.msg
[1.279s] -- Up-to-date: /home/kadi/UR5e_ros2/ros2_real/install/ur_msgs/share/ur_msgs/msg/RobotModeDataMsg.msg
[1.279s] -- Up-to-date: /home/kadi/UR5e_ros2/ros2_real/install/ur_msgs/share/ur_msgs/msg/ToolDataMsg.msg
[1.279s] -- Up-to-date: /home/kadi/UR5e_ros2/ros2_real/install/ur_msgs/share/ur_msgs/srv/SetAnalogOutput.srv
[1.279s] -- Up-to-date: /home/kadi/UR5e_ros2/ros2_real/install/ur_msgs/share/ur_msgs/srv/SetAnalogOutput_Request.msg
[1.279s] -- Up-to-date: /home/kadi/UR5e_ros2/ros2_real/install/ur_msgs/share/ur_msgs/srv/SetAnalogOutput_Response.msg
[1.279s] -- Up-to-date: /home/kadi/UR5e_ros2/ros2_real/install/ur_msgs/share/ur_msgs/srv/SetPayload.srv
[1.279s] -- Up-to-date: /home/kadi/UR5e_ros2/ros2_real/install/ur_msgs/share/ur_msgs/srv/SetPayload_Request.msg
[1.279s] -- Up-to-date: /home/kadi/UR5e_ros2/ros2_real/install/ur_msgs/share/ur_msgs/srv/SetPayload_Response.msg
[1.279s] -- Up-to-date: /home/kadi/UR5e_ros2/ros2_real/install/ur_msgs/share/ur_msgs/srv/SetSpeedSliderFraction.srv
[1.279s] -- Up-to-date: /home/kadi/UR5e_ros2/ros2_real/install/ur_msgs/share/ur_msgs/srv/SetSpeedSliderFraction_Request.msg
[1.279s] -- Up-to-date: /home/kadi/UR5e_ros2/ros2_real/install/ur_msgs/share/ur_msgs/srv/SetSpeedSliderFraction_Response.msg
[1.279s] -- Up-to-date: /home/kadi/UR5e_ros2/ros2_real/install/ur_msgs/share/ur_msgs/srv/SetIO.srv
[1.279s] -- Up-to-date: /home/kadi/UR5e_ros2/ros2_real/install/ur_msgs/share/ur_msgs/srv/SetIO_Request.msg
[1.279s] -- Up-to-date: /home/kadi/UR5e_ros2/ros2_real/install/ur_msgs/share/ur_msgs/srv/SetIO_Response.msg
[1.279s] -- Up-to-date: /home/kadi/UR5e_ros2/ros2_real/install/ur_msgs/share/ur_msgs/srv/GetRobotSoftwareVersion.srv
[1.279s] -- Up-to-date: /home/kadi/UR5e_ros2/ros2_real/install/ur_msgs/share/ur_msgs/srv/GetRobotSoftwareVersion_Request.msg
[1.279s] -- Up-to-date: /home/kadi/UR5e_ros2/ros2_real/install/ur_msgs/share/ur_msgs/srv/GetRobotSoftwareVersion_Response.msg
[1.279s] -- Up-to-date: /home/kadi/UR5e_ros2/ros2_real/install/ur_msgs/share/ament_index/resource_index/package_run_dependencies/ur_msgs
[1.279s] -- Up-to-date: /home/kadi/UR5e_ros2/ros2_real/install/ur_msgs/share/ament_index/resource_index/parent_prefix_path/ur_msgs
[1.279s] -- Up-to-date: /home/kadi/UR5e_ros2/ros2_real/install/ur_msgs/share/ur_msgs/environment/ament_prefix_path.sh
[1.279s] -- Up-to-date: /home/kadi/UR5e_ros2/ros2_real/install/ur_msgs/share/ur_msgs/environment/ament_prefix_path.dsv
[1.279s] -- Up-to-date: /home/kadi/UR5e_ros2/ros2_real/install/ur_msgs/share/ur_msgs/environment/path.sh
[1.279s] -- Up-to-date: /home/kadi/UR5e_ros2/ros2_real/install/ur_msgs/share/ur_msgs/environment/path.dsv
[1.279s] -- Up-to-date: /home/kadi/UR5e_ros2/ros2_real/install/ur_msgs/share/ur_msgs/local_setup.bash
[1.279s] -- Up-to-date: /home/kadi/UR5e_ros2/ros2_real/install/ur_msgs/share/ur_msgs/local_setup.sh
[1.279s] -- Up-to-date: /home/kadi/UR5e_ros2/ros2_real/install/ur_msgs/share/ur_msgs/local_setup.zsh
[1.279s] -- Up-to-date: /home/kadi/UR5e_ros2/ros2_real/install/ur_msgs/share/ur_msgs/local_setup.dsv
[1.279s] -- Installing: /home/kadi/UR5e_ros2/ros2_real/install/ur_msgs/share/ur_msgs/package.dsv
[1.279s] -- Up-to-date: /home/kadi/UR5e_ros2/ros2_real/install/ur_msgs/share/ament_index/resource_index/packages/ur_msgs
[1.279s] -- Up-to-date: /home/kadi/UR5e_ros2/ros2_real/install/ur_msgs/share/ur_msgs/cmake/export_ur_msgs__rosidl_generator_cExport.cmake
[1.279s] -- Up-to-date: /home/kadi/UR5e_ros2/ros2_real/install/ur_msgs/share/ur_msgs/cmake/export_ur_msgs__rosidl_generator_cExport-release.cmake
[1.280s] -- Up-to-date: /home/kadi/UR5e_ros2/ros2_real/install/ur_msgs/share/ur_msgs/cmake/export_ur_msgs__rosidl_typesupport_fastrtps_cExport.cmake
[1.280s] -- Up-to-date: /home/kadi/UR5e_ros2/ros2_real/install/ur_msgs/share/ur_msgs/cmake/export_ur_msgs__rosidl_typesupport_fastrtps_cExport-release.cmake
[1.280s] -- Up-to-date: /home/kadi/UR5e_ros2/ros2_real/install/ur_msgs/share/ur_msgs/cmake/export_ur_msgs__rosidl_generator_cppExport.cmake
[1.280s] -- Up-to-date: /home/kadi/UR5e_ros2/ros2_real/install/ur_msgs/share/ur_msgs/cmake/export_ur_msgs__rosidl_typesupport_fastrtps_cppExport.cmake
[1.280s] -- Up-to-date: /home/kadi/UR5e_ros2/ros2_real/install/ur_msgs/share/ur_msgs/cmake/export_ur_msgs__rosidl_typesupport_fastrtps_cppExport-release.cmake
[1.280s] -- Up-to-date: /home/kadi/UR5e_ros2/ros2_real/install/ur_msgs/share/ur_msgs/cmake/ur_msgs__rosidl_typesupport_introspection_cExport.cmake
[1.280s] -- Up-to-date: /home/kadi/UR5e_ros2/ros2_real/install/ur_msgs/share/ur_msgs/cmake/ur_msgs__rosidl_typesupport_introspection_cExport-release.cmake
[1.280s] -- Up-to-date: /home/kadi/UR5e_ros2/ros2_real/install/ur_msgs/share/ur_msgs/cmake/ur_msgs__rosidl_typesupport_cExport.cmake
[1.280s] -- Up-to-date: /home/kadi/UR5e_ros2/ros2_real/install/ur_msgs/share/ur_msgs/cmake/ur_msgs__rosidl_typesupport_cExport-release.cmake
[1.280s] -- Up-to-date: /home/kadi/UR5e_ros2/ros2_real/install/ur_msgs/share/ur_msgs/cmake/ur_msgs__rosidl_typesupport_introspection_cppExport.cmake
[1.280s] -- Up-to-date: /home/kadi/UR5e_ros2/ros2_real/install/ur_msgs/share/ur_msgs/cmake/ur_msgs__rosidl_typesupport_introspection_cppExport-release.cmake
[1.280s] -- Up-to-date: /home/kadi/UR5e_ros2/ros2_real/install/ur_msgs/share/ur_msgs/cmake/ur_msgs__rosidl_typesupport_cppExport.cmake
[1.280s] -- Up-to-date: /home/kadi/UR5e_ros2/ros2_real/install/ur_msgs/share/ur_msgs/cmake/ur_msgs__rosidl_typesupport_cppExport-release.cmake
[1.280s] -- Up-to-date: /home/kadi/UR5e_ros2/ros2_real/install/ur_msgs/share/ur_msgs/cmake/export_ur_msgs__rosidl_generator_pyExport.cmake
[1.280s] -- Up-to-date: /home/kadi/UR5e_ros2/ros2_real/install/ur_msgs/share/ur_msgs/cmake/export_ur_msgs__rosidl_generator_pyExport-release.cmake
[1.280s] -- Up-to-date: /home/kadi/UR5e_ros2/ros2_real/install/ur_msgs/share/ur_msgs/cmake/rosidl_cmake-extras.cmake
[1.280s] -- Up-to-date: /home/kadi/UR5e_ros2/ros2_real/install/ur_msgs/share/ur_msgs/cmake/ament_cmake_export_dependencies-extras.cmake
[1.280s] -- Up-to-date: /home/kadi/UR5e_ros2/ros2_real/install/ur_msgs/share/ur_msgs/cmake/ament_cmake_export_include_directories-extras.cmake
[1.280s] -- Up-to-date: /home/kadi/UR5e_ros2/ros2_real/install/ur_msgs/share/ur_msgs/cmake/ament_cmake_export_libraries-extras.cmake
[1.280s] -- Up-to-date: /home/kadi/UR5e_ros2/ros2_real/install/ur_msgs/share/ur_msgs/cmake/ament_cmake_export_targets-extras.cmake
[1.281s] -- Up-to-date: /home/kadi/UR5e_ros2/ros2_real/install/ur_msgs/share/ur_msgs/cmake/rosidl_cmake_export_typesupport_targets-extras.cmake
[1.281s] -- Up-to-date: /home/kadi/UR5e_ros2/ros2_real/install/ur_msgs/share/ur_msgs/cmake/rosidl_cmake_export_typesupport_libraries-extras.cmake
[1.281s] -- Up-to-date: /home/kadi/UR5e_ros2/ros2_real/install/ur_msgs/share/ur_msgs/cmake/ur_msgsConfig.cmake
[1.281s] -- Up-to-date: /home/kadi/UR5e_ros2/ros2_real/install/ur_msgs/share/ur_msgs/cmake/ur_msgsConfig-version.cmake
[1.281s] -- Up-to-date: /home/kadi/UR5e_ros2/ros2_real/install/ur_msgs/share/ur_msgs/package.xml
[1.283s] Invoked command in '/home/kadi/UR5e_ros2/ros2_real/build/ur_msgs' returned '0': CMAKE_PREFIX_PATH=${CMAKE_PREFIX_PATH}:/opt/ros/iron /usr/bin/cmake --install /home/kadi/UR5e_ros2/ros2_real/build/ur_msgs
