[0.011s] Invoking command in '/home/kadi/UR5e_ros2/ros2_real/build/kinematics_interface_kdl': AMENT_PREFIX_PATH=/home/kadi/UR5e_ros2/ros2_real/install/ros2_control_test_assets:/home/kadi/UR5e_ros2/ros2_real/install/kinematics_interface:${AMENT_PREFIX_PATH} CMAKE_PREFIX_PATH=/home/kadi/UR5e_ros2/ros2_real/install/ros2_control_test_assets:/home/kadi/UR5e_ros2/ros2_real/install/kinematics_interface:/home/kadi/UR5e_ros2/ros2_real/install/ur_msgs:/home/kadi/UR5e_ros2/ros2_real/install/ur_description:/opt/ros/iron LD_LIBRARY_PATH=/home/kadi/UR5e_ros2/ros2_real/install/ros2_control_test_assets/lib:/home/kadi/UR5e_ros2/ros2_real/install/kinematics_interface/lib:${LD_LIBRARY_PATH} /usr/bin/cmake --build /home/kadi/UR5e_ros2/ros2_real/build/kinematics_interface_kdl -- -j16 -l16
[0.053s] [35m[1mConsolidate compiler generated dependencies of target gmock_main[0m
[0.054s] [35m[1mConsolidate compiler generated dependencies of target kinematics_interface_kdl[0m
[0.054s] [35m[1mConsolidate compiler generated dependencies of target gmock[0m
[0.065s] [ 44%] Built target gmock_main
[0.065s] [ 55%] Built target gmock
[0.065s] [ 77%] Built target kinematics_interface_kdl
[0.075s] [35m[1mConsolidate compiler generated dependencies of target test_kinematics_interface_kdl[0m
[0.090s] [100%] Built target test_kinematics_interface_kdl
[0.112s] Invoked command in '/home/kadi/UR5e_ros2/ros2_real/build/kinematics_interface_kdl' returned '0': AMENT_PREFIX_PATH=/home/kadi/UR5e_ros2/ros2_real/install/ros2_control_test_assets:/home/kadi/UR5e_ros2/ros2_real/install/kinematics_interface:${AMENT_PREFIX_PATH} CMAKE_PREFIX_PATH=/home/kadi/UR5e_ros2/ros2_real/install/ros2_control_test_assets:/home/kadi/UR5e_ros2/ros2_real/install/kinematics_interface:/home/kadi/UR5e_ros2/ros2_real/install/ur_msgs:/home/kadi/UR5e_ros2/ros2_real/install/ur_description:/opt/ros/iron LD_LIBRARY_PATH=/home/kadi/UR5e_ros2/ros2_real/install/ros2_control_test_assets/lib:/home/kadi/UR5e_ros2/ros2_real/install/kinematics_interface/lib:${LD_LIBRARY_PATH} /usr/bin/cmake --build /home/kadi/UR5e_ros2/ros2_real/build/kinematics_interface_kdl -- -j16 -l16
[0.114s] Invoking command in '/home/kadi/UR5e_ros2/ros2_real/build/kinematics_interface_kdl': AMENT_PREFIX_PATH=/home/kadi/UR5e_ros2/ros2_real/install/ros2_control_test_assets:/home/kadi/UR5e_ros2/ros2_real/install/kinematics_interface:${AMENT_PREFIX_PATH} CMAKE_PREFIX_PATH=/home/kadi/UR5e_ros2/ros2_real/install/ros2_control_test_assets:/home/kadi/UR5e_ros2/ros2_real/install/kinematics_interface:/home/kadi/UR5e_ros2/ros2_real/install/ur_msgs:/home/kadi/UR5e_ros2/ros2_real/install/ur_description:/opt/ros/iron LD_LIBRARY_PATH=/home/kadi/UR5e_ros2/ros2_real/install/ros2_control_test_assets/lib:/home/kadi/UR5e_ros2/ros2_real/install/kinematics_interface/lib:${LD_LIBRARY_PATH} /usr/bin/cmake --install /home/kadi/UR5e_ros2/ros2_real/build/kinematics_interface_kdl
[0.120s] -- Install configuration: "Release"
[0.120s] -- Up-to-date: /home/kadi/UR5e_ros2/ros2_real/install/kinematics_interface_kdl/share/kinematics_interface_kdl/kinematics_interface_kdl.xml
[0.120s] -- Up-to-date: /home/kadi/UR5e_ros2/ros2_real/install/kinematics_interface_kdl/include/kinematics_interface_kdl
[0.120s] -- Up-to-date: /home/kadi/UR5e_ros2/ros2_real/install/kinematics_interface_kdl/include/kinematics_interface_kdl/kinematics_interface_kdl
[0.121s] -- Up-to-date: /home/kadi/UR5e_ros2/ros2_real/install/kinematics_interface_kdl/include/kinematics_interface_kdl/kinematics_interface_kdl/kinematics_interface_kdl.hpp
[0.121s] -- Up-to-date: /home/kadi/UR5e_ros2/ros2_real/install/kinematics_interface_kdl/lib/libkinematics_interface_kdl.so
[0.121s] -- Up-to-date: /home/kadi/UR5e_ros2/ros2_real/install/kinematics_interface_kdl/share/kinematics_interface_kdl/environment/library_path.sh
[0.121s] -- Up-to-date: /home/kadi/UR5e_ros2/ros2_real/install/kinematics_interface_kdl/share/kinematics_interface_kdl/environment/library_path.dsv
[0.121s] -- Up-to-date: /home/kadi/UR5e_ros2/ros2_real/install/kinematics_interface_kdl/share/ament_index/resource_index/package_run_dependencies/kinematics_interface_kdl
[0.121s] -- Up-to-date: /home/kadi/UR5e_ros2/ros2_real/install/kinematics_interface_kdl/share/ament_index/resource_index/parent_prefix_path/kinematics_interface_kdl
[0.121s] -- Up-to-date: /home/kadi/UR5e_ros2/ros2_real/install/kinematics_interface_kdl/share/kinematics_interface_kdl/environment/ament_prefix_path.sh
[0.121s] -- Up-to-date: /home/kadi/UR5e_ros2/ros2_real/install/kinematics_interface_kdl/share/kinematics_interface_kdl/environment/ament_prefix_path.dsv
[0.121s] -- Up-to-date: /home/kadi/UR5e_ros2/ros2_real/install/kinematics_interface_kdl/share/kinematics_interface_kdl/environment/path.sh
[0.121s] -- Up-to-date: /home/kadi/UR5e_ros2/ros2_real/install/kinematics_interface_kdl/share/kinematics_interface_kdl/environment/path.dsv
[0.121s] -- Up-to-date: /home/kadi/UR5e_ros2/ros2_real/install/kinematics_interface_kdl/share/kinematics_interface_kdl/local_setup.bash
[0.121s] -- Up-to-date: /home/kadi/UR5e_ros2/ros2_real/install/kinematics_interface_kdl/share/kinematics_interface_kdl/local_setup.sh
[0.121s] -- Up-to-date: /home/kadi/UR5e_ros2/ros2_real/install/kinematics_interface_kdl/share/kinematics_interface_kdl/local_setup.zsh
[0.121s] -- Up-to-date: /home/kadi/UR5e_ros2/ros2_real/install/kinematics_interface_kdl/share/kinematics_interface_kdl/local_setup.dsv
[0.121s] -- Installing: /home/kadi/UR5e_ros2/ros2_real/install/kinematics_interface_kdl/share/kinematics_interface_kdl/package.dsv
[0.122s] -- Up-to-date: /home/kadi/UR5e_ros2/ros2_real/install/kinematics_interface_kdl/share/ament_index/resource_index/packages/kinematics_interface_kdl
[0.122s] -- Up-to-date: /home/kadi/UR5e_ros2/ros2_real/install/kinematics_interface_kdl/share/ament_index/resource_index/kinematics_interface__pluginlib__plugin/kinematics_interface_kdl
[0.122s] -- Up-to-date: /home/kadi/UR5e_ros2/ros2_real/install/kinematics_interface_kdl/share/kinematics_interface_kdl/cmake/export_kinematics_interface_kdlExport.cmake
[0.122s] -- Up-to-date: /home/kadi/UR5e_ros2/ros2_real/install/kinematics_interface_kdl/share/kinematics_interface_kdl/cmake/export_kinematics_interface_kdlExport-release.cmake
[0.122s] -- Up-to-date: /home/kadi/UR5e_ros2/ros2_real/install/kinematics_interface_kdl/share/kinematics_interface_kdl/cmake/ament_cmake_export_targets-extras.cmake
[0.122s] -- Up-to-date: /home/kadi/UR5e_ros2/ros2_real/install/kinematics_interface_kdl/share/kinematics_interface_kdl/cmake/ament_cmake_export_dependencies-extras.cmake
[0.122s] -- Up-to-date: /home/kadi/UR5e_ros2/ros2_real/install/kinematics_interface_kdl/share/kinematics_interface_kdl/cmake/kinematics_interface_kdlConfig.cmake
[0.122s] -- Up-to-date: /home/kadi/UR5e_ros2/ros2_real/install/kinematics_interface_kdl/share/kinematics_interface_kdl/cmake/kinematics_interface_kdlConfig-version.cmake
[0.122s] -- Up-to-date: /home/kadi/UR5e_ros2/ros2_real/install/kinematics_interface_kdl/share/kinematics_interface_kdl/package.xml
[0.126s] Invoked command in '/home/kadi/UR5e_ros2/ros2_real/build/kinematics_interface_kdl' returned '0': AMENT_PREFIX_PATH=/home/kadi/UR5e_ros2/ros2_real/install/ros2_control_test_assets:/home/kadi/UR5e_ros2/ros2_real/install/kinematics_interface:${AMENT_PREFIX_PATH} CMAKE_PREFIX_PATH=/home/kadi/UR5e_ros2/ros2_real/install/ros2_control_test_assets:/home/kadi/UR5e_ros2/ros2_real/install/kinematics_interface:/home/kadi/UR5e_ros2/ros2_real/install/ur_msgs:/home/kadi/UR5e_ros2/ros2_real/install/ur_description:/opt/ros/iron LD_LIBRARY_PATH=/home/kadi/UR5e_ros2/ros2_real/install/ros2_control_test_assets/lib:/home/kadi/UR5e_ros2/ros2_real/install/kinematics_interface/lib:${LD_LIBRARY_PATH} /usr/bin/cmake --install /home/kadi/UR5e_ros2/ros2_real/build/kinematics_interface_kdl
