[0.016s] Invoking command in '/home/kadi/UR5e_ros2/ros2_real/build/robotiq_description': CMAKE_PREFIX_PATH=/home/kadi/UR5e_ros2/ros2_real/install/robotiq_description:/home/kadi/UR5e_ros2/ros2_real/install/serial:/home/kadi/UR5e_ros2/ros2_real/install/cartesian_controller_simulation_ur5e:/home/kadi/UR5e_ros2/ros2_real/install/cartesian_controller_simulation:/home/kadi/UR5e_ros2/ros2_real/install/cartesian_compliance_controller:/home/kadi/UR5e_ros2/ros2_real/install/cartesian_motion_controller:/home/kadi/UR5e_ros2/ros2_real/install/cartesian_force_controller:/home/kadi/UR5e_ros2/ros2_real/install/cartesian_controller_handles:/home/kadi/UR5e_ros2/ros2_real/install/cartesian_controller_base:/home/kadi/UR5e_ros2/ros2_real/install/cartesian_controller_utilities:/home/kadi/UR5e_ros2/ros2_real/install/rqt_joint_trajectory_controller:/home/kadi/UR5e_ros2/ros2_real/install/rqt_controller_manager:/home/kadi/UR5e_ros2/ros2_real/install/ros2controlcli:/home/kadi/UR5e_ros2/ros2_real/install/ros2_controllers_test_nodes:/opt/ros/iron:/home/kadi/UR5e_ros2/ros2_real/install/cartesian_controller_tests:/home/kadi/UR5e_ros2/ros2_real/install/ur:/home/kadi/UR5e_ros2/ros2_real/install/ur_calibration:/home/kadi/UR5e_ros2/ros2_real/install/ur_robot_driver:/home/kadi/UR5e_ros2/ros2_real/install/ros2_controllers:/home/kadi/UR5e_ros2/ros2_real/install/velocity_controllers:/home/kadi/UR5e_ros2/ros2_real/install/ur_controllers:/home/kadi/UR5e_ros2/ros2_real/install/ur_moveit_config:/home/kadi/UR5e_ros2/ros2_real/install/ur_dashboard_msgs:/home/kadi/UR5e_ros2/ros2_real/install/ur_client_library:/home/kadi/UR5e_ros2/ros2_real/install/tricycle_steering_controller:/home/kadi/UR5e_ros2/ros2_real/install/tricycle_controller:/home/kadi/UR5e_ros2/ros2_real/install/ros2_control:/home/kadi/UR5e_ros2/ros2_real/install/transmission_interface:/home/kadi/UR5e_ros2/ros2_real/install/bicycle_steering_controller:/home/kadi/UR5e_ros2/ros2_real/install/ackermann_steering_controller:/home/kadi/UR5e_ros2/ros2_real/install/steering_controllers_library:/home/kadi/UR5e_ros2/ros2_real/install/hardware_interface_testing:/home/kadi/UR5e_ros2/ros2_real/install/controller_manager:/home/kadi/UR5e_ros2/ros2_real/install/ros2_control_test_assets:/home/kadi/UR5e_ros2/ros2_real/install/range_sensor_broadcaster:/home/kadi/UR5e_ros2/ros2_real/install/position_controllers:/home/kadi/UR5e_ros2/ros2_real/install/pid_controller:/home/kadi/UR5e_ros2/ros2_real/install/kinematics_interface_kdl:/home/kadi/UR5e_ros2/ros2_real/install/admittance_controller:/home/kadi/UR5e_ros2/ros2_real/install/kinematics_interface:/home/kadi/UR5e_ros2/ros2_real/install/joint_trajectory_controller:/home/kadi/UR5e_ros2/ros2_real/install/joint_state_broadcaster:/home/kadi/UR5e_ros2/ros2_real/install/joint_limits:/home/kadi/UR5e_ros2/ros2_real/install/imu_sensor_broadcaster:/home/kadi/UR5e_ros2/ros2_real/install/gripper_controllers:/home/kadi/UR5e_ros2/ros2_real/install/effort_controllers:/home/kadi/UR5e_ros2/ros2_real/install/forward_command_controller:/home/kadi/UR5e_ros2/ros2_real/install/force_torque_sensor_broadcaster:/home/kadi/UR5e_ros2/ros2_real/install/diff_drive_controller:/home/kadi/UR5e_ros2/ros2_real/install/controller_interface:/home/kadi/UR5e_ros2/ros2_real/install/hardware_interface:/home/kadi/UR5e_ros2/ros2_real/install/controller_manager_msgs:/home/kadi/UR5e_ros2/ros2_real/install/control_msgs:/home/kadi/UR5e_ros2/ros2_real/install/ur_msgs:/home/kadi/UR5e_ros2/ros2_real/install/ur_description /usr/bin/cmake --build /home/kadi/UR5e_ros2/ros2_real/build/robotiq_description -- -j16 -l16
[0.068s] Invoked command in '/home/kadi/UR5e_ros2/ros2_real/build/robotiq_description' returned '0': CMAKE_PREFIX_PATH=/home/kadi/UR5e_ros2/ros2_real/install/robotiq_description:/home/kadi/UR5e_ros2/ros2_real/install/serial:/home/kadi/UR5e_ros2/ros2_real/install/cartesian_controller_simulation_ur5e:/home/kadi/UR5e_ros2/ros2_real/install/cartesian_controller_simulation:/home/kadi/UR5e_ros2/ros2_real/install/cartesian_compliance_controller:/home/kadi/UR5e_ros2/ros2_real/install/cartesian_motion_controller:/home/kadi/UR5e_ros2/ros2_real/install/cartesian_force_controller:/home/kadi/UR5e_ros2/ros2_real/install/cartesian_controller_handles:/home/kadi/UR5e_ros2/ros2_real/install/cartesian_controller_base:/home/kadi/UR5e_ros2/ros2_real/install/cartesian_controller_utilities:/home/kadi/UR5e_ros2/ros2_real/install/rqt_joint_trajectory_controller:/home/kadi/UR5e_ros2/ros2_real/install/rqt_controller_manager:/home/kadi/UR5e_ros2/ros2_real/install/ros2controlcli:/home/kadi/UR5e_ros2/ros2_real/install/ros2_controllers_test_nodes:/opt/ros/iron:/home/kadi/UR5e_ros2/ros2_real/install/cartesian_controller_tests:/home/kadi/UR5e_ros2/ros2_real/install/ur:/home/kadi/UR5e_ros2/ros2_real/install/ur_calibration:/home/kadi/UR5e_ros2/ros2_real/install/ur_robot_driver:/home/kadi/UR5e_ros2/ros2_real/install/ros2_controllers:/home/kadi/UR5e_ros2/ros2_real/install/velocity_controllers:/home/kadi/UR5e_ros2/ros2_real/install/ur_controllers:/home/kadi/UR5e_ros2/ros2_real/install/ur_moveit_config:/home/kadi/UR5e_ros2/ros2_real/install/ur_dashboard_msgs:/home/kadi/UR5e_ros2/ros2_real/install/ur_client_library:/home/kadi/UR5e_ros2/ros2_real/install/tricycle_steering_controller:/home/kadi/UR5e_ros2/ros2_real/install/tricycle_controller:/home/kadi/UR5e_ros2/ros2_real/install/ros2_control:/home/kadi/UR5e_ros2/ros2_real/install/transmission_interface:/home/kadi/UR5e_ros2/ros2_real/install/bicycle_steering_controller:/home/kadi/UR5e_ros2/ros2_real/install/ackermann_steering_controller:/home/kadi/UR5e_ros2/ros2_real/install/steering_controllers_library:/home/kadi/UR5e_ros2/ros2_real/install/hardware_interface_testing:/home/kadi/UR5e_ros2/ros2_real/install/controller_manager:/home/kadi/UR5e_ros2/ros2_real/install/ros2_control_test_assets:/home/kadi/UR5e_ros2/ros2_real/install/range_sensor_broadcaster:/home/kadi/UR5e_ros2/ros2_real/install/position_controllers:/home/kadi/UR5e_ros2/ros2_real/install/pid_controller:/home/kadi/UR5e_ros2/ros2_real/install/kinematics_interface_kdl:/home/kadi/UR5e_ros2/ros2_real/install/admittance_controller:/home/kadi/UR5e_ros2/ros2_real/install/kinematics_interface:/home/kadi/UR5e_ros2/ros2_real/install/joint_trajectory_controller:/home/kadi/UR5e_ros2/ros2_real/install/joint_state_broadcaster:/home/kadi/UR5e_ros2/ros2_real/install/joint_limits:/home/kadi/UR5e_ros2/ros2_real/install/imu_sensor_broadcaster:/home/kadi/UR5e_ros2/ros2_real/install/gripper_controllers:/home/kadi/UR5e_ros2/ros2_real/install/effort_controllers:/home/kadi/UR5e_ros2/ros2_real/install/forward_command_controller:/home/kadi/UR5e_ros2/ros2_real/install/force_torque_sensor_broadcaster:/home/kadi/UR5e_ros2/ros2_real/install/diff_drive_controller:/home/kadi/UR5e_ros2/ros2_real/install/controller_interface:/home/kadi/UR5e_ros2/ros2_real/install/hardware_interface:/home/kadi/UR5e_ros2/ros2_real/install/controller_manager_msgs:/home/kadi/UR5e_ros2/ros2_real/install/control_msgs:/home/kadi/UR5e_ros2/ros2_real/install/ur_msgs:/home/kadi/UR5e_ros2/ros2_real/install/ur_description /usr/bin/cmake --build /home/kadi/UR5e_ros2/ros2_real/build/robotiq_description -- -j16 -l16
[0.080s] Invoking command in '/home/kadi/UR5e_ros2/ros2_real/build/robotiq_description': CMAKE_PREFIX_PATH=/home/kadi/UR5e_ros2/ros2_real/install/robotiq_description:/home/kadi/UR5e_ros2/ros2_real/install/serial:/home/kadi/UR5e_ros2/ros2_real/install/cartesian_controller_simulation_ur5e:/home/kadi/UR5e_ros2/ros2_real/install/cartesian_controller_simulation:/home/kadi/UR5e_ros2/ros2_real/install/cartesian_compliance_controller:/home/kadi/UR5e_ros2/ros2_real/install/cartesian_motion_controller:/home/kadi/UR5e_ros2/ros2_real/install/cartesian_force_controller:/home/kadi/UR5e_ros2/ros2_real/install/cartesian_controller_handles:/home/kadi/UR5e_ros2/ros2_real/install/cartesian_controller_base:/home/kadi/UR5e_ros2/ros2_real/install/cartesian_controller_utilities:/home/kadi/UR5e_ros2/ros2_real/install/rqt_joint_trajectory_controller:/home/kadi/UR5e_ros2/ros2_real/install/rqt_controller_manager:/home/kadi/UR5e_ros2/ros2_real/install/ros2controlcli:/home/kadi/UR5e_ros2/ros2_real/install/ros2_controllers_test_nodes:/opt/ros/iron:/home/kadi/UR5e_ros2/ros2_real/install/cartesian_controller_tests:/home/kadi/UR5e_ros2/ros2_real/install/ur:/home/kadi/UR5e_ros2/ros2_real/install/ur_calibration:/home/kadi/UR5e_ros2/ros2_real/install/ur_robot_driver:/home/kadi/UR5e_ros2/ros2_real/install/ros2_controllers:/home/kadi/UR5e_ros2/ros2_real/install/velocity_controllers:/home/kadi/UR5e_ros2/ros2_real/install/ur_controllers:/home/kadi/UR5e_ros2/ros2_real/install/ur_moveit_config:/home/kadi/UR5e_ros2/ros2_real/install/ur_dashboard_msgs:/home/kadi/UR5e_ros2/ros2_real/install/ur_client_library:/home/kadi/UR5e_ros2/ros2_real/install/tricycle_steering_controller:/home/kadi/UR5e_ros2/ros2_real/install/tricycle_controller:/home/kadi/UR5e_ros2/ros2_real/install/ros2_control:/home/kadi/UR5e_ros2/ros2_real/install/transmission_interface:/home/kadi/UR5e_ros2/ros2_real/install/bicycle_steering_controller:/home/kadi/UR5e_ros2/ros2_real/install/ackermann_steering_controller:/home/kadi/UR5e_ros2/ros2_real/install/steering_controllers_library:/home/kadi/UR5e_ros2/ros2_real/install/hardware_interface_testing:/home/kadi/UR5e_ros2/ros2_real/install/controller_manager:/home/kadi/UR5e_ros2/ros2_real/install/ros2_control_test_assets:/home/kadi/UR5e_ros2/ros2_real/install/range_sensor_broadcaster:/home/kadi/UR5e_ros2/ros2_real/install/position_controllers:/home/kadi/UR5e_ros2/ros2_real/install/pid_controller:/home/kadi/UR5e_ros2/ros2_real/install/kinematics_interface_kdl:/home/kadi/UR5e_ros2/ros2_real/install/admittance_controller:/home/kadi/UR5e_ros2/ros2_real/install/kinematics_interface:/home/kadi/UR5e_ros2/ros2_real/install/joint_trajectory_controller:/home/kadi/UR5e_ros2/ros2_real/install/joint_state_broadcaster:/home/kadi/UR5e_ros2/ros2_real/install/joint_limits:/home/kadi/UR5e_ros2/ros2_real/install/imu_sensor_broadcaster:/home/kadi/UR5e_ros2/ros2_real/install/gripper_controllers:/home/kadi/UR5e_ros2/ros2_real/install/effort_controllers:/home/kadi/UR5e_ros2/ros2_real/install/forward_command_controller:/home/kadi/UR5e_ros2/ros2_real/install/force_torque_sensor_broadcaster:/home/kadi/UR5e_ros2/ros2_real/install/diff_drive_controller:/home/kadi/UR5e_ros2/ros2_real/install/controller_interface:/home/kadi/UR5e_ros2/ros2_real/install/hardware_interface:/home/kadi/UR5e_ros2/ros2_real/install/controller_manager_msgs:/home/kadi/UR5e_ros2/ros2_real/install/control_msgs:/home/kadi/UR5e_ros2/ros2_real/install/ur_msgs:/home/kadi/UR5e_ros2/ros2_real/install/ur_description /usr/bin/cmake --install /home/kadi/UR5e_ros2/ros2_real/build/robotiq_description
[0.088s] -- Install configuration: ""
[0.088s] -- Up-to-date: /home/kadi/UR5e_ros2/ros2_real/install/robotiq_description/share/robotiq_description/config
[0.088s] -- Up-to-date: /home/kadi/UR5e_ros2/ros2_real/install/robotiq_description/share/robotiq_description/config/robotiq_hand_e_controllers.yaml
[0.088s] -- Up-to-date: /home/kadi/UR5e_ros2/ros2_real/install/robotiq_description/share/robotiq_description/config/robotiq_controllers.yaml
[0.089s] -- Up-to-date: /home/kadi/UR5e_ros2/ros2_real/install/robotiq_description/share/robotiq_description/launch
[0.089s] -- Up-to-date: /home/kadi/UR5e_ros2/ros2_real/install/robotiq_description/share/robotiq_description/launch/robotiq_control.launch.py
[0.089s] -- Up-to-date: /home/kadi/UR5e_ros2/ros2_real/install/robotiq_description/share/robotiq_description/launch/view_gripper.launch.py
[0.089s] -- Up-to-date: /home/kadi/UR5e_ros2/ros2_real/install/robotiq_description/share/robotiq_description/launch/view_hand-e.launch.xml
[0.089s] -- Up-to-date: /home/kadi/UR5e_ros2/ros2_real/install/robotiq_description/share/robotiq_description/launch/hand-e_control.launch.xml
[0.089s] -- Up-to-date: /home/kadi/UR5e_ros2/ros2_real/install/robotiq_description/share/robotiq_description/meshes
[0.089s] -- Up-to-date: /home/kadi/UR5e_ros2/ros2_real/install/robotiq_description/share/robotiq_description/meshes/visual
[0.089s] -- Up-to-date: /home/kadi/UR5e_ros2/ros2_real/install/robotiq_description/share/robotiq_description/meshes/visual/2f_140
[0.089s] -- Up-to-date: /home/kadi/UR5e_ros2/ros2_real/install/robotiq_description/share/robotiq_description/meshes/visual/2f_140/robotiq_2f_140_inner_finger.stl
[0.089s] -- Up-to-date: /home/kadi/UR5e_ros2/ros2_real/install/robotiq_description/share/robotiq_description/meshes/visual/2f_140/robotiq_2f_140_coupling.stl
[0.089s] -- Up-to-date: /home/kadi/UR5e_ros2/ros2_real/install/robotiq_description/share/robotiq_description/meshes/visual/2f_140/robotiq_2f_140_outer_finger.stl
[0.089s] -- Up-to-date: /home/kadi/UR5e_ros2/ros2_real/install/robotiq_description/share/robotiq_description/meshes/visual/2f_140/robotiq_2f_140_base_link.stl
[0.089s] -- Up-to-date: /home/kadi/UR5e_ros2/ros2_real/install/robotiq_description/share/robotiq_description/meshes/visual/2f_140/robotiq_2f_140_outer_knuckle.stl
[0.089s] -- Up-to-date: /home/kadi/UR5e_ros2/ros2_real/install/robotiq_description/share/robotiq_description/meshes/visual/2f_140/robotiq_2f_140_inner_knuckle.stl
[0.089s] -- Up-to-date: /home/kadi/UR5e_ros2/ros2_real/install/robotiq_description/share/robotiq_description/meshes/visual/2f_85
[0.089s] -- Up-to-date: /home/kadi/UR5e_ros2/ros2_real/install/robotiq_description/share/robotiq_description/meshes/visual/2f_85/robotiq_base.dae
[0.089s] -- Up-to-date: /home/kadi/UR5e_ros2/ros2_real/install/robotiq_description/share/robotiq_description/meshes/visual/2f_85/right_knuckle.dae
[0.089s] -- Up-to-date: /home/kadi/UR5e_ros2/ros2_real/install/robotiq_description/share/robotiq_description/meshes/visual/2f_85/right_finger.dae
[0.089s] -- Up-to-date: /home/kadi/UR5e_ros2/ros2_real/install/robotiq_description/share/robotiq_description/meshes/visual/2f_85/right_inner_knuckle.dae
[0.089s] -- Up-to-date: /home/kadi/UR5e_ros2/ros2_real/install/robotiq_description/share/robotiq_description/meshes/visual/2f_85/left_finger_tip.dae
[0.089s] -- Up-to-date: /home/kadi/UR5e_ros2/ros2_real/install/robotiq_description/share/robotiq_description/meshes/visual/2f_85/ur_to_robotiq_adapter.dae
[0.089s] -- Up-to-date: /home/kadi/UR5e_ros2/ros2_real/install/robotiq_description/share/robotiq_description/meshes/visual/2f_85/right_finger_tip.dae
[0.089s] -- Up-to-date: /home/kadi/UR5e_ros2/ros2_real/install/robotiq_description/share/robotiq_description/meshes/visual/2f_85/left_inner_knuckle.dae
[0.089s] -- Up-to-date: /home/kadi/UR5e_ros2/ros2_real/install/robotiq_description/share/robotiq_description/meshes/visual/2f_85/left_knuckle.dae
[0.089s] -- Up-to-date: /home/kadi/UR5e_ros2/ros2_real/install/robotiq_description/share/robotiq_description/meshes/visual/2f_85/left_finger.dae
[0.089s] -- Up-to-date: /home/kadi/UR5e_ros2/ros2_real/install/robotiq_description/share/robotiq_description/meshes/visual/hande
[0.089s] -- Up-to-date: /home/kadi/UR5e_ros2/ros2_real/install/robotiq_description/share/robotiq_description/meshes/visual/hande/right_finger.dae
[0.089s] -- Up-to-date: /home/kadi/UR5e_ros2/ros2_real/install/robotiq_description/share/robotiq_description/meshes/visual/hande/hand-e.dae
[0.089s] -- Up-to-date: /home/kadi/UR5e_ros2/ros2_real/install/robotiq_description/share/robotiq_description/meshes/visual/hande/left_finger.dae
[0.089s] -- Up-to-date: /home/kadi/UR5e_ros2/ros2_real/install/robotiq_description/share/robotiq_description/meshes/collision
[0.089s] -- Up-to-date: /home/kadi/UR5e_ros2/ros2_real/install/robotiq_description/share/robotiq_description/meshes/collision/2f_140
[0.089s] -- Up-to-date: /home/kadi/UR5e_ros2/ros2_real/install/robotiq_description/share/robotiq_description/meshes/collision/2f_140/robotiq_2f_140_inner_finger.stl
[0.089s] -- Up-to-date: /home/kadi/UR5e_ros2/ros2_real/install/robotiq_description/share/robotiq_description/meshes/collision/2f_140/robotiq_2f_140_coupling.stl
[0.089s] -- Up-to-date: /home/kadi/UR5e_ros2/ros2_real/install/robotiq_description/share/robotiq_description/meshes/collision/2f_140/robotiq_2f_140_outer_finger.stl
[0.090s] -- Up-to-date: /home/kadi/UR5e_ros2/ros2_real/install/robotiq_description/share/robotiq_description/meshes/collision/2f_140/robotiq_2f_140_base_link.stl
[0.090s] -- Up-to-date: /home/kadi/UR5e_ros2/ros2_real/install/robotiq_description/share/robotiq_description/meshes/collision/2f_140/robotiq_2f_140_outer_knuckle.stl
[0.090s] -- Up-to-date: /home/kadi/UR5e_ros2/ros2_real/install/robotiq_description/share/robotiq_description/meshes/collision/2f_140/robotiq_2f_140_inner_knuckle.stl
[0.090s] -- Up-to-date: /home/kadi/UR5e_ros2/ros2_real/install/robotiq_description/share/robotiq_description/meshes/collision/2f_85
[0.090s] -- Up-to-date: /home/kadi/UR5e_ros2/ros2_real/install/robotiq_description/share/robotiq_description/meshes/collision/2f_85/right_finger_tip.stl
[0.090s] -- Up-to-date: /home/kadi/UR5e_ros2/ros2_real/install/robotiq_description/share/robotiq_description/meshes/collision/2f_85/right_finger.stl
[0.090s] -- Up-to-date: /home/kadi/UR5e_ros2/ros2_real/install/robotiq_description/share/robotiq_description/meshes/collision/2f_85/left_finger.stl
[0.090s] -- Up-to-date: /home/kadi/UR5e_ros2/ros2_real/install/robotiq_description/share/robotiq_description/meshes/collision/2f_85/right_knuckle.stl
[0.090s] -- Up-to-date: /home/kadi/UR5e_ros2/ros2_real/install/robotiq_description/share/robotiq_description/meshes/collision/2f_85/right_inner_knuckle.stl
[0.090s] -- Up-to-date: /home/kadi/UR5e_ros2/ros2_real/install/robotiq_description/share/robotiq_description/meshes/collision/2f_85/robotiq_base.stl
[0.090s] -- Up-to-date: /home/kadi/UR5e_ros2/ros2_real/install/robotiq_description/share/robotiq_description/meshes/collision/2f_85/left_knuckle.stl
[0.090s] -- Up-to-date: /home/kadi/UR5e_ros2/ros2_real/install/robotiq_description/share/robotiq_description/meshes/collision/2f_85/left_finger_tip.stl
[0.090s] -- Up-to-date: /home/kadi/UR5e_ros2/ros2_real/install/robotiq_description/share/robotiq_description/meshes/collision/2f_85/left_inner_knuckle.stl
[0.090s] -- Up-to-date: /home/kadi/UR5e_ros2/ros2_real/install/robotiq_description/share/robotiq_description/meshes/collision/2f_85/ur_to_robotiq_adapter.stl
[0.090s] -- Up-to-date: /home/kadi/UR5e_ros2/ros2_real/install/robotiq_description/share/robotiq_description/meshes/collision/hande
[0.090s] -- Up-to-date: /home/kadi/UR5e_ros2/ros2_real/install/robotiq_description/share/robotiq_description/meshes/collision/hande/right_finger.stl
[0.090s] -- Up-to-date: /home/kadi/UR5e_ros2/ros2_real/install/robotiq_description/share/robotiq_description/meshes/collision/hande/left_finger.stl
[0.090s] -- Up-to-date: /home/kadi/UR5e_ros2/ros2_real/install/robotiq_description/share/robotiq_description/meshes/collision/hande/hand-e.stl
[0.090s] -- Up-to-date: /home/kadi/UR5e_ros2/ros2_real/install/robotiq_description/share/robotiq_description/rviz
[0.090s] -- Up-to-date: /home/kadi/UR5e_ros2/ros2_real/install/robotiq_description/share/robotiq_description/rviz/view_urdf.rviz
[0.090s] -- Up-to-date: /home/kadi/UR5e_ros2/ros2_real/install/robotiq_description/share/robotiq_description/urdf
[0.090s] -- Up-to-date: /home/kadi/UR5e_ros2/ros2_real/install/robotiq_description/share/robotiq_description/urdf/hand_e.ros2_control.xacro
[0.090s] -- Up-to-date: /home/kadi/UR5e_ros2/ros2_real/install/robotiq_description/share/robotiq_description/urdf/robotiq_hand_e_macro.urdf.xacro
[0.090s] -- Up-to-date: /home/kadi/UR5e_ros2/ros2_real/install/robotiq_description/share/robotiq_description/urdf/robotiq_2f_85_macro.urdf.xacro
[0.090s] -- Up-to-date: /home/kadi/UR5e_ros2/ros2_real/install/robotiq_description/share/robotiq_description/urdf/robotiq_hand_e_gripper.urdf.xacro
[0.090s] -- Up-to-date: /home/kadi/UR5e_ros2/ros2_real/install/robotiq_description/share/robotiq_description/urdf/2f_140.ros2_control.xacro
[0.090s] -- Up-to-date: /home/kadi/UR5e_ros2/ros2_real/install/robotiq_description/share/robotiq_description/urdf/robotiq_2f_140.xacro
[0.090s] -- Up-to-date: /home/kadi/UR5e_ros2/ros2_real/install/robotiq_description/share/robotiq_description/urdf/2f_85.ros2_control.xacro
[0.090s] -- Up-to-date: /home/kadi/UR5e_ros2/ros2_real/install/robotiq_description/share/robotiq_description/urdf/robotiq_2f_140_macro.urdf.xacro
[0.090s] -- Up-to-date: /home/kadi/UR5e_ros2/ros2_real/install/robotiq_description/share/robotiq_description/urdf/robotiq_2f_85_gripper.urdf.xacro
[0.090s] -- Up-to-date: /home/kadi/UR5e_ros2/ros2_real/install/robotiq_description/share/robotiq_description/urdf/robotiq_2f_140_gripper.urdf.xacro
[0.090s] -- Up-to-date: /home/kadi/UR5e_ros2/ros2_real/install/robotiq_description/share/robotiq_description/urdf/ur_to_robotiq_adapter.urdf.xacro
[0.090s] -- Up-to-date: /home/kadi/UR5e_ros2/ros2_real/install/robotiq_description/share/ament_index/resource_index/package_run_dependencies/robotiq_description
[0.090s] -- Up-to-date: /home/kadi/UR5e_ros2/ros2_real/install/robotiq_description/share/ament_index/resource_index/parent_prefix_path/robotiq_description
[0.090s] -- Up-to-date: /home/kadi/UR5e_ros2/ros2_real/install/robotiq_description/share/robotiq_description/environment/ament_prefix_path.sh
[0.090s] -- Up-to-date: /home/kadi/UR5e_ros2/ros2_real/install/robotiq_description/share/robotiq_description/environment/ament_prefix_path.dsv
[0.090s] -- Up-to-date: /home/kadi/UR5e_ros2/ros2_real/install/robotiq_description/share/robotiq_description/environment/path.sh
[0.090s] -- Up-to-date: /home/kadi/UR5e_ros2/ros2_real/install/robotiq_description/share/robotiq_description/environment/path.dsv
[0.090s] -- Up-to-date: /home/kadi/UR5e_ros2/ros2_real/install/robotiq_description/share/robotiq_description/local_setup.bash
[0.090s] -- Up-to-date: /home/kadi/UR5e_ros2/ros2_real/install/robotiq_description/share/robotiq_description/local_setup.sh
[0.090s] -- Up-to-date: /home/kadi/UR5e_ros2/ros2_real/install/robotiq_description/share/robotiq_description/local_setup.zsh
[0.090s] -- Up-to-date: /home/kadi/UR5e_ros2/ros2_real/install/robotiq_description/share/robotiq_description/local_setup.dsv
[0.090s] -- Installing: /home/kadi/UR5e_ros2/ros2_real/install/robotiq_description/share/robotiq_description/package.dsv
[0.091s] -- Up-to-date: /home/kadi/UR5e_ros2/ros2_real/install/robotiq_description/share/ament_index/resource_index/packages/robotiq_description
[0.091s] -- Up-to-date: /home/kadi/UR5e_ros2/ros2_real/install/robotiq_description/share/robotiq_description/cmake/robotiq_descriptionConfig.cmake
[0.091s] -- Up-to-date: /home/kadi/UR5e_ros2/ros2_real/install/robotiq_description/share/robotiq_description/cmake/robotiq_descriptionConfig-version.cmake
[0.091s] -- Up-to-date: /home/kadi/UR5e_ros2/ros2_real/install/robotiq_description/share/robotiq_description/package.xml
[0.091s] Invoked command in '/home/kadi/UR5e_ros2/ros2_real/build/robotiq_description' returned '0': CMAKE_PREFIX_PATH=/home/kadi/UR5e_ros2/ros2_real/install/robotiq_description:/home/kadi/UR5e_ros2/ros2_real/install/serial:/home/kadi/UR5e_ros2/ros2_real/install/cartesian_controller_simulation_ur5e:/home/kadi/UR5e_ros2/ros2_real/install/cartesian_controller_simulation:/home/kadi/UR5e_ros2/ros2_real/install/cartesian_compliance_controller:/home/kadi/UR5e_ros2/ros2_real/install/cartesian_motion_controller:/home/kadi/UR5e_ros2/ros2_real/install/cartesian_force_controller:/home/kadi/UR5e_ros2/ros2_real/install/cartesian_controller_handles:/home/kadi/UR5e_ros2/ros2_real/install/cartesian_controller_base:/home/kadi/UR5e_ros2/ros2_real/install/cartesian_controller_utilities:/home/kadi/UR5e_ros2/ros2_real/install/rqt_joint_trajectory_controller:/home/kadi/UR5e_ros2/ros2_real/install/rqt_controller_manager:/home/kadi/UR5e_ros2/ros2_real/install/ros2controlcli:/home/kadi/UR5e_ros2/ros2_real/install/ros2_controllers_test_nodes:/opt/ros/iron:/home/kadi/UR5e_ros2/ros2_real/install/cartesian_controller_tests:/home/kadi/UR5e_ros2/ros2_real/install/ur:/home/kadi/UR5e_ros2/ros2_real/install/ur_calibration:/home/kadi/UR5e_ros2/ros2_real/install/ur_robot_driver:/home/kadi/UR5e_ros2/ros2_real/install/ros2_controllers:/home/kadi/UR5e_ros2/ros2_real/install/velocity_controllers:/home/kadi/UR5e_ros2/ros2_real/install/ur_controllers:/home/kadi/UR5e_ros2/ros2_real/install/ur_moveit_config:/home/kadi/UR5e_ros2/ros2_real/install/ur_dashboard_msgs:/home/kadi/UR5e_ros2/ros2_real/install/ur_client_library:/home/kadi/UR5e_ros2/ros2_real/install/tricycle_steering_controller:/home/kadi/UR5e_ros2/ros2_real/install/tricycle_controller:/home/kadi/UR5e_ros2/ros2_real/install/ros2_control:/home/kadi/UR5e_ros2/ros2_real/install/transmission_interface:/home/kadi/UR5e_ros2/ros2_real/install/bicycle_steering_controller:/home/kadi/UR5e_ros2/ros2_real/install/ackermann_steering_controller:/home/kadi/UR5e_ros2/ros2_real/install/steering_controllers_library:/home/kadi/UR5e_ros2/ros2_real/install/hardware_interface_testing:/home/kadi/UR5e_ros2/ros2_real/install/controller_manager:/home/kadi/UR5e_ros2/ros2_real/install/ros2_control_test_assets:/home/kadi/UR5e_ros2/ros2_real/install/range_sensor_broadcaster:/home/kadi/UR5e_ros2/ros2_real/install/position_controllers:/home/kadi/UR5e_ros2/ros2_real/install/pid_controller:/home/kadi/UR5e_ros2/ros2_real/install/kinematics_interface_kdl:/home/kadi/UR5e_ros2/ros2_real/install/admittance_controller:/home/kadi/UR5e_ros2/ros2_real/install/kinematics_interface:/home/kadi/UR5e_ros2/ros2_real/install/joint_trajectory_controller:/home/kadi/UR5e_ros2/ros2_real/install/joint_state_broadcaster:/home/kadi/UR5e_ros2/ros2_real/install/joint_limits:/home/kadi/UR5e_ros2/ros2_real/install/imu_sensor_broadcaster:/home/kadi/UR5e_ros2/ros2_real/install/gripper_controllers:/home/kadi/UR5e_ros2/ros2_real/install/effort_controllers:/home/kadi/UR5e_ros2/ros2_real/install/forward_command_controller:/home/kadi/UR5e_ros2/ros2_real/install/force_torque_sensor_broadcaster:/home/kadi/UR5e_ros2/ros2_real/install/diff_drive_controller:/home/kadi/UR5e_ros2/ros2_real/install/controller_interface:/home/kadi/UR5e_ros2/ros2_real/install/hardware_interface:/home/kadi/UR5e_ros2/ros2_real/install/controller_manager_msgs:/home/kadi/UR5e_ros2/ros2_real/install/control_msgs:/home/kadi/UR5e_ros2/ros2_real/install/ur_msgs:/home/kadi/UR5e_ros2/ros2_real/install/ur_description /usr/bin/cmake --install /home/kadi/UR5e_ros2/ros2_real/build/robotiq_description
