[0.007s] Invoking command in '/home/kadi/UR5e_ros2/ros2_real/build/joint_limits': CMAKE_PREFIX_PATH=${CMAKE_PREFIX_PATH}:/opt/ros/iron /usr/bin/cmake --build /home/kadi/UR5e_ros2/ros2_real/build/joint_limits -- -j16 -l16
[0.042s] [35m[1mConsolidate compiler generated dependencies of target gtest_main[0m
[0.043s] [35m[1mConsolidate compiler generated dependencies of target gtest[0m
[0.051s] [ 25%] Built target gtest_main
[0.051s] [ 50%] Built target gtest
[0.062s] [35m[1mConsolidate compiler generated dependencies of target joint_limits_urdf_test[0m
[0.062s] [35m[1mConsolidate compiler generated dependencies of target joint_limits_rosparam_test[0m
[0.072s] [ 75%] Built target joint_limits_urdf_test
[0.078s] [100%] Built target joint_limits_rosparam_test
[0.091s] Invoked command in '/home/kadi/UR5e_ros2/ros2_real/build/joint_limits' returned '0': CMAKE_PREFIX_PATH=${CMAKE_PREFIX_PATH}:/opt/ros/iron /usr/bin/cmake --build /home/kadi/UR5e_ros2/ros2_real/build/joint_limits -- -j16 -l16
[0.093s] Invoking command in '/home/kadi/UR5e_ros2/ros2_real/build/joint_limits': CMAKE_PREFIX_PATH=${CMAKE_PREFIX_PATH}:/opt/ros/iron /usr/bin/cmake --install /home/kadi/UR5e_ros2/ros2_real/build/joint_limits
[0.100s] -- Install configuration: "Release"
[0.101s] -- Up-to-date: /home/kadi/UR5e_ros2/ros2_real/install/joint_limits/lib/joint_limits/joint_limits_rosparam_test
[0.101s] -- Up-to-date: /home/kadi/UR5e_ros2/ros2_real/install/joint_limits/share/joint_limits/test/joint_limits_rosparam.yaml
[0.101s] -- Up-to-date: /home/kadi/UR5e_ros2/ros2_real/install/joint_limits/include/joint_limits
[0.101s] -- Up-to-date: /home/kadi/UR5e_ros2/ros2_real/install/joint_limits/include/joint_limits/joint_limits
[0.101s] -- Up-to-date: /home/kadi/UR5e_ros2/ros2_real/install/joint_limits/include/joint_limits/joint_limits/joint_limits.hpp
[0.101s] -- Up-to-date: /home/kadi/UR5e_ros2/ros2_real/install/joint_limits/include/joint_limits/joint_limits/joint_limits_rosparam.hpp
[0.101s] -- Up-to-date: /home/kadi/UR5e_ros2/ros2_real/install/joint_limits/include/joint_limits/joint_limits/joint_limits_urdf.hpp
[0.101s] -- Up-to-date: /home/kadi/UR5e_ros2/ros2_real/install/joint_limits/share/joint_limits/environment/library_path.sh
[0.101s] -- Up-to-date: /home/kadi/UR5e_ros2/ros2_real/install/joint_limits/share/joint_limits/environment/library_path.dsv
[0.101s] -- Up-to-date: /home/kadi/UR5e_ros2/ros2_real/install/joint_limits/share/ament_index/resource_index/package_run_dependencies/joint_limits
[0.101s] -- Up-to-date: /home/kadi/UR5e_ros2/ros2_real/install/joint_limits/share/ament_index/resource_index/parent_prefix_path/joint_limits
[0.101s] -- Up-to-date: /home/kadi/UR5e_ros2/ros2_real/install/joint_limits/share/joint_limits/environment/ament_prefix_path.sh
[0.101s] -- Up-to-date: /home/kadi/UR5e_ros2/ros2_real/install/joint_limits/share/joint_limits/environment/ament_prefix_path.dsv
[0.101s] -- Up-to-date: /home/kadi/UR5e_ros2/ros2_real/install/joint_limits/share/joint_limits/environment/path.sh
[0.102s] -- Up-to-date: /home/kadi/UR5e_ros2/ros2_real/install/joint_limits/share/joint_limits/environment/path.dsv
[0.102s] -- Up-to-date: /home/kadi/UR5e_ros2/ros2_real/install/joint_limits/share/joint_limits/local_setup.bash
[0.102s] -- Up-to-date: /home/kadi/UR5e_ros2/ros2_real/install/joint_limits/share/joint_limits/local_setup.sh
[0.102s] -- Up-to-date: /home/kadi/UR5e_ros2/ros2_real/install/joint_limits/share/joint_limits/local_setup.zsh
[0.102s] -- Up-to-date: /home/kadi/UR5e_ros2/ros2_real/install/joint_limits/share/joint_limits/local_setup.dsv
[0.102s] -- Installing: /home/kadi/UR5e_ros2/ros2_real/install/joint_limits/share/joint_limits/package.dsv
[0.102s] -- Up-to-date: /home/kadi/UR5e_ros2/ros2_real/install/joint_limits/share/ament_index/resource_index/packages/joint_limits
[0.102s] -- Up-to-date: /home/kadi/UR5e_ros2/ros2_real/install/joint_limits/share/joint_limits/cmake/export_joint_limitsExport.cmake
[0.102s] -- Up-to-date: /home/kadi/UR5e_ros2/ros2_real/install/joint_limits/share/joint_limits/cmake/ament_cmake_export_targets-extras.cmake
[0.102s] -- Up-to-date: /home/kadi/UR5e_ros2/ros2_real/install/joint_limits/share/joint_limits/cmake/ament_cmake_export_dependencies-extras.cmake
[0.102s] -- Up-to-date: /home/kadi/UR5e_ros2/ros2_real/install/joint_limits/share/joint_limits/cmake/joint_limitsConfig.cmake
[0.102s] -- Up-to-date: /home/kadi/UR5e_ros2/ros2_real/install/joint_limits/share/joint_limits/cmake/joint_limitsConfig-version.cmake
[0.102s] -- Up-to-date: /home/kadi/UR5e_ros2/ros2_real/install/joint_limits/share/joint_limits/package.xml
[0.105s] Invoked command in '/home/kadi/UR5e_ros2/ros2_real/build/joint_limits' returned '0': CMAKE_PREFIX_PATH=${CMAKE_PREFIX_PATH}:/opt/ros/iron /usr/bin/cmake --install /home/kadi/UR5e_ros2/ros2_real/build/joint_limits
