[35m[1mConsolidate compiler generated dependencies of target gmock_main[0m
[35m[1mConsolidate compiler generated dependencies of target gmock[0m
[  7%] Built target pid_controller_parameters
[ 21%] Built target gmock_main
[ 42%] Built target gmock
[35m[1mConsolidate compiler generated dependencies of target pid_controller[0m
[35m[1mConsolidate compiler generated dependencies of target test_load_pid_controller[0m
[ 57%] Built target pid_controller
[ 71%] Built target test_load_pid_controller
[35m[1mConsolidate compiler generated dependencies of target test_pid_controller_preceding[0m
[35m[1mConsolidate compiler generated dependencies of target test_pid_controller[0m
[100%] Built target test_pid_controller
[100%] Built target test_pid_controller_preceding
-- Install configuration: "Release"
-- Installing: /home/kadi/UR5e_ros2/ros2_real/install/pid_controller/include/pid_controller_parameters
-- Installing: /home/kadi/UR5e_ros2/ros2_real/install/pid_controller/include/pid_controller_parameters/pid_controller_parameters.hpp
-- Installing: /home/kadi/UR5e_ros2/ros2_real/install/pid_controller/share/pid_controller/pid_controller.xml
-- Installing: /home/kadi/UR5e_ros2/ros2_real/install/pid_controller/include/pid_controller
-- Installing: /home/kadi/UR5e_ros2/ros2_real/install/pid_controller/include/pid_controller/pid_controller
-- Installing: /home/kadi/UR5e_ros2/ros2_real/install/pid_controller/include/pid_controller/pid_controller/pid_controller.hpp
-- Installing: /home/kadi/UR5e_ros2/ros2_real/install/pid_controller/include/pid_controller/pid_controller/visibility_control.h
-- Installing: /home/kadi/UR5e_ros2/ros2_real/install/pid_controller/lib/libpid_controller.so
-- Set runtime path of "/home/kadi/UR5e_ros2/ros2_real/install/pid_controller/lib/libpid_controller.so" to ""
-- Installing: /home/kadi/UR5e_ros2/ros2_real/install/pid_controller/share/pid_controller/environment/library_path.sh
-- Installing: /home/kadi/UR5e_ros2/ros2_real/install/pid_controller/share/pid_controller/environment/library_path.dsv
-- Installing: /home/kadi/UR5e_ros2/ros2_real/install/pid_controller/share/ament_index/resource_index/package_run_dependencies/pid_controller
-- Installing: /home/kadi/UR5e_ros2/ros2_real/install/pid_controller/share/ament_index/resource_index/parent_prefix_path/pid_controller
-- Installing: /home/kadi/UR5e_ros2/ros2_real/install/pid_controller/share/pid_controller/environment/ament_prefix_path.sh
-- Installing: /home/kadi/UR5e_ros2/ros2_real/install/pid_controller/share/pid_controller/environment/ament_prefix_path.dsv
-- Installing: /home/kadi/UR5e_ros2/ros2_real/install/pid_controller/share/pid_controller/environment/path.sh
-- Installing: /home/kadi/UR5e_ros2/ros2_real/install/pid_controller/share/pid_controller/environment/path.dsv
-- Installing: /home/kadi/UR5e_ros2/ros2_real/install/pid_controller/share/pid_controller/local_setup.bash
-- Installing: /home/kadi/UR5e_ros2/ros2_real/install/pid_controller/share/pid_controller/local_setup.sh
-- Installing: /home/kadi/UR5e_ros2/ros2_real/install/pid_controller/share/pid_controller/local_setup.zsh
-- Installing: /home/kadi/UR5e_ros2/ros2_real/install/pid_controller/share/pid_controller/local_setup.dsv
-- Installing: /home/kadi/UR5e_ros2/ros2_real/install/pid_controller/share/pid_controller/package.dsv
-- Installing: /home/kadi/UR5e_ros2/ros2_real/install/pid_controller/share/ament_index/resource_index/packages/pid_controller
-- Installing: /home/kadi/UR5e_ros2/ros2_real/install/pid_controller/share/ament_index/resource_index/controller_interface__pluginlib__plugin/pid_controller
-- Installing: /home/kadi/UR5e_ros2/ros2_real/install/pid_controller/share/pid_controller/cmake/export_pid_controllerExport.cmake
-- Installing: /home/kadi/UR5e_ros2/ros2_real/install/pid_controller/share/pid_controller/cmake/export_pid_controllerExport-release.cmake
-- Installing: /home/kadi/UR5e_ros2/ros2_real/install/pid_controller/share/pid_controller/cmake/ament_cmake_export_targets-extras.cmake
-- Installing: /home/kadi/UR5e_ros2/ros2_real/install/pid_controller/share/pid_controller/cmake/ament_cmake_export_dependencies-extras.cmake
-- Installing: /home/kadi/UR5e_ros2/ros2_real/install/pid_controller/share/pid_controller/cmake/pid_controllerConfig.cmake
-- Installing: /home/kadi/UR5e_ros2/ros2_real/install/pid_controller/share/pid_controller/cmake/pid_controllerConfig-version.cmake
-- Installing: /home/kadi/UR5e_ros2/ros2_real/install/pid_controller/share/pid_controller/package.xml
