[0.037s] Invoking command in '/home/kadi/UR5e_ros2/ros2_real/build/pid_controller': AMENT_PREFIX_PATH=/home/kadi/UR5e_ros2/ros2_real/install/controller_manager:/home/kadi/UR5e_ros2/ros2_real/install/hardware_interface_testing:/home/kadi/UR5e_ros2/ros2_real/install/controller_interface:/home/kadi/UR5e_ros2/ros2_real/install/hardware_interface:/home/kadi/UR5e_ros2/ros2_real/install/ros2_control_test_assets:/home/kadi/UR5e_ros2/ros2_real/install/controller_manager_msgs:/home/kadi/UR5e_ros2/ros2_real/install/control_msgs:${AMENT_PREFIX_PATH} CMAKE_PREFIX_PATH=/home/kadi/UR5e_ros2/ros2_real/install/controller_manager:/home/kadi/UR5e_ros2/ros2_real/install/hardware_interface_testing:/home/kadi/UR5e_ros2/ros2_real/install/controller_interface:/home/kadi/UR5e_ros2/ros2_real/install/hardware_interface:/home/kadi/UR5e_ros2/ros2_real/install/ros2_control_test_assets:/home/kadi/UR5e_ros2/ros2_real/install/controller_manager_msgs:/home/kadi/UR5e_ros2/ros2_real/install/control_msgs:/home/kadi/UR5e_ros2/ros2_real/install/ur_msgs:/home/kadi/UR5e_ros2/ros2_real/install/ur_description:/opt/ros/iron LD_LIBRARY_PATH=/home/kadi/UR5e_ros2/ros2_real/install/controller_manager/lib:/home/kadi/UR5e_ros2/ros2_real/install/hardware_interface_testing/lib:/home/kadi/UR5e_ros2/ros2_real/install/controller_interface/lib:/home/kadi/UR5e_ros2/ros2_real/install/hardware_interface/lib:/home/kadi/UR5e_ros2/ros2_real/install/ros2_control_test_assets/lib:/home/kadi/UR5e_ros2/ros2_real/install/controller_manager_msgs/lib:/home/kadi/UR5e_ros2/ros2_real/install/control_msgs/lib:${LD_LIBRARY_PATH} PYTHONPATH=/home/kadi/UR5e_ros2/ros2_real/install/controller_manager/lib/python3.10/site-packages:/home/kadi/UR5e_ros2/ros2_real/install/controller_manager_msgs/lib/python3.10/site-packages:/home/kadi/UR5e_ros2/ros2_real/install/control_msgs/lib/python3.10/site-packages:${PYTHONPATH} /usr/bin/cmake --build /home/kadi/UR5e_ros2/ros2_real/build/pid_controller -- -j16 -l16
[0.076s] [35m[1mConsolidate compiler generated dependencies of target gmock_main[0m
[0.076s] [35m[1mConsolidate compiler generated dependencies of target gmock[0m
[0.086s] [  7%] Built target pid_controller_parameters
[0.088s] [ 21%] Built target gmock_main
[0.089s] [ 42%] Built target gmock
[0.096s] [35m[1mConsolidate compiler generated dependencies of target pid_controller[0m
[0.101s] [35m[1mConsolidate compiler generated dependencies of target test_load_pid_controller[0m
[0.113s] [ 57%] Built target pid_controller
[0.117s] [ 71%] Built target test_load_pid_controller
[0.124s] [35m[1mConsolidate compiler generated dependencies of target test_pid_controller_preceding[0m
[0.124s] [35m[1mConsolidate compiler generated dependencies of target test_pid_controller[0m
[0.140s] [100%] Built target test_pid_controller
[0.140s] [100%] Built target test_pid_controller_preceding
[0.276s] Invoked command in '/home/kadi/UR5e_ros2/ros2_real/build/pid_controller' returned '0': AMENT_PREFIX_PATH=/home/kadi/UR5e_ros2/ros2_real/install/controller_manager:/home/kadi/UR5e_ros2/ros2_real/install/hardware_interface_testing:/home/kadi/UR5e_ros2/ros2_real/install/controller_interface:/home/kadi/UR5e_ros2/ros2_real/install/hardware_interface:/home/kadi/UR5e_ros2/ros2_real/install/ros2_control_test_assets:/home/kadi/UR5e_ros2/ros2_real/install/controller_manager_msgs:/home/kadi/UR5e_ros2/ros2_real/install/control_msgs:${AMENT_PREFIX_PATH} CMAKE_PREFIX_PATH=/home/kadi/UR5e_ros2/ros2_real/install/controller_manager:/home/kadi/UR5e_ros2/ros2_real/install/hardware_interface_testing:/home/kadi/UR5e_ros2/ros2_real/install/controller_interface:/home/kadi/UR5e_ros2/ros2_real/install/hardware_interface:/home/kadi/UR5e_ros2/ros2_real/install/ros2_control_test_assets:/home/kadi/UR5e_ros2/ros2_real/install/controller_manager_msgs:/home/kadi/UR5e_ros2/ros2_real/install/control_msgs:/home/kadi/UR5e_ros2/ros2_real/install/ur_msgs:/home/kadi/UR5e_ros2/ros2_real/install/ur_description:/opt/ros/iron LD_LIBRARY_PATH=/home/kadi/UR5e_ros2/ros2_real/install/controller_manager/lib:/home/kadi/UR5e_ros2/ros2_real/install/hardware_interface_testing/lib:/home/kadi/UR5e_ros2/ros2_real/install/controller_interface/lib:/home/kadi/UR5e_ros2/ros2_real/install/hardware_interface/lib:/home/kadi/UR5e_ros2/ros2_real/install/ros2_control_test_assets/lib:/home/kadi/UR5e_ros2/ros2_real/install/controller_manager_msgs/lib:/home/kadi/UR5e_ros2/ros2_real/install/control_msgs/lib:${LD_LIBRARY_PATH} PYTHONPATH=/home/kadi/UR5e_ros2/ros2_real/install/controller_manager/lib/python3.10/site-packages:/home/kadi/UR5e_ros2/ros2_real/install/controller_manager_msgs/lib/python3.10/site-packages:/home/kadi/UR5e_ros2/ros2_real/install/control_msgs/lib/python3.10/site-packages:${PYTHONPATH} /usr/bin/cmake --build /home/kadi/UR5e_ros2/ros2_real/build/pid_controller -- -j16 -l16
[0.276s] Invoking command in '/home/kadi/UR5e_ros2/ros2_real/build/pid_controller': AMENT_PREFIX_PATH=/home/kadi/UR5e_ros2/ros2_real/install/controller_manager:/home/kadi/UR5e_ros2/ros2_real/install/hardware_interface_testing:/home/kadi/UR5e_ros2/ros2_real/install/controller_interface:/home/kadi/UR5e_ros2/ros2_real/install/hardware_interface:/home/kadi/UR5e_ros2/ros2_real/install/ros2_control_test_assets:/home/kadi/UR5e_ros2/ros2_real/install/controller_manager_msgs:/home/kadi/UR5e_ros2/ros2_real/install/control_msgs:${AMENT_PREFIX_PATH} CMAKE_PREFIX_PATH=/home/kadi/UR5e_ros2/ros2_real/install/controller_manager:/home/kadi/UR5e_ros2/ros2_real/install/hardware_interface_testing:/home/kadi/UR5e_ros2/ros2_real/install/controller_interface:/home/kadi/UR5e_ros2/ros2_real/install/hardware_interface:/home/kadi/UR5e_ros2/ros2_real/install/ros2_control_test_assets:/home/kadi/UR5e_ros2/ros2_real/install/controller_manager_msgs:/home/kadi/UR5e_ros2/ros2_real/install/control_msgs:/home/kadi/UR5e_ros2/ros2_real/install/ur_msgs:/home/kadi/UR5e_ros2/ros2_real/install/ur_description:/opt/ros/iron LD_LIBRARY_PATH=/home/kadi/UR5e_ros2/ros2_real/install/controller_manager/lib:/home/kadi/UR5e_ros2/ros2_real/install/hardware_interface_testing/lib:/home/kadi/UR5e_ros2/ros2_real/install/controller_interface/lib:/home/kadi/UR5e_ros2/ros2_real/install/hardware_interface/lib:/home/kadi/UR5e_ros2/ros2_real/install/ros2_control_test_assets/lib:/home/kadi/UR5e_ros2/ros2_real/install/controller_manager_msgs/lib:/home/kadi/UR5e_ros2/ros2_real/install/control_msgs/lib:${LD_LIBRARY_PATH} PYTHONPATH=/home/kadi/UR5e_ros2/ros2_real/install/controller_manager/lib/python3.10/site-packages:/home/kadi/UR5e_ros2/ros2_real/install/controller_manager_msgs/lib/python3.10/site-packages:/home/kadi/UR5e_ros2/ros2_real/install/control_msgs/lib/python3.10/site-packages:${PYTHONPATH} /usr/bin/cmake --install /home/kadi/UR5e_ros2/ros2_real/build/pid_controller
[0.283s] -- Install configuration: "Release"
[0.283s] -- Installing: /home/kadi/UR5e_ros2/ros2_real/install/pid_controller/include/pid_controller_parameters
[0.284s] -- Installing: /home/kadi/UR5e_ros2/ros2_real/install/pid_controller/include/pid_controller_parameters/pid_controller_parameters.hpp
[0.284s] -- Installing: /home/kadi/UR5e_ros2/ros2_real/install/pid_controller/share/pid_controller/pid_controller.xml
[0.284s] -- Installing: /home/kadi/UR5e_ros2/ros2_real/install/pid_controller/include/pid_controller
[0.284s] -- Installing: /home/kadi/UR5e_ros2/ros2_real/install/pid_controller/include/pid_controller/pid_controller
[0.284s] -- Installing: /home/kadi/UR5e_ros2/ros2_real/install/pid_controller/include/pid_controller/pid_controller/pid_controller.hpp
[0.284s] -- Installing: /home/kadi/UR5e_ros2/ros2_real/install/pid_controller/include/pid_controller/pid_controller/visibility_control.h
[0.284s] -- Installing: /home/kadi/UR5e_ros2/ros2_real/install/pid_controller/lib/libpid_controller.so
[0.286s] -- Set runtime path of "/home/kadi/UR5e_ros2/ros2_real/install/pid_controller/lib/libpid_controller.so" to ""
[0.286s] -- Installing: /home/kadi/UR5e_ros2/ros2_real/install/pid_controller/share/pid_controller/environment/library_path.sh
[0.286s] -- Installing: /home/kadi/UR5e_ros2/ros2_real/install/pid_controller/share/pid_controller/environment/library_path.dsv
[0.286s] -- Installing: /home/kadi/UR5e_ros2/ros2_real/install/pid_controller/share/ament_index/resource_index/package_run_dependencies/pid_controller
[0.286s] -- Installing: /home/kadi/UR5e_ros2/ros2_real/install/pid_controller/share/ament_index/resource_index/parent_prefix_path/pid_controller
[0.286s] -- Installing: /home/kadi/UR5e_ros2/ros2_real/install/pid_controller/share/pid_controller/environment/ament_prefix_path.sh
[0.286s] -- Installing: /home/kadi/UR5e_ros2/ros2_real/install/pid_controller/share/pid_controller/environment/ament_prefix_path.dsv
[0.286s] -- Installing: /home/kadi/UR5e_ros2/ros2_real/install/pid_controller/share/pid_controller/environment/path.sh
[0.286s] -- Installing: /home/kadi/UR5e_ros2/ros2_real/install/pid_controller/share/pid_controller/environment/path.dsv
[0.287s] -- Installing: /home/kadi/UR5e_ros2/ros2_real/install/pid_controller/share/pid_controller/local_setup.bash
[0.287s] -- Installing: /home/kadi/UR5e_ros2/ros2_real/install/pid_controller/share/pid_controller/local_setup.sh
[0.287s] -- Installing: /home/kadi/UR5e_ros2/ros2_real/install/pid_controller/share/pid_controller/local_setup.zsh
[0.287s] -- Installing: /home/kadi/UR5e_ros2/ros2_real/install/pid_controller/share/pid_controller/local_setup.dsv
[0.287s] -- Installing: /home/kadi/UR5e_ros2/ros2_real/install/pid_controller/share/pid_controller/package.dsv
[0.287s] -- Installing: /home/kadi/UR5e_ros2/ros2_real/install/pid_controller/share/ament_index/resource_index/packages/pid_controller
[0.287s] -- Installing: /home/kadi/UR5e_ros2/ros2_real/install/pid_controller/share/ament_index/resource_index/controller_interface__pluginlib__plugin/pid_controller
[0.287s] -- Installing: /home/kadi/UR5e_ros2/ros2_real/install/pid_controller/share/pid_controller/cmake/export_pid_controllerExport.cmake
[0.287s] -- Installing: /home/kadi/UR5e_ros2/ros2_real/install/pid_controller/share/pid_controller/cmake/export_pid_controllerExport-release.cmake
[0.288s] -- Installing: /home/kadi/UR5e_ros2/ros2_real/install/pid_controller/share/pid_controller/cmake/ament_cmake_export_targets-extras.cmake
[0.288s] -- Installing: /home/kadi/UR5e_ros2/ros2_real/install/pid_controller/share/pid_controller/cmake/ament_cmake_export_dependencies-extras.cmake
[0.288s] -- Installing: /home/kadi/UR5e_ros2/ros2_real/install/pid_controller/share/pid_controller/cmake/pid_controllerConfig.cmake
[0.288s] -- Installing: /home/kadi/UR5e_ros2/ros2_real/install/pid_controller/share/pid_controller/cmake/pid_controllerConfig-version.cmake
[0.288s] -- Installing: /home/kadi/UR5e_ros2/ros2_real/install/pid_controller/share/pid_controller/package.xml
[0.292s] Invoked command in '/home/kadi/UR5e_ros2/ros2_real/build/pid_controller' returned '0': AMENT_PREFIX_PATH=/home/kadi/UR5e_ros2/ros2_real/install/controller_manager:/home/kadi/UR5e_ros2/ros2_real/install/hardware_interface_testing:/home/kadi/UR5e_ros2/ros2_real/install/controller_interface:/home/kadi/UR5e_ros2/ros2_real/install/hardware_interface:/home/kadi/UR5e_ros2/ros2_real/install/ros2_control_test_assets:/home/kadi/UR5e_ros2/ros2_real/install/controller_manager_msgs:/home/kadi/UR5e_ros2/ros2_real/install/control_msgs:${AMENT_PREFIX_PATH} CMAKE_PREFIX_PATH=/home/kadi/UR5e_ros2/ros2_real/install/controller_manager:/home/kadi/UR5e_ros2/ros2_real/install/hardware_interface_testing:/home/kadi/UR5e_ros2/ros2_real/install/controller_interface:/home/kadi/UR5e_ros2/ros2_real/install/hardware_interface:/home/kadi/UR5e_ros2/ros2_real/install/ros2_control_test_assets:/home/kadi/UR5e_ros2/ros2_real/install/controller_manager_msgs:/home/kadi/UR5e_ros2/ros2_real/install/control_msgs:/home/kadi/UR5e_ros2/ros2_real/install/ur_msgs:/home/kadi/UR5e_ros2/ros2_real/install/ur_description:/opt/ros/iron LD_LIBRARY_PATH=/home/kadi/UR5e_ros2/ros2_real/install/controller_manager/lib:/home/kadi/UR5e_ros2/ros2_real/install/hardware_interface_testing/lib:/home/kadi/UR5e_ros2/ros2_real/install/controller_interface/lib:/home/kadi/UR5e_ros2/ros2_real/install/hardware_interface/lib:/home/kadi/UR5e_ros2/ros2_real/install/ros2_control_test_assets/lib:/home/kadi/UR5e_ros2/ros2_real/install/controller_manager_msgs/lib:/home/kadi/UR5e_ros2/ros2_real/install/control_msgs/lib:${LD_LIBRARY_PATH} PYTHONPATH=/home/kadi/UR5e_ros2/ros2_real/install/controller_manager/lib/python3.10/site-packages:/home/kadi/UR5e_ros2/ros2_real/install/controller_manager_msgs/lib/python3.10/site-packages:/home/kadi/UR5e_ros2/ros2_real/install/control_msgs/lib/python3.10/site-packages:${PYTHONPATH} /usr/bin/cmake --install /home/kadi/UR5e_ros2/ros2_real/build/pid_controller
