[35m[1mConsolidate compiler generated dependencies of target gmock_main[0m
[35m[1mConsolidate compiler generated dependencies of target gmock[0m
[35m[1mConsolidate compiler generated dependencies of target robotiq_driver[0m
[ 16%] Built target gmock_main
[ 20%] Built target gmock
[ 58%] Built target robotiq_driver
[35m[1mConsolidate compiler generated dependencies of target test_data_utils[0m
[35m[1mConsolidate compiler generated dependencies of target test_crc_utils[0m
[35m[1mConsolidate compiler generated dependencies of target test_default_serial_factory[0m
[35m[1mConsolidate compiler generated dependencies of target test_default_driver_factory[0m
[35m[1mConsolidate compiler generated dependencies of target test_robotiq_gripper_hardware_interface[0m
[ 75%] Built target test_crc_utils
[ 75%] Built target test_data_utils
[ 87%] [32mBuilding CXX object tests/CMakeFiles/test_robotiq_gripper_hardware_interface.dir/test_robotiq_gripper_hardware_interface.cpp.o[0m
[ 87%] Built target test_default_serial_factory
[ 95%] Built target test_default_driver_factory
[100%] [32m[1mLinking CXX executable test_robotiq_gripper_hardware_interface[0m
[100%] Built target test_robotiq_gripper_hardware_interface
-- Install configuration: ""
-- Installing: /home/kadi/UR5e_ros2/ros2_real/install/robotiq_driver/share/robotiq_driver/hardware_interface_plugin.xml
-- Installing: /home/kadi/UR5e_ros2/ros2_real/install/robotiq_driver/share/robotiq_driver/environment/library_path.sh
-- Installing: /home/kadi/UR5e_ros2/ros2_real/install/robotiq_driver/share/robotiq_driver/environment/library_path.dsv
-- Installing: /home/kadi/UR5e_ros2/ros2_real/install/robotiq_driver/include
-- Installing: /home/kadi/UR5e_ros2/ros2_real/install/robotiq_driver/include/robotiq_driver
-- Installing: /home/kadi/UR5e_ros2/ros2_real/install/robotiq_driver/include/robotiq_driver/serial.hpp
-- Installing: /home/kadi/UR5e_ros2/ros2_real/install/robotiq_driver/include/robotiq_driver/default_driver.hpp
-- Installing: /home/kadi/UR5e_ros2/ros2_real/install/robotiq_driver/include/robotiq_driver/data_utils.hpp
-- Installing: /home/kadi/UR5e_ros2/ros2_real/install/robotiq_driver/include/robotiq_driver/default_serial.hpp
-- Installing: /home/kadi/UR5e_ros2/ros2_real/install/robotiq_driver/include/robotiq_driver/driver.hpp
-- Installing: /home/kadi/UR5e_ros2/ros2_real/install/robotiq_driver/include/robotiq_driver/serial_factory.hpp
-- Installing: /home/kadi/UR5e_ros2/ros2_real/install/robotiq_driver/include/robotiq_driver/default_driver_factory.hpp
-- Installing: /home/kadi/UR5e_ros2/ros2_real/install/robotiq_driver/include/robotiq_driver/fake
-- Installing: /home/kadi/UR5e_ros2/ros2_real/install/robotiq_driver/include/robotiq_driver/fake/fake_driver.hpp
-- Installing: /home/kadi/UR5e_ros2/ros2_real/install/robotiq_driver/include/robotiq_driver/driver_exception.hpp
-- Installing: /home/kadi/UR5e_ros2/ros2_real/install/robotiq_driver/include/robotiq_driver/visibility_control.hpp
-- Installing: /home/kadi/UR5e_ros2/ros2_real/install/robotiq_driver/include/robotiq_driver/crc_utils.hpp
-- Installing: /home/kadi/UR5e_ros2/ros2_real/install/robotiq_driver/include/robotiq_driver/hardware_interface.hpp
-- Installing: /home/kadi/UR5e_ros2/ros2_real/install/robotiq_driver/include/robotiq_driver/default_serial_factory.hpp
-- Installing: /home/kadi/UR5e_ros2/ros2_real/install/robotiq_driver/include/robotiq_driver/driver_factory.hpp
-- Installing: /home/kadi/UR5e_ros2/ros2_real/install/robotiq_driver/lib/librobotiq_driver.so
-- Set runtime path of "/home/kadi/UR5e_ros2/ros2_real/install/robotiq_driver/lib/librobotiq_driver.so" to ""
-- Installing: /home/kadi/UR5e_ros2/ros2_real/install/robotiq_driver/share/ament_index/resource_index/package_run_dependencies/robotiq_driver
-- Installing: /home/kadi/UR5e_ros2/ros2_real/install/robotiq_driver/share/ament_index/resource_index/parent_prefix_path/robotiq_driver
-- Installing: /home/kadi/UR5e_ros2/ros2_real/install/robotiq_driver/share/robotiq_driver/environment/ament_prefix_path.sh
-- Installing: /home/kadi/UR5e_ros2/ros2_real/install/robotiq_driver/share/robotiq_driver/environment/ament_prefix_path.dsv
-- Installing: /home/kadi/UR5e_ros2/ros2_real/install/robotiq_driver/share/robotiq_driver/environment/path.sh
-- Installing: /home/kadi/UR5e_ros2/ros2_real/install/robotiq_driver/share/robotiq_driver/environment/path.dsv
-- Installing: /home/kadi/UR5e_ros2/ros2_real/install/robotiq_driver/share/robotiq_driver/local_setup.bash
-- Installing: /home/kadi/UR5e_ros2/ros2_real/install/robotiq_driver/share/robotiq_driver/local_setup.sh
-- Installing: /home/kadi/UR5e_ros2/ros2_real/install/robotiq_driver/share/robotiq_driver/local_setup.zsh
-- Installing: /home/kadi/UR5e_ros2/ros2_real/install/robotiq_driver/share/robotiq_driver/local_setup.dsv
-- Installing: /home/kadi/UR5e_ros2/ros2_real/install/robotiq_driver/share/robotiq_driver/package.dsv
-- Installing: /home/kadi/UR5e_ros2/ros2_real/install/robotiq_driver/share/ament_index/resource_index/packages/robotiq_driver
-- Installing: /home/kadi/UR5e_ros2/ros2_real/install/robotiq_driver/share/ament_index/resource_index/hardware_interface__pluginlib__plugin/robotiq_driver
-- Installing: /home/kadi/UR5e_ros2/ros2_real/install/robotiq_driver/share/robotiq_driver/cmake/robotiq_driver_targetsExport.cmake
-- Installing: /home/kadi/UR5e_ros2/ros2_real/install/robotiq_driver/share/robotiq_driver/cmake/robotiq_driver_targetsExport-noconfig.cmake
-- Installing: /home/kadi/UR5e_ros2/ros2_real/install/robotiq_driver/share/robotiq_driver/cmake/ament_cmake_export_targets-extras.cmake
-- Installing: /home/kadi/UR5e_ros2/ros2_real/install/robotiq_driver/share/robotiq_driver/cmake/ament_cmake_export_dependencies-extras.cmake
-- Installing: /home/kadi/UR5e_ros2/ros2_real/install/robotiq_driver/share/robotiq_driver/cmake/ament_cmake_export_include_directories-extras.cmake
-- Installing: /home/kadi/UR5e_ros2/ros2_real/install/robotiq_driver/share/robotiq_driver/cmake/ament_cmake_export_libraries-extras.cmake
-- Installing: /home/kadi/UR5e_ros2/ros2_real/install/robotiq_driver/share/robotiq_driver/cmake/robotiq_driverConfig.cmake
-- Installing: /home/kadi/UR5e_ros2/ros2_real/install/robotiq_driver/share/robotiq_driver/cmake/robotiq_driverConfig-version.cmake
-- Installing: /home/kadi/UR5e_ros2/ros2_real/install/robotiq_driver/share/robotiq_driver/package.xml
