-- The CXX compiler identification is GNU 11.4.0
-- Detecting CXX compiler ABI info
-- Detecting CXX compiler ABI info - done
-- Check for working CXX compiler: /usr/bin/c++ - skipped
-- Detecting CXX compile features
-- Detecting CXX compile features - done
-- Found ament_cmake: 2.0.7 (/opt/ros/iron/share/ament_cmake/cmake)
-- Found Python3: /usr/bin/python3.10 (found version "3.10.12") found components: Interpreter 
-- Found control_msgs: 5.2.0 (/home/kadi/UR5e_ros2/ros2_real/install/control_msgs/share/control_msgs/cmake)
-- Found rosidl_generator_c: 4.0.1 (/opt/ros/iron/share/rosidl_generator_c/cmake)
-- Found rosidl_generator_cpp: 4.0.1 (/opt/ros/iron/share/rosidl_generator_cpp/cmake)
-- Using all available rosidl_typesupport_c: rosidl_typesupport_fastrtps_c;rosidl_typesupport_introspection_c
-- Using all available rosidl_typesupport_cpp: rosidl_typesupport_fastrtps_cpp;rosidl_typesupport_introspection_cpp
-- Found control_toolbox: 3.3.0 (/opt/ros/iron/share/control_toolbox/cmake)
-- Found rmw_implementation_cmake: 7.1.0 (/opt/ros/iron/share/rmw_implementation_cmake/cmake)
-- Found rmw_fastrtps_cpp: 7.1.4 (/opt/ros/iron/share/rmw_fastrtps_cpp/cmake)
-- Found OpenSSL: /usr/lib/x86_64-linux-gnu/libcrypto.so (found version "3.0.2")  
-- Found FastRTPS: /opt/ros/iron/include  
-- Using RMW implementation 'rmw_fastrtps_cpp' as default
-- Found parameter_traits: 0.3.9 (/opt/ros/iron/share/parameter_traits/cmake)
-- Found rclcpp_lifecycle: 21.0.8 (/opt/ros/iron/share/rclcpp_lifecycle/cmake)
-- Found controller_interface: 3.28.1 (/home/kadi/UR5e_ros2/ros2_real/install/controller_interface/share/controller_interface/cmake)
-- Found ament_cmake_gmock: 2.0.7 (/opt/ros/iron/share/ament_cmake_gmock/cmake)
-- Found controller_manager: 3.28.1 (/home/kadi/UR5e_ros2/ros2_real/install/controller_manager/share/controller_manager/cmake)
-- Found ros2_control_test_assets: 3.28.1 (/home/kadi/UR5e_ros2/ros2_real/install/ros2_control_test_assets/share/ros2_control_test_assets/cmake)
-- Found gmock sources under '/opt/ros/iron/src/gmock_vendor': C++ tests using 'Google Mock' will be built
-- The C compiler identification is GNU 11.4.0
-- Detecting C compiler ABI info
-- Detecting C compiler ABI info - done
-- Check for working C compiler: /usr/bin/cc - skipped
-- Detecting C compile features
-- Detecting C compile features - done
-- Found ament_cmake_gtest: 2.0.7 (/opt/ros/iron/share/ament_cmake_gtest/cmake)
-- Found gtest sources under '/opt/ros/iron/src/gtest_vendor': C++ tests using 'Google Test' will be built
-- Configuring done
-- Generating done
-- Build files have been written to: /home/kadi/UR5e_ros2/ros2_real/build/gripper_controllers
[  8%] [34m[1mRunning `/opt/ros/iron/bin/generate_parameter_library_cpp /home/kadi/UR5e_ros2/ros2_real/build/gripper_controllers/gripper_action_controller_parameters/include//gripper_action_controller_parameters.hpp /home/kadi/UR5e_ros2/ros2_real/src/ros2_controllers/gripper_controllers/src/gripper_action_controller_parameters.yaml `[0m
[ 33%] [32mBuilding CXX object gmock/CMakeFiles/gmock.dir/opt/ros/iron/src/gtest_vendor/src/gtest-all.cc.o[0m
[ 33%] [32mBuilding CXX object gmock/CMakeFiles/gmock.dir/src/gmock-all.cc.o[0m
[ 33%] [32mBuilding CXX object gmock/CMakeFiles/gmock_main.dir/src/gmock_main.cc.o[0m
[ 33%] Built target gripper_action_controller_parameters
[ 41%] [32mBuilding CXX object CMakeFiles/gripper_action_controller.dir/src/gripper_action_controller.cpp.o[0m
[ 50%] [32m[1mLinking CXX static library libgmock_main.a[0m
[ 50%] Built target gmock_main
[ 58%] [32m[1mLinking CXX static library libgmock.a[0m
[ 58%] Built target gmock
[ 66%] [32mBuilding CXX object CMakeFiles/test_load_gripper_action_controllers.dir/test/test_load_gripper_action_controllers.cpp.o[0m
[ 75%] [32m[1mLinking CXX shared library libgripper_action_controller.so[0m
[ 75%] Built target gripper_action_controller
[ 83%] [32mBuilding CXX object CMakeFiles/test_gripper_controllers.dir/test/test_gripper_controllers.cpp.o[0m
[ 91%] [32m[1mLinking CXX executable test_load_gripper_action_controllers[0m
[ 91%] Built target test_load_gripper_action_controllers
[100%] [32m[1mLinking CXX executable test_gripper_controllers[0m
[100%] Built target test_gripper_controllers
-- Install configuration: "Release"
-- Installing: /home/kadi/UR5e_ros2/ros2_real/install/gripper_controllers/include/gripper_action_controller_parameters
-- Installing: /home/kadi/UR5e_ros2/ros2_real/install/gripper_controllers/include/gripper_action_controller_parameters/gripper_action_controller_parameters.hpp
-- Installing: /home/kadi/UR5e_ros2/ros2_real/install/gripper_controllers/share/gripper_controllers/ros_control_plugins.xml
-- Installing: /home/kadi/UR5e_ros2/ros2_real/install/gripper_controllers/include/gripper_action_controller
-- Installing: /home/kadi/UR5e_ros2/ros2_real/install/gripper_controllers/include/gripper_action_controller/gripper_controllers
-- Installing: /home/kadi/UR5e_ros2/ros2_real/install/gripper_controllers/include/gripper_action_controller/gripper_controllers/gripper_action_controller.hpp
-- Installing: /home/kadi/UR5e_ros2/ros2_real/install/gripper_controllers/include/gripper_action_controller/gripper_controllers/gripper_action_controller_impl.hpp
-- Installing: /home/kadi/UR5e_ros2/ros2_real/install/gripper_controllers/include/gripper_action_controller/gripper_controllers/hardware_interface_adapter.hpp
-- Installing: /home/kadi/UR5e_ros2/ros2_real/install/gripper_controllers/include/gripper_action_controller/gripper_controllers/visibility_control.hpp
-- Installing: /home/kadi/UR5e_ros2/ros2_real/install/gripper_controllers/lib/libgripper_action_controller.so
-- Set runtime path of "/home/kadi/UR5e_ros2/ros2_real/install/gripper_controllers/lib/libgripper_action_controller.so" to ""
-- Installing: /home/kadi/UR5e_ros2/ros2_real/install/gripper_controllers/share/gripper_controllers/environment/library_path.sh
-- Installing: /home/kadi/UR5e_ros2/ros2_real/install/gripper_controllers/share/gripper_controllers/environment/library_path.dsv
-- Installing: /home/kadi/UR5e_ros2/ros2_real/install/gripper_controllers/share/ament_index/resource_index/package_run_dependencies/gripper_controllers
-- Installing: /home/kadi/UR5e_ros2/ros2_real/install/gripper_controllers/share/ament_index/resource_index/parent_prefix_path/gripper_controllers
-- Installing: /home/kadi/UR5e_ros2/ros2_real/install/gripper_controllers/share/gripper_controllers/environment/ament_prefix_path.sh
-- Installing: /home/kadi/UR5e_ros2/ros2_real/install/gripper_controllers/share/gripper_controllers/environment/ament_prefix_path.dsv
-- Installing: /home/kadi/UR5e_ros2/ros2_real/install/gripper_controllers/share/gripper_controllers/environment/path.sh
-- Installing: /home/kadi/UR5e_ros2/ros2_real/install/gripper_controllers/share/gripper_controllers/environment/path.dsv
-- Installing: /home/kadi/UR5e_ros2/ros2_real/install/gripper_controllers/share/gripper_controllers/local_setup.bash
-- Installing: /home/kadi/UR5e_ros2/ros2_real/install/gripper_controllers/share/gripper_controllers/local_setup.sh
-- Installing: /home/kadi/UR5e_ros2/ros2_real/install/gripper_controllers/share/gripper_controllers/local_setup.zsh
-- Installing: /home/kadi/UR5e_ros2/ros2_real/install/gripper_controllers/share/gripper_controllers/local_setup.dsv
-- Installing: /home/kadi/UR5e_ros2/ros2_real/install/gripper_controllers/share/gripper_controllers/package.dsv
-- Installing: /home/kadi/UR5e_ros2/ros2_real/install/gripper_controllers/share/ament_index/resource_index/packages/gripper_controllers
-- Installing: /home/kadi/UR5e_ros2/ros2_real/install/gripper_controllers/share/ament_index/resource_index/controller_interface__pluginlib__plugin/gripper_controllers
-- Installing: /home/kadi/UR5e_ros2/ros2_real/install/gripper_controllers/share/gripper_controllers/cmake/export_gripper_action_controllerExport.cmake
-- Installing: /home/kadi/UR5e_ros2/ros2_real/install/gripper_controllers/share/gripper_controllers/cmake/export_gripper_action_controllerExport-release.cmake
-- Installing: /home/kadi/UR5e_ros2/ros2_real/install/gripper_controllers/share/gripper_controllers/cmake/ament_cmake_export_targets-extras.cmake
-- Installing: /home/kadi/UR5e_ros2/ros2_real/install/gripper_controllers/share/gripper_controllers/cmake/ament_cmake_export_dependencies-extras.cmake
-- Installing: /home/kadi/UR5e_ros2/ros2_real/install/gripper_controllers/share/gripper_controllers/cmake/gripper_controllersConfig.cmake
-- Installing: /home/kadi/UR5e_ros2/ros2_real/install/gripper_controllers/share/gripper_controllers/cmake/gripper_controllersConfig-version.cmake
-- Installing: /home/kadi/UR5e_ros2/ros2_real/install/gripper_controllers/share/gripper_controllers/package.xml
