[0.012s] Invoking command in '/home/kadi/UR5e_ros2/ros2_real/build/hardware_interface': AMENT_PREFIX_PATH=/home/kadi/UR5e_ros2/ros2_real/install/ros2_control_test_assets:/home/kadi/UR5e_ros2/ros2_real/install/control_msgs:${AMENT_PREFIX_PATH} CMAKE_PREFIX_PATH=/home/kadi/UR5e_ros2/ros2_real/install/ros2_control_test_assets:/home/kadi/UR5e_ros2/ros2_real/install/control_msgs:/home/kadi/UR5e_ros2/ros2_real/install/ur_msgs:/home/kadi/UR5e_ros2/ros2_real/install/ur_description:/opt/ros/iron LD_LIBRARY_PATH=/home/kadi/UR5e_ros2/ros2_real/install/ros2_control_test_assets/lib:/home/kadi/UR5e_ros2/ros2_real/install/control_msgs/lib:${LD_LIBRARY_PATH} PYTHONPATH=/home/kadi/UR5e_ros2/ros2_real/install/control_msgs/lib/python3.10/site-packages:${PYTHONPATH} /usr/bin/cmake /home/kadi/UR5e_ros2/ros2_real/src/ros2_control/hardware_interface -DCMAKE_BUILD_TYPE=Release -DCMAKE_INSTALL_PREFIX=/home/kadi/UR5e_ros2/ros2_real/install/hardware_interface
[0.070s] -- The CXX compiler identification is GNU 11.4.0
[0.075s] -- Detecting CXX compiler ABI info
[0.146s] -- Detecting CXX compiler ABI info - done
[0.150s] -- Check for working CXX compiler: /usr/bin/c++ - skipped
[0.150s] -- Detecting CXX compile features
[0.150s] -- Detecting CXX compile features - done
[0.152s] -- Found ament_cmake: 2.0.7 (/opt/ros/iron/share/ament_cmake/cmake)
[0.279s] -- Found Python3: /usr/bin/python3.10 (found version "3.10.12") found components: Interpreter 
[0.352s] -- Found control_msgs: 5.2.0 (/home/kadi/UR5e_ros2/ros2_real/install/control_msgs/share/control_msgs/cmake)
[0.383s] -- Found rosidl_generator_c: 4.0.1 (/opt/ros/iron/share/rosidl_generator_c/cmake)
[0.393s] -- Found rosidl_generator_cpp: 4.0.1 (/opt/ros/iron/share/rosidl_generator_cpp/cmake)
[0.406s] -- Using all available rosidl_typesupport_c: rosidl_typesupport_fastrtps_c;rosidl_typesupport_introspection_c
[0.420s] -- Using all available rosidl_typesupport_cpp: rosidl_typesupport_fastrtps_cpp;rosidl_typesupport_introspection_cpp
[0.841s] -- Found lifecycle_msgs: 1.6.0 (/opt/ros/iron/share/lifecycle_msgs/cmake)
[0.872s] -- Found pluginlib: 5.2.2 (/opt/ros/iron/share/pluginlib/cmake)
[0.898s] -- Found rclcpp_lifecycle: 21.0.8 (/opt/ros/iron/share/rclcpp_lifecycle/cmake)
[0.962s] -- Found rmw_implementation_cmake: 7.1.0 (/opt/ros/iron/share/rmw_implementation_cmake/cmake)
[0.964s] -- Found rmw_fastrtps_cpp: 7.1.4 (/opt/ros/iron/share/rmw_fastrtps_cpp/cmake)
[0.999s] -- Found TinyXML2 via Config file: TinyXML2_DIR-NOTFOUND
[1.059s] -- Found OpenSSL: /usr/lib/x86_64-linux-gnu/libcrypto.so (found version "3.0.2")  
[1.061s] -- Found TinyXML2 via Config file: TinyXML2_DIR-NOTFOUND
[1.073s] -- Found FastRTPS: /opt/ros/iron/include  
[1.080s] -- Found TinyXML2 via Config file: TinyXML2_DIR-NOTFOUND
[1.087s] -- Found TinyXML2 via Config file: TinyXML2_DIR-NOTFOUND
[1.097s] -- Using RMW implementation 'rmw_fastrtps_cpp' as default
[1.238s] -- Found TinyXML2 via Config file: TinyXML2_DIR-NOTFOUND
[1.242s] -- Found ament_cmake_gmock: 2.0.7 (/opt/ros/iron/share/ament_cmake_gmock/cmake)
[1.243s] -- Found ros2_control_test_assets: 3.28.1 (/home/kadi/UR5e_ros2/ros2_real/install/ros2_control_test_assets/share/ros2_control_test_assets/cmake)
[1.245s] -- Found gmock sources under '/opt/ros/iron/src/gmock_vendor': C++ tests using 'Google Mock' will be built
[1.277s] -- The C compiler identification is GNU 11.4.0
[1.283s] -- Detecting C compiler ABI info
[1.347s] -- Detecting C compiler ABI info - done
[1.351s] -- Check for working C compiler: /usr/bin/cc - skipped
[1.352s] -- Detecting C compile features
[1.352s] -- Detecting C compile features - done
[1.355s] -- Found ament_cmake_gtest: 2.0.7 (/opt/ros/iron/share/ament_cmake_gtest/cmake)
[1.356s] -- Found gtest sources under '/opt/ros/iron/src/gtest_vendor': C++ tests using 'Google Test' will be built
[1.413s] -- Configuring done
[1.455s] -- Generating done
[1.469s] -- Build files have been written to: /home/kadi/UR5e_ros2/ros2_real/build/hardware_interface
[1.481s] Invoked command in '/home/kadi/UR5e_ros2/ros2_real/build/hardware_interface' returned '0': AMENT_PREFIX_PATH=/home/kadi/UR5e_ros2/ros2_real/install/ros2_control_test_assets:/home/kadi/UR5e_ros2/ros2_real/install/control_msgs:${AMENT_PREFIX_PATH} CMAKE_PREFIX_PATH=/home/kadi/UR5e_ros2/ros2_real/install/ros2_control_test_assets:/home/kadi/UR5e_ros2/ros2_real/install/control_msgs:/home/kadi/UR5e_ros2/ros2_real/install/ur_msgs:/home/kadi/UR5e_ros2/ros2_real/install/ur_description:/opt/ros/iron LD_LIBRARY_PATH=/home/kadi/UR5e_ros2/ros2_real/install/ros2_control_test_assets/lib:/home/kadi/UR5e_ros2/ros2_real/install/control_msgs/lib:${LD_LIBRARY_PATH} PYTHONPATH=/home/kadi/UR5e_ros2/ros2_real/install/control_msgs/lib/python3.10/site-packages:${PYTHONPATH} /usr/bin/cmake /home/kadi/UR5e_ros2/ros2_real/src/ros2_control/hardware_interface -DCMAKE_BUILD_TYPE=Release -DCMAKE_INSTALL_PREFIX=/home/kadi/UR5e_ros2/ros2_real/install/hardware_interface
[1.482s] Invoking command in '/home/kadi/UR5e_ros2/ros2_real/build/hardware_interface': AMENT_PREFIX_PATH=/home/kadi/UR5e_ros2/ros2_real/install/ros2_control_test_assets:/home/kadi/UR5e_ros2/ros2_real/install/control_msgs:${AMENT_PREFIX_PATH} CMAKE_PREFIX_PATH=/home/kadi/UR5e_ros2/ros2_real/install/ros2_control_test_assets:/home/kadi/UR5e_ros2/ros2_real/install/control_msgs:/home/kadi/UR5e_ros2/ros2_real/install/ur_msgs:/home/kadi/UR5e_ros2/ros2_real/install/ur_description:/opt/ros/iron LD_LIBRARY_PATH=/home/kadi/UR5e_ros2/ros2_real/install/ros2_control_test_assets/lib:/home/kadi/UR5e_ros2/ros2_real/install/control_msgs/lib:${LD_LIBRARY_PATH} PYTHONPATH=/home/kadi/UR5e_ros2/ros2_real/install/control_msgs/lib/python3.10/site-packages:${PYTHONPATH} /usr/bin/cmake --build /home/kadi/UR5e_ros2/ros2_real/build/hardware_interface -- -j16 -l16
[1.532s] [ 20%] [32mBuilding CXX object CMakeFiles/hardware_interface.dir/src/sensor.cpp.o[0m
[1.532s] [ 20%] [32mBuilding CXX object gmock/CMakeFiles/gmock.dir/opt/ros/iron/src/gtest_vendor/src/gtest-all.cc.o[0m
[1.532s] [ 20%] [32mBuilding CXX object CMakeFiles/hardware_interface.dir/src/actuator.cpp.o[0m
[1.532s] [ 20%] [32mBuilding CXX object gmock/CMakeFiles/gmock_main.dir/src/gmock_main.cc.o[0m
[1.532s] [ 20%] [32mBuilding CXX object CMakeFiles/fake_components.dir/src/mock_components/fake_generic_system.cpp.o[0m
[1.532s] [ 20%] [32mBuilding CXX object gmock/CMakeFiles/gmock.dir/src/gmock-all.cc.o[0m
[1.532s] [ 23%] [32mBuilding CXX object CMakeFiles/mock_components.dir/src/mock_components/generic_system.cpp.o[0m
[1.532s] [ 23%] [32mBuilding CXX object CMakeFiles/fake_components.dir/src/mock_components/generic_system.cpp.o[0m
[1.532s] [ 26%] [32mBuilding CXX object CMakeFiles/hardware_interface.dir/src/component_parser.cpp.o[0m
[1.532s] [ 29%] [32mBuilding CXX object CMakeFiles/hardware_interface.dir/src/resource_manager.cpp.o[0m
[1.533s] [ 32%] [32mBuilding CXX object CMakeFiles/hardware_interface.dir/src/lexical_casts.cpp.o[0m
[1.533s] [ 35%] [32mBuilding CXX object CMakeFiles/hardware_interface.dir/src/system.cpp.o[0m
[2.885s] [ 38%] [32m[1mLinking CXX static library libgmock_main.a[0m
[2.980s] [ 38%] Built target gmock_main
[4.317s] [ 41%] [32m[1mLinking CXX shared library libfake_components.so[0m
[4.445s] [ 44%] [32m[1mLinking CXX shared library libmock_components.so[0m
[4.490s] [ 44%] Built target fake_components
[4.561s] [ 44%] Built target mock_components
[7.410s] [ 47%] [32m[1mLinking CXX static library libgmock.a[0m
[7.482s] [ 47%] Built target gmock
[7.501s] [ 50%] [32mBuilding CXX object CMakeFiles/test_macros.dir/test/test_macros.cpp.o[0m
[8.416s] [ 52%] [32m[1mLinking CXX executable test_macros[0m
[8.488s] [ 52%] Built target test_macros
[10.664s] [ 55%] [32m[1mLinking CXX shared library libhardware_interface.so[0m
[10.773s] [ 55%] Built target hardware_interface
[10.792s] [ 73%] [32mBuilding CXX object CMakeFiles/test_component_interfaces.dir/test/test_component_interfaces.cpp.o[0m
[10.792s] [ 73%] [32mBuilding CXX object CMakeFiles/test_component_parser.dir/test/test_component_parser.cpp.o[0m
[10.792s] [ 73%] [32mBuilding CXX object CMakeFiles/test_generic_system.dir/test/mock_components/test_generic_system.cpp.o[0m
[10.792s] [ 73%] [32mBuilding CXX object CMakeFiles/test_hardware_components.dir/test/test_hardware_components/test_force_torque_sensor.cpp.o[0m
[10.792s] [ 73%] [32mBuilding CXX object CMakeFiles/test_inst_hardwares.dir/test/test_inst_hardwares.cpp.o[0m
[10.792s] [ 76%] [32mBuilding CXX object CMakeFiles/test_joint_handle.dir/test/test_handle.cpp.o[0m
[10.792s] [ 76%] [32mBuilding CXX object CMakeFiles/test_hardware_components.dir/test/test_hardware_components/test_single_joint_actuator.cpp.o[0m
[10.792s] [ 82%] [32mBuilding CXX object CMakeFiles/test_hardware_components.dir/test/test_hardware_components/test_two_joint_system.cpp.o[0m
[10.793s] [ 82%] [32mBuilding CXX object CMakeFiles/test_hardware_components.dir/test/test_hardware_components/test_system_with_command_modes.cpp.o[0m
[12.080s] [ 85%] [32m[1mLinking CXX executable test_inst_hardwares[0m
[12.131s] [ 88%] [32m[1mLinking CXX executable test_joint_handle[0m
[12.282s] [ 88%] Built target test_inst_hardwares
[12.327s] [ 88%] Built target test_joint_handle
[12.913s] [ 91%] [32m[1mLinking CXX shared library libtest_hardware_components.so[0m
[13.023s] [ 91%] Built target test_hardware_components
[15.051s] [ 94%] [32m[1mLinking CXX executable test_component_interfaces[0m
[15.189s] [ 94%] Built target test_component_interfaces
[16.205s] [ 97%] [32m[1mLinking CXX executable test_component_parser[0m
[16.340s] [ 97%] Built target test_component_parser
[20.195s] [100%] [32m[1mLinking CXX executable test_generic_system[0m
[20.328s] [100%] Built target test_generic_system
[20.341s] Invoked command in '/home/kadi/UR5e_ros2/ros2_real/build/hardware_interface' returned '0': AMENT_PREFIX_PATH=/home/kadi/UR5e_ros2/ros2_real/install/ros2_control_test_assets:/home/kadi/UR5e_ros2/ros2_real/install/control_msgs:${AMENT_PREFIX_PATH} CMAKE_PREFIX_PATH=/home/kadi/UR5e_ros2/ros2_real/install/ros2_control_test_assets:/home/kadi/UR5e_ros2/ros2_real/install/control_msgs:/home/kadi/UR5e_ros2/ros2_real/install/ur_msgs:/home/kadi/UR5e_ros2/ros2_real/install/ur_description:/opt/ros/iron LD_LIBRARY_PATH=/home/kadi/UR5e_ros2/ros2_real/install/ros2_control_test_assets/lib:/home/kadi/UR5e_ros2/ros2_real/install/control_msgs/lib:${LD_LIBRARY_PATH} PYTHONPATH=/home/kadi/UR5e_ros2/ros2_real/install/control_msgs/lib/python3.10/site-packages:${PYTHONPATH} /usr/bin/cmake --build /home/kadi/UR5e_ros2/ros2_real/build/hardware_interface -- -j16 -l16
[20.343s] Invoking command in '/home/kadi/UR5e_ros2/ros2_real/build/hardware_interface': AMENT_PREFIX_PATH=/home/kadi/UR5e_ros2/ros2_real/install/ros2_control_test_assets:/home/kadi/UR5e_ros2/ros2_real/install/control_msgs:${AMENT_PREFIX_PATH} CMAKE_PREFIX_PATH=/home/kadi/UR5e_ros2/ros2_real/install/ros2_control_test_assets:/home/kadi/UR5e_ros2/ros2_real/install/control_msgs:/home/kadi/UR5e_ros2/ros2_real/install/ur_msgs:/home/kadi/UR5e_ros2/ros2_real/install/ur_description:/opt/ros/iron LD_LIBRARY_PATH=/home/kadi/UR5e_ros2/ros2_real/install/ros2_control_test_assets/lib:/home/kadi/UR5e_ros2/ros2_real/install/control_msgs/lib:${LD_LIBRARY_PATH} PYTHONPATH=/home/kadi/UR5e_ros2/ros2_real/install/control_msgs/lib/python3.10/site-packages:${PYTHONPATH} /usr/bin/cmake --install /home/kadi/UR5e_ros2/ros2_real/build/hardware_interface
[20.348s] -- Install configuration: "Release"
[20.348s] -- Installing: /home/kadi/UR5e_ros2/ros2_real/install/hardware_interface/share/hardware_interface/mock_components_plugin_description.xml
[20.349s] -- Installing: /home/kadi/UR5e_ros2/ros2_real/install/hardware_interface/share/hardware_interface/fake_components_plugin_description.xml
[20.349s] -- Installing: /home/kadi/UR5e_ros2/ros2_real/install/hardware_interface/lib/libtest_hardware_components.so
[20.350s] -- Set runtime path of "/home/kadi/UR5e_ros2/ros2_real/install/hardware_interface/lib/libtest_hardware_components.so" to ""
[20.350s] -- Installing: /home/kadi/UR5e_ros2/ros2_real/install/hardware_interface/share/hardware_interface/test/test_hardware_components/test_hardware_components.xml
[20.350s] -- Installing: /home/kadi/UR5e_ros2/ros2_real/install/hardware_interface/include/hardware_interface
[20.350s] -- Installing: /home/kadi/UR5e_ros2/ros2_real/install/hardware_interface/include/hardware_interface/fake_components
[20.350s] -- Installing: /home/kadi/UR5e_ros2/ros2_real/install/hardware_interface/include/hardware_interface/fake_components/generic_system.hpp
[20.350s] -- Installing: /home/kadi/UR5e_ros2/ros2_real/install/hardware_interface/include/hardware_interface/fake_components/visibility_control.h
[20.350s] -- Installing: /home/kadi/UR5e_ros2/ros2_real/install/hardware_interface/include/hardware_interface/hardware_interface
[20.350s] -- Installing: /home/kadi/UR5e_ros2/ros2_real/install/hardware_interface/include/hardware_interface/hardware_interface/actuator_interface.hpp
[20.351s] -- Installing: /home/kadi/UR5e_ros2/ros2_real/install/hardware_interface/include/hardware_interface/hardware_interface/sensor.hpp
[20.351s] -- Installing: /home/kadi/UR5e_ros2/ros2_real/install/hardware_interface/include/hardware_interface/hardware_interface/controller_info.hpp
[20.351s] -- Installing: /home/kadi/UR5e_ros2/ros2_real/install/hardware_interface/include/hardware_interface/hardware_interface/resource_manager.hpp
[20.351s] -- Installing: /home/kadi/UR5e_ros2/ros2_real/install/hardware_interface/include/hardware_interface/hardware_interface/types
[20.351s] -- Installing: /home/kadi/UR5e_ros2/ros2_real/install/hardware_interface/include/hardware_interface/hardware_interface/types/hardware_interface_type_values.hpp
[20.351s] -- Installing: /home/kadi/UR5e_ros2/ros2_real/install/hardware_interface/include/hardware_interface/hardware_interface/types/hardware_interface_return_values.hpp
[20.351s] -- Installing: /home/kadi/UR5e_ros2/ros2_real/install/hardware_interface/include/hardware_interface/hardware_interface/types/lifecycle_state_names.hpp
[20.351s] -- Installing: /home/kadi/UR5e_ros2/ros2_real/install/hardware_interface/include/hardware_interface/hardware_interface/async_components.hpp
[20.351s] -- Installing: /home/kadi/UR5e_ros2/ros2_real/install/hardware_interface/include/hardware_interface/hardware_interface/hardware_component_info.hpp
[20.351s] -- Installing: /home/kadi/UR5e_ros2/ros2_real/install/hardware_interface/include/hardware_interface/hardware_interface/system.hpp
[20.351s] -- Installing: /home/kadi/UR5e_ros2/ros2_real/install/hardware_interface/include/hardware_interface/hardware_interface/system_interface.hpp
[20.352s] -- Installing: /home/kadi/UR5e_ros2/ros2_real/install/hardware_interface/include/hardware_interface/hardware_interface/loaned_command_interface.hpp
[20.352s] -- Installing: /home/kadi/UR5e_ros2/ros2_real/install/hardware_interface/include/hardware_interface/hardware_interface/sensor_interface.hpp
[20.352s] -- Installing: /home/kadi/UR5e_ros2/ros2_real/install/hardware_interface/include/hardware_interface/hardware_interface/hardware_info.hpp
[20.352s] -- Installing: /home/kadi/UR5e_ros2/ros2_real/install/hardware_interface/include/hardware_interface/hardware_interface/component_parser.hpp
[20.352s] -- Installing: /home/kadi/UR5e_ros2/ros2_real/install/hardware_interface/include/hardware_interface/hardware_interface/visibility_control.h
[20.352s] -- Installing: /home/kadi/UR5e_ros2/ros2_real/install/hardware_interface/include/hardware_interface/hardware_interface/actuator.hpp
[20.352s] -- Installing: /home/kadi/UR5e_ros2/ros2_real/install/hardware_interface/include/hardware_interface/hardware_interface/loaned_state_interface.hpp
[20.352s] -- Installing: /home/kadi/UR5e_ros2/ros2_real/install/hardware_interface/include/hardware_interface/hardware_interface/handle.hpp
[20.352s] -- Installing: /home/kadi/UR5e_ros2/ros2_real/install/hardware_interface/include/hardware_interface/hardware_interface/lexical_casts.hpp
[20.353s] -- Installing: /home/kadi/UR5e_ros2/ros2_real/install/hardware_interface/include/hardware_interface/hardware_interface/macros.hpp
[20.353s] -- Installing: /home/kadi/UR5e_ros2/ros2_real/install/hardware_interface/include/hardware_interface/mock_components
[20.353s] -- Installing: /home/kadi/UR5e_ros2/ros2_real/install/hardware_interface/include/hardware_interface/mock_components/generic_system.hpp
[20.353s] -- Installing: /home/kadi/UR5e_ros2/ros2_real/install/hardware_interface/include/hardware_interface/mock_components/visibility_control.h
[20.353s] -- Installing: /home/kadi/UR5e_ros2/ros2_real/install/hardware_interface/lib/libfake_components.so
[20.353s] -- Set runtime path of "/home/kadi/UR5e_ros2/ros2_real/install/hardware_interface/lib/libfake_components.so" to ""
[20.354s] -- Installing: /home/kadi/UR5e_ros2/ros2_real/install/hardware_interface/lib/libmock_components.so
[20.354s] -- Set runtime path of "/home/kadi/UR5e_ros2/ros2_real/install/hardware_interface/lib/libmock_components.so" to ""
[20.354s] -- Installing: /home/kadi/UR5e_ros2/ros2_real/install/hardware_interface/lib/libhardware_interface.so
[20.355s] -- Set runtime path of "/home/kadi/UR5e_ros2/ros2_real/install/hardware_interface/lib/libhardware_interface.so" to ""
[20.355s] -- Installing: /home/kadi/UR5e_ros2/ros2_real/install/hardware_interface/share/hardware_interface/environment/library_path.sh
[20.356s] -- Installing: /home/kadi/UR5e_ros2/ros2_real/install/hardware_interface/share/hardware_interface/environment/library_path.dsv
[20.356s] -- Installing: /home/kadi/UR5e_ros2/ros2_real/install/hardware_interface/share/ament_index/resource_index/package_run_dependencies/hardware_interface
[20.356s] -- Installing: /home/kadi/UR5e_ros2/ros2_real/install/hardware_interface/share/ament_index/resource_index/parent_prefix_path/hardware_interface
[20.356s] -- Installing: /home/kadi/UR5e_ros2/ros2_real/install/hardware_interface/share/hardware_interface/environment/ament_prefix_path.sh
[20.356s] -- Installing: /home/kadi/UR5e_ros2/ros2_real/install/hardware_interface/share/hardware_interface/environment/ament_prefix_path.dsv
[20.356s] -- Installing: /home/kadi/UR5e_ros2/ros2_real/install/hardware_interface/share/hardware_interface/environment/path.sh
[20.357s] -- Installing: /home/kadi/UR5e_ros2/ros2_real/install/hardware_interface/share/hardware_interface/environment/path.dsv
[20.357s] -- Installing: /home/kadi/UR5e_ros2/ros2_real/install/hardware_interface/share/hardware_interface/local_setup.bash
[20.357s] -- Installing: /home/kadi/UR5e_ros2/ros2_real/install/hardware_interface/share/hardware_interface/local_setup.sh
[20.357s] -- Installing: /home/kadi/UR5e_ros2/ros2_real/install/hardware_interface/share/hardware_interface/local_setup.zsh
[20.357s] -- Installing: /home/kadi/UR5e_ros2/ros2_real/install/hardware_interface/share/hardware_interface/local_setup.dsv
[20.357s] -- Installing: /home/kadi/UR5e_ros2/ros2_real/install/hardware_interface/share/hardware_interface/package.dsv
[20.357s] -- Installing: /home/kadi/UR5e_ros2/ros2_real/install/hardware_interface/share/ament_index/resource_index/packages/hardware_interface
[20.357s] -- Installing: /home/kadi/UR5e_ros2/ros2_real/install/hardware_interface/share/ament_index/resource_index/hardware_interface__pluginlib__plugin/hardware_interface
[20.358s] -- Installing: /home/kadi/UR5e_ros2/ros2_real/install/hardware_interface/share/hardware_interface/cmake/export_hardware_interfaceExport.cmake
[20.358s] -- Installing: /home/kadi/UR5e_ros2/ros2_real/install/hardware_interface/share/hardware_interface/cmake/export_hardware_interfaceExport-release.cmake
[20.358s] -- Installing: /home/kadi/UR5e_ros2/ros2_real/install/hardware_interface/share/hardware_interface/cmake/ament_cmake_export_targets-extras.cmake
[20.358s] -- Installing: /home/kadi/UR5e_ros2/ros2_real/install/hardware_interface/share/hardware_interface/cmake/ament_cmake_export_dependencies-extras.cmake
[20.358s] -- Installing: /home/kadi/UR5e_ros2/ros2_real/install/hardware_interface/share/hardware_interface/cmake/hardware_interfaceConfig.cmake
[20.358s] -- Installing: /home/kadi/UR5e_ros2/ros2_real/install/hardware_interface/share/hardware_interface/cmake/hardware_interfaceConfig-version.cmake
[20.358s] -- Installing: /home/kadi/UR5e_ros2/ros2_real/install/hardware_interface/share/hardware_interface/package.xml
[20.361s] Invoked command in '/home/kadi/UR5e_ros2/ros2_real/build/hardware_interface' returned '0': AMENT_PREFIX_PATH=/home/kadi/UR5e_ros2/ros2_real/install/ros2_control_test_assets:/home/kadi/UR5e_ros2/ros2_real/install/control_msgs:${AMENT_PREFIX_PATH} CMAKE_PREFIX_PATH=/home/kadi/UR5e_ros2/ros2_real/install/ros2_control_test_assets:/home/kadi/UR5e_ros2/ros2_real/install/control_msgs:/home/kadi/UR5e_ros2/ros2_real/install/ur_msgs:/home/kadi/UR5e_ros2/ros2_real/install/ur_description:/opt/ros/iron LD_LIBRARY_PATH=/home/kadi/UR5e_ros2/ros2_real/install/ros2_control_test_assets/lib:/home/kadi/UR5e_ros2/ros2_real/install/control_msgs/lib:${LD_LIBRARY_PATH} PYTHONPATH=/home/kadi/UR5e_ros2/ros2_real/install/control_msgs/lib/python3.10/site-packages:${PYTHONPATH} /usr/bin/cmake --install /home/kadi/UR5e_ros2/ros2_real/build/hardware_interface
