-- The CXX compiler identification is GNU 11.4.0
-- Detecting CXX compiler ABI info
-- Detecting CXX compiler ABI info - done
-- Check for working CXX compiler: /usr/bin/c++ - skipped
-- Detecting CXX compile features
-- Detecting CXX compile features - done
-- Found ament_cmake: 2.0.7 (/opt/ros/iron/share/ament_cmake/cmake)
-- Found Python3: /usr/bin/python3.10 (found version "3.10.12") found components: Interpreter 
-- Found ackermann_msgs: 2.0.2 (/opt/ros/iron/share/ackermann_msgs/cmake)
-- Found rosidl_generator_c: 4.0.1 (/opt/ros/iron/share/rosidl_generator_c/cmake)
-- Found rosidl_generator_cpp: 4.0.1 (/opt/ros/iron/share/rosidl_generator_cpp/cmake)
-- Using all available rosidl_typesupport_c: rosidl_typesupport_fastrtps_c;rosidl_typesupport_introspection_c
-- Using all available rosidl_typesupport_cpp: rosidl_typesupport_fastrtps_cpp;rosidl_typesupport_introspection_cpp
-- Found controller_interface: 3.28.1 (/home/kadi/UR5e_ros2/ros2_real/install/controller_interface/share/controller_interface/cmake)
-- Found rmw_implementation_cmake: 7.1.0 (/opt/ros/iron/share/rmw_implementation_cmake/cmake)
-- Found rmw_fastrtps_cpp: 7.1.4 (/opt/ros/iron/share/rmw_fastrtps_cpp/cmake)
-- Found TinyXML2 via Config file: TinyXML2_DIR-NOTFOUND
-- Found OpenSSL: /usr/lib/x86_64-linux-gnu/libcrypto.so (found version "3.0.2")  
-- Found TinyXML2 via Config file: TinyXML2_DIR-NOTFOUND
-- Found FastRTPS: /opt/ros/iron/include  
-- Found TinyXML2 via Config file: TinyXML2_DIR-NOTFOUND
-- Found TinyXML2 via Config file: TinyXML2_DIR-NOTFOUND
-- Using RMW implementation 'rmw_fastrtps_cpp' as default
-- Found generate_parameter_library: 0.3.9 (/opt/ros/iron/share/generate_parameter_library/cmake)
-- Found parameter_traits: 0.3.9 (/opt/ros/iron/share/parameter_traits/cmake)
-- Found nav_msgs: 5.0.1 (/opt/ros/iron/share/nav_msgs/cmake)
-- Found realtime_tools: 2.8.1 (/opt/ros/iron/share/realtime_tools/cmake)
-- Found std_srvs: 5.0.1 (/opt/ros/iron/share/std_srvs/cmake)
-- Found tf2: 0.31.8 (/opt/ros/iron/share/tf2/cmake)
-- Found tf2_msgs: 0.31.8 (/opt/ros/iron/share/tf2_msgs/cmake)
-- Found ament_cmake_gmock: 2.0.7 (/opt/ros/iron/share/ament_cmake_gmock/cmake)
-- Found controller_manager: 3.28.1 (/home/kadi/UR5e_ros2/ros2_real/install/controller_manager/share/controller_manager/cmake)
-- Found ros2_control_test_assets: 3.28.1 (/home/kadi/UR5e_ros2/ros2_real/install/ros2_control_test_assets/share/ros2_control_test_assets/cmake)
-- Found gmock sources under '/opt/ros/iron/src/gmock_vendor': C++ tests using 'Google Mock' will be built
-- The C compiler identification is GNU 11.4.0
-- Detecting C compiler ABI info
-- Detecting C compiler ABI info - done
-- Check for working C compiler: /usr/bin/cc - skipped
-- Detecting C compile features
-- Detecting C compile features - done
-- Found ament_cmake_gtest: 2.0.7 (/opt/ros/iron/share/ament_cmake_gtest/cmake)
-- Found gtest sources under '/opt/ros/iron/src/gtest_vendor': C++ tests using 'Google Test' will be built
-- Configuring done
-- Generating done
-- Build files have been written to: /home/kadi/UR5e_ros2/ros2_real/build/tricycle_controller
[ 20%] [32mBuilding CXX object gmock/CMakeFiles/gmock.dir/src/gmock-all.cc.o[0m
[ 20%] [34m[1mRunning `/opt/ros/iron/bin/generate_parameter_library_cpp /home/kadi/UR5e_ros2/ros2_real/build/tricycle_controller/tricycle_controller_parameters/include//tricycle_controller_parameters.hpp /home/kadi/UR5e_ros2/ros2_real/src/ros2_controllers/tricycle_controller/src/tricycle_controller_parameter.yaml `[0m
[ 20%] [32mBuilding CXX object gmock/CMakeFiles/gmock.dir/opt/ros/iron/src/gtest_vendor/src/gtest-all.cc.o[0m
[ 26%] [32mBuilding CXX object gmock/CMakeFiles/gmock_main.dir/src/gmock_main.cc.o[0m
[ 26%] Built target tricycle_controller_parameters
[ 33%] [32mBuilding CXX object CMakeFiles/tricycle_controller.dir/src/tricycle_controller.cpp.o[0m
[ 40%] [32mBuilding CXX object CMakeFiles/tricycle_controller.dir/src/odometry.cpp.o[0m
[ 46%] [32mBuilding CXX object CMakeFiles/tricycle_controller.dir/src/traction_limiter.cpp.o[0m
[ 53%] [32mBuilding CXX object CMakeFiles/tricycle_controller.dir/src/steering_limiter.cpp.o[0m
[ 60%] [32m[1mLinking CXX static library libgmock_main.a[0m
[ 60%] Built target gmock_main
[ 66%] [32m[1mLinking CXX static library libgmock.a[0m
[ 66%] Built target gmock
[ 73%] [32m[1mLinking CXX shared library libtricycle_controller.so[0m
[ 73%] Built target tricycle_controller
[ 86%] [32mBuilding CXX object CMakeFiles/test_load_tricycle_controller.dir/test/test_load_tricycle_controller.cpp.o[0m
[ 86%] [32mBuilding CXX object CMakeFiles/test_tricycle_controller.dir/test/test_tricycle_controller.cpp.o[0m
[ 93%] [32m[1mLinking CXX executable test_tricycle_controller[0m
[ 93%] Built target test_tricycle_controller
[100%] [32m[1mLinking CXX executable test_load_tricycle_controller[0m
[100%] Built target test_load_tricycle_controller
-- Install configuration: "Release"
-- Installing: /home/kadi/UR5e_ros2/ros2_real/install/tricycle_controller/include/tricycle_controller_parameters
-- Installing: /home/kadi/UR5e_ros2/ros2_real/install/tricycle_controller/include/tricycle_controller_parameters/tricycle_controller_parameters.hpp
-- Installing: /home/kadi/UR5e_ros2/ros2_real/install/tricycle_controller/share/tricycle_controller/tricycle_controller.xml
-- Installing: /home/kadi/UR5e_ros2/ros2_real/install/tricycle_controller/include/tricycle_controller
-- Installing: /home/kadi/UR5e_ros2/ros2_real/install/tricycle_controller/include/tricycle_controller/tricycle_controller
-- Installing: /home/kadi/UR5e_ros2/ros2_real/install/tricycle_controller/include/tricycle_controller/tricycle_controller/tricycle_controller.hpp
-- Installing: /home/kadi/UR5e_ros2/ros2_real/install/tricycle_controller/include/tricycle_controller/tricycle_controller/odometry.hpp
-- Installing: /home/kadi/UR5e_ros2/ros2_real/install/tricycle_controller/include/tricycle_controller/tricycle_controller/steering_limiter.hpp
-- Installing: /home/kadi/UR5e_ros2/ros2_real/install/tricycle_controller/include/tricycle_controller/tricycle_controller/visibility_control.h
-- Installing: /home/kadi/UR5e_ros2/ros2_real/install/tricycle_controller/include/tricycle_controller/tricycle_controller/traction_limiter.hpp
-- Installing: /home/kadi/UR5e_ros2/ros2_real/install/tricycle_controller/lib/libtricycle_controller.so
-- Set runtime path of "/home/kadi/UR5e_ros2/ros2_real/install/tricycle_controller/lib/libtricycle_controller.so" to ""
-- Installing: /home/kadi/UR5e_ros2/ros2_real/install/tricycle_controller/share/tricycle_controller/environment/library_path.sh
-- Installing: /home/kadi/UR5e_ros2/ros2_real/install/tricycle_controller/share/tricycle_controller/environment/library_path.dsv
-- Installing: /home/kadi/UR5e_ros2/ros2_real/install/tricycle_controller/share/ament_index/resource_index/package_run_dependencies/tricycle_controller
-- Installing: /home/kadi/UR5e_ros2/ros2_real/install/tricycle_controller/share/ament_index/resource_index/parent_prefix_path/tricycle_controller
-- Installing: /home/kadi/UR5e_ros2/ros2_real/install/tricycle_controller/share/tricycle_controller/environment/ament_prefix_path.sh
-- Installing: /home/kadi/UR5e_ros2/ros2_real/install/tricycle_controller/share/tricycle_controller/environment/ament_prefix_path.dsv
-- Installing: /home/kadi/UR5e_ros2/ros2_real/install/tricycle_controller/share/tricycle_controller/environment/path.sh
-- Installing: /home/kadi/UR5e_ros2/ros2_real/install/tricycle_controller/share/tricycle_controller/environment/path.dsv
-- Installing: /home/kadi/UR5e_ros2/ros2_real/install/tricycle_controller/share/tricycle_controller/local_setup.bash
-- Installing: /home/kadi/UR5e_ros2/ros2_real/install/tricycle_controller/share/tricycle_controller/local_setup.sh
-- Installing: /home/kadi/UR5e_ros2/ros2_real/install/tricycle_controller/share/tricycle_controller/local_setup.zsh
-- Installing: /home/kadi/UR5e_ros2/ros2_real/install/tricycle_controller/share/tricycle_controller/local_setup.dsv
-- Installing: /home/kadi/UR5e_ros2/ros2_real/install/tricycle_controller/share/tricycle_controller/package.dsv
-- Installing: /home/kadi/UR5e_ros2/ros2_real/install/tricycle_controller/share/ament_index/resource_index/packages/tricycle_controller
-- Installing: /home/kadi/UR5e_ros2/ros2_real/install/tricycle_controller/share/ament_index/resource_index/controller_interface__pluginlib__plugin/tricycle_controller
-- Installing: /home/kadi/UR5e_ros2/ros2_real/install/tricycle_controller/share/tricycle_controller/cmake/export_tricycle_controllerExport.cmake
-- Installing: /home/kadi/UR5e_ros2/ros2_real/install/tricycle_controller/share/tricycle_controller/cmake/export_tricycle_controllerExport-release.cmake
-- Installing: /home/kadi/UR5e_ros2/ros2_real/install/tricycle_controller/share/tricycle_controller/cmake/ament_cmake_export_targets-extras.cmake
-- Installing: /home/kadi/UR5e_ros2/ros2_real/install/tricycle_controller/share/tricycle_controller/cmake/ament_cmake_export_dependencies-extras.cmake
-- Installing: /home/kadi/UR5e_ros2/ros2_real/install/tricycle_controller/share/tricycle_controller/cmake/tricycle_controllerConfig.cmake
-- Installing: /home/kadi/UR5e_ros2/ros2_real/install/tricycle_controller/share/tricycle_controller/cmake/tricycle_controllerConfig-version.cmake
-- Installing: /home/kadi/UR5e_ros2/ros2_real/install/tricycle_controller/share/tricycle_controller/package.xml
