[0.021s] Invoking command in '/home/kadi/UR5e_ros2/ros2_real/build/tricycle_controller': AMENT_PREFIX_PATH=/home/kadi/UR5e_ros2/ros2_real/install/controller_manager:/home/kadi/UR5e_ros2/ros2_real/install/hardware_interface_testing:/home/kadi/UR5e_ros2/ros2_real/install/controller_interface:/home/kadi/UR5e_ros2/ros2_real/install/hardware_interface:/home/kadi/UR5e_ros2/ros2_real/install/ros2_control_test_assets:/home/kadi/UR5e_ros2/ros2_real/install/controller_manager_msgs:/home/kadi/UR5e_ros2/ros2_real/install/control_msgs:${AMENT_PREFIX_PATH} CMAKE_PREFIX_PATH=/home/kadi/UR5e_ros2/ros2_real/install/controller_manager:/home/kadi/UR5e_ros2/ros2_real/install/hardware_interface_testing:/home/kadi/UR5e_ros2/ros2_real/install/controller_interface:/home/kadi/UR5e_ros2/ros2_real/install/hardware_interface:/home/kadi/UR5e_ros2/ros2_real/install/ros2_control_test_assets:/home/kadi/UR5e_ros2/ros2_real/install/controller_manager_msgs:/home/kadi/UR5e_ros2/ros2_real/install/control_msgs:/home/kadi/UR5e_ros2/ros2_real/install/ur_msgs:/home/kadi/UR5e_ros2/ros2_real/install/ur_description:/opt/ros/iron LD_LIBRARY_PATH=/home/kadi/UR5e_ros2/ros2_real/install/controller_manager/lib:/home/kadi/UR5e_ros2/ros2_real/install/hardware_interface_testing/lib:/home/kadi/UR5e_ros2/ros2_real/install/controller_interface/lib:/home/kadi/UR5e_ros2/ros2_real/install/hardware_interface/lib:/home/kadi/UR5e_ros2/ros2_real/install/ros2_control_test_assets/lib:/home/kadi/UR5e_ros2/ros2_real/install/controller_manager_msgs/lib:/home/kadi/UR5e_ros2/ros2_real/install/control_msgs/lib:${LD_LIBRARY_PATH} PYTHONPATH=/home/kadi/UR5e_ros2/ros2_real/install/controller_manager/lib/python3.10/site-packages:/home/kadi/UR5e_ros2/ros2_real/install/controller_manager_msgs/lib/python3.10/site-packages:/home/kadi/UR5e_ros2/ros2_real/install/control_msgs/lib/python3.10/site-packages:${PYTHONPATH} /usr/bin/cmake /home/kadi/UR5e_ros2/ros2_real/src/ros2_controllers/tricycle_controller -DCMAKE_BUILD_TYPE=Release -DCMAKE_INSTALL_PREFIX=/home/kadi/UR5e_ros2/ros2_real/install/tricycle_controller
[0.080s] -- The CXX compiler identification is GNU 11.4.0
[0.087s] -- Detecting CXX compiler ABI info
[0.164s] -- Detecting CXX compiler ABI info - done
[0.169s] -- Check for working CXX compiler: /usr/bin/c++ - skipped
[0.169s] -- Detecting CXX compile features
[0.169s] -- Detecting CXX compile features - done
[0.172s] -- Found ament_cmake: 2.0.7 (/opt/ros/iron/share/ament_cmake/cmake)
[0.298s] -- Found Python3: /usr/bin/python3.10 (found version "3.10.12") found components: Interpreter 
[0.370s] -- Found ackermann_msgs: 2.0.2 (/opt/ros/iron/share/ackermann_msgs/cmake)
[0.404s] -- Found rosidl_generator_c: 4.0.1 (/opt/ros/iron/share/rosidl_generator_c/cmake)
[0.414s] -- Found rosidl_generator_cpp: 4.0.1 (/opt/ros/iron/share/rosidl_generator_cpp/cmake)
[0.426s] -- Using all available rosidl_typesupport_c: rosidl_typesupport_fastrtps_c;rosidl_typesupport_introspection_c
[0.439s] -- Using all available rosidl_typesupport_cpp: rosidl_typesupport_fastrtps_cpp;rosidl_typesupport_introspection_cpp
[0.506s] -- Found controller_interface: 3.28.1 (/home/kadi/UR5e_ros2/ros2_real/install/controller_interface/share/controller_interface/cmake)
[1.037s] -- Found rmw_implementation_cmake: 7.1.0 (/opt/ros/iron/share/rmw_implementation_cmake/cmake)
[1.039s] -- Found rmw_fastrtps_cpp: 7.1.4 (/opt/ros/iron/share/rmw_fastrtps_cpp/cmake)
[1.075s] -- Found TinyXML2 via Config file: TinyXML2_DIR-NOTFOUND
[1.132s] -- Found OpenSSL: /usr/lib/x86_64-linux-gnu/libcrypto.so (found version "3.0.2")  
[1.133s] -- Found TinyXML2 via Config file: TinyXML2_DIR-NOTFOUND
[1.145s] -- Found FastRTPS: /opt/ros/iron/include  
[1.149s] -- Found TinyXML2 via Config file: TinyXML2_DIR-NOTFOUND
[1.156s] -- Found TinyXML2 via Config file: TinyXML2_DIR-NOTFOUND
[1.167s] -- Using RMW implementation 'rmw_fastrtps_cpp' as default
[1.328s] -- Found generate_parameter_library: 0.3.9 (/opt/ros/iron/share/generate_parameter_library/cmake)
[1.332s] -- Found parameter_traits: 0.3.9 (/opt/ros/iron/share/parameter_traits/cmake)
[1.352s] -- Found nav_msgs: 5.0.1 (/opt/ros/iron/share/nav_msgs/cmake)
[1.428s] -- Found realtime_tools: 2.8.1 (/opt/ros/iron/share/realtime_tools/cmake)
[1.652s] -- Found std_srvs: 5.0.1 (/opt/ros/iron/share/std_srvs/cmake)
[1.686s] -- Found tf2: 0.31.8 (/opt/ros/iron/share/tf2/cmake)
[1.693s] -- Found tf2_msgs: 0.31.8 (/opt/ros/iron/share/tf2_msgs/cmake)
[1.783s] -- Found ament_cmake_gmock: 2.0.7 (/opt/ros/iron/share/ament_cmake_gmock/cmake)
[1.783s] -- Found controller_manager: 3.28.1 (/home/kadi/UR5e_ros2/ros2_real/install/controller_manager/share/controller_manager/cmake)
[1.976s] -- Found ros2_control_test_assets: 3.28.1 (/home/kadi/UR5e_ros2/ros2_real/install/ros2_control_test_assets/share/ros2_control_test_assets/cmake)
[1.978s] -- Found gmock sources under '/opt/ros/iron/src/gmock_vendor': C++ tests using 'Google Mock' will be built
[2.013s] -- The C compiler identification is GNU 11.4.0
[2.019s] -- Detecting C compiler ABI info
[2.103s] -- Detecting C compiler ABI info - done
[2.108s] -- Check for working C compiler: /usr/bin/cc - skipped
[2.108s] -- Detecting C compile features
[2.108s] -- Detecting C compile features - done
[2.113s] -- Found ament_cmake_gtest: 2.0.7 (/opt/ros/iron/share/ament_cmake_gtest/cmake)
[2.113s] -- Found gtest sources under '/opt/ros/iron/src/gtest_vendor': C++ tests using 'Google Test' will be built
[2.171s] -- Configuring done
[2.202s] -- Generating done
[2.211s] -- Build files have been written to: /home/kadi/UR5e_ros2/ros2_real/build/tricycle_controller
[2.226s] Invoked command in '/home/kadi/UR5e_ros2/ros2_real/build/tricycle_controller' returned '0': AMENT_PREFIX_PATH=/home/kadi/UR5e_ros2/ros2_real/install/controller_manager:/home/kadi/UR5e_ros2/ros2_real/install/hardware_interface_testing:/home/kadi/UR5e_ros2/ros2_real/install/controller_interface:/home/kadi/UR5e_ros2/ros2_real/install/hardware_interface:/home/kadi/UR5e_ros2/ros2_real/install/ros2_control_test_assets:/home/kadi/UR5e_ros2/ros2_real/install/controller_manager_msgs:/home/kadi/UR5e_ros2/ros2_real/install/control_msgs:${AMENT_PREFIX_PATH} CMAKE_PREFIX_PATH=/home/kadi/UR5e_ros2/ros2_real/install/controller_manager:/home/kadi/UR5e_ros2/ros2_real/install/hardware_interface_testing:/home/kadi/UR5e_ros2/ros2_real/install/controller_interface:/home/kadi/UR5e_ros2/ros2_real/install/hardware_interface:/home/kadi/UR5e_ros2/ros2_real/install/ros2_control_test_assets:/home/kadi/UR5e_ros2/ros2_real/install/controller_manager_msgs:/home/kadi/UR5e_ros2/ros2_real/install/control_msgs:/home/kadi/UR5e_ros2/ros2_real/install/ur_msgs:/home/kadi/UR5e_ros2/ros2_real/install/ur_description:/opt/ros/iron LD_LIBRARY_PATH=/home/kadi/UR5e_ros2/ros2_real/install/controller_manager/lib:/home/kadi/UR5e_ros2/ros2_real/install/hardware_interface_testing/lib:/home/kadi/UR5e_ros2/ros2_real/install/controller_interface/lib:/home/kadi/UR5e_ros2/ros2_real/install/hardware_interface/lib:/home/kadi/UR5e_ros2/ros2_real/install/ros2_control_test_assets/lib:/home/kadi/UR5e_ros2/ros2_real/install/controller_manager_msgs/lib:/home/kadi/UR5e_ros2/ros2_real/install/control_msgs/lib:${LD_LIBRARY_PATH} PYTHONPATH=/home/kadi/UR5e_ros2/ros2_real/install/controller_manager/lib/python3.10/site-packages:/home/kadi/UR5e_ros2/ros2_real/install/controller_manager_msgs/lib/python3.10/site-packages:/home/kadi/UR5e_ros2/ros2_real/install/control_msgs/lib/python3.10/site-packages:${PYTHONPATH} /usr/bin/cmake /home/kadi/UR5e_ros2/ros2_real/src/ros2_controllers/tricycle_controller -DCMAKE_BUILD_TYPE=Release -DCMAKE_INSTALL_PREFIX=/home/kadi/UR5e_ros2/ros2_real/install/tricycle_controller
[2.227s] Invoking command in '/home/kadi/UR5e_ros2/ros2_real/build/tricycle_controller': AMENT_PREFIX_PATH=/home/kadi/UR5e_ros2/ros2_real/install/controller_manager:/home/kadi/UR5e_ros2/ros2_real/install/hardware_interface_testing:/home/kadi/UR5e_ros2/ros2_real/install/controller_interface:/home/kadi/UR5e_ros2/ros2_real/install/hardware_interface:/home/kadi/UR5e_ros2/ros2_real/install/ros2_control_test_assets:/home/kadi/UR5e_ros2/ros2_real/install/controller_manager_msgs:/home/kadi/UR5e_ros2/ros2_real/install/control_msgs:${AMENT_PREFIX_PATH} CMAKE_PREFIX_PATH=/home/kadi/UR5e_ros2/ros2_real/install/controller_manager:/home/kadi/UR5e_ros2/ros2_real/install/hardware_interface_testing:/home/kadi/UR5e_ros2/ros2_real/install/controller_interface:/home/kadi/UR5e_ros2/ros2_real/install/hardware_interface:/home/kadi/UR5e_ros2/ros2_real/install/ros2_control_test_assets:/home/kadi/UR5e_ros2/ros2_real/install/controller_manager_msgs:/home/kadi/UR5e_ros2/ros2_real/install/control_msgs:/home/kadi/UR5e_ros2/ros2_real/install/ur_msgs:/home/kadi/UR5e_ros2/ros2_real/install/ur_description:/opt/ros/iron LD_LIBRARY_PATH=/home/kadi/UR5e_ros2/ros2_real/install/controller_manager/lib:/home/kadi/UR5e_ros2/ros2_real/install/hardware_interface_testing/lib:/home/kadi/UR5e_ros2/ros2_real/install/controller_interface/lib:/home/kadi/UR5e_ros2/ros2_real/install/hardware_interface/lib:/home/kadi/UR5e_ros2/ros2_real/install/ros2_control_test_assets/lib:/home/kadi/UR5e_ros2/ros2_real/install/controller_manager_msgs/lib:/home/kadi/UR5e_ros2/ros2_real/install/control_msgs/lib:${LD_LIBRARY_PATH} PYTHONPATH=/home/kadi/UR5e_ros2/ros2_real/install/controller_manager/lib/python3.10/site-packages:/home/kadi/UR5e_ros2/ros2_real/install/controller_manager_msgs/lib/python3.10/site-packages:/home/kadi/UR5e_ros2/ros2_real/install/control_msgs/lib/python3.10/site-packages:${PYTHONPATH} /usr/bin/cmake --build /home/kadi/UR5e_ros2/ros2_real/build/tricycle_controller -- -j16 -l16
[2.281s] [ 20%] [32mBuilding CXX object gmock/CMakeFiles/gmock.dir/src/gmock-all.cc.o[0m
[2.282s] [ 20%] [34m[1mRunning `/opt/ros/iron/bin/generate_parameter_library_cpp /home/kadi/UR5e_ros2/ros2_real/build/tricycle_controller/tricycle_controller_parameters/include//tricycle_controller_parameters.hpp /home/kadi/UR5e_ros2/ros2_real/src/ros2_controllers/tricycle_controller/src/tricycle_controller_parameter.yaml `[0m
[2.282s] [ 20%] [32mBuilding CXX object gmock/CMakeFiles/gmock.dir/opt/ros/iron/src/gtest_vendor/src/gtest-all.cc.o[0m
[2.282s] [ 26%] [32mBuilding CXX object gmock/CMakeFiles/gmock_main.dir/src/gmock_main.cc.o[0m
[2.743s] [ 26%] Built target tricycle_controller_parameters
[2.792s] [ 33%] [32mBuilding CXX object CMakeFiles/tricycle_controller.dir/src/tricycle_controller.cpp.o[0m
[2.792s] [ 40%] [32mBuilding CXX object CMakeFiles/tricycle_controller.dir/src/odometry.cpp.o[0m
[2.802s] [ 46%] [32mBuilding CXX object CMakeFiles/tricycle_controller.dir/src/traction_limiter.cpp.o[0m
[2.806s] [ 53%] [32mBuilding CXX object CMakeFiles/tricycle_controller.dir/src/steering_limiter.cpp.o[0m
[3.407s] [ 60%] [32m[1mLinking CXX static library libgmock_main.a[0m
[3.571s] [ 60%] Built target gmock_main
[10.870s] [ 66%] [32m[1mLinking CXX static library libgmock.a[0m
[10.953s] [ 66%] Built target gmock
[24.705s] [ 73%] [32m[1mLinking CXX shared library libtricycle_controller.so[0m
[24.979s] [ 73%] Built target tricycle_controller
[25.004s] [ 86%] [32mBuilding CXX object CMakeFiles/test_load_tricycle_controller.dir/test/test_load_tricycle_controller.cpp.o[0m
[25.004s] [ 86%] [32mBuilding CXX object CMakeFiles/test_tricycle_controller.dir/test/test_tricycle_controller.cpp.o[0m
[32.690s] [ 93%] [32m[1mLinking CXX executable test_tricycle_controller[0m
[32.902s] [ 93%] Built target test_tricycle_controller
[32.907s] [100%] [32m[1mLinking CXX executable test_load_tricycle_controller[0m
[33.108s] [100%] Built target test_load_tricycle_controller
[33.121s] Invoked command in '/home/kadi/UR5e_ros2/ros2_real/build/tricycle_controller' returned '0': AMENT_PREFIX_PATH=/home/kadi/UR5e_ros2/ros2_real/install/controller_manager:/home/kadi/UR5e_ros2/ros2_real/install/hardware_interface_testing:/home/kadi/UR5e_ros2/ros2_real/install/controller_interface:/home/kadi/UR5e_ros2/ros2_real/install/hardware_interface:/home/kadi/UR5e_ros2/ros2_real/install/ros2_control_test_assets:/home/kadi/UR5e_ros2/ros2_real/install/controller_manager_msgs:/home/kadi/UR5e_ros2/ros2_real/install/control_msgs:${AMENT_PREFIX_PATH} CMAKE_PREFIX_PATH=/home/kadi/UR5e_ros2/ros2_real/install/controller_manager:/home/kadi/UR5e_ros2/ros2_real/install/hardware_interface_testing:/home/kadi/UR5e_ros2/ros2_real/install/controller_interface:/home/kadi/UR5e_ros2/ros2_real/install/hardware_interface:/home/kadi/UR5e_ros2/ros2_real/install/ros2_control_test_assets:/home/kadi/UR5e_ros2/ros2_real/install/controller_manager_msgs:/home/kadi/UR5e_ros2/ros2_real/install/control_msgs:/home/kadi/UR5e_ros2/ros2_real/install/ur_msgs:/home/kadi/UR5e_ros2/ros2_real/install/ur_description:/opt/ros/iron LD_LIBRARY_PATH=/home/kadi/UR5e_ros2/ros2_real/install/controller_manager/lib:/home/kadi/UR5e_ros2/ros2_real/install/hardware_interface_testing/lib:/home/kadi/UR5e_ros2/ros2_real/install/controller_interface/lib:/home/kadi/UR5e_ros2/ros2_real/install/hardware_interface/lib:/home/kadi/UR5e_ros2/ros2_real/install/ros2_control_test_assets/lib:/home/kadi/UR5e_ros2/ros2_real/install/controller_manager_msgs/lib:/home/kadi/UR5e_ros2/ros2_real/install/control_msgs/lib:${LD_LIBRARY_PATH} PYTHONPATH=/home/kadi/UR5e_ros2/ros2_real/install/controller_manager/lib/python3.10/site-packages:/home/kadi/UR5e_ros2/ros2_real/install/controller_manager_msgs/lib/python3.10/site-packages:/home/kadi/UR5e_ros2/ros2_real/install/control_msgs/lib/python3.10/site-packages:${PYTHONPATH} /usr/bin/cmake --build /home/kadi/UR5e_ros2/ros2_real/build/tricycle_controller -- -j16 -l16
[33.123s] Invoking command in '/home/kadi/UR5e_ros2/ros2_real/build/tricycle_controller': AMENT_PREFIX_PATH=/home/kadi/UR5e_ros2/ros2_real/install/controller_manager:/home/kadi/UR5e_ros2/ros2_real/install/hardware_interface_testing:/home/kadi/UR5e_ros2/ros2_real/install/controller_interface:/home/kadi/UR5e_ros2/ros2_real/install/hardware_interface:/home/kadi/UR5e_ros2/ros2_real/install/ros2_control_test_assets:/home/kadi/UR5e_ros2/ros2_real/install/controller_manager_msgs:/home/kadi/UR5e_ros2/ros2_real/install/control_msgs:${AMENT_PREFIX_PATH} CMAKE_PREFIX_PATH=/home/kadi/UR5e_ros2/ros2_real/install/controller_manager:/home/kadi/UR5e_ros2/ros2_real/install/hardware_interface_testing:/home/kadi/UR5e_ros2/ros2_real/install/controller_interface:/home/kadi/UR5e_ros2/ros2_real/install/hardware_interface:/home/kadi/UR5e_ros2/ros2_real/install/ros2_control_test_assets:/home/kadi/UR5e_ros2/ros2_real/install/controller_manager_msgs:/home/kadi/UR5e_ros2/ros2_real/install/control_msgs:/home/kadi/UR5e_ros2/ros2_real/install/ur_msgs:/home/kadi/UR5e_ros2/ros2_real/install/ur_description:/opt/ros/iron LD_LIBRARY_PATH=/home/kadi/UR5e_ros2/ros2_real/install/controller_manager/lib:/home/kadi/UR5e_ros2/ros2_real/install/hardware_interface_testing/lib:/home/kadi/UR5e_ros2/ros2_real/install/controller_interface/lib:/home/kadi/UR5e_ros2/ros2_real/install/hardware_interface/lib:/home/kadi/UR5e_ros2/ros2_real/install/ros2_control_test_assets/lib:/home/kadi/UR5e_ros2/ros2_real/install/controller_manager_msgs/lib:/home/kadi/UR5e_ros2/ros2_real/install/control_msgs/lib:${LD_LIBRARY_PATH} PYTHONPATH=/home/kadi/UR5e_ros2/ros2_real/install/controller_manager/lib/python3.10/site-packages:/home/kadi/UR5e_ros2/ros2_real/install/controller_manager_msgs/lib/python3.10/site-packages:/home/kadi/UR5e_ros2/ros2_real/install/control_msgs/lib/python3.10/site-packages:${PYTHONPATH} /usr/bin/cmake --install /home/kadi/UR5e_ros2/ros2_real/build/tricycle_controller
[33.130s] -- Install configuration: "Release"
[33.130s] -- Installing: /home/kadi/UR5e_ros2/ros2_real/install/tricycle_controller/include/tricycle_controller_parameters
[33.130s] -- Installing: /home/kadi/UR5e_ros2/ros2_real/install/tricycle_controller/include/tricycle_controller_parameters/tricycle_controller_parameters.hpp
[33.130s] -- Installing: /home/kadi/UR5e_ros2/ros2_real/install/tricycle_controller/share/tricycle_controller/tricycle_controller.xml
[33.131s] -- Installing: /home/kadi/UR5e_ros2/ros2_real/install/tricycle_controller/include/tricycle_controller
[33.131s] -- Installing: /home/kadi/UR5e_ros2/ros2_real/install/tricycle_controller/include/tricycle_controller/tricycle_controller
[33.131s] -- Installing: /home/kadi/UR5e_ros2/ros2_real/install/tricycle_controller/include/tricycle_controller/tricycle_controller/tricycle_controller.hpp
[33.131s] -- Installing: /home/kadi/UR5e_ros2/ros2_real/install/tricycle_controller/include/tricycle_controller/tricycle_controller/odometry.hpp
[33.131s] -- Installing: /home/kadi/UR5e_ros2/ros2_real/install/tricycle_controller/include/tricycle_controller/tricycle_controller/steering_limiter.hpp
[33.131s] -- Installing: /home/kadi/UR5e_ros2/ros2_real/install/tricycle_controller/include/tricycle_controller/tricycle_controller/visibility_control.h
[33.131s] -- Installing: /home/kadi/UR5e_ros2/ros2_real/install/tricycle_controller/include/tricycle_controller/tricycle_controller/traction_limiter.hpp
[33.131s] -- Installing: /home/kadi/UR5e_ros2/ros2_real/install/tricycle_controller/lib/libtricycle_controller.so
[33.133s] -- Set runtime path of "/home/kadi/UR5e_ros2/ros2_real/install/tricycle_controller/lib/libtricycle_controller.so" to ""
[33.133s] -- Installing: /home/kadi/UR5e_ros2/ros2_real/install/tricycle_controller/share/tricycle_controller/environment/library_path.sh
[33.133s] -- Installing: /home/kadi/UR5e_ros2/ros2_real/install/tricycle_controller/share/tricycle_controller/environment/library_path.dsv
[33.134s] -- Installing: /home/kadi/UR5e_ros2/ros2_real/install/tricycle_controller/share/ament_index/resource_index/package_run_dependencies/tricycle_controller
[33.134s] -- Installing: /home/kadi/UR5e_ros2/ros2_real/install/tricycle_controller/share/ament_index/resource_index/parent_prefix_path/tricycle_controller
[33.134s] -- Installing: /home/kadi/UR5e_ros2/ros2_real/install/tricycle_controller/share/tricycle_controller/environment/ament_prefix_path.sh
[33.134s] -- Installing: /home/kadi/UR5e_ros2/ros2_real/install/tricycle_controller/share/tricycle_controller/environment/ament_prefix_path.dsv
[33.134s] -- Installing: /home/kadi/UR5e_ros2/ros2_real/install/tricycle_controller/share/tricycle_controller/environment/path.sh
[33.134s] -- Installing: /home/kadi/UR5e_ros2/ros2_real/install/tricycle_controller/share/tricycle_controller/environment/path.dsv
[33.134s] -- Installing: /home/kadi/UR5e_ros2/ros2_real/install/tricycle_controller/share/tricycle_controller/local_setup.bash
[33.134s] -- Installing: /home/kadi/UR5e_ros2/ros2_real/install/tricycle_controller/share/tricycle_controller/local_setup.sh
[33.134s] -- Installing: /home/kadi/UR5e_ros2/ros2_real/install/tricycle_controller/share/tricycle_controller/local_setup.zsh
[33.135s] -- Installing: /home/kadi/UR5e_ros2/ros2_real/install/tricycle_controller/share/tricycle_controller/local_setup.dsv
[33.135s] -- Installing: /home/kadi/UR5e_ros2/ros2_real/install/tricycle_controller/share/tricycle_controller/package.dsv
[33.135s] -- Installing: /home/kadi/UR5e_ros2/ros2_real/install/tricycle_controller/share/ament_index/resource_index/packages/tricycle_controller
[33.135s] -- Installing: /home/kadi/UR5e_ros2/ros2_real/install/tricycle_controller/share/ament_index/resource_index/controller_interface__pluginlib__plugin/tricycle_controller
[33.135s] -- Installing: /home/kadi/UR5e_ros2/ros2_real/install/tricycle_controller/share/tricycle_controller/cmake/export_tricycle_controllerExport.cmake
[33.135s] -- Installing: /home/kadi/UR5e_ros2/ros2_real/install/tricycle_controller/share/tricycle_controller/cmake/export_tricycle_controllerExport-release.cmake
[33.135s] -- Installing: /home/kadi/UR5e_ros2/ros2_real/install/tricycle_controller/share/tricycle_controller/cmake/ament_cmake_export_targets-extras.cmake
[33.135s] -- Installing: /home/kadi/UR5e_ros2/ros2_real/install/tricycle_controller/share/tricycle_controller/cmake/ament_cmake_export_dependencies-extras.cmake
[33.136s] -- Installing: /home/kadi/UR5e_ros2/ros2_real/install/tricycle_controller/share/tricycle_controller/cmake/tricycle_controllerConfig.cmake
[33.136s] -- Installing: /home/kadi/UR5e_ros2/ros2_real/install/tricycle_controller/share/tricycle_controller/cmake/tricycle_controllerConfig-version.cmake
[33.136s] -- Installing: /home/kadi/UR5e_ros2/ros2_real/install/tricycle_controller/share/tricycle_controller/package.xml
[33.138s] Invoked command in '/home/kadi/UR5e_ros2/ros2_real/build/tricycle_controller' returned '0': AMENT_PREFIX_PATH=/home/kadi/UR5e_ros2/ros2_real/install/controller_manager:/home/kadi/UR5e_ros2/ros2_real/install/hardware_interface_testing:/home/kadi/UR5e_ros2/ros2_real/install/controller_interface:/home/kadi/UR5e_ros2/ros2_real/install/hardware_interface:/home/kadi/UR5e_ros2/ros2_real/install/ros2_control_test_assets:/home/kadi/UR5e_ros2/ros2_real/install/controller_manager_msgs:/home/kadi/UR5e_ros2/ros2_real/install/control_msgs:${AMENT_PREFIX_PATH} CMAKE_PREFIX_PATH=/home/kadi/UR5e_ros2/ros2_real/install/controller_manager:/home/kadi/UR5e_ros2/ros2_real/install/hardware_interface_testing:/home/kadi/UR5e_ros2/ros2_real/install/controller_interface:/home/kadi/UR5e_ros2/ros2_real/install/hardware_interface:/home/kadi/UR5e_ros2/ros2_real/install/ros2_control_test_assets:/home/kadi/UR5e_ros2/ros2_real/install/controller_manager_msgs:/home/kadi/UR5e_ros2/ros2_real/install/control_msgs:/home/kadi/UR5e_ros2/ros2_real/install/ur_msgs:/home/kadi/UR5e_ros2/ros2_real/install/ur_description:/opt/ros/iron LD_LIBRARY_PATH=/home/kadi/UR5e_ros2/ros2_real/install/controller_manager/lib:/home/kadi/UR5e_ros2/ros2_real/install/hardware_interface_testing/lib:/home/kadi/UR5e_ros2/ros2_real/install/controller_interface/lib:/home/kadi/UR5e_ros2/ros2_real/install/hardware_interface/lib:/home/kadi/UR5e_ros2/ros2_real/install/ros2_control_test_assets/lib:/home/kadi/UR5e_ros2/ros2_real/install/controller_manager_msgs/lib:/home/kadi/UR5e_ros2/ros2_real/install/control_msgs/lib:${LD_LIBRARY_PATH} PYTHONPATH=/home/kadi/UR5e_ros2/ros2_real/install/controller_manager/lib/python3.10/site-packages:/home/kadi/UR5e_ros2/ros2_real/install/controller_manager_msgs/lib/python3.10/site-packages:/home/kadi/UR5e_ros2/ros2_real/install/control_msgs/lib/python3.10/site-packages:${PYTHONPATH} /usr/bin/cmake --install /home/kadi/UR5e_ros2/ros2_real/build/tricycle_controller
