In file included from [01m[K/home/kadi/UR5e_ros2/ros2_real/src/Universal_Robots_ROS2_Driver/ur_controllers/src/freedrive_mode_controller.cpp:40[m[K:
[01m[K/home/kadi/UR5e_ros2/ros2_real/src/Universal_Robots_ROS2_Driver/ur_controllers/include/ur_controllers/freedrive_mode_controller.hpp:84:29:[m[K [01;31m[Kerror: [m[K‘[01m[Kcontrol_msgs[m[K’ does not name a type
   84 |   using FollowJTrajAction = [01;31m[Kcontrol_msgs[m[K::action::FollowJointTrajectory;
      |                             [01;31m[K^~~~~~~~~~~~[m[K
[01m[K/home/kadi/UR5e_ros2/ros2_real/src/Universal_Robots_ROS2_Driver/ur_controllers/include/ur_controllers/freedrive_mode_controller.hpp:85:30:[m[K [01;31m[Kerror: [m[K‘[01m[Krealtime_tools[m[K’ does not name a type
   85 |   using RealtimeGoalHandle = [01;31m[Krealtime_tools[m[K::RealtimeServerGoalHandle<FollowJTrajAction>;
      |                              [01;31m[K^~~~~~~~~~~~~~[m[K
[01m[K/home/kadi/UR5e_ros2/ros2_real/src/Universal_Robots_ROS2_Driver/ur_controllers/include/ur_controllers/freedrive_mode_controller.hpp:86:49:[m[K [01;31m[Kerror: [m[K‘[01m[KRealtimeGoalHandle[m[K’ was not declared in this scope
   86 |   using RealtimeGoalHandlePtr = std::shared_ptr<[01;31m[KRealtimeGoalHandle[m[K>;
      |                                                 [01;31m[K^~~~~~~~~~~~~~~~~~[m[K
[01m[K/home/kadi/UR5e_ros2/ros2_real/src/Universal_Robots_ROS2_Driver/ur_controllers/include/ur_controllers/freedrive_mode_controller.hpp:86:67:[m[K [01;31m[Kerror: [m[Ktemplate argument 1 is invalid
   86 |   using RealtimeGoalHandlePtr = std::shared_ptr<RealtimeGoalHandle[01;31m[K>[m[K;
      |                                                                   [01;31m[K^[m[K
[01m[K/home/kadi/UR5e_ros2/ros2_real/src/Universal_Robots_ROS2_Driver/ur_controllers/include/ur_controllers/freedrive_mode_controller.hpp:87:36:[m[K [01;31m[Kerror: [m[K‘[01m[Krealtime_tools[m[K’ does not name a type
   87 |   using RealtimeGoalHandleBuffer = [01;31m[Krealtime_tools[m[K::RealtimeBuffer<RealtimeGoalHandlePtr>;
      |                                    [01;31m[K^~~~~~~~~~~~~~[m[K
[01m[K/home/kadi/UR5e_ros2/ros2_real/src/Universal_Robots_ROS2_Driver/ur_controllers/include/ur_controllers/freedrive_mode_controller.hpp:89:3:[m[K [01;31m[Kerror: [m[K‘[01m[KRealtimeGoalHandleBuffer[m[K’ does not name a type
   89 |   [01;31m[KRealtimeGoalHandleBuffer[m[K rt_active_goal_;         ///< Currently active action goal, if any.
      |   [01;31m[K^~~~~~~~~~~~~~~~~~~~~~~~[m[K
[01m[K/home/kadi/UR5e_ros2/ros2_real/src/Universal_Robots_ROS2_Driver/ur_controllers/include/ur_controllers/freedrive_mode_controller.hpp:91:3:[m[K [01;31m[Kerror: [m[K‘[01m[Krealtime_tools[m[K’ does not name a type
   91 |   [01;31m[Krealtime_tools[m[K::RealtimeBuffer<std::unordered_map<std::string, size_t>> joint_trajectory_mapping_;
      |   [01;31m[K^~~~~~~~~~~~~~[m[K
[01m[K/home/kadi/UR5e_ros2/ros2_real/src/Universal_Robots_ROS2_Driver/ur_controllers/include/ur_controllers/freedrive_mode_controller.hpp:98:19:[m[K [01;31m[Kerror: [m[K‘[01m[Kfreedrive_mode_controller[m[K’ was not declared in this scope; did you mean ‘[01m[KFreedriveModeController[m[K’?
   98 |   std::shared_ptr<[01;31m[Kfreedrive_mode_controller[m[K::ParamListener> param_listener_;
      |                   [01;31m[K^~~~~~~~~~~~~~~~~~~~~~~~~[m[K
      |                   [32m[KFreedriveModeController[m[K
[01m[K/home/kadi/UR5e_ros2/ros2_real/src/Universal_Robots_ROS2_Driver/ur_controllers/include/ur_controllers/freedrive_mode_controller.hpp:98:59:[m[K [01;31m[Kerror: [m[Ktemplate argument 1 is invalid
   98 |   std::shared_ptr<freedrive_mode_controller::ParamListener[01;31m[K>[m[K param_listener_;
      |                                                           [01;31m[K^[m[K
[01m[K/home/kadi/UR5e_ros2/ros2_real/src/Universal_Robots_ROS2_Driver/ur_controllers/include/ur_controllers/freedrive_mode_controller.hpp:99:3:[m[K [01;31m[Kerror: [m[K‘[01m[Kfreedrive_mode_controller[m[K’ does not name a type; did you mean ‘[01m[KFreedriveModeController[m[K’?
   99 |   [01;31m[Kfreedrive_mode_controller[m[K::Params params_;
      |   [01;31m[K^~~~~~~~~~~~~~~~~~~~~~~~~[m[K
      |   [32m[KFreedriveModeController[m[K
[01m[K/home/kadi/UR5e_ros2/ros2_real/src/Universal_Robots_ROS2_Driver/ur_controllers/include/ur_controllers/freedrive_mode_controller.hpp:108:61:[m[K [01;31m[Kerror: [m[Ktemplate argument 1 is invalid
  108 |   std::shared_ptr<rclcpp::Subscription<std_msgs::msg::Bool> [01;31m[Kfreedrive_mode_sub_[m[K;
      |                                                             [01;31m[K^~~~~~~~~~~~~~~~~~~[m[K
[01m[K/home/kadi/UR5e_ros2/ros2_real/src/Universal_Robots_ROS2_Driver/ur_controllers/include/ur_controllers/freedrive_mode_controller.hpp:93:62:[m[K [01;31m[Kerror: [m[Kunable to find numeric literal operator ‘[01m[Koperator""ms[m[K’
   93 |   rclcpp::Duration action_monitor_period_ = rclcpp::Duration([01;31m[K50ms[m[K);
      |                                                              [01;31m[K^~~~[m[K
[01m[K/home/kadi/UR5e_ros2/ros2_real/src/Universal_Robots_ROS2_Driver/ur_controllers/src/freedrive_mode_controller.cpp:[m[K In member function ‘[01m[Kvirtual controller_interface::CallbackReturn ur_controllers::FreedriveModeController::on_init()[m[K’:
[01m[K/home/kadi/UR5e_ros2/ros2_real/src/Universal_Robots_ROS2_Driver/ur_controllers/src/freedrive_mode_controller.cpp:48:40:[m[K [01;31m[Kerror: [m[K‘[01m[Kfreedrive_mode_controller[m[K’ was not declared in this scope; did you mean ‘[01m[KFreedriveModeController[m[K’?
   48 |     param_listener_ = std::make_shared<[01;31m[Kfreedrive_mode_controller[m[K::ParamListener>(get_node());
      |                                        [01;31m[K^~~~~~~~~~~~~~~~~~~~~~~~~[m[K
      |                                        [32m[KFreedriveModeController[m[K
[01m[K/home/kadi/UR5e_ros2/ros2_real/src/Universal_Robots_ROS2_Driver/ur_controllers/src/freedrive_mode_controller.cpp:48:28:[m[K [01;31m[Kerror: [m[Kparse error in template argument list
   48 |     param_listener_ = std::[01;31m[Kmake_shared<freedrive_mode_controller::ParamListener>[m[K(get_node());
      |                            [01;31m[K^~~~~~~~~~~~~~~~~~~~~~~~~~~~~~~~~~~~~~~~~~~~~~~~~~~~~[m[K
[01m[K/home/kadi/UR5e_ros2/ros2_real/src/Universal_Robots_ROS2_Driver/ur_controllers/src/freedrive_mode_controller.cpp:48:81:[m[K [01;31m[Kerror: [m[Kno matching function for call to ‘[01m[Kmake_shared<<expression error> >(std::shared_ptr<rclcpp_lifecycle::LifecycleNode>)[m[K’
   48 |     param_listener_ = [01;31m[Kstd::make_shared<freedrive_mode_controller::ParamListener>(get_node())[m[K;
      |                       [01;31m[K~~~~~~~~~~~~~~~~~~~~~~~~~~~~~~~~~~~~~~~~~~~~~~~~~~~~~~~~~~^~~~~~~~~~~~[m[K
In file included from [01m[K/usr/include/c++/11/memory:77[m[K,
                 from [01m[K/opt/ros/iron/include/rclcpp/rclcpp/logger.hpp:18[m[K,
                 from [01m[K/opt/ros/iron/include/rclcpp/rclcpp/logging.hpp:23[m[K,
                 from [01m[K/home/kadi/UR5e_ros2/ros2_real/src/Universal_Robots_ROS2_Driver/ur_controllers/src/freedrive_mode_controller.cpp:38[m[K:
[01m[K/usr/include/c++/11/bits/shared_ptr.h:875:5:[m[K [01;36m[Knote: [m[Kcandidate: ‘[01m[Ktemplate<class _Tp, class ... _Args> std::shared_ptr<_Tp> std::make_shared(_Args&& ...)[m[K’
  875 |     [01;36m[Kmake_shared[m[K(_Args&&... __args)
      |     [01;36m[K^~~~~~~~~~~[m[K
[01m[K/usr/include/c++/11/bits/shared_ptr.h:875:5:[m[K [01;36m[Knote: [m[K  template argument deduction/substitution failed:
[01m[K/home/kadi/UR5e_ros2/ros2_real/src/Universal_Robots_ROS2_Driver/ur_controllers/src/freedrive_mode_controller.cpp:48:81:[m[K [01;31m[Kerror: [m[Ktemplate argument 1 is invalid
   48 |     param_listener_ = [01;31m[Kstd::make_shared<freedrive_mode_controller::ParamListener>(get_node())[m[K;
      |                       [01;31m[K~~~~~~~~~~~~~~~~~~~~~~~~~~~~~~~~~~~~~~~~~~~~~~~~~~~~~~~~~~^~~~~~~~~~~~[m[K
[01m[K/home/kadi/UR5e_ros2/ros2_real/src/Universal_Robots_ROS2_Driver/ur_controllers/src/freedrive_mode_controller.cpp:49:5:[m[K [01;31m[Kerror: [m[K‘[01m[Kparams_[m[K’ was not declared in this scope
   49 |     [01;31m[Kparams_[m[K = param_listener_->get_params();
      |     [01;31m[K^~~~~~~[m[K
[01m[K/home/kadi/UR5e_ros2/ros2_real/src/Universal_Robots_ROS2_Driver/ur_controllers/src/freedrive_mode_controller.cpp:49:30:[m[K [01;31m[Kerror: [m[Kbase operand of ‘[01m[K->[m[K’ is not a pointer
   49 |     params_ = param_listener_[01;31m[K->[m[Kget_params();
      |                              [01;31m[K^~[m[K
[01m[K/home/kadi/UR5e_ros2/ros2_real/src/Universal_Robots_ROS2_Driver/ur_controllers/src/freedrive_mode_controller.cpp:[m[K In member function ‘[01m[Kvirtual controller_interface::InterfaceConfiguration ur_controllers::FreedriveModeController::command_interface_configuration() const[m[K’:
[01m[K/home/kadi/UR5e_ros2/ros2_real/src/Universal_Robots_ROS2_Driver/ur_controllers/src/freedrive_mode_controller.cpp:62:33:[m[K [01;31m[Kerror: [m[K‘[01m[Kparams_[m[K’ was not declared in this scope
   62 |   const std::string tf_prefix = [01;31m[Kparams_[m[K.tf_prefix;
      |                                 [01;31m[K^~~~~~~[m[K
[01m[K/home/kadi/UR5e_ros2/ros2_real/src/Universal_Robots_ROS2_Driver/ur_controllers/src/freedrive_mode_controller.cpp:[m[K In member function ‘[01m[Kvirtual controller_interface::InterfaceConfiguration ur_controllers::FreedriveModeController::state_interface_configuration() const[m[K’:
[01m[K/home/kadi/UR5e_ros2/ros2_real/src/Universal_Robots_ROS2_Driver/ur_controllers/src/freedrive_mode_controller.cpp:77:33:[m[K [01;31m[Kerror: [m[K‘[01m[Kparams_[m[K’ was not declared in this scope
   77 |   const std::string tf_prefix = [01;31m[Kparams_[m[K.tf_prefix;
      |                                 [01;31m[K^~~~~~~[m[K
[01m[K/home/kadi/UR5e_ros2/ros2_real/src/Universal_Robots_ROS2_Driver/ur_controllers/src/freedrive_mode_controller.cpp:[m[K In member function ‘[01m[Kvirtual controller_interface::return_type ur_controllers::FreedriveModeController::update(const rclcpp::Time&, const rclcpp::Duration&)[m[K’:
[01m[K/home/kadi/UR5e_ros2/ros2_real/src/Universal_Robots_ROS2_Driver/ur_controllers/src/freedrive_mode_controller.cpp:90:5:[m[K [01;31m[Kerror: [m[K‘[01m[KenableFreedriveMode[m[K’ was not declared in this scope
   90 |     [01;31m[KenableFreedriveMode[m[K();
      |     [01;31m[K^~~~~~~~~~~~~~~~~~~[m[K
[01m[K/home/kadi/UR5e_ros2/ros2_real/src/Universal_Robots_ROS2_Driver/ur_controllers/src/freedrive_mode_controller.cpp:[m[K In member function ‘[01m[Kvirtual controller_interface::CallbackReturn ur_controllers::FreedriveModeController::on_configure(const rclcpp_lifecycle::State&)[m[K’:
[01m[K/home/kadi/UR5e_ros2/ros2_real/src/Universal_Robots_ROS2_Driver/ur_controllers/src/freedrive_mode_controller.cpp:107:18:[m[K [01;31m[Kerror: [m[Kbase operand of ‘[01m[K->[m[K’ is not a pointer
  107 |   param_listener_[01;31m[K->[m[Krefresh_dynamic_parameters();
      |                  [01;31m[K^~[m[K
[01m[K/home/kadi/UR5e_ros2/ros2_real/src/Universal_Robots_ROS2_Driver/ur_controllers/src/freedrive_mode_controller.cpp:110:3:[m[K [01;31m[Kerror: [m[K‘[01m[Kparams_[m[K’ was not declared in this scope
  110 |   [01;31m[Kparams_[m[K = param_listener_->get_params();
      |   [01;31m[K^~~~~~~[m[K
[01m[K/home/kadi/UR5e_ros2/ros2_real/src/Universal_Robots_ROS2_Driver/ur_controllers/src/freedrive_mode_controller.cpp:110:28:[m[K [01;31m[Kerror: [m[Kbase operand of ‘[01m[K->[m[K’ is not a pointer
  110 |   params_ = param_listener_[01;31m[K->[m[Kget_params();
      |                            [01;31m[K^~[m[K
[01m[K/home/kadi/UR5e_ros2/ros2_real/src/Universal_Robots_ROS2_Driver/ur_controllers/src/freedrive_mode_controller.cpp:[m[K In member function ‘[01m[Kvirtual controller_interface::CallbackReturn ur_controllers::FreedriveModeController::on_activate(const rclcpp_lifecycle::State&)[m[K’:
[01m[K/home/kadi/UR5e_ros2/ros2_real/src/Universal_Robots_ROS2_Driver/ur_controllers/src/freedrive_mode_controller.cpp:125:5:[m[K [01;31m[Kerror: [m[K‘[01m[Kenable_freedrive_mode_sub_[m[K’ was not declared in this scope
  125 |     [01;31m[Kenable_freedrive_mode_sub_[m[K = get_node()->create_subscription<std_msgs::msg::Bool>(
      |     [01;31m[K^~~~~~~~~~~~~~~~~~~~~~~~~~[m[K
[01m[K/home/kadi/UR5e_ros2/ros2_real/src/Universal_Robots_ROS2_Driver/ur_controllers/src/freedrive_mode_controller.cpp:127:45:[m[K [01;31m[Kerror: [m[K‘[01m[KreadFreedriveModeCmd[m[K’ is not a member of ‘[01m[Kur_controllers::FreedriveModeController[m[K’
  127 |         std::bind(&FreedriveModeController::[01;31m[KreadFreedriveModeCmd[m[K, this, std::placeholders::_1));
      |                                             [01;31m[K^~~~~~~~~~~~~~~~~~~~[m[K
[01m[K/home/kadi/UR5e_ros2/ros2_real/src/Universal_Robots_ROS2_Driver/ur_controllers/src/freedrive_mode_controller.cpp:[m[K In member function ‘[01m[Kvirtual controller_interface::CallbackReturn ur_controllers::FreedriveModeController::on_deactivate(const rclcpp_lifecycle::State&)[m[K’:
[01m[K/home/kadi/UR5e_ros2/ros2_real/src/Universal_Robots_ROS2_Driver/ur_controllers/src/freedrive_mode_controller.cpp:138:3:[m[K [01;31m[Kerror: [m[K‘[01m[KdisableFreedriveMode[m[K’ was not declared in this scope
  138 |   [01;31m[KdisableFreedriveMode[m[K();
      |   [01;31m[K^~~~~~~~~~~~~~~~~~~~[m[K
[01m[K/home/kadi/UR5e_ros2/ros2_real/src/Universal_Robots_ROS2_Driver/ur_controllers/src/freedrive_mode_controller.cpp:140:5:[m[K [01;31m[Kerror: [m[K‘[01m[Kset_freedrive_mode_srv_[m[K’ was not declared in this scope
  140 |     [01;31m[Kset_freedrive_mode_srv_[m[K.reset();
      |     [01;31m[K^~~~~~~~~~~~~~~~~~~~~~~[m[K
[01m[K/home/kadi/UR5e_ros2/ros2_real/src/Universal_Robots_ROS2_Driver/ur_controllers/src/freedrive_mode_controller.cpp:[m[K At global scope:
[01m[K/home/kadi/UR5e_ros2/ros2_real/src/Universal_Robots_ROS2_Driver/ur_controllers/src/freedrive_mode_controller.cpp:147:6:[m[K [01;31m[Kerror: [m[Kno declaration matches ‘[01m[Kvoid ur_controllers::FreedriveModeController::readFreedriveModeCmd(std_msgs::msg::Bool_<std::allocator<void> >::SharedPtr)[m[K’
  147 | void [01;31m[KFreedriveModeController[m[K::readFreedriveModeCmd(const std_msgs::msg::Bool::SharedPtr msg)
      |      [01;31m[K^~~~~~~~~~~~~~~~~~~~~~~[m[K
[01m[K/home/kadi/UR5e_ros2/ros2_real/src/Universal_Robots_ROS2_Driver/ur_controllers/src/freedrive_mode_controller.cpp:147:6:[m[K [01;36m[Knote: [m[Kno functions named ‘[01m[Kvoid ur_controllers::FreedriveModeController::readFreedriveModeCmd(std_msgs::msg::Bool_<std::allocator<void> >::SharedPtr)[m[K’
In file included from [01m[K/home/kadi/UR5e_ros2/ros2_real/src/Universal_Robots_ROS2_Driver/ur_controllers/src/freedrive_mode_controller.cpp:40[m[K:
[01m[K/home/kadi/UR5e_ros2/ros2_real/src/Universal_Robots_ROS2_Driver/ur_controllers/include/ur_controllers/freedrive_mode_controller.hpp:61:7:[m[K [01;36m[Knote: [m[K‘[01m[Kclass ur_controllers::FreedriveModeController[m[K’ defined here
   61 | class [01;36m[KFreedriveModeController[m[K : public controller_interface::ControllerInterface
      |       [01;36m[K^~~~~~~~~~~~~~~~~~~~~~~[m[K
[01m[K/home/kadi/UR5e_ros2/ros2_real/src/Universal_Robots_ROS2_Driver/ur_controllers/src/freedrive_mode_controller.cpp:160:6:[m[K [01;31m[Kerror: [m[Kno declaration matches ‘[01m[Kbool ur_controllers::FreedriveModeController::enableFreedriveMode()[m[K’
  160 | bool [01;31m[KFreedriveModeController[m[K::enableFreedriveMode()
      |      [01;31m[K^~~~~~~~~~~~~~~~~~~~~~~[m[K
[01m[K/home/kadi/UR5e_ros2/ros2_real/src/Universal_Robots_ROS2_Driver/ur_controllers/src/freedrive_mode_controller.cpp:160:6:[m[K [01;36m[Knote: [m[Kno functions named ‘[01m[Kbool ur_controllers::FreedriveModeController::enableFreedriveMode()[m[K’
In file included from [01m[K/home/kadi/UR5e_ros2/ros2_real/src/Universal_Robots_ROS2_Driver/ur_controllers/src/freedrive_mode_controller.cpp:40[m[K:
[01m[K/home/kadi/UR5e_ros2/ros2_real/src/Universal_Robots_ROS2_Driver/ur_controllers/include/ur_controllers/freedrive_mode_controller.hpp:61:7:[m[K [01;36m[Knote: [m[K‘[01m[Kclass ur_controllers::FreedriveModeController[m[K’ defined here
   61 | class [01;36m[KFreedriveModeController[m[K : public controller_interface::ControllerInterface
      |       [01;36m[K^~~~~~~~~~~~~~~~~~~~~~~[m[K
[01m[K/home/kadi/UR5e_ros2/ros2_real/src/Universal_Robots_ROS2_Driver/ur_controllers/src/freedrive_mode_controller.cpp:191:6:[m[K [01;31m[Kerror: [m[Kno declaration matches ‘[01m[Kbool ur_controllers::FreedriveModeController::disableFreedriveMode()[m[K’
  191 | bool [01;31m[KFreedriveModeController[m[K::disableFreedriveMode()
      |      [01;31m[K^~~~~~~~~~~~~~~~~~~~~~~[m[K
[01m[K/home/kadi/UR5e_ros2/ros2_real/src/Universal_Robots_ROS2_Driver/ur_controllers/src/freedrive_mode_controller.cpp:191:6:[m[K [01;36m[Knote: [m[Kno functions named ‘[01m[Kbool ur_controllers::FreedriveModeController::disableFreedriveMode()[m[K’
In file included from [01m[K/home/kadi/UR5e_ros2/ros2_real/src/Universal_Robots_ROS2_Driver/ur_controllers/src/freedrive_mode_controller.cpp:40[m[K:
[01m[K/home/kadi/UR5e_ros2/ros2_real/src/Universal_Robots_ROS2_Driver/ur_controllers/include/ur_controllers/freedrive_mode_controller.hpp:61:7:[m[K [01;36m[Knote: [m[K‘[01m[Kclass ur_controllers::FreedriveModeController[m[K’ defined here
   61 | class [01;36m[KFreedriveModeController[m[K : public controller_interface::ControllerInterface
      |       [01;36m[K^~~~~~~~~~~~~~~~~~~~~~~[m[K
[01m[K/home/kadi/UR5e_ros2/ros2_real/src/Universal_Robots_ROS2_Driver/ur_controllers/src/freedrive_mode_controller.cpp:215:13:[m[K [01;31m[Kerror: [m[Kexpected constructor, destructor, or type conversion before ‘[01m[K([m[K’ token
  215 | find_package[01;31m[K([m[Kcartesian_controllers REQUIRED)
      |             [01;31m[K^[m[K
gmake[2]: *** [CMakeFiles/ur_controllers.dir/build.make:132: CMakeFiles/ur_controllers.dir/src/freedrive_mode_controller.cpp.o] Error 1
gmake[1]: *** [CMakeFiles/Makefile2:252: CMakeFiles/ur_controllers.dir/all] Error 2
gmake: *** [Makefile:146: all] Error 2
