-- The CXX compiler identification is GNU 11.4.0
-- Detecting CXX compiler ABI info
-- Detecting CXX compiler ABI info - done
-- Check for working CXX compiler: /usr/bin/c++ - skipped
-- Detecting CXX compile features
-- Detecting CXX compile features - done
-- Found ament_cmake: 2.0.7 (/opt/ros/iron/share/ament_cmake/cmake)
-- Found Python3: /usr/bin/python3.10 (found version "3.10.12") found components: Interpreter 
-- Found hardware_interface: 3.28.1 (/home/kadi/UR5e_ros2/ros2_real/install/hardware_interface/share/hardware_interface/cmake)
-- Found rosidl_generator_c: 4.0.1 (/opt/ros/iron/share/rosidl_generator_c/cmake)
-- Found rosidl_generator_cpp: 4.0.1 (/opt/ros/iron/share/rosidl_generator_cpp/cmake)
-- Using all available rosidl_typesupport_c: rosidl_typesupport_fastrtps_c;rosidl_typesupport_introspection_c
-- Using all available rosidl_typesupport_cpp: rosidl_typesupport_fastrtps_cpp;rosidl_typesupport_introspection_cpp
-- Found rmw_implementation_cmake: 7.1.0 (/opt/ros/iron/share/rmw_implementation_cmake/cmake)
-- Found rmw_fastrtps_cpp: 7.1.4 (/opt/ros/iron/share/rmw_fastrtps_cpp/cmake)
-- Found TinyXML2 via Config file: TinyXML2_DIR-NOTFOUND
-- Found OpenSSL: /usr/lib/x86_64-linux-gnu/libcrypto.so (found version "3.0.2")  
-- Found TinyXML2 via Config file: TinyXML2_DIR-NOTFOUND
-- Found FastRTPS: /opt/ros/iron/include  
-- Found TinyXML2 via Config file: TinyXML2_DIR-NOTFOUND
-- Found TinyXML2 via Config file: TinyXML2_DIR-NOTFOUND
-- Using RMW implementation 'rmw_fastrtps_cpp' as default
-- Found ament_cmake_gmock: 2.0.7 (/opt/ros/iron/share/ament_cmake_gmock/cmake)
-- Found gmock sources under '/opt/ros/iron/src/gmock_vendor': C++ tests using 'Google Mock' will be built
-- The C compiler identification is GNU 11.4.0
-- Detecting C compiler ABI info
-- Detecting C compiler ABI info - done
-- Check for working C compiler: /usr/bin/cc - skipped
-- Detecting C compile features
-- Detecting C compile features - done
-- Found ament_cmake_gtest: 2.0.7 (/opt/ros/iron/share/ament_cmake_gtest/cmake)
-- Found gtest sources under '/opt/ros/iron/src/gtest_vendor': C++ tests using 'Google Test' will be built
-- Configuring done
-- Generating done
-- Build files have been written to: /home/kadi/UR5e_ros2/ros2_real/build/transmission_interface
[  4%] [32mBuilding CXX object CMakeFiles/transmission_interface.dir/src/simple_transmission_loader.cpp.o[0m
[  8%] [32mBuilding CXX object gmock/CMakeFiles/gmock_main.dir/src/gmock_main.cc.o[0m
[ 13%] [32mBuilding CXX object gmock/CMakeFiles/gmock.dir/opt/ros/iron/src/gtest_vendor/src/gtest-all.cc.o[0m
[ 17%] [32mBuilding CXX object CMakeFiles/transmission_interface.dir/src/differential_transmission_loader.cpp.o[0m
[ 21%] [32mBuilding CXX object CMakeFiles/transmission_interface.dir/src/four_bar_linkage_transmission_loader.cpp.o[0m
[ 26%] [32mBuilding CXX object gmock/CMakeFiles/gmock.dir/src/gmock-all.cc.o[0m
[ 30%] [32m[1mLinking CXX static library libgmock_main.a[0m
[ 30%] Built target gmock_main
[ 34%] [32m[1mLinking CXX shared library libtransmission_interface.so[0m
[ 34%] Built target transmission_interface
[ 39%] [32m[1mLinking CXX static library libgmock.a[0m
[ 39%] Built target gmock
[ 56%] [32mBuilding CXX object CMakeFiles/test_four_bar_linkage_transmission_loader.dir/test/four_bar_linkage_transmission_loader_test.cpp.o[0m
[ 56%] [32mBuilding CXX object CMakeFiles/test_four_bar_linkage_transmission.dir/test/four_bar_linkage_transmission_test.cpp.o[0m
[ 56%] [32mBuilding CXX object CMakeFiles/test_differential_transmission.dir/test/differential_transmission_test.cpp.o[0m
[ 56%] [32mBuilding CXX object CMakeFiles/test_simple_transmission_loader.dir/test/simple_transmission_loader_test.cpp.o[0m
[ 60%] [32mBuilding CXX object CMakeFiles/test_simple_transmission.dir/test/simple_transmission_test.cpp.o[0m
[ 65%] [32mBuilding CXX object CMakeFiles/test_differential_transmission_loader.dir/test/differential_transmission_loader_test.cpp.o[0m
[ 69%] [32mBuilding CXX object CMakeFiles/test_utils.dir/test/utils_test.cpp.o[0m
[ 73%] [32m[1mLinking CXX executable test_utils[0m
[ 73%] Built target test_utils
[ 78%] [32m[1mLinking CXX executable test_simple_transmission[0m
[ 82%] [32m[1mLinking CXX executable test_differential_transmission[0m
[ 82%] Built target test_simple_transmission
[ 82%] Built target test_differential_transmission
[ 86%] [32m[1mLinking CXX executable test_four_bar_linkage_transmission[0m
[ 86%] Built target test_four_bar_linkage_transmission
[ 91%] [32m[1mLinking CXX executable test_four_bar_linkage_transmission_loader[0m
[ 95%] [32m[1mLinking CXX executable test_simple_transmission_loader[0m
[ 95%] Built target test_four_bar_linkage_transmission_loader
[ 95%] Built target test_simple_transmission_loader
[100%] [32m[1mLinking CXX executable test_differential_transmission_loader[0m
[100%] Built target test_differential_transmission_loader
-- Install configuration: "Release"
-- Installing: /home/kadi/UR5e_ros2/ros2_real/install/transmission_interface/share/transmission_interface/ros2_control_plugins.xml
-- Installing: /home/kadi/UR5e_ros2/ros2_real/install/transmission_interface/include/transmission_interface
-- Installing: /home/kadi/UR5e_ros2/ros2_real/install/transmission_interface/include/transmission_interface/transmission_interface
-- Installing: /home/kadi/UR5e_ros2/ros2_real/install/transmission_interface/include/transmission_interface/transmission_interface/four_bar_linkage_transmission.hpp
-- Installing: /home/kadi/UR5e_ros2/ros2_real/install/transmission_interface/include/transmission_interface/transmission_interface/exception.hpp
-- Installing: /home/kadi/UR5e_ros2/ros2_real/install/transmission_interface/include/transmission_interface/transmission_interface/transmission_interface_exception.hpp
-- Installing: /home/kadi/UR5e_ros2/ros2_real/install/transmission_interface/include/transmission_interface/transmission_interface/four_bar_linkage_transmission_loader.hpp
-- Installing: /home/kadi/UR5e_ros2/ros2_real/install/transmission_interface/include/transmission_interface/transmission_interface/transmission.hpp
-- Installing: /home/kadi/UR5e_ros2/ros2_real/install/transmission_interface/include/transmission_interface/transmission_interface/transmission_loader.hpp
-- Installing: /home/kadi/UR5e_ros2/ros2_real/install/transmission_interface/include/transmission_interface/transmission_interface/visibility_control.h
-- Installing: /home/kadi/UR5e_ros2/ros2_real/install/transmission_interface/include/transmission_interface/transmission_interface/simple_transmission.hpp
-- Installing: /home/kadi/UR5e_ros2/ros2_real/install/transmission_interface/include/transmission_interface/transmission_interface/differential_transmission_loader.hpp
-- Installing: /home/kadi/UR5e_ros2/ros2_real/install/transmission_interface/include/transmission_interface/transmission_interface/handle.hpp
-- Installing: /home/kadi/UR5e_ros2/ros2_real/install/transmission_interface/include/transmission_interface/transmission_interface/simple_transmission_loader.hpp
-- Installing: /home/kadi/UR5e_ros2/ros2_real/install/transmission_interface/include/transmission_interface/transmission_interface/differential_transmission.hpp
-- Installing: /home/kadi/UR5e_ros2/ros2_real/install/transmission_interface/include/transmission_interface/transmission_interface/accessor.hpp
-- Installing: /home/kadi/UR5e_ros2/ros2_real/install/transmission_interface/lib/libtransmission_interface.so
-- Set runtime path of "/home/kadi/UR5e_ros2/ros2_real/install/transmission_interface/lib/libtransmission_interface.so" to ""
-- Installing: /home/kadi/UR5e_ros2/ros2_real/install/transmission_interface/share/transmission_interface/environment/library_path.sh
-- Installing: /home/kadi/UR5e_ros2/ros2_real/install/transmission_interface/share/transmission_interface/environment/library_path.dsv
-- Installing: /home/kadi/UR5e_ros2/ros2_real/install/transmission_interface/share/ament_index/resource_index/package_run_dependencies/transmission_interface
-- Installing: /home/kadi/UR5e_ros2/ros2_real/install/transmission_interface/share/ament_index/resource_index/parent_prefix_path/transmission_interface
-- Installing: /home/kadi/UR5e_ros2/ros2_real/install/transmission_interface/share/transmission_interface/environment/ament_prefix_path.sh
-- Installing: /home/kadi/UR5e_ros2/ros2_real/install/transmission_interface/share/transmission_interface/environment/ament_prefix_path.dsv
-- Installing: /home/kadi/UR5e_ros2/ros2_real/install/transmission_interface/share/transmission_interface/environment/path.sh
-- Installing: /home/kadi/UR5e_ros2/ros2_real/install/transmission_interface/share/transmission_interface/environment/path.dsv
-- Installing: /home/kadi/UR5e_ros2/ros2_real/install/transmission_interface/share/transmission_interface/local_setup.bash
-- Installing: /home/kadi/UR5e_ros2/ros2_real/install/transmission_interface/share/transmission_interface/local_setup.sh
-- Installing: /home/kadi/UR5e_ros2/ros2_real/install/transmission_interface/share/transmission_interface/local_setup.zsh
-- Installing: /home/kadi/UR5e_ros2/ros2_real/install/transmission_interface/share/transmission_interface/local_setup.dsv
-- Installing: /home/kadi/UR5e_ros2/ros2_real/install/transmission_interface/share/transmission_interface/package.dsv
-- Installing: /home/kadi/UR5e_ros2/ros2_real/install/transmission_interface/share/ament_index/resource_index/packages/transmission_interface
-- Installing: /home/kadi/UR5e_ros2/ros2_real/install/transmission_interface/share/ament_index/resource_index/transmission_interface__pluginlib__plugin/transmission_interface
-- Installing: /home/kadi/UR5e_ros2/ros2_real/install/transmission_interface/share/transmission_interface/cmake/export_transmission_interfaceExport.cmake
-- Installing: /home/kadi/UR5e_ros2/ros2_real/install/transmission_interface/share/transmission_interface/cmake/export_transmission_interfaceExport-release.cmake
-- Installing: /home/kadi/UR5e_ros2/ros2_real/install/transmission_interface/share/transmission_interface/cmake/ament_cmake_export_targets-extras.cmake
-- Installing: /home/kadi/UR5e_ros2/ros2_real/install/transmission_interface/share/transmission_interface/cmake/ament_cmake_export_dependencies-extras.cmake
-- Installing: /home/kadi/UR5e_ros2/ros2_real/install/transmission_interface/share/transmission_interface/cmake/transmission_interfaceConfig.cmake
-- Installing: /home/kadi/UR5e_ros2/ros2_real/install/transmission_interface/share/transmission_interface/cmake/transmission_interfaceConfig-version.cmake
-- Installing: /home/kadi/UR5e_ros2/ros2_real/install/transmission_interface/share/transmission_interface/package.xml
