In file included from [01m[K/opt/ros/iron/include/rclcpp/rclcpp/logging.hpp:24[m[K,
                 from [01m[K/opt/ros/iron/include/rclcpp/rclcpp/client.hpp:43[m[K,
                 from [01m[K/opt/ros/iron/include/rclcpp/rclcpp/callback_group.hpp:24[m[K,
                 from [01m[K/opt/ros/iron/include/rclcpp/rclcpp/any_executable.hpp:20[m[K,
                 from [01m[K/opt/ros/iron/include/rclcpp/rclcpp/memory_strategy.hpp:25[m[K,
                 from [01m[K/opt/ros/iron/include/rclcpp/rclcpp/memory_strategies.hpp:18[m[K,
                 from [01m[K/opt/ros/iron/include/rclcpp/rclcpp/executor_options.hpp:20[m[K,
                 from [01m[K/opt/ros/iron/include/rclcpp/rclcpp/executor.hpp:37[m[K,
                 from [01m[K/opt/ros/iron/include/rclcpp/rclcpp/executors/multi_threaded_executor.hpp:25[m[K,
                 from [01m[K/opt/ros/iron/include/rclcpp/rclcpp/executors.hpp:21[m[K,
                 from [01m[K/opt/ros/iron/include/rclcpp/rclcpp/rclcpp.hpp:167[m[K,
                 from [01m[K/home/kadi/UR5e_ros2/ros2_real/src/ros2_robotiq_gripper/robotiq_driver/include/robotiq_driver/hardware_interface.hpp:48[m[K,
                 from [01m[K/home/kadi/UR5e_ros2/ros2_real/src/ros2_robotiq_gripper/robotiq_driver/src/hardware_interface.cpp:36[m[K:
[01m[K/home/kadi/UR5e_ros2/ros2_real/src/ros2_robotiq_gripper/robotiq_driver/src/hardware_interface.cpp:[m[K In member function ‘[01m[Kvirtual hardware_interface::CallbackReturn robotiq_driver::RobotiqGripperHardwareInterface::on_init(const hardware_interface::HardwareInfo&)[m[K’:
[01m[K/home/kadi/UR5e_ros2/ros2_real/src/ros2_robotiq_gripper/robotiq_driver/src/hardware_interface.cpp:106:27:[m[K [01;35m[Kwarning: [m[Ktoo many arguments for format [[01;35m[K]8;;https://gcc.gnu.org/onlinedocs/gcc/Warning-Options.html#index-Wformat-extra-args-Wformat-extra-args]8;;[m[K]
  106 |     RCLCPP_FATAL(kLogger, [01;35m[K"Joint '%s' has does not have expected '%s' interface."[m[K, joint.name.c_str(),
      |                           [01;35m[K^~~~~~~~~~~~~~~~~~~~~~~~~~~~~~~~~~~~~~~~~~~~~~~~~~~~~~~[m[K
[01m[K/home/kadi/UR5e_ros2/ros2_real/src/ros2_robotiq_gripper/robotiq_driver/tests/test_robotiq_gripper_hardware_interface.cpp:[m[K In member function ‘[01m[Kvirtual void robotiq_driver::test::TestRobotiqGripperHardwareInterface_load_urdf_Test::TestBody()[m[K’:
[01m[K/home/kadi/UR5e_ros2/ros2_real/src/ros2_robotiq_gripper/robotiq_driver/tests/test_robotiq_gripper_hardware_interface.cpp:79:114:[m[K [01;31m[Kerror: [m[Kno matching function for call to ‘[01m[Khardware_interface::ResourceManager::ResourceManager(std::string&, rclcpp::node_interfaces::NodeClockInterface::SharedPtr, rclcpp::node_interfaces::NodeLoggingInterface::SharedPtr)[m[K’
   79 |   hardware_interface::ResourceManager rm(urdf, node.get_node_clock_interface(), node.get_node_logging_interface()[01;31m[K)[m[K;
      |                                                                                                                  [01;31m[K^[m[K
In file included from [01m[K/home/kadi/UR5e_ros2/ros2_real/src/ros2_robotiq_gripper/robotiq_driver/tests/test_robotiq_gripper_hardware_interface.cpp:31[m[K:
[01m[K/home/kadi/UR5e_ros2/ros2_real/install/hardware_interface/include/hardware_interface/hardware_interface/resource_manager.hpp:71:12:[m[K [01;36m[Knote: [m[Kcandidate: ‘[01m[Khardware_interface::ResourceManager::ResourceManager(const string&, bool, bool, unsigned int, rclcpp::node_interfaces::NodeClockInterface::SharedPtr)[m[K’
   71 |   explicit [01;36m[KResourceManager[m[K(
      |            [01;36m[K^~~~~~~~~~~~~~~[m[K
[01m[K/home/kadi/UR5e_ros2/ros2_real/install/hardware_interface/include/hardware_interface/hardware_interface/resource_manager.hpp:72:36:[m[K [01;36m[Knote: [m[K  no known conversion for argument 2 from ‘[01m[Krclcpp::node_interfaces::NodeClockInterface::SharedPtr[m[K’ {aka ‘[01m[Kstd::shared_ptr<rclcpp::node_interfaces::NodeClockInterface>[m[K’} to ‘[01m[Kbool[m[K’
   72 |     const std::string & urdf, [01;36m[Kbool validate_interfaces = true[m[K, bool activate_all = false,
      |                               [01;36m[K~~~~~^~~~~~~~~~~~~~~~~~~~~~~~~~[m[K
[01m[K/home/kadi/UR5e_ros2/ros2_real/install/hardware_interface/include/hardware_interface/hardware_interface/resource_manager.hpp:52:3:[m[K [01;36m[Knote: [m[Kcandidate: ‘[01m[Khardware_interface::ResourceManager::ResourceManager(unsigned int, rclcpp::node_interfaces::NodeClockInterface::SharedPtr)[m[K’
   52 |   [01;36m[KResourceManager[m[K(
      |   [01;36m[K^~~~~~~~~~~~~~~[m[K
[01m[K/home/kadi/UR5e_ros2/ros2_real/install/hardware_interface/include/hardware_interface/hardware_interface/resource_manager.hpp:52:3:[m[K [01;36m[Knote: [m[K  candidate expects 2 arguments, 3 provided
gmake[2]: *** [tests/CMakeFiles/test_robotiq_gripper_hardware_interface.dir/build.make:76: tests/CMakeFiles/test_robotiq_gripper_hardware_interface.dir/test_robotiq_gripper_hardware_interface.cpp.o] Error 1
gmake[1]: *** [CMakeFiles/Makefile2:1037: tests/CMakeFiles/test_robotiq_gripper_hardware_interface.dir/all] Error 2
gmake[1]: *** Waiting for unfinished jobs....
gmake: *** [Makefile:146: all] Error 2
