[35m[1mConsolidate compiler generated dependencies of target gmock[0m
[ 10%] Built target imu_sensor_broadcaster_parameters
[ 40%] Built target gmock
[35m[1mConsolidate compiler generated dependencies of target imu_sensor_broadcaster[0m
[ 60%] Built target imu_sensor_broadcaster
[35m[1mConsolidate compiler generated dependencies of target test_imu_sensor_broadcaster[0m
[35m[1mConsolidate compiler generated dependencies of target test_load_imu_sensor_broadcaster[0m
[ 80%] Built target test_load_imu_sensor_broadcaster
[100%] Built target test_imu_sensor_broadcaster
-- Install configuration: "Release"
-- Installing: /home/kadi/UR5e_ros2/ros2_real/install/imu_sensor_broadcaster/include/imu_sensor_broadcaster_parameters
-- Installing: /home/kadi/UR5e_ros2/ros2_real/install/imu_sensor_broadcaster/include/imu_sensor_broadcaster_parameters/imu_sensor_broadcaster_parameters.hpp
-- Installing: /home/kadi/UR5e_ros2/ros2_real/install/imu_sensor_broadcaster/share/imu_sensor_broadcaster/imu_sensor_broadcaster.xml
-- Installing: /home/kadi/UR5e_ros2/ros2_real/install/imu_sensor_broadcaster/include/imu_sensor_broadcaster
-- Installing: /home/kadi/UR5e_ros2/ros2_real/install/imu_sensor_broadcaster/include/imu_sensor_broadcaster/imu_sensor_broadcaster
-- Installing: /home/kadi/UR5e_ros2/ros2_real/install/imu_sensor_broadcaster/include/imu_sensor_broadcaster/imu_sensor_broadcaster/visibility_control.h
-- Installing: /home/kadi/UR5e_ros2/ros2_real/install/imu_sensor_broadcaster/include/imu_sensor_broadcaster/imu_sensor_broadcaster/imu_sensor_broadcaster.hpp
-- Installing: /home/kadi/UR5e_ros2/ros2_real/install/imu_sensor_broadcaster/lib/libimu_sensor_broadcaster.so
-- Set runtime path of "/home/kadi/UR5e_ros2/ros2_real/install/imu_sensor_broadcaster/lib/libimu_sensor_broadcaster.so" to ""
-- Installing: /home/kadi/UR5e_ros2/ros2_real/install/imu_sensor_broadcaster/share/imu_sensor_broadcaster/environment/library_path.sh
-- Installing: /home/kadi/UR5e_ros2/ros2_real/install/imu_sensor_broadcaster/share/imu_sensor_broadcaster/environment/library_path.dsv
-- Installing: /home/kadi/UR5e_ros2/ros2_real/install/imu_sensor_broadcaster/share/ament_index/resource_index/package_run_dependencies/imu_sensor_broadcaster
-- Installing: /home/kadi/UR5e_ros2/ros2_real/install/imu_sensor_broadcaster/share/ament_index/resource_index/parent_prefix_path/imu_sensor_broadcaster
-- Installing: /home/kadi/UR5e_ros2/ros2_real/install/imu_sensor_broadcaster/share/imu_sensor_broadcaster/environment/ament_prefix_path.sh
-- Installing: /home/kadi/UR5e_ros2/ros2_real/install/imu_sensor_broadcaster/share/imu_sensor_broadcaster/environment/ament_prefix_path.dsv
-- Installing: /home/kadi/UR5e_ros2/ros2_real/install/imu_sensor_broadcaster/share/imu_sensor_broadcaster/environment/path.sh
-- Installing: /home/kadi/UR5e_ros2/ros2_real/install/imu_sensor_broadcaster/share/imu_sensor_broadcaster/environment/path.dsv
-- Installing: /home/kadi/UR5e_ros2/ros2_real/install/imu_sensor_broadcaster/share/imu_sensor_broadcaster/local_setup.bash
-- Installing: /home/kadi/UR5e_ros2/ros2_real/install/imu_sensor_broadcaster/share/imu_sensor_broadcaster/local_setup.sh
-- Installing: /home/kadi/UR5e_ros2/ros2_real/install/imu_sensor_broadcaster/share/imu_sensor_broadcaster/local_setup.zsh
-- Installing: /home/kadi/UR5e_ros2/ros2_real/install/imu_sensor_broadcaster/share/imu_sensor_broadcaster/local_setup.dsv
-- Installing: /home/kadi/UR5e_ros2/ros2_real/install/imu_sensor_broadcaster/share/imu_sensor_broadcaster/package.dsv
-- Installing: /home/kadi/UR5e_ros2/ros2_real/install/imu_sensor_broadcaster/share/ament_index/resource_index/packages/imu_sensor_broadcaster
-- Installing: /home/kadi/UR5e_ros2/ros2_real/install/imu_sensor_broadcaster/share/ament_index/resource_index/controller_interface__pluginlib__plugin/imu_sensor_broadcaster
-- Installing: /home/kadi/UR5e_ros2/ros2_real/install/imu_sensor_broadcaster/share/imu_sensor_broadcaster/cmake/export_imu_sensor_broadcasterExport.cmake
-- Installing: /home/kadi/UR5e_ros2/ros2_real/install/imu_sensor_broadcaster/share/imu_sensor_broadcaster/cmake/export_imu_sensor_broadcasterExport-release.cmake
-- Installing: /home/kadi/UR5e_ros2/ros2_real/install/imu_sensor_broadcaster/share/imu_sensor_broadcaster/cmake/ament_cmake_export_targets-extras.cmake
-- Installing: /home/kadi/UR5e_ros2/ros2_real/install/imu_sensor_broadcaster/share/imu_sensor_broadcaster/cmake/ament_cmake_export_dependencies-extras.cmake
-- Installing: /home/kadi/UR5e_ros2/ros2_real/install/imu_sensor_broadcaster/share/imu_sensor_broadcaster/cmake/imu_sensor_broadcasterConfig.cmake
-- Installing: /home/kadi/UR5e_ros2/ros2_real/install/imu_sensor_broadcaster/share/imu_sensor_broadcaster/cmake/imu_sensor_broadcasterConfig-version.cmake
-- Installing: /home/kadi/UR5e_ros2/ros2_real/install/imu_sensor_broadcaster/share/imu_sensor_broadcaster/package.xml
