-- The C compiler identification is GNU 11.4.0
-- The CXX compiler identification is GNU 11.4.0
-- Detecting C compiler ABI info
-- Detecting C compiler ABI info - done
-- Check for working C compiler: /usr/bin/cc - skipped
-- Detecting C compile features
-- Detecting C compile features - done
-- Detecting CXX compiler ABI info
-- Detecting CXX compiler ABI info - done
-- Check for working CXX compiler: /usr/bin/c++ - skipped
-- Detecting CXX compile features
-- Detecting CXX compile features - done
-- Found ament_cmake: 2.0.7 (/opt/ros/iron/share/ament_cmake/cmake)
-- Found Python3: /usr/bin/python3.10 (found version "3.10.12") found components: Interpreter 
-- Found cartesian_controller_base: 0.0.0 (/home/kadi/UR5e_ros2/ros2_real/install/cartesian_controller_base/share/cartesian_controller_base/cmake)
-- Found rosidl_generator_c: 4.0.1 (/opt/ros/iron/share/rosidl_generator_c/cmake)
-- Found rosidl_generator_cpp: 4.0.1 (/opt/ros/iron/share/rosidl_generator_cpp/cmake)
-- Using all available rosidl_typesupport_c: rosidl_typesupport_fastrtps_c;rosidl_typesupport_introspection_c
-- Using all available rosidl_typesupport_cpp: rosidl_typesupport_fastrtps_cpp;rosidl_typesupport_introspection_cpp
-- Found rmw_implementation_cmake: 7.1.0 (/opt/ros/iron/share/rmw_implementation_cmake/cmake)
-- Found rmw_fastrtps_cpp: 7.1.4 (/opt/ros/iron/share/rmw_fastrtps_cpp/cmake)
-- Found TinyXML2 via Config file: TinyXML2_DIR-NOTFOUND
-- Found OpenSSL: /usr/lib/x86_64-linux-gnu/libcrypto.so (found version "3.0.2")  
-- Found TinyXML2 via Config file: TinyXML2_DIR-NOTFOUND
-- Found FastRTPS: /opt/ros/iron/include  
-- Found TinyXML2 via Config file: TinyXML2_DIR-NOTFOUND
-- Found TinyXML2 via Config file: TinyXML2_DIR-NOTFOUND
-- Using RMW implementation 'rmw_fastrtps_cpp' as default
-- Found eigen3_cmake_module: 0.2.2 (/opt/ros/iron/share/eigen3_cmake_module/cmake)
-- Found Eigen3: TRUE (found version "3.4.0") 
-- Ensuring Eigen3 include directory is part of orocos-kdl CMake target
-- Found interactive_markers: 2.4.0 (/opt/ros/iron/share/interactive_markers/cmake)
-- Configuring done
-- Generating done
-- Build files have been written to: /home/kadi/UR5e_ros2/ros2_real/build/cartesian_controller_handles
[ 50%] [32mBuilding CXX object CMakeFiles/cartesian_controller_handles.dir/src/motion_control_handle.cpp.o[0m
[100%] [32m[1mLinking CXX shared library libcartesian_controller_handles.so[0m
[100%] Built target cartesian_controller_handles
-- Install configuration: "Release"
-- Installing: /home/kadi/UR5e_ros2/ros2_real/install/cartesian_controller_handles/share/cartesian_controller_handles/cartesian_controller_handles_plugin.xml
-- Installing: /home/kadi/UR5e_ros2/ros2_real/install/cartesian_controller_handles/include
-- Installing: /home/kadi/UR5e_ros2/ros2_real/install/cartesian_controller_handles/include/cartesian_controller_handles
-- Installing: /home/kadi/UR5e_ros2/ros2_real/install/cartesian_controller_handles/include/cartesian_controller_handles/motion_control_handle.h
-- Installing: /home/kadi/UR5e_ros2/ros2_real/install/cartesian_controller_handles/lib/libcartesian_controller_handles.so
-- Set runtime path of "/home/kadi/UR5e_ros2/ros2_real/install/cartesian_controller_handles/lib/libcartesian_controller_handles.so" to ""
-- Installing: /home/kadi/UR5e_ros2/ros2_real/install/cartesian_controller_handles/share/cartesian_controller_handles/environment/library_path.sh
-- Installing: /home/kadi/UR5e_ros2/ros2_real/install/cartesian_controller_handles/share/cartesian_controller_handles/environment/library_path.dsv
-- Installing: /home/kadi/UR5e_ros2/ros2_real/install/cartesian_controller_handles/share/ament_index/resource_index/package_run_dependencies/cartesian_controller_handles
-- Installing: /home/kadi/UR5e_ros2/ros2_real/install/cartesian_controller_handles/share/ament_index/resource_index/parent_prefix_path/cartesian_controller_handles
-- Installing: /home/kadi/UR5e_ros2/ros2_real/install/cartesian_controller_handles/share/cartesian_controller_handles/environment/ament_prefix_path.sh
-- Installing: /home/kadi/UR5e_ros2/ros2_real/install/cartesian_controller_handles/share/cartesian_controller_handles/environment/ament_prefix_path.dsv
-- Installing: /home/kadi/UR5e_ros2/ros2_real/install/cartesian_controller_handles/share/cartesian_controller_handles/environment/path.sh
-- Installing: /home/kadi/UR5e_ros2/ros2_real/install/cartesian_controller_handles/share/cartesian_controller_handles/environment/path.dsv
-- Installing: /home/kadi/UR5e_ros2/ros2_real/install/cartesian_controller_handles/share/cartesian_controller_handles/local_setup.bash
-- Installing: /home/kadi/UR5e_ros2/ros2_real/install/cartesian_controller_handles/share/cartesian_controller_handles/local_setup.sh
-- Installing: /home/kadi/UR5e_ros2/ros2_real/install/cartesian_controller_handles/share/cartesian_controller_handles/local_setup.zsh
-- Installing: /home/kadi/UR5e_ros2/ros2_real/install/cartesian_controller_handles/share/cartesian_controller_handles/local_setup.dsv
-- Installing: /home/kadi/UR5e_ros2/ros2_real/install/cartesian_controller_handles/share/cartesian_controller_handles/package.dsv
-- Installing: /home/kadi/UR5e_ros2/ros2_real/install/cartesian_controller_handles/share/ament_index/resource_index/packages/cartesian_controller_handles
-- Installing: /home/kadi/UR5e_ros2/ros2_real/install/cartesian_controller_handles/share/ament_index/resource_index/controller_interface__pluginlib__plugin/cartesian_controller_handles
-- Installing: /home/kadi/UR5e_ros2/ros2_real/install/cartesian_controller_handles/share/cartesian_controller_handles/cmake/ament_cmake_export_dependencies-extras.cmake
-- Installing: /home/kadi/UR5e_ros2/ros2_real/install/cartesian_controller_handles/share/cartesian_controller_handles/cmake/ament_cmake_export_include_directories-extras.cmake
-- Installing: /home/kadi/UR5e_ros2/ros2_real/install/cartesian_controller_handles/share/cartesian_controller_handles/cmake/ament_cmake_export_libraries-extras.cmake
-- Installing: /home/kadi/UR5e_ros2/ros2_real/install/cartesian_controller_handles/share/cartesian_controller_handles/cmake/cartesian_controller_handlesConfig.cmake
-- Installing: /home/kadi/UR5e_ros2/ros2_real/install/cartesian_controller_handles/share/cartesian_controller_handles/cmake/cartesian_controller_handlesConfig-version.cmake
-- Installing: /home/kadi/UR5e_ros2/ros2_real/install/cartesian_controller_handles/share/cartesian_controller_handles/package.xml
