[0.023s] Invoking command in '/home/kadi/UR5e_ros2/ros2_real/build/joint_state_broadcaster': AMENT_PREFIX_PATH=/home/kadi/UR5e_ros2/ros2_real/install/controller_manager:/home/kadi/UR5e_ros2/ros2_real/install/hardware_interface_testing:/home/kadi/UR5e_ros2/ros2_real/install/controller_interface:/home/kadi/UR5e_ros2/ros2_real/install/hardware_interface:/home/kadi/UR5e_ros2/ros2_real/install/ros2_control_test_assets:/home/kadi/UR5e_ros2/ros2_real/install/controller_manager_msgs:/home/kadi/UR5e_ros2/ros2_real/install/control_msgs:${AMENT_PREFIX_PATH} CMAKE_PREFIX_PATH=/home/kadi/UR5e_ros2/ros2_real/install/controller_manager:/home/kadi/UR5e_ros2/ros2_real/install/hardware_interface_testing:/home/kadi/UR5e_ros2/ros2_real/install/controller_interface:/home/kadi/UR5e_ros2/ros2_real/install/hardware_interface:/home/kadi/UR5e_ros2/ros2_real/install/ros2_control_test_assets:/home/kadi/UR5e_ros2/ros2_real/install/controller_manager_msgs:/home/kadi/UR5e_ros2/ros2_real/install/control_msgs:/home/kadi/UR5e_ros2/ros2_real/install/ur_msgs:/home/kadi/UR5e_ros2/ros2_real/install/ur_description:/opt/ros/iron LD_LIBRARY_PATH=/home/kadi/UR5e_ros2/ros2_real/install/controller_manager/lib:/home/kadi/UR5e_ros2/ros2_real/install/hardware_interface_testing/lib:/home/kadi/UR5e_ros2/ros2_real/install/controller_interface/lib:/home/kadi/UR5e_ros2/ros2_real/install/hardware_interface/lib:/home/kadi/UR5e_ros2/ros2_real/install/ros2_control_test_assets/lib:/home/kadi/UR5e_ros2/ros2_real/install/controller_manager_msgs/lib:/home/kadi/UR5e_ros2/ros2_real/install/control_msgs/lib:${LD_LIBRARY_PATH} PYTHONPATH=/home/kadi/UR5e_ros2/ros2_real/install/controller_manager/lib/python3.10/site-packages:/home/kadi/UR5e_ros2/ros2_real/install/controller_manager_msgs/lib/python3.10/site-packages:/home/kadi/UR5e_ros2/ros2_real/install/control_msgs/lib/python3.10/site-packages:${PYTHONPATH} /usr/bin/cmake --build /home/kadi/UR5e_ros2/ros2_real/build/joint_state_broadcaster -- -j16 -l16
[0.064s] [35m[1mConsolidate compiler generated dependencies of target gmock_main[0m
[0.065s] [35m[1mConsolidate compiler generated dependencies of target gmock[0m
[0.074s] [  8%] Built target joint_state_broadcaster_parameters
[0.076s] [ 25%] Built target gmock_main
[0.076s] [ 50%] Built target gmock
[0.084s] [35m[1mConsolidate compiler generated dependencies of target joint_state_broadcaster[0m
[0.100s] [ 66%] Built target joint_state_broadcaster
[0.110s] [35m[1mConsolidate compiler generated dependencies of target test_joint_state_broadcaster[0m
[0.111s] [35m[1mConsolidate compiler generated dependencies of target test_load_joint_state_broadcaster[0m
[0.127s] [100%] Built target test_joint_state_broadcaster
[0.127s] [100%] Built target test_load_joint_state_broadcaster
[0.138s] Invoked command in '/home/kadi/UR5e_ros2/ros2_real/build/joint_state_broadcaster' returned '0': AMENT_PREFIX_PATH=/home/kadi/UR5e_ros2/ros2_real/install/controller_manager:/home/kadi/UR5e_ros2/ros2_real/install/hardware_interface_testing:/home/kadi/UR5e_ros2/ros2_real/install/controller_interface:/home/kadi/UR5e_ros2/ros2_real/install/hardware_interface:/home/kadi/UR5e_ros2/ros2_real/install/ros2_control_test_assets:/home/kadi/UR5e_ros2/ros2_real/install/controller_manager_msgs:/home/kadi/UR5e_ros2/ros2_real/install/control_msgs:${AMENT_PREFIX_PATH} CMAKE_PREFIX_PATH=/home/kadi/UR5e_ros2/ros2_real/install/controller_manager:/home/kadi/UR5e_ros2/ros2_real/install/hardware_interface_testing:/home/kadi/UR5e_ros2/ros2_real/install/controller_interface:/home/kadi/UR5e_ros2/ros2_real/install/hardware_interface:/home/kadi/UR5e_ros2/ros2_real/install/ros2_control_test_assets:/home/kadi/UR5e_ros2/ros2_real/install/controller_manager_msgs:/home/kadi/UR5e_ros2/ros2_real/install/control_msgs:/home/kadi/UR5e_ros2/ros2_real/install/ur_msgs:/home/kadi/UR5e_ros2/ros2_real/install/ur_description:/opt/ros/iron LD_LIBRARY_PATH=/home/kadi/UR5e_ros2/ros2_real/install/controller_manager/lib:/home/kadi/UR5e_ros2/ros2_real/install/hardware_interface_testing/lib:/home/kadi/UR5e_ros2/ros2_real/install/controller_interface/lib:/home/kadi/UR5e_ros2/ros2_real/install/hardware_interface/lib:/home/kadi/UR5e_ros2/ros2_real/install/ros2_control_test_assets/lib:/home/kadi/UR5e_ros2/ros2_real/install/controller_manager_msgs/lib:/home/kadi/UR5e_ros2/ros2_real/install/control_msgs/lib:${LD_LIBRARY_PATH} PYTHONPATH=/home/kadi/UR5e_ros2/ros2_real/install/controller_manager/lib/python3.10/site-packages:/home/kadi/UR5e_ros2/ros2_real/install/controller_manager_msgs/lib/python3.10/site-packages:/home/kadi/UR5e_ros2/ros2_real/install/control_msgs/lib/python3.10/site-packages:${PYTHONPATH} /usr/bin/cmake --build /home/kadi/UR5e_ros2/ros2_real/build/joint_state_broadcaster -- -j16 -l16
[0.140s] Invoking command in '/home/kadi/UR5e_ros2/ros2_real/build/joint_state_broadcaster': AMENT_PREFIX_PATH=/home/kadi/UR5e_ros2/ros2_real/install/controller_manager:/home/kadi/UR5e_ros2/ros2_real/install/hardware_interface_testing:/home/kadi/UR5e_ros2/ros2_real/install/controller_interface:/home/kadi/UR5e_ros2/ros2_real/install/hardware_interface:/home/kadi/UR5e_ros2/ros2_real/install/ros2_control_test_assets:/home/kadi/UR5e_ros2/ros2_real/install/controller_manager_msgs:/home/kadi/UR5e_ros2/ros2_real/install/control_msgs:${AMENT_PREFIX_PATH} CMAKE_PREFIX_PATH=/home/kadi/UR5e_ros2/ros2_real/install/controller_manager:/home/kadi/UR5e_ros2/ros2_real/install/hardware_interface_testing:/home/kadi/UR5e_ros2/ros2_real/install/controller_interface:/home/kadi/UR5e_ros2/ros2_real/install/hardware_interface:/home/kadi/UR5e_ros2/ros2_real/install/ros2_control_test_assets:/home/kadi/UR5e_ros2/ros2_real/install/controller_manager_msgs:/home/kadi/UR5e_ros2/ros2_real/install/control_msgs:/home/kadi/UR5e_ros2/ros2_real/install/ur_msgs:/home/kadi/UR5e_ros2/ros2_real/install/ur_description:/opt/ros/iron LD_LIBRARY_PATH=/home/kadi/UR5e_ros2/ros2_real/install/controller_manager/lib:/home/kadi/UR5e_ros2/ros2_real/install/hardware_interface_testing/lib:/home/kadi/UR5e_ros2/ros2_real/install/controller_interface/lib:/home/kadi/UR5e_ros2/ros2_real/install/hardware_interface/lib:/home/kadi/UR5e_ros2/ros2_real/install/ros2_control_test_assets/lib:/home/kadi/UR5e_ros2/ros2_real/install/controller_manager_msgs/lib:/home/kadi/UR5e_ros2/ros2_real/install/control_msgs/lib:${LD_LIBRARY_PATH} PYTHONPATH=/home/kadi/UR5e_ros2/ros2_real/install/controller_manager/lib/python3.10/site-packages:/home/kadi/UR5e_ros2/ros2_real/install/controller_manager_msgs/lib/python3.10/site-packages:/home/kadi/UR5e_ros2/ros2_real/install/control_msgs/lib/python3.10/site-packages:${PYTHONPATH} /usr/bin/cmake --install /home/kadi/UR5e_ros2/ros2_real/build/joint_state_broadcaster
[0.146s] -- Install configuration: "Release"
[0.146s] -- Up-to-date: /home/kadi/UR5e_ros2/ros2_real/install/joint_state_broadcaster/include/joint_state_broadcaster_parameters
[0.146s] -- Up-to-date: /home/kadi/UR5e_ros2/ros2_real/install/joint_state_broadcaster/include/joint_state_broadcaster_parameters/joint_state_broadcaster_parameters.hpp
[0.146s] -- Up-to-date: /home/kadi/UR5e_ros2/ros2_real/install/joint_state_broadcaster/share/joint_state_broadcaster/joint_state_plugin.xml
[0.146s] -- Up-to-date: /home/kadi/UR5e_ros2/ros2_real/install/joint_state_broadcaster/include/joint_state_broadcaster
[0.147s] -- Up-to-date: /home/kadi/UR5e_ros2/ros2_real/install/joint_state_broadcaster/include/joint_state_broadcaster/joint_state_broadcaster
[0.147s] -- Up-to-date: /home/kadi/UR5e_ros2/ros2_real/install/joint_state_broadcaster/include/joint_state_broadcaster/joint_state_broadcaster/joint_state_broadcaster.hpp
[0.147s] -- Up-to-date: /home/kadi/UR5e_ros2/ros2_real/install/joint_state_broadcaster/include/joint_state_broadcaster/joint_state_broadcaster/visibility_control.h
[0.147s] -- Up-to-date: /home/kadi/UR5e_ros2/ros2_real/install/joint_state_broadcaster/lib/libjoint_state_broadcaster.so
[0.147s] -- Up-to-date: /home/kadi/UR5e_ros2/ros2_real/install/joint_state_broadcaster/share/joint_state_broadcaster/environment/library_path.sh
[0.147s] -- Up-to-date: /home/kadi/UR5e_ros2/ros2_real/install/joint_state_broadcaster/share/joint_state_broadcaster/environment/library_path.dsv
[0.147s] -- Up-to-date: /home/kadi/UR5e_ros2/ros2_real/install/joint_state_broadcaster/share/ament_index/resource_index/package_run_dependencies/joint_state_broadcaster
[0.147s] -- Up-to-date: /home/kadi/UR5e_ros2/ros2_real/install/joint_state_broadcaster/share/ament_index/resource_index/parent_prefix_path/joint_state_broadcaster
[0.147s] -- Up-to-date: /home/kadi/UR5e_ros2/ros2_real/install/joint_state_broadcaster/share/joint_state_broadcaster/environment/ament_prefix_path.sh
[0.147s] -- Up-to-date: /home/kadi/UR5e_ros2/ros2_real/install/joint_state_broadcaster/share/joint_state_broadcaster/environment/ament_prefix_path.dsv
[0.147s] -- Up-to-date: /home/kadi/UR5e_ros2/ros2_real/install/joint_state_broadcaster/share/joint_state_broadcaster/environment/path.sh
[0.147s] -- Up-to-date: /home/kadi/UR5e_ros2/ros2_real/install/joint_state_broadcaster/share/joint_state_broadcaster/environment/path.dsv
[0.147s] -- Up-to-date: /home/kadi/UR5e_ros2/ros2_real/install/joint_state_broadcaster/share/joint_state_broadcaster/local_setup.bash
[0.147s] -- Up-to-date: /home/kadi/UR5e_ros2/ros2_real/install/joint_state_broadcaster/share/joint_state_broadcaster/local_setup.sh
[0.147s] -- Up-to-date: /home/kadi/UR5e_ros2/ros2_real/install/joint_state_broadcaster/share/joint_state_broadcaster/local_setup.zsh
[0.147s] -- Up-to-date: /home/kadi/UR5e_ros2/ros2_real/install/joint_state_broadcaster/share/joint_state_broadcaster/local_setup.dsv
[0.147s] -- Installing: /home/kadi/UR5e_ros2/ros2_real/install/joint_state_broadcaster/share/joint_state_broadcaster/package.dsv
[0.148s] -- Up-to-date: /home/kadi/UR5e_ros2/ros2_real/install/joint_state_broadcaster/share/ament_index/resource_index/packages/joint_state_broadcaster
[0.148s] -- Up-to-date: /home/kadi/UR5e_ros2/ros2_real/install/joint_state_broadcaster/share/ament_index/resource_index/controller_interface__pluginlib__plugin/joint_state_broadcaster
[0.148s] -- Up-to-date: /home/kadi/UR5e_ros2/ros2_real/install/joint_state_broadcaster/share/joint_state_broadcaster/cmake/export_joint_state_broadcasterExport.cmake
[0.148s] -- Up-to-date: /home/kadi/UR5e_ros2/ros2_real/install/joint_state_broadcaster/share/joint_state_broadcaster/cmake/export_joint_state_broadcasterExport-release.cmake
[0.148s] -- Up-to-date: /home/kadi/UR5e_ros2/ros2_real/install/joint_state_broadcaster/share/joint_state_broadcaster/cmake/ament_cmake_export_targets-extras.cmake
[0.148s] -- Up-to-date: /home/kadi/UR5e_ros2/ros2_real/install/joint_state_broadcaster/share/joint_state_broadcaster/cmake/ament_cmake_export_dependencies-extras.cmake
[0.148s] -- Up-to-date: /home/kadi/UR5e_ros2/ros2_real/install/joint_state_broadcaster/share/joint_state_broadcaster/cmake/joint_state_broadcasterConfig.cmake
[0.148s] -- Up-to-date: /home/kadi/UR5e_ros2/ros2_real/install/joint_state_broadcaster/share/joint_state_broadcaster/cmake/joint_state_broadcasterConfig-version.cmake
[0.148s] -- Up-to-date: /home/kadi/UR5e_ros2/ros2_real/install/joint_state_broadcaster/share/joint_state_broadcaster/package.xml
[0.150s] Invoked command in '/home/kadi/UR5e_ros2/ros2_real/build/joint_state_broadcaster' returned '0': AMENT_PREFIX_PATH=/home/kadi/UR5e_ros2/ros2_real/install/controller_manager:/home/kadi/UR5e_ros2/ros2_real/install/hardware_interface_testing:/home/kadi/UR5e_ros2/ros2_real/install/controller_interface:/home/kadi/UR5e_ros2/ros2_real/install/hardware_interface:/home/kadi/UR5e_ros2/ros2_real/install/ros2_control_test_assets:/home/kadi/UR5e_ros2/ros2_real/install/controller_manager_msgs:/home/kadi/UR5e_ros2/ros2_real/install/control_msgs:${AMENT_PREFIX_PATH} CMAKE_PREFIX_PATH=/home/kadi/UR5e_ros2/ros2_real/install/controller_manager:/home/kadi/UR5e_ros2/ros2_real/install/hardware_interface_testing:/home/kadi/UR5e_ros2/ros2_real/install/controller_interface:/home/kadi/UR5e_ros2/ros2_real/install/hardware_interface:/home/kadi/UR5e_ros2/ros2_real/install/ros2_control_test_assets:/home/kadi/UR5e_ros2/ros2_real/install/controller_manager_msgs:/home/kadi/UR5e_ros2/ros2_real/install/control_msgs:/home/kadi/UR5e_ros2/ros2_real/install/ur_msgs:/home/kadi/UR5e_ros2/ros2_real/install/ur_description:/opt/ros/iron LD_LIBRARY_PATH=/home/kadi/UR5e_ros2/ros2_real/install/controller_manager/lib:/home/kadi/UR5e_ros2/ros2_real/install/hardware_interface_testing/lib:/home/kadi/UR5e_ros2/ros2_real/install/controller_interface/lib:/home/kadi/UR5e_ros2/ros2_real/install/hardware_interface/lib:/home/kadi/UR5e_ros2/ros2_real/install/ros2_control_test_assets/lib:/home/kadi/UR5e_ros2/ros2_real/install/controller_manager_msgs/lib:/home/kadi/UR5e_ros2/ros2_real/install/control_msgs/lib:${LD_LIBRARY_PATH} PYTHONPATH=/home/kadi/UR5e_ros2/ros2_real/install/controller_manager/lib/python3.10/site-packages:/home/kadi/UR5e_ros2/ros2_real/install/controller_manager_msgs/lib/python3.10/site-packages:/home/kadi/UR5e_ros2/ros2_real/install/control_msgs/lib/python3.10/site-packages:${PYTHONPATH} /usr/bin/cmake --install /home/kadi/UR5e_ros2/ros2_real/build/joint_state_broadcaster
