-- The CXX compiler identification is GNU 11.4.0
-- Detecting CXX compiler ABI info
-- Detecting CXX compiler ABI info - done
-- Check for working CXX compiler: /usr/bin/c++ - skipped
-- Detecting CXX compile features
-- Detecting CXX compile features - done
-- Found ament_cmake: 2.0.7 (/opt/ros/iron/share/ament_cmake/cmake)
-- Found Python3: /usr/bin/python3.10 (found version "3.10.12") found components: Interpreter 
-- Found hardware_interface: 3.28.1 (/home/kadi/UR5e_ros2/ros2_real/install/hardware_interface/share/hardware_interface/cmake)
-- Found rosidl_generator_c: 4.0.1 (/opt/ros/iron/share/rosidl_generator_c/cmake)
-- Found rosidl_generator_cpp: 4.0.1 (/opt/ros/iron/share/rosidl_generator_cpp/cmake)
-- Using all available rosidl_typesupport_c: rosidl_typesupport_fastrtps_c;rosidl_typesupport_introspection_c
-- Using all available rosidl_typesupport_cpp: rosidl_typesupport_fastrtps_cpp;rosidl_typesupport_introspection_cpp
-- Found rmw_implementation_cmake: 7.1.0 (/opt/ros/iron/share/rmw_implementation_cmake/cmake)
-- Found rmw_fastrtps_cpp: 7.1.4 (/opt/ros/iron/share/rmw_fastrtps_cpp/cmake)
-- Found TinyXML2 via Config file: TinyXML2_DIR-NOTFOUND
-- Found OpenSSL: /usr/lib/x86_64-linux-gnu/libcrypto.so (found version "3.0.2")  
-- Found TinyXML2 via Config file: TinyXML2_DIR-NOTFOUND
-- Found FastRTPS: /opt/ros/iron/include  
-- Found TinyXML2 via Config file: TinyXML2_DIR-NOTFOUND
-- Found TinyXML2 via Config file: TinyXML2_DIR-NOTFOUND
-- Using RMW implementation 'rmw_fastrtps_cpp' as default
-- Found ament_cmake_gmock: 2.0.7 (/opt/ros/iron/share/ament_cmake_gmock/cmake)
-- Found gmock sources under '/opt/ros/iron/src/gmock_vendor': C++ tests using 'Google Mock' will be built
-- The C compiler identification is GNU 11.4.0
-- Detecting C compiler ABI info
-- Detecting C compiler ABI info - done
-- Check for working C compiler: /usr/bin/cc - skipped
-- Detecting C compile features
-- Detecting C compile features - done
-- Found ament_cmake_gtest: 2.0.7 (/opt/ros/iron/share/ament_cmake_gtest/cmake)
-- Found gtest sources under '/opt/ros/iron/src/gtest_vendor': C++ tests using 'Google Test' will be built
-- Configuring done
-- Generating done
-- Build files have been written to: /home/kadi/UR5e_ros2/ros2_real/build/controller_interface
[ 13%] [32mBuilding CXX object gmock/CMakeFiles/gmock.dir/opt/ros/iron/src/gtest_vendor/src/gtest-all.cc.o[0m
[ 13%] [32mBuilding CXX object gmock/CMakeFiles/gmock_main.dir/src/gmock_main.cc.o[0m
[ 13%] [32mBuilding CXX object CMakeFiles/controller_interface.dir/src/controller_interface_base.cpp.o[0m
[ 17%] [32mBuilding CXX object CMakeFiles/controller_interface.dir/src/chainable_controller_interface.cpp.o[0m
[ 21%] [32mBuilding CXX object CMakeFiles/controller_interface.dir/src/controller_interface.cpp.o[0m
[ 26%] [32mBuilding CXX object gmock/CMakeFiles/gmock.dir/src/gmock-all.cc.o[0m
[ 30%] [32m[1mLinking CXX static library libgmock_main.a[0m
[ 30%] Built target gmock_main
[ 34%] [32m[1mLinking CXX shared library libcontroller_interface.so[0m
[ 34%] Built target controller_interface
[ 39%] [32m[1mLinking CXX static library libgmock.a[0m
[ 39%] Built target gmock
[ 52%] [32mBuilding CXX object CMakeFiles/test_chainable_controller_interface.dir/test/test_chainable_controller_interface.cpp.o[0m
[ 56%] [32mBuilding CXX object CMakeFiles/test_pose_sensor.dir/test/test_pose_sensor.cpp.o[0m
[ 56%] [32mBuilding CXX object CMakeFiles/test_controller_interface.dir/test/test_controller_interface.cpp.o[0m
[ 56%] [32mBuilding CXX object CMakeFiles/test_imu_sensor.dir/test/test_imu_sensor.cpp.o[0m
[ 60%] [32mBuilding CXX object CMakeFiles/test_controller_with_options.dir/test/test_controller_with_options.cpp.o[0m
[ 65%] [32mBuilding CXX object CMakeFiles/test_semantic_component_interface.dir/test/test_semantic_component_interface.cpp.o[0m
[ 69%] [32mBuilding CXX object CMakeFiles/test_force_torque_sensor.dir/test/test_force_torque_sensor.cpp.o[0m
[ 73%] [32m[1mLinking CXX executable test_semantic_component_interface[0m
[ 78%] [32m[1mLinking CXX executable test_pose_sensor[0m
[ 82%] [32m[1mLinking CXX executable test_imu_sensor[0m
[ 82%] Built target test_semantic_component_interface
[ 82%] Built target test_pose_sensor
[ 82%] Built target test_imu_sensor
[ 86%] [32m[1mLinking CXX executable test_force_torque_sensor[0m
[ 86%] Built target test_force_torque_sensor
[ 91%] [32m[1mLinking CXX executable test_controller_with_options[0m
[ 91%] Built target test_controller_with_options
[ 95%] [32m[1mLinking CXX executable test_chainable_controller_interface[0m
[100%] [32m[1mLinking CXX executable test_controller_interface[0m
[100%] Built target test_chainable_controller_interface
[100%] Built target test_controller_interface
-- Install configuration: "Release"
-- Installing: /home/kadi/UR5e_ros2/ros2_real/install/controller_interface/include/controller_interface
-- Installing: /home/kadi/UR5e_ros2/ros2_real/install/controller_interface/include/controller_interface/semantic_components
-- Installing: /home/kadi/UR5e_ros2/ros2_real/install/controller_interface/include/controller_interface/semantic_components/range_sensor.hpp
-- Installing: /home/kadi/UR5e_ros2/ros2_real/install/controller_interface/include/controller_interface/semantic_components/imu_sensor.hpp
-- Installing: /home/kadi/UR5e_ros2/ros2_real/install/controller_interface/include/controller_interface/semantic_components/force_torque_sensor.hpp
-- Installing: /home/kadi/UR5e_ros2/ros2_real/install/controller_interface/include/controller_interface/semantic_components/pose_sensor.hpp
-- Installing: /home/kadi/UR5e_ros2/ros2_real/install/controller_interface/include/controller_interface/semantic_components/semantic_component_interface.hpp
-- Installing: /home/kadi/UR5e_ros2/ros2_real/install/controller_interface/include/controller_interface/controller_interface
-- Installing: /home/kadi/UR5e_ros2/ros2_real/install/controller_interface/include/controller_interface/controller_interface/helpers.hpp
-- Installing: /home/kadi/UR5e_ros2/ros2_real/install/controller_interface/include/controller_interface/controller_interface/controller_interface_base.hpp
-- Installing: /home/kadi/UR5e_ros2/ros2_real/install/controller_interface/include/controller_interface/controller_interface/visibility_control.h
-- Installing: /home/kadi/UR5e_ros2/ros2_real/install/controller_interface/include/controller_interface/controller_interface/chainable_controller_interface.hpp
-- Installing: /home/kadi/UR5e_ros2/ros2_real/install/controller_interface/include/controller_interface/controller_interface/controller_interface.hpp
-- Installing: /home/kadi/UR5e_ros2/ros2_real/install/controller_interface/lib/libcontroller_interface.so
-- Set runtime path of "/home/kadi/UR5e_ros2/ros2_real/install/controller_interface/lib/libcontroller_interface.so" to ""
-- Installing: /home/kadi/UR5e_ros2/ros2_real/install/controller_interface/share/controller_interface/environment/library_path.sh
-- Installing: /home/kadi/UR5e_ros2/ros2_real/install/controller_interface/share/controller_interface/environment/library_path.dsv
-- Installing: /home/kadi/UR5e_ros2/ros2_real/install/controller_interface/share/ament_index/resource_index/package_run_dependencies/controller_interface
-- Installing: /home/kadi/UR5e_ros2/ros2_real/install/controller_interface/share/ament_index/resource_index/parent_prefix_path/controller_interface
-- Installing: /home/kadi/UR5e_ros2/ros2_real/install/controller_interface/share/controller_interface/environment/ament_prefix_path.sh
-- Installing: /home/kadi/UR5e_ros2/ros2_real/install/controller_interface/share/controller_interface/environment/ament_prefix_path.dsv
-- Installing: /home/kadi/UR5e_ros2/ros2_real/install/controller_interface/share/controller_interface/environment/path.sh
-- Installing: /home/kadi/UR5e_ros2/ros2_real/install/controller_interface/share/controller_interface/environment/path.dsv
-- Installing: /home/kadi/UR5e_ros2/ros2_real/install/controller_interface/share/controller_interface/local_setup.bash
-- Installing: /home/kadi/UR5e_ros2/ros2_real/install/controller_interface/share/controller_interface/local_setup.sh
-- Installing: /home/kadi/UR5e_ros2/ros2_real/install/controller_interface/share/controller_interface/local_setup.zsh
-- Installing: /home/kadi/UR5e_ros2/ros2_real/install/controller_interface/share/controller_interface/local_setup.dsv
-- Installing: /home/kadi/UR5e_ros2/ros2_real/install/controller_interface/share/controller_interface/package.dsv
-- Installing: /home/kadi/UR5e_ros2/ros2_real/install/controller_interface/share/ament_index/resource_index/packages/controller_interface
-- Installing: /home/kadi/UR5e_ros2/ros2_real/install/controller_interface/share/controller_interface/cmake/export_controller_interfaceExport.cmake
-- Installing: /home/kadi/UR5e_ros2/ros2_real/install/controller_interface/share/controller_interface/cmake/export_controller_interfaceExport-release.cmake
-- Installing: /home/kadi/UR5e_ros2/ros2_real/install/controller_interface/share/controller_interface/cmake/ament_cmake_export_targets-extras.cmake
-- Installing: /home/kadi/UR5e_ros2/ros2_real/install/controller_interface/share/controller_interface/cmake/ament_cmake_export_dependencies-extras.cmake
-- Installing: /home/kadi/UR5e_ros2/ros2_real/install/controller_interface/share/controller_interface/cmake/controller_interfaceConfig.cmake
-- Installing: /home/kadi/UR5e_ros2/ros2_real/install/controller_interface/share/controller_interface/cmake/controller_interfaceConfig-version.cmake
-- Installing: /home/kadi/UR5e_ros2/ros2_real/install/controller_interface/share/controller_interface/package.xml
