[0.014s] Invoking command in '/home/kadi/UR5e_ros2/ros2_real/build/controller_interface': AMENT_PREFIX_PATH=/home/kadi/UR5e_ros2/ros2_real/install/hardware_interface:/home/kadi/UR5e_ros2/ros2_real/install/ros2_control_test_assets:/home/kadi/UR5e_ros2/ros2_real/install/control_msgs:${AMENT_PREFIX_PATH} CMAKE_PREFIX_PATH=/home/kadi/UR5e_ros2/ros2_real/install/hardware_interface:/home/kadi/UR5e_ros2/ros2_real/install/ros2_control_test_assets:/home/kadi/UR5e_ros2/ros2_real/install/control_msgs:/home/kadi/UR5e_ros2/ros2_real/install/ur_msgs:/home/kadi/UR5e_ros2/ros2_real/install/ur_description:/opt/ros/iron LD_LIBRARY_PATH=/home/kadi/UR5e_ros2/ros2_real/install/hardware_interface/lib:/home/kadi/UR5e_ros2/ros2_real/install/ros2_control_test_assets/lib:/home/kadi/UR5e_ros2/ros2_real/install/control_msgs/lib:${LD_LIBRARY_PATH} PYTHONPATH=/home/kadi/UR5e_ros2/ros2_real/install/control_msgs/lib/python3.10/site-packages:${PYTHONPATH} /usr/bin/cmake /home/kadi/UR5e_ros2/ros2_real/src/ros2_control/controller_interface -DCMAKE_BUILD_TYPE=Release -DCMAKE_INSTALL_PREFIX=/home/kadi/UR5e_ros2/ros2_real/install/controller_interface
[0.082s] -- The CXX compiler identification is GNU 11.4.0
[0.087s] -- Detecting CXX compiler ABI info
[0.155s] -- Detecting CXX compiler ABI info - done
[0.160s] -- Check for working CXX compiler: /usr/bin/c++ - skipped
[0.160s] -- Detecting CXX compile features
[0.160s] -- Detecting CXX compile features - done
[0.163s] -- Found ament_cmake: 2.0.7 (/opt/ros/iron/share/ament_cmake/cmake)
[0.283s] -- Found Python3: /usr/bin/python3.10 (found version "3.10.12") found components: Interpreter 
[0.353s] -- Found hardware_interface: 3.28.1 (/home/kadi/UR5e_ros2/ros2_real/install/hardware_interface/share/hardware_interface/cmake)
[0.382s] -- Found rosidl_generator_c: 4.0.1 (/opt/ros/iron/share/rosidl_generator_c/cmake)
[0.391s] -- Found rosidl_generator_cpp: 4.0.1 (/opt/ros/iron/share/rosidl_generator_cpp/cmake)
[0.406s] -- Using all available rosidl_typesupport_c: rosidl_typesupport_fastrtps_c;rosidl_typesupport_introspection_c
[0.419s] -- Using all available rosidl_typesupport_cpp: rosidl_typesupport_fastrtps_cpp;rosidl_typesupport_introspection_cpp
[0.972s] -- Found rmw_implementation_cmake: 7.1.0 (/opt/ros/iron/share/rmw_implementation_cmake/cmake)
[0.974s] -- Found rmw_fastrtps_cpp: 7.1.4 (/opt/ros/iron/share/rmw_fastrtps_cpp/cmake)
[1.007s] -- Found TinyXML2 via Config file: TinyXML2_DIR-NOTFOUND
[1.058s] -- Found OpenSSL: /usr/lib/x86_64-linux-gnu/libcrypto.so (found version "3.0.2")  
[1.060s] -- Found TinyXML2 via Config file: TinyXML2_DIR-NOTFOUND
[1.073s] -- Found FastRTPS: /opt/ros/iron/include  
[1.077s] -- Found TinyXML2 via Config file: TinyXML2_DIR-NOTFOUND
[1.084s] -- Found TinyXML2 via Config file: TinyXML2_DIR-NOTFOUND
[1.093s] -- Using RMW implementation 'rmw_fastrtps_cpp' as default
[1.245s] -- Found ament_cmake_gmock: 2.0.7 (/opt/ros/iron/share/ament_cmake_gmock/cmake)
[1.247s] -- Found gmock sources under '/opt/ros/iron/src/gmock_vendor': C++ tests using 'Google Mock' will be built
[1.279s] -- The C compiler identification is GNU 11.4.0
[1.285s] -- Detecting C compiler ABI info
[1.346s] -- Detecting C compiler ABI info - done
[1.350s] -- Check for working C compiler: /usr/bin/cc - skipped
[1.350s] -- Detecting C compile features
[1.351s] -- Detecting C compile features - done
[1.354s] -- Found ament_cmake_gtest: 2.0.7 (/opt/ros/iron/share/ament_cmake_gtest/cmake)
[1.355s] -- Found gtest sources under '/opt/ros/iron/src/gtest_vendor': C++ tests using 'Google Test' will be built
[1.404s] -- Configuring done
[1.447s] -- Generating done
[1.460s] -- Build files have been written to: /home/kadi/UR5e_ros2/ros2_real/build/controller_interface
[1.472s] Invoked command in '/home/kadi/UR5e_ros2/ros2_real/build/controller_interface' returned '0': AMENT_PREFIX_PATH=/home/kadi/UR5e_ros2/ros2_real/install/hardware_interface:/home/kadi/UR5e_ros2/ros2_real/install/ros2_control_test_assets:/home/kadi/UR5e_ros2/ros2_real/install/control_msgs:${AMENT_PREFIX_PATH} CMAKE_PREFIX_PATH=/home/kadi/UR5e_ros2/ros2_real/install/hardware_interface:/home/kadi/UR5e_ros2/ros2_real/install/ros2_control_test_assets:/home/kadi/UR5e_ros2/ros2_real/install/control_msgs:/home/kadi/UR5e_ros2/ros2_real/install/ur_msgs:/home/kadi/UR5e_ros2/ros2_real/install/ur_description:/opt/ros/iron LD_LIBRARY_PATH=/home/kadi/UR5e_ros2/ros2_real/install/hardware_interface/lib:/home/kadi/UR5e_ros2/ros2_real/install/ros2_control_test_assets/lib:/home/kadi/UR5e_ros2/ros2_real/install/control_msgs/lib:${LD_LIBRARY_PATH} PYTHONPATH=/home/kadi/UR5e_ros2/ros2_real/install/control_msgs/lib/python3.10/site-packages:${PYTHONPATH} /usr/bin/cmake /home/kadi/UR5e_ros2/ros2_real/src/ros2_control/controller_interface -DCMAKE_BUILD_TYPE=Release -DCMAKE_INSTALL_PREFIX=/home/kadi/UR5e_ros2/ros2_real/install/controller_interface
[1.474s] Invoking command in '/home/kadi/UR5e_ros2/ros2_real/build/controller_interface': AMENT_PREFIX_PATH=/home/kadi/UR5e_ros2/ros2_real/install/hardware_interface:/home/kadi/UR5e_ros2/ros2_real/install/ros2_control_test_assets:/home/kadi/UR5e_ros2/ros2_real/install/control_msgs:${AMENT_PREFIX_PATH} CMAKE_PREFIX_PATH=/home/kadi/UR5e_ros2/ros2_real/install/hardware_interface:/home/kadi/UR5e_ros2/ros2_real/install/ros2_control_test_assets:/home/kadi/UR5e_ros2/ros2_real/install/control_msgs:/home/kadi/UR5e_ros2/ros2_real/install/ur_msgs:/home/kadi/UR5e_ros2/ros2_real/install/ur_description:/opt/ros/iron LD_LIBRARY_PATH=/home/kadi/UR5e_ros2/ros2_real/install/hardware_interface/lib:/home/kadi/UR5e_ros2/ros2_real/install/ros2_control_test_assets/lib:/home/kadi/UR5e_ros2/ros2_real/install/control_msgs/lib:${LD_LIBRARY_PATH} PYTHONPATH=/home/kadi/UR5e_ros2/ros2_real/install/control_msgs/lib/python3.10/site-packages:${PYTHONPATH} /usr/bin/cmake --build /home/kadi/UR5e_ros2/ros2_real/build/controller_interface -- -j16 -l16
[1.524s] [ 13%] [32mBuilding CXX object gmock/CMakeFiles/gmock.dir/opt/ros/iron/src/gtest_vendor/src/gtest-all.cc.o[0m
[1.524s] [ 13%] [32mBuilding CXX object gmock/CMakeFiles/gmock_main.dir/src/gmock_main.cc.o[0m
[1.524s] [ 13%] [32mBuilding CXX object CMakeFiles/controller_interface.dir/src/controller_interface_base.cpp.o[0m
[1.524s] [ 17%] [32mBuilding CXX object CMakeFiles/controller_interface.dir/src/chainable_controller_interface.cpp.o[0m
[1.524s] [ 21%] [32mBuilding CXX object CMakeFiles/controller_interface.dir/src/controller_interface.cpp.o[0m
[1.526s] [ 26%] [32mBuilding CXX object gmock/CMakeFiles/gmock.dir/src/gmock-all.cc.o[0m
[3.092s] [ 30%] [32m[1mLinking CXX static library libgmock_main.a[0m
[3.284s] [ 30%] Built target gmock_main
[6.322s] [ 34%] [32m[1mLinking CXX shared library libcontroller_interface.so[0m
[6.445s] [ 34%] Built target controller_interface
[8.296s] [ 39%] [32m[1mLinking CXX static library libgmock.a[0m
[8.368s] [ 39%] Built target gmock
[8.388s] [ 52%] [32mBuilding CXX object CMakeFiles/test_chainable_controller_interface.dir/test/test_chainable_controller_interface.cpp.o[0m
[8.388s] [ 56%] [32mBuilding CXX object CMakeFiles/test_pose_sensor.dir/test/test_pose_sensor.cpp.o[0m
[8.388s] [ 56%] [32mBuilding CXX object CMakeFiles/test_controller_interface.dir/test/test_controller_interface.cpp.o[0m
[8.388s] [ 56%] [32mBuilding CXX object CMakeFiles/test_imu_sensor.dir/test/test_imu_sensor.cpp.o[0m
[8.388s] [ 60%] [32mBuilding CXX object CMakeFiles/test_controller_with_options.dir/test/test_controller_with_options.cpp.o[0m
[8.388s] [ 65%] [32mBuilding CXX object CMakeFiles/test_semantic_component_interface.dir/test/test_semantic_component_interface.cpp.o[0m
[8.389s] [ 69%] [32mBuilding CXX object CMakeFiles/test_force_torque_sensor.dir/test/test_force_torque_sensor.cpp.o[0m
[11.452s] [ 73%] [32m[1mLinking CXX executable test_semantic_component_interface[0m
[11.517s] [ 78%] [32m[1mLinking CXX executable test_pose_sensor[0m
[11.531s] [ 82%] [32m[1mLinking CXX executable test_imu_sensor[0m
[11.807s] [ 82%] Built target test_semantic_component_interface
[11.823s] [ 82%] Built target test_pose_sensor
[11.837s] [ 82%] Built target test_imu_sensor
[11.873s] [ 86%] [32m[1mLinking CXX executable test_force_torque_sensor[0m
[12.086s] [ 86%] Built target test_force_torque_sensor
[14.245s] [ 91%] [32m[1mLinking CXX executable test_controller_with_options[0m
[14.394s] [ 91%] Built target test_controller_with_options
[14.819s] [ 95%] [32m[1mLinking CXX executable test_chainable_controller_interface[0m
[14.947s] [100%] [32m[1mLinking CXX executable test_controller_interface[0m
[14.954s] [100%] Built target test_chainable_controller_interface
[15.091s] [100%] Built target test_controller_interface
[15.103s] Invoked command in '/home/kadi/UR5e_ros2/ros2_real/build/controller_interface' returned '0': AMENT_PREFIX_PATH=/home/kadi/UR5e_ros2/ros2_real/install/hardware_interface:/home/kadi/UR5e_ros2/ros2_real/install/ros2_control_test_assets:/home/kadi/UR5e_ros2/ros2_real/install/control_msgs:${AMENT_PREFIX_PATH} CMAKE_PREFIX_PATH=/home/kadi/UR5e_ros2/ros2_real/install/hardware_interface:/home/kadi/UR5e_ros2/ros2_real/install/ros2_control_test_assets:/home/kadi/UR5e_ros2/ros2_real/install/control_msgs:/home/kadi/UR5e_ros2/ros2_real/install/ur_msgs:/home/kadi/UR5e_ros2/ros2_real/install/ur_description:/opt/ros/iron LD_LIBRARY_PATH=/home/kadi/UR5e_ros2/ros2_real/install/hardware_interface/lib:/home/kadi/UR5e_ros2/ros2_real/install/ros2_control_test_assets/lib:/home/kadi/UR5e_ros2/ros2_real/install/control_msgs/lib:${LD_LIBRARY_PATH} PYTHONPATH=/home/kadi/UR5e_ros2/ros2_real/install/control_msgs/lib/python3.10/site-packages:${PYTHONPATH} /usr/bin/cmake --build /home/kadi/UR5e_ros2/ros2_real/build/controller_interface -- -j16 -l16
[15.105s] Invoking command in '/home/kadi/UR5e_ros2/ros2_real/build/controller_interface': AMENT_PREFIX_PATH=/home/kadi/UR5e_ros2/ros2_real/install/hardware_interface:/home/kadi/UR5e_ros2/ros2_real/install/ros2_control_test_assets:/home/kadi/UR5e_ros2/ros2_real/install/control_msgs:${AMENT_PREFIX_PATH} CMAKE_PREFIX_PATH=/home/kadi/UR5e_ros2/ros2_real/install/hardware_interface:/home/kadi/UR5e_ros2/ros2_real/install/ros2_control_test_assets:/home/kadi/UR5e_ros2/ros2_real/install/control_msgs:/home/kadi/UR5e_ros2/ros2_real/install/ur_msgs:/home/kadi/UR5e_ros2/ros2_real/install/ur_description:/opt/ros/iron LD_LIBRARY_PATH=/home/kadi/UR5e_ros2/ros2_real/install/hardware_interface/lib:/home/kadi/UR5e_ros2/ros2_real/install/ros2_control_test_assets/lib:/home/kadi/UR5e_ros2/ros2_real/install/control_msgs/lib:${LD_LIBRARY_PATH} PYTHONPATH=/home/kadi/UR5e_ros2/ros2_real/install/control_msgs/lib/python3.10/site-packages:${PYTHONPATH} /usr/bin/cmake --install /home/kadi/UR5e_ros2/ros2_real/build/controller_interface
[15.112s] -- Install configuration: "Release"
[15.112s] -- Installing: /home/kadi/UR5e_ros2/ros2_real/install/controller_interface/include/controller_interface
[15.112s] -- Installing: /home/kadi/UR5e_ros2/ros2_real/install/controller_interface/include/controller_interface/semantic_components
[15.112s] -- Installing: /home/kadi/UR5e_ros2/ros2_real/install/controller_interface/include/controller_interface/semantic_components/range_sensor.hpp
[15.112s] -- Installing: /home/kadi/UR5e_ros2/ros2_real/install/controller_interface/include/controller_interface/semantic_components/imu_sensor.hpp
[15.113s] -- Installing: /home/kadi/UR5e_ros2/ros2_real/install/controller_interface/include/controller_interface/semantic_components/force_torque_sensor.hpp
[15.113s] -- Installing: /home/kadi/UR5e_ros2/ros2_real/install/controller_interface/include/controller_interface/semantic_components/pose_sensor.hpp
[15.113s] -- Installing: /home/kadi/UR5e_ros2/ros2_real/install/controller_interface/include/controller_interface/semantic_components/semantic_component_interface.hpp
[15.113s] -- Installing: /home/kadi/UR5e_ros2/ros2_real/install/controller_interface/include/controller_interface/controller_interface
[15.113s] -- Installing: /home/kadi/UR5e_ros2/ros2_real/install/controller_interface/include/controller_interface/controller_interface/helpers.hpp
[15.113s] -- Installing: /home/kadi/UR5e_ros2/ros2_real/install/controller_interface/include/controller_interface/controller_interface/controller_interface_base.hpp
[15.113s] -- Installing: /home/kadi/UR5e_ros2/ros2_real/install/controller_interface/include/controller_interface/controller_interface/visibility_control.h
[15.113s] -- Installing: /home/kadi/UR5e_ros2/ros2_real/install/controller_interface/include/controller_interface/controller_interface/chainable_controller_interface.hpp
[15.113s] -- Installing: /home/kadi/UR5e_ros2/ros2_real/install/controller_interface/include/controller_interface/controller_interface/controller_interface.hpp
[15.113s] -- Installing: /home/kadi/UR5e_ros2/ros2_real/install/controller_interface/lib/libcontroller_interface.so
[15.114s] -- Set runtime path of "/home/kadi/UR5e_ros2/ros2_real/install/controller_interface/lib/libcontroller_interface.so" to ""
[15.114s] -- Installing: /home/kadi/UR5e_ros2/ros2_real/install/controller_interface/share/controller_interface/environment/library_path.sh
[15.114s] -- Installing: /home/kadi/UR5e_ros2/ros2_real/install/controller_interface/share/controller_interface/environment/library_path.dsv
[15.114s] -- Installing: /home/kadi/UR5e_ros2/ros2_real/install/controller_interface/share/ament_index/resource_index/package_run_dependencies/controller_interface
[15.114s] -- Installing: /home/kadi/UR5e_ros2/ros2_real/install/controller_interface/share/ament_index/resource_index/parent_prefix_path/controller_interface
[15.114s] -- Installing: /home/kadi/UR5e_ros2/ros2_real/install/controller_interface/share/controller_interface/environment/ament_prefix_path.sh
[15.114s] -- Installing: /home/kadi/UR5e_ros2/ros2_real/install/controller_interface/share/controller_interface/environment/ament_prefix_path.dsv
[15.114s] -- Installing: /home/kadi/UR5e_ros2/ros2_real/install/controller_interface/share/controller_interface/environment/path.sh
[15.114s] -- Installing: /home/kadi/UR5e_ros2/ros2_real/install/controller_interface/share/controller_interface/environment/path.dsv
[15.115s] -- Installing: /home/kadi/UR5e_ros2/ros2_real/install/controller_interface/share/controller_interface/local_setup.bash
[15.115s] -- Installing: /home/kadi/UR5e_ros2/ros2_real/install/controller_interface/share/controller_interface/local_setup.sh
[15.115s] -- Installing: /home/kadi/UR5e_ros2/ros2_real/install/controller_interface/share/controller_interface/local_setup.zsh
[15.115s] -- Installing: /home/kadi/UR5e_ros2/ros2_real/install/controller_interface/share/controller_interface/local_setup.dsv
[15.115s] -- Installing: /home/kadi/UR5e_ros2/ros2_real/install/controller_interface/share/controller_interface/package.dsv
[15.115s] -- Installing: /home/kadi/UR5e_ros2/ros2_real/install/controller_interface/share/ament_index/resource_index/packages/controller_interface
[15.115s] -- Installing: /home/kadi/UR5e_ros2/ros2_real/install/controller_interface/share/controller_interface/cmake/export_controller_interfaceExport.cmake
[15.115s] -- Installing: /home/kadi/UR5e_ros2/ros2_real/install/controller_interface/share/controller_interface/cmake/export_controller_interfaceExport-release.cmake
[15.115s] -- Installing: /home/kadi/UR5e_ros2/ros2_real/install/controller_interface/share/controller_interface/cmake/ament_cmake_export_targets-extras.cmake
[15.116s] -- Installing: /home/kadi/UR5e_ros2/ros2_real/install/controller_interface/share/controller_interface/cmake/ament_cmake_export_dependencies-extras.cmake
[15.116s] -- Installing: /home/kadi/UR5e_ros2/ros2_real/install/controller_interface/share/controller_interface/cmake/controller_interfaceConfig.cmake
[15.116s] -- Installing: /home/kadi/UR5e_ros2/ros2_real/install/controller_interface/share/controller_interface/cmake/controller_interfaceConfig-version.cmake
[15.116s] -- Installing: /home/kadi/UR5e_ros2/ros2_real/install/controller_interface/share/controller_interface/package.xml
[15.118s] Invoked command in '/home/kadi/UR5e_ros2/ros2_real/build/controller_interface' returned '0': AMENT_PREFIX_PATH=/home/kadi/UR5e_ros2/ros2_real/install/hardware_interface:/home/kadi/UR5e_ros2/ros2_real/install/ros2_control_test_assets:/home/kadi/UR5e_ros2/ros2_real/install/control_msgs:${AMENT_PREFIX_PATH} CMAKE_PREFIX_PATH=/home/kadi/UR5e_ros2/ros2_real/install/hardware_interface:/home/kadi/UR5e_ros2/ros2_real/install/ros2_control_test_assets:/home/kadi/UR5e_ros2/ros2_real/install/control_msgs:/home/kadi/UR5e_ros2/ros2_real/install/ur_msgs:/home/kadi/UR5e_ros2/ros2_real/install/ur_description:/opt/ros/iron LD_LIBRARY_PATH=/home/kadi/UR5e_ros2/ros2_real/install/hardware_interface/lib:/home/kadi/UR5e_ros2/ros2_real/install/ros2_control_test_assets/lib:/home/kadi/UR5e_ros2/ros2_real/install/control_msgs/lib:${LD_LIBRARY_PATH} PYTHONPATH=/home/kadi/UR5e_ros2/ros2_real/install/control_msgs/lib/python3.10/site-packages:${PYTHONPATH} /usr/bin/cmake --install /home/kadi/UR5e_ros2/ros2_real/build/controller_interface
