[0.058s] Invoking command in '/home/kadi/UR5e_ros2/ros2_real/build/ur_robot_driver': AMENT_PREFIX_PATH=/home/kadi/UR5e_ros2/ros2_real/install/velocity_controllers:/home/kadi/UR5e_ros2/ros2_real/install/position_controllers:/home/kadi/UR5e_ros2/ros2_real/install/joint_trajectory_controller:/home/kadi/UR5e_ros2/ros2_real/install/joint_state_broadcaster:/home/kadi/UR5e_ros2/ros2_real/install/forward_command_controller:/home/kadi/UR5e_ros2/ros2_real/install/force_torque_sensor_broadcaster:/home/kadi/UR5e_ros2/ros2_real/install/controller_manager:/home/kadi/UR5e_ros2/ros2_real/install/hardware_interface_testing:/home/kadi/UR5e_ros2/ros2_real/install/controller_interface:/home/kadi/UR5e_ros2/ros2_real/install/hardware_interface:/home/kadi/UR5e_ros2/ros2_real/install/ur_dashboard_msgs:/home/kadi/UR5e_ros2/ros2_real/install/ros2_controllers_test_nodes:/home/kadi/UR5e_ros2/ros2_real/install/ros2_control_test_assets:/home/kadi/UR5e_ros2/ros2_real/install/controller_manager_msgs:/home/kadi/UR5e_ros2/ros2_real/install/control_msgs:${AMENT_PREFIX_PATH} CMAKE_PREFIX_PATH=/home/kadi/UR5e_ros2/ros2_real/install/velocity_controllers:/home/kadi/UR5e_ros2/ros2_real/install/position_controllers:/home/kadi/UR5e_ros2/ros2_real/install/joint_trajectory_controller:/home/kadi/UR5e_ros2/ros2_real/install/joint_state_broadcaster:/home/kadi/UR5e_ros2/ros2_real/install/forward_command_controller:/home/kadi/UR5e_ros2/ros2_real/install/force_torque_sensor_broadcaster:/home/kadi/UR5e_ros2/ros2_real/install/controller_manager:/home/kadi/UR5e_ros2/ros2_real/install/hardware_interface_testing:/home/kadi/UR5e_ros2/ros2_real/install/controller_interface:/home/kadi/UR5e_ros2/ros2_real/install/hardware_interface:/home/kadi/UR5e_ros2/ros2_real/install/ur_msgs:/home/kadi/UR5e_ros2/ros2_real/install/ur_description:/home/kadi/UR5e_ros2/ros2_real/install/ur_dashboard_msgs:/home/kadi/UR5e_ros2/ros2_real/install/ur_client_library:/home/kadi/UR5e_ros2/ros2_real/install/ros2_control_test_assets:/home/kadi/UR5e_ros2/ros2_real/install/controller_manager_msgs:/home/kadi/UR5e_ros2/ros2_real/install/control_msgs:/opt/ros/iron LD_LIBRARY_PATH=/home/kadi/UR5e_ros2/ros2_real/install/velocity_controllers/lib:/home/kadi/UR5e_ros2/ros2_real/install/position_controllers/lib:/home/kadi/UR5e_ros2/ros2_real/install/joint_trajectory_controller/lib:/home/kadi/UR5e_ros2/ros2_real/install/joint_state_broadcaster/lib:/home/kadi/UR5e_ros2/ros2_real/install/forward_command_controller/lib:/home/kadi/UR5e_ros2/ros2_real/install/force_torque_sensor_broadcaster/lib:/home/kadi/UR5e_ros2/ros2_real/install/controller_manager/lib:/home/kadi/UR5e_ros2/ros2_real/install/hardware_interface_testing/lib:/home/kadi/UR5e_ros2/ros2_real/install/controller_interface/lib:/home/kadi/UR5e_ros2/ros2_real/install/hardware_interface/lib:/home/kadi/UR5e_ros2/ros2_real/install/ur_msgs/lib:/home/kadi/UR5e_ros2/ros2_real/install/ur_dashboard_msgs/lib:/home/kadi/UR5e_ros2/ros2_real/install/ur_client_library/lib:/home/kadi/UR5e_ros2/ros2_real/install/ros2_control_test_assets/lib:/home/kadi/UR5e_ros2/ros2_real/install/controller_manager_msgs/lib:/home/kadi/UR5e_ros2/ros2_real/install/control_msgs/lib:/home/kadi/mujoco-3.0.0/lib:/home/kadi/mujoco-3.0.0/lib:/home/kadi/mujoco-3.0.0/lib:/home/kadi/mujoco-3.0.0/lib:/home/kadi/mujoco-3.0.0/lib:/usr/lib/x86_64-linux-gnu/gazebo-11/plugins:/opt/ros/iron/opt/rviz_ogre_vendor/lib:/opt/ros/iron/lib/x86_64-linux-gnu:/opt/ros/iron/lib PKG_CONFIG_PATH=/home/kadi/UR5e_ros2/ros2_real/install/ur_client_library/lib/x86_64-linux-gnu/pkgconfig:/home/kadi/UR5e_ros2/ros2_real/install/ur_client_library/lib/pkgconfig PYTHONPATH=/home/kadi/UR5e_ros2/ros2_real/install/controller_manager/lib/python3.10/site-packages:/home/kadi/UR5e_ros2/ros2_real/install/ur_msgs/lib/python3.10/site-packages:/home/kadi/UR5e_ros2/ros2_real/install/ur_dashboard_msgs/lib/python3.10/site-packages:/home/kadi/UR5e_ros2/ros2_real/install/ros2_controllers_test_nodes/lib/python3.10/site-packages:/home/kadi/UR5e_ros2/ros2_real/install/controller_manager_msgs/lib/python3.10/site-packages:/home/kadi/UR5e_ros2/ros2_real/install/control_msgs/lib/python3.10/site-packages:/opt/ros/iron/lib/python3.10/site-packages /usr/bin/cmake /home/kadi/UR5e_ros2/ros2_real/src/Universal_Robots_ROS2_Driver/ur_robot_driver -DCMAKE_BUILD_TYPE=Release -DCMAKE_INSTALL_PREFIX=/home/kadi/UR5e_ros2/ros2_real/install/ur_robot_driver
[0.107s] -- The C compiler identification is GNU 11.4.0
[0.156s] -- The CXX compiler identification is GNU 11.4.0
[0.161s] -- Detecting C compiler ABI info
[0.223s] -- Detecting C compiler ABI info - done
[0.227s] -- Check for working C compiler: /usr/bin/cc - skipped
[0.227s] -- Detecting C compile features
[0.227s] -- Detecting C compile features - done
[0.232s] -- Detecting CXX compiler ABI info
[0.311s] -- Detecting CXX compiler ABI info - done
[0.316s] -- Check for working CXX compiler: /usr/bin/c++ - skipped
[0.316s] -- Detecting CXX compile features
[0.316s] -- Detecting CXX compile features - done
[0.320s] -- Found ament_cmake: 2.0.7 (/opt/ros/iron/share/ament_cmake/cmake)
[0.462s] -- Found Python3: /usr/bin/python3.10 (found version "3.10.12") found components: Interpreter 
[0.549s] -- Found controller_manager: 3.28.1 (/home/kadi/UR5e_ros2/ros2_real/install/controller_manager/share/controller_manager/cmake)
[0.598s] -- Found rosidl_generator_c: 4.0.1 (/opt/ros/iron/share/rosidl_generator_c/cmake)
[0.610s] -- Found rosidl_generator_cpp: 4.0.1 (/opt/ros/iron/share/rosidl_generator_cpp/cmake)
[0.624s] -- Using all available rosidl_typesupport_c: rosidl_typesupport_fastrtps_c;rosidl_typesupport_introspection_c
[0.643s] -- Using all available rosidl_typesupport_cpp: rosidl_typesupport_fastrtps_cpp;rosidl_typesupport_introspection_cpp
[1.249s] -- Found rmw_implementation_cmake: 7.1.0 (/opt/ros/iron/share/rmw_implementation_cmake/cmake)
[1.252s] -- Found rmw_fastrtps_cpp: 7.1.4 (/opt/ros/iron/share/rmw_fastrtps_cpp/cmake)
[1.290s] -- Found TinyXML2 via Config file: TinyXML2_DIR-NOTFOUND
[1.355s] -- Found OpenSSL: /usr/lib/x86_64-linux-gnu/libcrypto.so (found version "3.0.2")  
[1.357s] -- Found TinyXML2 via Config file: TinyXML2_DIR-NOTFOUND
[1.369s] -- Found FastRTPS: /opt/ros/iron/include  
[1.374s] -- Found TinyXML2 via Config file: TinyXML2_DIR-NOTFOUND
[1.381s] -- Found TinyXML2 via Config file: TinyXML2_DIR-NOTFOUND
[1.389s] -- Using RMW implementation 'rmw_fastrtps_cpp' as default
[1.968s] -- Found std_srvs: 5.0.1 (/opt/ros/iron/share/std_srvs/cmake)
[1.999s] -- Found tf2_geometry_msgs: 0.31.8 (/opt/ros/iron/share/tf2_geometry_msgs/cmake)
[2.016s] -- Found eigen3_cmake_module: 0.2.2 (/opt/ros/iron/share/eigen3_cmake_module/cmake)
[2.017s] -- Found Eigen3: TRUE (found version "3.4.0") 
[2.017s] -- Ensuring Eigen3 include directory is part of orocos-kdl CMake target
[2.241s] -- Found ur_dashboard_msgs: 2.3.10 (/home/kadi/UR5e_ros2/ros2_real/install/ur_dashboard_msgs/share/ur_dashboard_msgs/cmake)
[2.479s] -- Found ur_controllers: 2.3.12 (/opt/ros/iron/share/ur_controllers/cmake)
[2.534s] -- Found parameter_traits: 0.3.9 (/opt/ros/iron/share/parameter_traits/cmake)
[2.801s] -- Found ur_description: 2.3.2 (/home/kadi/UR5e_ros2/ros2_real/install/ur_description/share/ur_description/cmake)
[2.803s] -- Found launch_testing_ament_cmake: 2.0.4 (/opt/ros/iron/share/launch_testing_ament_cmake/cmake)
[2.806s] -- Found python_cmake_module: 0.10.2 (/opt/ros/iron/share/python_cmake_module/cmake)
[2.823s] -- Found PythonInterp: /usr/bin/python3 (found suitable version "3.10.12", minimum required is "3.6") 
[2.828s] -- Found PythonLibs: /usr/lib/x86_64-linux-gnu/libpython3.10.so (found suitable version "3.10.12", minimum required is "3.5") 
[2.828s] -- Using PYTHON_EXECUTABLE: /usr/bin/python3
[2.828s] -- Using PYTHON_INCLUDE_DIRS: /usr/include/python3.10
[2.828s] -- Using PYTHON_LIBRARIES: /usr/lib/x86_64-linux-gnu/libpython3.10.so
[2.848s] -- Found PythonExtra: .so  
[2.849s] -- Configuring done
[2.893s] -- Generating done
[2.905s] -- Build files have been written to: /home/kadi/UR5e_ros2/ros2_real/build/ur_robot_driver
[2.919s] Invoked command in '/home/kadi/UR5e_ros2/ros2_real/build/ur_robot_driver' returned '0': AMENT_PREFIX_PATH=/home/kadi/UR5e_ros2/ros2_real/install/velocity_controllers:/home/kadi/UR5e_ros2/ros2_real/install/position_controllers:/home/kadi/UR5e_ros2/ros2_real/install/joint_trajectory_controller:/home/kadi/UR5e_ros2/ros2_real/install/joint_state_broadcaster:/home/kadi/UR5e_ros2/ros2_real/install/forward_command_controller:/home/kadi/UR5e_ros2/ros2_real/install/force_torque_sensor_broadcaster:/home/kadi/UR5e_ros2/ros2_real/install/controller_manager:/home/kadi/UR5e_ros2/ros2_real/install/hardware_interface_testing:/home/kadi/UR5e_ros2/ros2_real/install/controller_interface:/home/kadi/UR5e_ros2/ros2_real/install/hardware_interface:/home/kadi/UR5e_ros2/ros2_real/install/ur_dashboard_msgs:/home/kadi/UR5e_ros2/ros2_real/install/ros2_controllers_test_nodes:/home/kadi/UR5e_ros2/ros2_real/install/ros2_control_test_assets:/home/kadi/UR5e_ros2/ros2_real/install/controller_manager_msgs:/home/kadi/UR5e_ros2/ros2_real/install/control_msgs:${AMENT_PREFIX_PATH} CMAKE_PREFIX_PATH=/home/kadi/UR5e_ros2/ros2_real/install/velocity_controllers:/home/kadi/UR5e_ros2/ros2_real/install/position_controllers:/home/kadi/UR5e_ros2/ros2_real/install/joint_trajectory_controller:/home/kadi/UR5e_ros2/ros2_real/install/joint_state_broadcaster:/home/kadi/UR5e_ros2/ros2_real/install/forward_command_controller:/home/kadi/UR5e_ros2/ros2_real/install/force_torque_sensor_broadcaster:/home/kadi/UR5e_ros2/ros2_real/install/controller_manager:/home/kadi/UR5e_ros2/ros2_real/install/hardware_interface_testing:/home/kadi/UR5e_ros2/ros2_real/install/controller_interface:/home/kadi/UR5e_ros2/ros2_real/install/hardware_interface:/home/kadi/UR5e_ros2/ros2_real/install/ur_msgs:/home/kadi/UR5e_ros2/ros2_real/install/ur_description:/home/kadi/UR5e_ros2/ros2_real/install/ur_dashboard_msgs:/home/kadi/UR5e_ros2/ros2_real/install/ur_client_library:/home/kadi/UR5e_ros2/ros2_real/install/ros2_control_test_assets:/home/kadi/UR5e_ros2/ros2_real/install/controller_manager_msgs:/home/kadi/UR5e_ros2/ros2_real/install/control_msgs:/opt/ros/iron LD_LIBRARY_PATH=/home/kadi/UR5e_ros2/ros2_real/install/velocity_controllers/lib:/home/kadi/UR5e_ros2/ros2_real/install/position_controllers/lib:/home/kadi/UR5e_ros2/ros2_real/install/joint_trajectory_controller/lib:/home/kadi/UR5e_ros2/ros2_real/install/joint_state_broadcaster/lib:/home/kadi/UR5e_ros2/ros2_real/install/forward_command_controller/lib:/home/kadi/UR5e_ros2/ros2_real/install/force_torque_sensor_broadcaster/lib:/home/kadi/UR5e_ros2/ros2_real/install/controller_manager/lib:/home/kadi/UR5e_ros2/ros2_real/install/hardware_interface_testing/lib:/home/kadi/UR5e_ros2/ros2_real/install/controller_interface/lib:/home/kadi/UR5e_ros2/ros2_real/install/hardware_interface/lib:/home/kadi/UR5e_ros2/ros2_real/install/ur_msgs/lib:/home/kadi/UR5e_ros2/ros2_real/install/ur_dashboard_msgs/lib:/home/kadi/UR5e_ros2/ros2_real/install/ur_client_library/lib:/home/kadi/UR5e_ros2/ros2_real/install/ros2_control_test_assets/lib:/home/kadi/UR5e_ros2/ros2_real/install/controller_manager_msgs/lib:/home/kadi/UR5e_ros2/ros2_real/install/control_msgs/lib:/home/kadi/mujoco-3.0.0/lib:/home/kadi/mujoco-3.0.0/lib:/home/kadi/mujoco-3.0.0/lib:/home/kadi/mujoco-3.0.0/lib:/home/kadi/mujoco-3.0.0/lib:/usr/lib/x86_64-linux-gnu/gazebo-11/plugins:/opt/ros/iron/opt/rviz_ogre_vendor/lib:/opt/ros/iron/lib/x86_64-linux-gnu:/opt/ros/iron/lib PKG_CONFIG_PATH=/home/kadi/UR5e_ros2/ros2_real/install/ur_client_library/lib/x86_64-linux-gnu/pkgconfig:/home/kadi/UR5e_ros2/ros2_real/install/ur_client_library/lib/pkgconfig PYTHONPATH=/home/kadi/UR5e_ros2/ros2_real/install/controller_manager/lib/python3.10/site-packages:/home/kadi/UR5e_ros2/ros2_real/install/ur_msgs/lib/python3.10/site-packages:/home/kadi/UR5e_ros2/ros2_real/install/ur_dashboard_msgs/lib/python3.10/site-packages:/home/kadi/UR5e_ros2/ros2_real/install/ros2_controllers_test_nodes/lib/python3.10/site-packages:/home/kadi/UR5e_ros2/ros2_real/install/controller_manager_msgs/lib/python3.10/site-packages:/home/kadi/UR5e_ros2/ros2_real/install/control_msgs/lib/python3.10/site-packages:/opt/ros/iron/lib/python3.10/site-packages /usr/bin/cmake /home/kadi/UR5e_ros2/ros2_real/src/Universal_Robots_ROS2_Driver/ur_robot_driver -DCMAKE_BUILD_TYPE=Release -DCMAKE_INSTALL_PREFIX=/home/kadi/UR5e_ros2/ros2_real/install/ur_robot_driver
[2.920s] Invoking command in '/home/kadi/UR5e_ros2/ros2_real/build/ur_robot_driver': AMENT_PREFIX_PATH=/home/kadi/UR5e_ros2/ros2_real/install/velocity_controllers:/home/kadi/UR5e_ros2/ros2_real/install/position_controllers:/home/kadi/UR5e_ros2/ros2_real/install/joint_trajectory_controller:/home/kadi/UR5e_ros2/ros2_real/install/joint_state_broadcaster:/home/kadi/UR5e_ros2/ros2_real/install/forward_command_controller:/home/kadi/UR5e_ros2/ros2_real/install/force_torque_sensor_broadcaster:/home/kadi/UR5e_ros2/ros2_real/install/controller_manager:/home/kadi/UR5e_ros2/ros2_real/install/hardware_interface_testing:/home/kadi/UR5e_ros2/ros2_real/install/controller_interface:/home/kadi/UR5e_ros2/ros2_real/install/hardware_interface:/home/kadi/UR5e_ros2/ros2_real/install/ur_dashboard_msgs:/home/kadi/UR5e_ros2/ros2_real/install/ros2_controllers_test_nodes:/home/kadi/UR5e_ros2/ros2_real/install/ros2_control_test_assets:/home/kadi/UR5e_ros2/ros2_real/install/controller_manager_msgs:/home/kadi/UR5e_ros2/ros2_real/install/control_msgs:${AMENT_PREFIX_PATH} CMAKE_PREFIX_PATH=/home/kadi/UR5e_ros2/ros2_real/install/velocity_controllers:/home/kadi/UR5e_ros2/ros2_real/install/position_controllers:/home/kadi/UR5e_ros2/ros2_real/install/joint_trajectory_controller:/home/kadi/UR5e_ros2/ros2_real/install/joint_state_broadcaster:/home/kadi/UR5e_ros2/ros2_real/install/forward_command_controller:/home/kadi/UR5e_ros2/ros2_real/install/force_torque_sensor_broadcaster:/home/kadi/UR5e_ros2/ros2_real/install/controller_manager:/home/kadi/UR5e_ros2/ros2_real/install/hardware_interface_testing:/home/kadi/UR5e_ros2/ros2_real/install/controller_interface:/home/kadi/UR5e_ros2/ros2_real/install/hardware_interface:/home/kadi/UR5e_ros2/ros2_real/install/ur_msgs:/home/kadi/UR5e_ros2/ros2_real/install/ur_description:/home/kadi/UR5e_ros2/ros2_real/install/ur_dashboard_msgs:/home/kadi/UR5e_ros2/ros2_real/install/ur_client_library:/home/kadi/UR5e_ros2/ros2_real/install/ros2_control_test_assets:/home/kadi/UR5e_ros2/ros2_real/install/controller_manager_msgs:/home/kadi/UR5e_ros2/ros2_real/install/control_msgs:/opt/ros/iron LD_LIBRARY_PATH=/home/kadi/UR5e_ros2/ros2_real/install/velocity_controllers/lib:/home/kadi/UR5e_ros2/ros2_real/install/position_controllers/lib:/home/kadi/UR5e_ros2/ros2_real/install/joint_trajectory_controller/lib:/home/kadi/UR5e_ros2/ros2_real/install/joint_state_broadcaster/lib:/home/kadi/UR5e_ros2/ros2_real/install/forward_command_controller/lib:/home/kadi/UR5e_ros2/ros2_real/install/force_torque_sensor_broadcaster/lib:/home/kadi/UR5e_ros2/ros2_real/install/controller_manager/lib:/home/kadi/UR5e_ros2/ros2_real/install/hardware_interface_testing/lib:/home/kadi/UR5e_ros2/ros2_real/install/controller_interface/lib:/home/kadi/UR5e_ros2/ros2_real/install/hardware_interface/lib:/home/kadi/UR5e_ros2/ros2_real/install/ur_msgs/lib:/home/kadi/UR5e_ros2/ros2_real/install/ur_dashboard_msgs/lib:/home/kadi/UR5e_ros2/ros2_real/install/ur_client_library/lib:/home/kadi/UR5e_ros2/ros2_real/install/ros2_control_test_assets/lib:/home/kadi/UR5e_ros2/ros2_real/install/controller_manager_msgs/lib:/home/kadi/UR5e_ros2/ros2_real/install/control_msgs/lib:/home/kadi/mujoco-3.0.0/lib:/home/kadi/mujoco-3.0.0/lib:/home/kadi/mujoco-3.0.0/lib:/home/kadi/mujoco-3.0.0/lib:/home/kadi/mujoco-3.0.0/lib:/usr/lib/x86_64-linux-gnu/gazebo-11/plugins:/opt/ros/iron/opt/rviz_ogre_vendor/lib:/opt/ros/iron/lib/x86_64-linux-gnu:/opt/ros/iron/lib PKG_CONFIG_PATH=/home/kadi/UR5e_ros2/ros2_real/install/ur_client_library/lib/x86_64-linux-gnu/pkgconfig:/home/kadi/UR5e_ros2/ros2_real/install/ur_client_library/lib/pkgconfig PYTHONPATH=/home/kadi/UR5e_ros2/ros2_real/install/controller_manager/lib/python3.10/site-packages:/home/kadi/UR5e_ros2/ros2_real/install/ur_msgs/lib/python3.10/site-packages:/home/kadi/UR5e_ros2/ros2_real/install/ur_dashboard_msgs/lib/python3.10/site-packages:/home/kadi/UR5e_ros2/ros2_real/install/ros2_controllers_test_nodes/lib/python3.10/site-packages:/home/kadi/UR5e_ros2/ros2_real/install/controller_manager_msgs/lib/python3.10/site-packages:/home/kadi/UR5e_ros2/ros2_real/install/control_msgs/lib/python3.10/site-packages:/opt/ros/iron/lib/python3.10/site-packages /usr/bin/cmake --build /home/kadi/UR5e_ros2/ros2_real/build/ur_robot_driver -- -j16 -l16
[2.989s] [  6%] [32mBuilding CXX object CMakeFiles/dashboard_client.dir/src/dashboard_client_ros.cpp.o[0m
[2.989s] [ 13%] [32mBuilding CXX object CMakeFiles/urscript_interface.dir/src/urscript_interface.cpp.o[0m
[2.989s] [ 20%] [32mBuilding CXX object CMakeFiles/ur_robot_driver_plugin.dir/src/dashboard_client_ros.cpp.o[0m
[2.989s] [ 26%] [32mBuilding CXX object CMakeFiles/ur_robot_driver_plugin.dir/src/hardware_interface.cpp.o[0m
[2.989s] [ 33%] [32mBuilding CXX object CMakeFiles/dashboard_client.dir/src/dashboard_client_node.cpp.o[0m
[2.990s] [ 40%] [32mBuilding CXX object CMakeFiles/dashboard_client.dir/src/urcl_log_handler.cpp.o[0m
[2.990s] [ 46%] [32mBuilding CXX object CMakeFiles/controller_stopper_node.dir/src/controller_stopper.cpp.o[0m
[2.992s] [ 53%] [32mBuilding CXX object CMakeFiles/ur_ros2_control_node.dir/src/ur_ros2_control_node.cpp.o[0m
[2.994s] [ 60%] [32mBuilding CXX object CMakeFiles/ur_robot_driver_plugin.dir/src/urcl_log_handler.cpp.o[0m
[3.013s] [ 60%] Built target ament_cmake_python_copy_ur_robot_driver
[3.014s] [ 66%] [32mBuilding CXX object CMakeFiles/controller_stopper_node.dir/src/controller_stopper_node.cpp.o[0m
[3.398s] running egg_info
[3.399s] creating ur_robot_driver.egg-info
[3.399s] writing ur_robot_driver.egg-info/PKG-INFO
[3.399s] writing dependency_links to ur_robot_driver.egg-info/dependency_links.txt
[3.399s] writing top-level names to ur_robot_driver.egg-info/top_level.txt
[3.401s] writing manifest file 'ur_robot_driver.egg-info/SOURCES.txt'
[3.407s] reading manifest file 'ur_robot_driver.egg-info/SOURCES.txt'
[3.407s] writing manifest file 'ur_robot_driver.egg-info/SOURCES.txt'
[3.528s] [ 66%] Built target ament_cmake_python_build_ur_robot_driver_egg
[3.549s] In file included from [01m[K/home/kadi/UR5e_ros2/ros2_real/src/Universal_Robots_ROS2_Driver/ur_robot_driver/src/ur_ros2_control_node.cpp:44[m[K:
[3.553s] [01m[K/opt/ros/iron/include/realtime_tools/realtime_tools/thread_priority.hpp:39:2:[m[K [01;35m[Kwarning: [m[K#warning "This header include is deprecated. Please update your code to use 'realtime_helpers.hpp' header and link against 'realtime_tools' library." [[01;35m[K]8;;https://gcc.gnu.org/onlinedocs/gcc/Warning-Options.html#index-Wcpp-Wcpp]8;;[m[K]
[3.553s]    39 | #[01;35m[Kwarning[m[K \
[3.553s]       |  [01;35m[K^~~~~~~[m[K
[11.044s] [ 73%] [32m[1mLinking CXX executable ur_ros2_control_node[0m
[11.318s] [ 73%] Built target ur_ros2_control_node
[13.666s] [ 80%] [32m[1mLinking CXX executable urscript_interface[0m
[13.951s] [ 80%] Built target urscript_interface
[16.848s] [ 86%] [32m[1mLinking CXX executable controller_stopper_node[0m
[17.080s] [ 86%] Built target controller_stopper_node
[19.972s] [ 93%] [32m[1mLinking CXX shared library libur_robot_driver_plugin.so[0m
[20.219s] [ 93%] Built target ur_robot_driver_plugin
[20.271s] [100%] [32m[1mLinking CXX executable dashboard_client[0m
[20.500s] [100%] Built target dashboard_client
[20.514s] Invoked command in '/home/kadi/UR5e_ros2/ros2_real/build/ur_robot_driver' returned '0': AMENT_PREFIX_PATH=/home/kadi/UR5e_ros2/ros2_real/install/velocity_controllers:/home/kadi/UR5e_ros2/ros2_real/install/position_controllers:/home/kadi/UR5e_ros2/ros2_real/install/joint_trajectory_controller:/home/kadi/UR5e_ros2/ros2_real/install/joint_state_broadcaster:/home/kadi/UR5e_ros2/ros2_real/install/forward_command_controller:/home/kadi/UR5e_ros2/ros2_real/install/force_torque_sensor_broadcaster:/home/kadi/UR5e_ros2/ros2_real/install/controller_manager:/home/kadi/UR5e_ros2/ros2_real/install/hardware_interface_testing:/home/kadi/UR5e_ros2/ros2_real/install/controller_interface:/home/kadi/UR5e_ros2/ros2_real/install/hardware_interface:/home/kadi/UR5e_ros2/ros2_real/install/ur_dashboard_msgs:/home/kadi/UR5e_ros2/ros2_real/install/ros2_controllers_test_nodes:/home/kadi/UR5e_ros2/ros2_real/install/ros2_control_test_assets:/home/kadi/UR5e_ros2/ros2_real/install/controller_manager_msgs:/home/kadi/UR5e_ros2/ros2_real/install/control_msgs:${AMENT_PREFIX_PATH} CMAKE_PREFIX_PATH=/home/kadi/UR5e_ros2/ros2_real/install/velocity_controllers:/home/kadi/UR5e_ros2/ros2_real/install/position_controllers:/home/kadi/UR5e_ros2/ros2_real/install/joint_trajectory_controller:/home/kadi/UR5e_ros2/ros2_real/install/joint_state_broadcaster:/home/kadi/UR5e_ros2/ros2_real/install/forward_command_controller:/home/kadi/UR5e_ros2/ros2_real/install/force_torque_sensor_broadcaster:/home/kadi/UR5e_ros2/ros2_real/install/controller_manager:/home/kadi/UR5e_ros2/ros2_real/install/hardware_interface_testing:/home/kadi/UR5e_ros2/ros2_real/install/controller_interface:/home/kadi/UR5e_ros2/ros2_real/install/hardware_interface:/home/kadi/UR5e_ros2/ros2_real/install/ur_msgs:/home/kadi/UR5e_ros2/ros2_real/install/ur_description:/home/kadi/UR5e_ros2/ros2_real/install/ur_dashboard_msgs:/home/kadi/UR5e_ros2/ros2_real/install/ur_client_library:/home/kadi/UR5e_ros2/ros2_real/install/ros2_control_test_assets:/home/kadi/UR5e_ros2/ros2_real/install/controller_manager_msgs:/home/kadi/UR5e_ros2/ros2_real/install/control_msgs:/opt/ros/iron LD_LIBRARY_PATH=/home/kadi/UR5e_ros2/ros2_real/install/velocity_controllers/lib:/home/kadi/UR5e_ros2/ros2_real/install/position_controllers/lib:/home/kadi/UR5e_ros2/ros2_real/install/joint_trajectory_controller/lib:/home/kadi/UR5e_ros2/ros2_real/install/joint_state_broadcaster/lib:/home/kadi/UR5e_ros2/ros2_real/install/forward_command_controller/lib:/home/kadi/UR5e_ros2/ros2_real/install/force_torque_sensor_broadcaster/lib:/home/kadi/UR5e_ros2/ros2_real/install/controller_manager/lib:/home/kadi/UR5e_ros2/ros2_real/install/hardware_interface_testing/lib:/home/kadi/UR5e_ros2/ros2_real/install/controller_interface/lib:/home/kadi/UR5e_ros2/ros2_real/install/hardware_interface/lib:/home/kadi/UR5e_ros2/ros2_real/install/ur_msgs/lib:/home/kadi/UR5e_ros2/ros2_real/install/ur_dashboard_msgs/lib:/home/kadi/UR5e_ros2/ros2_real/install/ur_client_library/lib:/home/kadi/UR5e_ros2/ros2_real/install/ros2_control_test_assets/lib:/home/kadi/UR5e_ros2/ros2_real/install/controller_manager_msgs/lib:/home/kadi/UR5e_ros2/ros2_real/install/control_msgs/lib:/home/kadi/mujoco-3.0.0/lib:/home/kadi/mujoco-3.0.0/lib:/home/kadi/mujoco-3.0.0/lib:/home/kadi/mujoco-3.0.0/lib:/home/kadi/mujoco-3.0.0/lib:/usr/lib/x86_64-linux-gnu/gazebo-11/plugins:/opt/ros/iron/opt/rviz_ogre_vendor/lib:/opt/ros/iron/lib/x86_64-linux-gnu:/opt/ros/iron/lib PKG_CONFIG_PATH=/home/kadi/UR5e_ros2/ros2_real/install/ur_client_library/lib/x86_64-linux-gnu/pkgconfig:/home/kadi/UR5e_ros2/ros2_real/install/ur_client_library/lib/pkgconfig PYTHONPATH=/home/kadi/UR5e_ros2/ros2_real/install/controller_manager/lib/python3.10/site-packages:/home/kadi/UR5e_ros2/ros2_real/install/ur_msgs/lib/python3.10/site-packages:/home/kadi/UR5e_ros2/ros2_real/install/ur_dashboard_msgs/lib/python3.10/site-packages:/home/kadi/UR5e_ros2/ros2_real/install/ros2_controllers_test_nodes/lib/python3.10/site-packages:/home/kadi/UR5e_ros2/ros2_real/install/controller_manager_msgs/lib/python3.10/site-packages:/home/kadi/UR5e_ros2/ros2_real/install/control_msgs/lib/python3.10/site-packages:/opt/ros/iron/lib/python3.10/site-packages /usr/bin/cmake --build /home/kadi/UR5e_ros2/ros2_real/build/ur_robot_driver -- -j16 -l16
[20.515s] Invoking command in '/home/kadi/UR5e_ros2/ros2_real/build/ur_robot_driver': AMENT_PREFIX_PATH=/home/kadi/UR5e_ros2/ros2_real/install/velocity_controllers:/home/kadi/UR5e_ros2/ros2_real/install/position_controllers:/home/kadi/UR5e_ros2/ros2_real/install/joint_trajectory_controller:/home/kadi/UR5e_ros2/ros2_real/install/joint_state_broadcaster:/home/kadi/UR5e_ros2/ros2_real/install/forward_command_controller:/home/kadi/UR5e_ros2/ros2_real/install/force_torque_sensor_broadcaster:/home/kadi/UR5e_ros2/ros2_real/install/controller_manager:/home/kadi/UR5e_ros2/ros2_real/install/hardware_interface_testing:/home/kadi/UR5e_ros2/ros2_real/install/controller_interface:/home/kadi/UR5e_ros2/ros2_real/install/hardware_interface:/home/kadi/UR5e_ros2/ros2_real/install/ur_dashboard_msgs:/home/kadi/UR5e_ros2/ros2_real/install/ros2_controllers_test_nodes:/home/kadi/UR5e_ros2/ros2_real/install/ros2_control_test_assets:/home/kadi/UR5e_ros2/ros2_real/install/controller_manager_msgs:/home/kadi/UR5e_ros2/ros2_real/install/control_msgs:${AMENT_PREFIX_PATH} CMAKE_PREFIX_PATH=/home/kadi/UR5e_ros2/ros2_real/install/velocity_controllers:/home/kadi/UR5e_ros2/ros2_real/install/position_controllers:/home/kadi/UR5e_ros2/ros2_real/install/joint_trajectory_controller:/home/kadi/UR5e_ros2/ros2_real/install/joint_state_broadcaster:/home/kadi/UR5e_ros2/ros2_real/install/forward_command_controller:/home/kadi/UR5e_ros2/ros2_real/install/force_torque_sensor_broadcaster:/home/kadi/UR5e_ros2/ros2_real/install/controller_manager:/home/kadi/UR5e_ros2/ros2_real/install/hardware_interface_testing:/home/kadi/UR5e_ros2/ros2_real/install/controller_interface:/home/kadi/UR5e_ros2/ros2_real/install/hardware_interface:/home/kadi/UR5e_ros2/ros2_real/install/ur_msgs:/home/kadi/UR5e_ros2/ros2_real/install/ur_description:/home/kadi/UR5e_ros2/ros2_real/install/ur_dashboard_msgs:/home/kadi/UR5e_ros2/ros2_real/install/ur_client_library:/home/kadi/UR5e_ros2/ros2_real/install/ros2_control_test_assets:/home/kadi/UR5e_ros2/ros2_real/install/controller_manager_msgs:/home/kadi/UR5e_ros2/ros2_real/install/control_msgs:/opt/ros/iron LD_LIBRARY_PATH=/home/kadi/UR5e_ros2/ros2_real/install/velocity_controllers/lib:/home/kadi/UR5e_ros2/ros2_real/install/position_controllers/lib:/home/kadi/UR5e_ros2/ros2_real/install/joint_trajectory_controller/lib:/home/kadi/UR5e_ros2/ros2_real/install/joint_state_broadcaster/lib:/home/kadi/UR5e_ros2/ros2_real/install/forward_command_controller/lib:/home/kadi/UR5e_ros2/ros2_real/install/force_torque_sensor_broadcaster/lib:/home/kadi/UR5e_ros2/ros2_real/install/controller_manager/lib:/home/kadi/UR5e_ros2/ros2_real/install/hardware_interface_testing/lib:/home/kadi/UR5e_ros2/ros2_real/install/controller_interface/lib:/home/kadi/UR5e_ros2/ros2_real/install/hardware_interface/lib:/home/kadi/UR5e_ros2/ros2_real/install/ur_msgs/lib:/home/kadi/UR5e_ros2/ros2_real/install/ur_dashboard_msgs/lib:/home/kadi/UR5e_ros2/ros2_real/install/ur_client_library/lib:/home/kadi/UR5e_ros2/ros2_real/install/ros2_control_test_assets/lib:/home/kadi/UR5e_ros2/ros2_real/install/controller_manager_msgs/lib:/home/kadi/UR5e_ros2/ros2_real/install/control_msgs/lib:/home/kadi/mujoco-3.0.0/lib:/home/kadi/mujoco-3.0.0/lib:/home/kadi/mujoco-3.0.0/lib:/home/kadi/mujoco-3.0.0/lib:/home/kadi/mujoco-3.0.0/lib:/usr/lib/x86_64-linux-gnu/gazebo-11/plugins:/opt/ros/iron/opt/rviz_ogre_vendor/lib:/opt/ros/iron/lib/x86_64-linux-gnu:/opt/ros/iron/lib PKG_CONFIG_PATH=/home/kadi/UR5e_ros2/ros2_real/install/ur_client_library/lib/x86_64-linux-gnu/pkgconfig:/home/kadi/UR5e_ros2/ros2_real/install/ur_client_library/lib/pkgconfig PYTHONPATH=/home/kadi/UR5e_ros2/ros2_real/install/controller_manager/lib/python3.10/site-packages:/home/kadi/UR5e_ros2/ros2_real/install/ur_msgs/lib/python3.10/site-packages:/home/kadi/UR5e_ros2/ros2_real/install/ur_dashboard_msgs/lib/python3.10/site-packages:/home/kadi/UR5e_ros2/ros2_real/install/ros2_controllers_test_nodes/lib/python3.10/site-packages:/home/kadi/UR5e_ros2/ros2_real/install/controller_manager_msgs/lib/python3.10/site-packages:/home/kadi/UR5e_ros2/ros2_real/install/control_msgs/lib/python3.10/site-packages:/opt/ros/iron/lib/python3.10/site-packages /usr/bin/cmake --install /home/kadi/UR5e_ros2/ros2_real/build/ur_robot_driver
[20.524s] -- Install configuration: "Release"
[20.524s] -- Installing: /home/kadi/UR5e_ros2/ros2_real/install/ur_robot_driver/share/ur_robot_driver/hardware_interface_plugin.xml
[20.524s] -- Installing: /home/kadi/UR5e_ros2/ros2_real/install/ur_robot_driver/lib/ur_robot_driver/dashboard_client
[20.526s] -- Set runtime path of "/home/kadi/UR5e_ros2/ros2_real/install/ur_robot_driver/lib/ur_robot_driver/dashboard_client" to ""
[20.526s] -- Installing: /home/kadi/UR5e_ros2/ros2_real/install/ur_robot_driver/lib/ur_robot_driver/ur_ros2_control_node
[20.527s] -- Set runtime path of "/home/kadi/UR5e_ros2/ros2_real/install/ur_robot_driver/lib/ur_robot_driver/ur_ros2_control_node" to ""
[20.527s] -- Installing: /home/kadi/UR5e_ros2/ros2_real/install/ur_robot_driver/lib/ur_robot_driver/controller_stopper_node
[20.528s] -- Set runtime path of "/home/kadi/UR5e_ros2/ros2_real/install/ur_robot_driver/lib/ur_robot_driver/controller_stopper_node" to ""
[20.528s] -- Installing: /home/kadi/UR5e_ros2/ros2_real/install/ur_robot_driver/lib/ur_robot_driver/urscript_interface
[20.529s] -- Set runtime path of "/home/kadi/UR5e_ros2/ros2_real/install/ur_robot_driver/lib/ur_robot_driver/urscript_interface" to ""
[20.529s] -- Installing: /home/kadi/UR5e_ros2/ros2_real/install/ur_robot_driver/lib/libur_robot_driver_plugin.so
[20.530s] -- Set runtime path of "/home/kadi/UR5e_ros2/ros2_real/install/ur_robot_driver/lib/libur_robot_driver_plugin.so" to ""
[20.531s] -- Installing: /home/kadi/UR5e_ros2/ros2_real/install/ur_robot_driver/include
[20.531s] -- Installing: /home/kadi/UR5e_ros2/ros2_real/install/ur_robot_driver/include/ur_robot_driver
[20.531s] -- Installing: /home/kadi/UR5e_ros2/ros2_real/install/ur_robot_driver/include/ur_robot_driver/dashboard_client_ros.hpp
[20.531s] -- Installing: /home/kadi/UR5e_ros2/ros2_real/install/ur_robot_driver/include/ur_robot_driver/controller_stopper.hpp
[20.531s] -- Installing: /home/kadi/UR5e_ros2/ros2_real/install/ur_robot_driver/include/ur_robot_driver/urcl_log_handler.hpp
[20.531s] -- Installing: /home/kadi/UR5e_ros2/ros2_real/install/ur_robot_driver/include/ur_robot_driver/hardware_interface.hpp
[20.531s] -- Installing: /home/kadi/UR5e_ros2/ros2_real/install/ur_robot_driver/share/ur_robot_driver/environment/library_path.sh
[20.531s] -- Installing: /home/kadi/UR5e_ros2/ros2_real/install/ur_robot_driver/share/ur_robot_driver/environment/library_path.dsv
[20.531s] -- Installing: /home/kadi/UR5e_ros2/ros2_real/install/ur_robot_driver/share/ur_robot_driver/resources
[20.531s] -- Installing: /home/kadi/UR5e_ros2/ros2_real/install/ur_robot_driver/share/ur_robot_driver/resources/rtde_output_recipe.txt
[20.531s] -- Installing: /home/kadi/UR5e_ros2/ros2_real/install/ur_robot_driver/share/ur_robot_driver/resources/rs485-1.0.urcap
[20.532s] -- Installing: /home/kadi/UR5e_ros2/ros2_real/install/ur_robot_driver/share/ur_robot_driver/resources/rtde_input_recipe.txt
[20.532s] -- Installing: /home/kadi/UR5e_ros2/ros2_real/install/ur_robot_driver/share/ur_robot_driver/resources/externalcontrol-1.0.5.urcap
[20.532s] -- Up-to-date: /home/kadi/UR5e_ros2/ros2_real/install/ur_robot_driver/include
[20.532s] -- Up-to-date: /home/kadi/UR5e_ros2/ros2_real/install/ur_robot_driver/include/ur_robot_driver
[20.532s] -- Up-to-date: /home/kadi/UR5e_ros2/ros2_real/install/ur_robot_driver/include/ur_robot_driver/dashboard_client_ros.hpp
[20.532s] -- Up-to-date: /home/kadi/UR5e_ros2/ros2_real/install/ur_robot_driver/include/ur_robot_driver/controller_stopper.hpp
[20.532s] -- Up-to-date: /home/kadi/UR5e_ros2/ros2_real/install/ur_robot_driver/include/ur_robot_driver/urcl_log_handler.hpp
[20.532s] -- Up-to-date: /home/kadi/UR5e_ros2/ros2_real/install/ur_robot_driver/include/ur_robot_driver/hardware_interface.hpp
[20.532s] -- Installing: /home/kadi/UR5e_ros2/ros2_real/install/ur_robot_driver/share/ur_robot_driver/environment/pythonpath.sh
[20.532s] -- Installing: /home/kadi/UR5e_ros2/ros2_real/install/ur_robot_driver/share/ur_robot_driver/environment/pythonpath.dsv
[20.532s] -- Installing: /home/kadi/UR5e_ros2/ros2_real/install/ur_robot_driver/lib/python3.10/site-packages/ur_robot_driver-2.3.10-py3.10.egg-info
[20.532s] -- Installing: /home/kadi/UR5e_ros2/ros2_real/install/ur_robot_driver/lib/python3.10/site-packages/ur_robot_driver-2.3.10-py3.10.egg-info/SOURCES.txt
[20.532s] -- Installing: /home/kadi/UR5e_ros2/ros2_real/install/ur_robot_driver/lib/python3.10/site-packages/ur_robot_driver-2.3.10-py3.10.egg-info/dependency_links.txt
[20.532s] -- Installing: /home/kadi/UR5e_ros2/ros2_real/install/ur_robot_driver/lib/python3.10/site-packages/ur_robot_driver-2.3.10-py3.10.egg-info/PKG-INFO
[20.533s] -- Installing: /home/kadi/UR5e_ros2/ros2_real/install/ur_robot_driver/lib/python3.10/site-packages/ur_robot_driver-2.3.10-py3.10.egg-info/top_level.txt
[20.533s] -- Installing: /home/kadi/UR5e_ros2/ros2_real/install/ur_robot_driver/lib/python3.10/site-packages/ur_robot_driver
[20.533s] -- Installing: /home/kadi/UR5e_ros2/ros2_real/install/ur_robot_driver/lib/python3.10/site-packages/ur_robot_driver/__init__.py
[20.559s] Listing '/home/kadi/UR5e_ros2/ros2_real/install/ur_robot_driver/lib/python3.10/site-packages/ur_robot_driver'...
[20.559s] Compiling '/home/kadi/UR5e_ros2/ros2_real/install/ur_robot_driver/lib/python3.10/site-packages/ur_robot_driver/__init__.py'...
[20.562s] -- Installing: /home/kadi/UR5e_ros2/ros2_real/install/ur_robot_driver/lib/ur_robot_driver/tool_communication.py
[20.563s] -- Installing: /home/kadi/UR5e_ros2/ros2_real/install/ur_robot_driver/bin/wait_dashboard_server.sh
[20.563s] -- Installing: /home/kadi/UR5e_ros2/ros2_real/install/ur_robot_driver/lib/ur_robot_driver/start_ursim.sh
[20.563s] -- Installing: /home/kadi/UR5e_ros2/ros2_real/install/ur_robot_driver/share/ur_robot_driver/config
[20.563s] -- Installing: /home/kadi/UR5e_ros2/ros2_real/install/ur_robot_driver/share/ur_robot_driver/config/ur16e_update_rate.yaml
[20.563s] -- Installing: /home/kadi/UR5e_ros2/ros2_real/install/ur_robot_driver/share/ur_robot_driver/config/ur3e_update_rate.yaml
[20.563s] -- Installing: /home/kadi/UR5e_ros2/ros2_real/install/ur_robot_driver/share/ur_robot_driver/config/ur5_update_rate.yaml
[20.563s] -- Installing: /home/kadi/UR5e_ros2/ros2_real/install/ur_robot_driver/share/ur_robot_driver/config/ur_controllers.yaml
[20.563s] -- Installing: /home/kadi/UR5e_ros2/ros2_real/install/ur_robot_driver/share/ur_robot_driver/config/ur10e_update_rate.yaml
[20.563s] -- Installing: /home/kadi/UR5e_ros2/ros2_real/install/ur_robot_driver/share/ur_robot_driver/config/test_velocity_goal_publishers_config.yaml
[20.563s] -- Installing: /home/kadi/UR5e_ros2/ros2_real/install/ur_robot_driver/share/ur_robot_driver/config/ur30_update_rate.yaml
[20.563s] -- Installing: /home/kadi/UR5e_ros2/ros2_real/install/ur_robot_driver/share/ur_robot_driver/config/test_goal_publishers_config.yaml
[20.563s] -- Installing: /home/kadi/UR5e_ros2/ros2_real/install/ur_robot_driver/share/ur_robot_driver/config/ur3_update_rate.yaml
[20.563s] -- Installing: /home/kadi/UR5e_ros2/ros2_real/install/ur_robot_driver/share/ur_robot_driver/config/ur5e_update_rate.yaml
[20.564s] -- Installing: /home/kadi/UR5e_ros2/ros2_real/install/ur_robot_driver/share/ur_robot_driver/config/ur10_update_rate.yaml
[20.564s] -- Installing: /home/kadi/UR5e_ros2/ros2_real/install/ur_robot_driver/share/ur_robot_driver/config/ur_controllers_cartesian.yaml
[20.564s] -- Installing: /home/kadi/UR5e_ros2/ros2_real/install/ur_robot_driver/share/ur_robot_driver/config/ur20_update_rate.yaml
[20.564s] -- Installing: /home/kadi/UR5e_ros2/ros2_real/install/ur_robot_driver/share/ur_robot_driver/launch
[20.564s] -- Installing: /home/kadi/UR5e_ros2/ros2_real/install/ur_robot_driver/share/ur_robot_driver/launch/ur10.launch.py
[20.564s] -- Installing: /home/kadi/UR5e_ros2/ros2_real/install/ur_robot_driver/share/ur_robot_driver/launch/test_joint_trajectory_controller.launch.py
[20.564s] -- Installing: /home/kadi/UR5e_ros2/ros2_real/install/ur_robot_driver/share/ur_robot_driver/launch/ur5.launch.py
[20.564s] -- Installing: /home/kadi/UR5e_ros2/ros2_real/install/ur_robot_driver/share/ur_robot_driver/launch/ur5e.launch.py
[20.564s] -- Installing: /home/kadi/UR5e_ros2/ros2_real/install/ur_robot_driver/share/ur_robot_driver/launch/ur_dashboard_client.launch.py
[20.564s] -- Installing: /home/kadi/UR5e_ros2/ros2_real/install/ur_robot_driver/share/ur_robot_driver/launch/ur10e.launch.py
[20.564s] -- Installing: /home/kadi/UR5e_ros2/ros2_real/install/ur_robot_driver/share/ur_robot_driver/launch/ur20.launch.py
[20.564s] -- Installing: /home/kadi/UR5e_ros2/ros2_real/install/ur_robot_driver/share/ur_robot_driver/launch/test_scaled_joint_trajectory_controller.launch.py
[20.565s] -- Installing: /home/kadi/UR5e_ros2/ros2_real/install/ur_robot_driver/share/ur_robot_driver/launch/ur30.launch.py
[20.565s] -- Installing: /home/kadi/UR5e_ros2/ros2_real/install/ur_robot_driver/share/ur_robot_driver/launch/test_forward_velocity_controller.launch.py
[20.565s] -- Installing: /home/kadi/UR5e_ros2/ros2_real/install/ur_robot_driver/share/ur_robot_driver/launch/ur16e.launch.py
[20.565s] -- Installing: /home/kadi/UR5e_ros2/ros2_real/install/ur_robot_driver/share/ur_robot_driver/launch/ur3.launch.py
[20.565s] -- Installing: /home/kadi/UR5e_ros2/ros2_real/install/ur_robot_driver/share/ur_robot_driver/launch/ur_control.launch.py
[20.565s] -- Installing: /home/kadi/UR5e_ros2/ros2_real/install/ur_robot_driver/share/ur_robot_driver/launch/ur3e.launch.py
[20.565s] -- Installing: /home/kadi/UR5e_ros2/ros2_real/install/ur_robot_driver/share/ament_index/resource_index/package_run_dependencies/ur_robot_driver
[20.566s] -- Installing: /home/kadi/UR5e_ros2/ros2_real/install/ur_robot_driver/share/ament_index/resource_index/parent_prefix_path/ur_robot_driver
[20.566s] -- Installing: /home/kadi/UR5e_ros2/ros2_real/install/ur_robot_driver/share/ur_robot_driver/environment/ament_prefix_path.sh
[20.566s] -- Installing: /home/kadi/UR5e_ros2/ros2_real/install/ur_robot_driver/share/ur_robot_driver/environment/ament_prefix_path.dsv
[20.566s] -- Installing: /home/kadi/UR5e_ros2/ros2_real/install/ur_robot_driver/share/ur_robot_driver/environment/path.sh
[20.566s] -- Installing: /home/kadi/UR5e_ros2/ros2_real/install/ur_robot_driver/share/ur_robot_driver/environment/path.dsv
[20.566s] -- Installing: /home/kadi/UR5e_ros2/ros2_real/install/ur_robot_driver/share/ur_robot_driver/local_setup.bash
[20.566s] -- Installing: /home/kadi/UR5e_ros2/ros2_real/install/ur_robot_driver/share/ur_robot_driver/local_setup.sh
[20.566s] -- Installing: /home/kadi/UR5e_ros2/ros2_real/install/ur_robot_driver/share/ur_robot_driver/local_setup.zsh
[20.567s] -- Installing: /home/kadi/UR5e_ros2/ros2_real/install/ur_robot_driver/share/ur_robot_driver/local_setup.dsv
[20.567s] -- Installing: /home/kadi/UR5e_ros2/ros2_real/install/ur_robot_driver/share/ur_robot_driver/package.dsv
[20.567s] -- Installing: /home/kadi/UR5e_ros2/ros2_real/install/ur_robot_driver/share/ament_index/resource_index/packages/ur_robot_driver
[20.567s] -- Installing: /home/kadi/UR5e_ros2/ros2_real/install/ur_robot_driver/share/ament_index/resource_index/hardware_interface__pluginlib__plugin/ur_robot_driver
[20.567s] -- Installing: /home/kadi/UR5e_ros2/ros2_real/install/ur_robot_driver/share/ur_robot_driver/cmake/ament_cmake_export_include_directories-extras.cmake
[20.567s] -- Installing: /home/kadi/UR5e_ros2/ros2_real/install/ur_robot_driver/share/ur_robot_driver/cmake/ament_cmake_export_libraries-extras.cmake
[20.567s] -- Installing: /home/kadi/UR5e_ros2/ros2_real/install/ur_robot_driver/share/ur_robot_driver/cmake/ament_cmake_export_dependencies-extras.cmake
[20.568s] -- Installing: /home/kadi/UR5e_ros2/ros2_real/install/ur_robot_driver/share/ur_robot_driver/cmake/ur_robot_driverConfig.cmake
[20.568s] -- Installing: /home/kadi/UR5e_ros2/ros2_real/install/ur_robot_driver/share/ur_robot_driver/cmake/ur_robot_driverConfig-version.cmake
[20.568s] -- Installing: /home/kadi/UR5e_ros2/ros2_real/install/ur_robot_driver/share/ur_robot_driver/package.xml
[20.570s] Invoked command in '/home/kadi/UR5e_ros2/ros2_real/build/ur_robot_driver' returned '0': AMENT_PREFIX_PATH=/home/kadi/UR5e_ros2/ros2_real/install/velocity_controllers:/home/kadi/UR5e_ros2/ros2_real/install/position_controllers:/home/kadi/UR5e_ros2/ros2_real/install/joint_trajectory_controller:/home/kadi/UR5e_ros2/ros2_real/install/joint_state_broadcaster:/home/kadi/UR5e_ros2/ros2_real/install/forward_command_controller:/home/kadi/UR5e_ros2/ros2_real/install/force_torque_sensor_broadcaster:/home/kadi/UR5e_ros2/ros2_real/install/controller_manager:/home/kadi/UR5e_ros2/ros2_real/install/hardware_interface_testing:/home/kadi/UR5e_ros2/ros2_real/install/controller_interface:/home/kadi/UR5e_ros2/ros2_real/install/hardware_interface:/home/kadi/UR5e_ros2/ros2_real/install/ur_dashboard_msgs:/home/kadi/UR5e_ros2/ros2_real/install/ros2_controllers_test_nodes:/home/kadi/UR5e_ros2/ros2_real/install/ros2_control_test_assets:/home/kadi/UR5e_ros2/ros2_real/install/controller_manager_msgs:/home/kadi/UR5e_ros2/ros2_real/install/control_msgs:${AMENT_PREFIX_PATH} CMAKE_PREFIX_PATH=/home/kadi/UR5e_ros2/ros2_real/install/velocity_controllers:/home/kadi/UR5e_ros2/ros2_real/install/position_controllers:/home/kadi/UR5e_ros2/ros2_real/install/joint_trajectory_controller:/home/kadi/UR5e_ros2/ros2_real/install/joint_state_broadcaster:/home/kadi/UR5e_ros2/ros2_real/install/forward_command_controller:/home/kadi/UR5e_ros2/ros2_real/install/force_torque_sensor_broadcaster:/home/kadi/UR5e_ros2/ros2_real/install/controller_manager:/home/kadi/UR5e_ros2/ros2_real/install/hardware_interface_testing:/home/kadi/UR5e_ros2/ros2_real/install/controller_interface:/home/kadi/UR5e_ros2/ros2_real/install/hardware_interface:/home/kadi/UR5e_ros2/ros2_real/install/ur_msgs:/home/kadi/UR5e_ros2/ros2_real/install/ur_description:/home/kadi/UR5e_ros2/ros2_real/install/ur_dashboard_msgs:/home/kadi/UR5e_ros2/ros2_real/install/ur_client_library:/home/kadi/UR5e_ros2/ros2_real/install/ros2_control_test_assets:/home/kadi/UR5e_ros2/ros2_real/install/controller_manager_msgs:/home/kadi/UR5e_ros2/ros2_real/install/control_msgs:/opt/ros/iron LD_LIBRARY_PATH=/home/kadi/UR5e_ros2/ros2_real/install/velocity_controllers/lib:/home/kadi/UR5e_ros2/ros2_real/install/position_controllers/lib:/home/kadi/UR5e_ros2/ros2_real/install/joint_trajectory_controller/lib:/home/kadi/UR5e_ros2/ros2_real/install/joint_state_broadcaster/lib:/home/kadi/UR5e_ros2/ros2_real/install/forward_command_controller/lib:/home/kadi/UR5e_ros2/ros2_real/install/force_torque_sensor_broadcaster/lib:/home/kadi/UR5e_ros2/ros2_real/install/controller_manager/lib:/home/kadi/UR5e_ros2/ros2_real/install/hardware_interface_testing/lib:/home/kadi/UR5e_ros2/ros2_real/install/controller_interface/lib:/home/kadi/UR5e_ros2/ros2_real/install/hardware_interface/lib:/home/kadi/UR5e_ros2/ros2_real/install/ur_msgs/lib:/home/kadi/UR5e_ros2/ros2_real/install/ur_dashboard_msgs/lib:/home/kadi/UR5e_ros2/ros2_real/install/ur_client_library/lib:/home/kadi/UR5e_ros2/ros2_real/install/ros2_control_test_assets/lib:/home/kadi/UR5e_ros2/ros2_real/install/controller_manager_msgs/lib:/home/kadi/UR5e_ros2/ros2_real/install/control_msgs/lib:/home/kadi/mujoco-3.0.0/lib:/home/kadi/mujoco-3.0.0/lib:/home/kadi/mujoco-3.0.0/lib:/home/kadi/mujoco-3.0.0/lib:/home/kadi/mujoco-3.0.0/lib:/usr/lib/x86_64-linux-gnu/gazebo-11/plugins:/opt/ros/iron/opt/rviz_ogre_vendor/lib:/opt/ros/iron/lib/x86_64-linux-gnu:/opt/ros/iron/lib PKG_CONFIG_PATH=/home/kadi/UR5e_ros2/ros2_real/install/ur_client_library/lib/x86_64-linux-gnu/pkgconfig:/home/kadi/UR5e_ros2/ros2_real/install/ur_client_library/lib/pkgconfig PYTHONPATH=/home/kadi/UR5e_ros2/ros2_real/install/controller_manager/lib/python3.10/site-packages:/home/kadi/UR5e_ros2/ros2_real/install/ur_msgs/lib/python3.10/site-packages:/home/kadi/UR5e_ros2/ros2_real/install/ur_dashboard_msgs/lib/python3.10/site-packages:/home/kadi/UR5e_ros2/ros2_real/install/ros2_controllers_test_nodes/lib/python3.10/site-packages:/home/kadi/UR5e_ros2/ros2_real/install/controller_manager_msgs/lib/python3.10/site-packages:/home/kadi/UR5e_ros2/ros2_real/install/control_msgs/lib/python3.10/site-packages:/opt/ros/iron/lib/python3.10/site-packages /usr/bin/cmake --install /home/kadi/UR5e_ros2/ros2_real/build/ur_robot_driver
