[0.014s] Invoking command in '/home/kadi/UR5e_ros2/ros2_real/build/transmission_interface': AMENT_PREFIX_PATH=/home/kadi/UR5e_ros2/ros2_real/install/hardware_interface:/home/kadi/UR5e_ros2/ros2_real/install/ros2_control_test_assets:/home/kadi/UR5e_ros2/ros2_real/install/control_msgs:${AMENT_PREFIX_PATH} CMAKE_PREFIX_PATH=/home/kadi/UR5e_ros2/ros2_real/install/hardware_interface:/home/kadi/UR5e_ros2/ros2_real/install/ros2_control_test_assets:/home/kadi/UR5e_ros2/ros2_real/install/control_msgs:/home/kadi/UR5e_ros2/ros2_real/install/ur_msgs:/home/kadi/UR5e_ros2/ros2_real/install/ur_description:/opt/ros/iron LD_LIBRARY_PATH=/home/kadi/UR5e_ros2/ros2_real/install/hardware_interface/lib:/home/kadi/UR5e_ros2/ros2_real/install/ros2_control_test_assets/lib:/home/kadi/UR5e_ros2/ros2_real/install/control_msgs/lib:${LD_LIBRARY_PATH} PYTHONPATH=/home/kadi/UR5e_ros2/ros2_real/install/control_msgs/lib/python3.10/site-packages:${PYTHONPATH} /usr/bin/cmake --build /home/kadi/UR5e_ros2/ros2_real/build/transmission_interface -- -j16 -l16
[0.059s] [35m[1mConsolidate compiler generated dependencies of target gmock_main[0m
[0.059s] [35m[1mConsolidate compiler generated dependencies of target gmock[0m
[0.060s] [35m[1mConsolidate compiler generated dependencies of target transmission_interface[0m
[0.073s] [ 21%] Built target gmock_main
[0.073s] [ 21%] Built target gmock
[0.080s] [ 39%] Built target transmission_interface
[0.084s] [35m[1mConsolidate compiler generated dependencies of target test_utils[0m
[0.091s] [35m[1mConsolidate compiler generated dependencies of target test_four_bar_linkage_transmission[0m
[0.091s] [35m[1mConsolidate compiler generated dependencies of target test_differential_transmission_loader[0m
[0.091s] [35m[1mConsolidate compiler generated dependencies of target test_simple_transmission[0m
[0.092s] [35m[1mConsolidate compiler generated dependencies of target test_differential_transmission[0m
[0.092s] [35m[1mConsolidate compiler generated dependencies of target test_simple_transmission_loader[0m
[0.092s] [35m[1mConsolidate compiler generated dependencies of target test_four_bar_linkage_transmission_loader[0m
[0.100s] [ 47%] Built target test_utils
[0.103s] [ 65%] Built target test_four_bar_linkage_transmission
[0.103s] [ 65%] Built target test_simple_transmission
[0.104s] [ 73%] Built target test_differential_transmission_loader
[0.104s] [ 82%] Built target test_differential_transmission
[0.104s] [ 91%] Built target test_simple_transmission_loader
[0.106s] [100%] Built target test_four_bar_linkage_transmission_loader
[0.241s] Invoked command in '/home/kadi/UR5e_ros2/ros2_real/build/transmission_interface' returned '0': AMENT_PREFIX_PATH=/home/kadi/UR5e_ros2/ros2_real/install/hardware_interface:/home/kadi/UR5e_ros2/ros2_real/install/ros2_control_test_assets:/home/kadi/UR5e_ros2/ros2_real/install/control_msgs:${AMENT_PREFIX_PATH} CMAKE_PREFIX_PATH=/home/kadi/UR5e_ros2/ros2_real/install/hardware_interface:/home/kadi/UR5e_ros2/ros2_real/install/ros2_control_test_assets:/home/kadi/UR5e_ros2/ros2_real/install/control_msgs:/home/kadi/UR5e_ros2/ros2_real/install/ur_msgs:/home/kadi/UR5e_ros2/ros2_real/install/ur_description:/opt/ros/iron LD_LIBRARY_PATH=/home/kadi/UR5e_ros2/ros2_real/install/hardware_interface/lib:/home/kadi/UR5e_ros2/ros2_real/install/ros2_control_test_assets/lib:/home/kadi/UR5e_ros2/ros2_real/install/control_msgs/lib:${LD_LIBRARY_PATH} PYTHONPATH=/home/kadi/UR5e_ros2/ros2_real/install/control_msgs/lib/python3.10/site-packages:${PYTHONPATH} /usr/bin/cmake --build /home/kadi/UR5e_ros2/ros2_real/build/transmission_interface -- -j16 -l16
[0.242s] Invoking command in '/home/kadi/UR5e_ros2/ros2_real/build/transmission_interface': AMENT_PREFIX_PATH=/home/kadi/UR5e_ros2/ros2_real/install/hardware_interface:/home/kadi/UR5e_ros2/ros2_real/install/ros2_control_test_assets:/home/kadi/UR5e_ros2/ros2_real/install/control_msgs:${AMENT_PREFIX_PATH} CMAKE_PREFIX_PATH=/home/kadi/UR5e_ros2/ros2_real/install/hardware_interface:/home/kadi/UR5e_ros2/ros2_real/install/ros2_control_test_assets:/home/kadi/UR5e_ros2/ros2_real/install/control_msgs:/home/kadi/UR5e_ros2/ros2_real/install/ur_msgs:/home/kadi/UR5e_ros2/ros2_real/install/ur_description:/opt/ros/iron LD_LIBRARY_PATH=/home/kadi/UR5e_ros2/ros2_real/install/hardware_interface/lib:/home/kadi/UR5e_ros2/ros2_real/install/ros2_control_test_assets/lib:/home/kadi/UR5e_ros2/ros2_real/install/control_msgs/lib:${LD_LIBRARY_PATH} PYTHONPATH=/home/kadi/UR5e_ros2/ros2_real/install/control_msgs/lib/python3.10/site-packages:${PYTHONPATH} /usr/bin/cmake --install /home/kadi/UR5e_ros2/ros2_real/build/transmission_interface
[0.248s] -- Install configuration: "Release"
[0.248s] -- Up-to-date: /home/kadi/UR5e_ros2/ros2_real/install/transmission_interface/share/transmission_interface/ros2_control_plugins.xml
[0.248s] -- Up-to-date: /home/kadi/UR5e_ros2/ros2_real/install/transmission_interface/include/transmission_interface
[0.249s] -- Up-to-date: /home/kadi/UR5e_ros2/ros2_real/install/transmission_interface/include/transmission_interface/transmission_interface
[0.249s] -- Up-to-date: /home/kadi/UR5e_ros2/ros2_real/install/transmission_interface/include/transmission_interface/transmission_interface/four_bar_linkage_transmission.hpp
[0.249s] -- Up-to-date: /home/kadi/UR5e_ros2/ros2_real/install/transmission_interface/include/transmission_interface/transmission_interface/exception.hpp
[0.249s] -- Up-to-date: /home/kadi/UR5e_ros2/ros2_real/install/transmission_interface/include/transmission_interface/transmission_interface/transmission_interface_exception.hpp
[0.249s] -- Up-to-date: /home/kadi/UR5e_ros2/ros2_real/install/transmission_interface/include/transmission_interface/transmission_interface/four_bar_linkage_transmission_loader.hpp
[0.249s] -- Up-to-date: /home/kadi/UR5e_ros2/ros2_real/install/transmission_interface/include/transmission_interface/transmission_interface/transmission.hpp
[0.249s] -- Up-to-date: /home/kadi/UR5e_ros2/ros2_real/install/transmission_interface/include/transmission_interface/transmission_interface/transmission_loader.hpp
[0.249s] -- Up-to-date: /home/kadi/UR5e_ros2/ros2_real/install/transmission_interface/include/transmission_interface/transmission_interface/visibility_control.h
[0.249s] -- Up-to-date: /home/kadi/UR5e_ros2/ros2_real/install/transmission_interface/include/transmission_interface/transmission_interface/simple_transmission.hpp
[0.249s] -- Up-to-date: /home/kadi/UR5e_ros2/ros2_real/install/transmission_interface/include/transmission_interface/transmission_interface/differential_transmission_loader.hpp
[0.249s] -- Up-to-date: /home/kadi/UR5e_ros2/ros2_real/install/transmission_interface/include/transmission_interface/transmission_interface/handle.hpp
[0.249s] -- Up-to-date: /home/kadi/UR5e_ros2/ros2_real/install/transmission_interface/include/transmission_interface/transmission_interface/simple_transmission_loader.hpp
[0.250s] -- Up-to-date: /home/kadi/UR5e_ros2/ros2_real/install/transmission_interface/include/transmission_interface/transmission_interface/differential_transmission.hpp
[0.250s] -- Up-to-date: /home/kadi/UR5e_ros2/ros2_real/install/transmission_interface/include/transmission_interface/transmission_interface/accessor.hpp
[0.250s] -- Up-to-date: /home/kadi/UR5e_ros2/ros2_real/install/transmission_interface/lib/libtransmission_interface.so
[0.250s] -- Up-to-date: /home/kadi/UR5e_ros2/ros2_real/install/transmission_interface/share/transmission_interface/environment/library_path.sh
[0.250s] -- Up-to-date: /home/kadi/UR5e_ros2/ros2_real/install/transmission_interface/share/transmission_interface/environment/library_path.dsv
[0.250s] -- Up-to-date: /home/kadi/UR5e_ros2/ros2_real/install/transmission_interface/share/ament_index/resource_index/package_run_dependencies/transmission_interface
[0.250s] -- Up-to-date: /home/kadi/UR5e_ros2/ros2_real/install/transmission_interface/share/ament_index/resource_index/parent_prefix_path/transmission_interface
[0.250s] -- Up-to-date: /home/kadi/UR5e_ros2/ros2_real/install/transmission_interface/share/transmission_interface/environment/ament_prefix_path.sh
[0.250s] -- Up-to-date: /home/kadi/UR5e_ros2/ros2_real/install/transmission_interface/share/transmission_interface/environment/ament_prefix_path.dsv
[0.250s] -- Up-to-date: /home/kadi/UR5e_ros2/ros2_real/install/transmission_interface/share/transmission_interface/environment/path.sh
[0.250s] -- Up-to-date: /home/kadi/UR5e_ros2/ros2_real/install/transmission_interface/share/transmission_interface/environment/path.dsv
[0.250s] -- Up-to-date: /home/kadi/UR5e_ros2/ros2_real/install/transmission_interface/share/transmission_interface/local_setup.bash
[0.250s] -- Up-to-date: /home/kadi/UR5e_ros2/ros2_real/install/transmission_interface/share/transmission_interface/local_setup.sh
[0.250s] -- Up-to-date: /home/kadi/UR5e_ros2/ros2_real/install/transmission_interface/share/transmission_interface/local_setup.zsh
[0.251s] -- Up-to-date: /home/kadi/UR5e_ros2/ros2_real/install/transmission_interface/share/transmission_interface/local_setup.dsv
[0.251s] -- Installing: /home/kadi/UR5e_ros2/ros2_real/install/transmission_interface/share/transmission_interface/package.dsv
[0.251s] -- Up-to-date: /home/kadi/UR5e_ros2/ros2_real/install/transmission_interface/share/ament_index/resource_index/packages/transmission_interface
[0.251s] -- Up-to-date: /home/kadi/UR5e_ros2/ros2_real/install/transmission_interface/share/ament_index/resource_index/transmission_interface__pluginlib__plugin/transmission_interface
[0.251s] -- Up-to-date: /home/kadi/UR5e_ros2/ros2_real/install/transmission_interface/share/transmission_interface/cmake/export_transmission_interfaceExport.cmake
[0.251s] -- Up-to-date: /home/kadi/UR5e_ros2/ros2_real/install/transmission_interface/share/transmission_interface/cmake/export_transmission_interfaceExport-release.cmake
[0.251s] -- Up-to-date: /home/kadi/UR5e_ros2/ros2_real/install/transmission_interface/share/transmission_interface/cmake/ament_cmake_export_targets-extras.cmake
[0.251s] -- Up-to-date: /home/kadi/UR5e_ros2/ros2_real/install/transmission_interface/share/transmission_interface/cmake/ament_cmake_export_dependencies-extras.cmake
[0.251s] -- Up-to-date: /home/kadi/UR5e_ros2/ros2_real/install/transmission_interface/share/transmission_interface/cmake/transmission_interfaceConfig.cmake
[0.251s] -- Up-to-date: /home/kadi/UR5e_ros2/ros2_real/install/transmission_interface/share/transmission_interface/cmake/transmission_interfaceConfig-version.cmake
[0.251s] -- Up-to-date: /home/kadi/UR5e_ros2/ros2_real/install/transmission_interface/share/transmission_interface/package.xml
[0.254s] Invoked command in '/home/kadi/UR5e_ros2/ros2_real/build/transmission_interface' returned '0': AMENT_PREFIX_PATH=/home/kadi/UR5e_ros2/ros2_real/install/hardware_interface:/home/kadi/UR5e_ros2/ros2_real/install/ros2_control_test_assets:/home/kadi/UR5e_ros2/ros2_real/install/control_msgs:${AMENT_PREFIX_PATH} CMAKE_PREFIX_PATH=/home/kadi/UR5e_ros2/ros2_real/install/hardware_interface:/home/kadi/UR5e_ros2/ros2_real/install/ros2_control_test_assets:/home/kadi/UR5e_ros2/ros2_real/install/control_msgs:/home/kadi/UR5e_ros2/ros2_real/install/ur_msgs:/home/kadi/UR5e_ros2/ros2_real/install/ur_description:/opt/ros/iron LD_LIBRARY_PATH=/home/kadi/UR5e_ros2/ros2_real/install/hardware_interface/lib:/home/kadi/UR5e_ros2/ros2_real/install/ros2_control_test_assets/lib:/home/kadi/UR5e_ros2/ros2_real/install/control_msgs/lib:${LD_LIBRARY_PATH} PYTHONPATH=/home/kadi/UR5e_ros2/ros2_real/install/control_msgs/lib/python3.10/site-packages:${PYTHONPATH} /usr/bin/cmake --install /home/kadi/UR5e_ros2/ros2_real/build/transmission_interface
