[0.024s] Invoking command in '/home/kadi/UR5e_ros2/ros2_real/build/forward_command_controller': AMENT_PREFIX_PATH=/home/kadi/UR5e_ros2/ros2_real/install/controller_manager:/home/kadi/UR5e_ros2/ros2_real/install/hardware_interface_testing:/home/kadi/UR5e_ros2/ros2_real/install/controller_interface:/home/kadi/UR5e_ros2/ros2_real/install/hardware_interface:/home/kadi/UR5e_ros2/ros2_real/install/ros2_control_test_assets:/home/kadi/UR5e_ros2/ros2_real/install/controller_manager_msgs:/home/kadi/UR5e_ros2/ros2_real/install/control_msgs:${AMENT_PREFIX_PATH} CMAKE_PREFIX_PATH=/home/kadi/UR5e_ros2/ros2_real/install/controller_manager:/home/kadi/UR5e_ros2/ros2_real/install/hardware_interface_testing:/home/kadi/UR5e_ros2/ros2_real/install/controller_interface:/home/kadi/UR5e_ros2/ros2_real/install/hardware_interface:/home/kadi/UR5e_ros2/ros2_real/install/ros2_control_test_assets:/home/kadi/UR5e_ros2/ros2_real/install/controller_manager_msgs:/home/kadi/UR5e_ros2/ros2_real/install/control_msgs:/home/kadi/UR5e_ros2/ros2_real/install/ur_msgs:/home/kadi/UR5e_ros2/ros2_real/install/ur_description:/opt/ros/iron LD_LIBRARY_PATH=/home/kadi/UR5e_ros2/ros2_real/install/controller_manager/lib:/home/kadi/UR5e_ros2/ros2_real/install/hardware_interface_testing/lib:/home/kadi/UR5e_ros2/ros2_real/install/controller_interface/lib:/home/kadi/UR5e_ros2/ros2_real/install/hardware_interface/lib:/home/kadi/UR5e_ros2/ros2_real/install/ros2_control_test_assets/lib:/home/kadi/UR5e_ros2/ros2_real/install/controller_manager_msgs/lib:/home/kadi/UR5e_ros2/ros2_real/install/control_msgs/lib:${LD_LIBRARY_PATH} PYTHONPATH=/home/kadi/UR5e_ros2/ros2_real/install/controller_manager/lib/python3.10/site-packages:/home/kadi/UR5e_ros2/ros2_real/install/controller_manager_msgs/lib/python3.10/site-packages:/home/kadi/UR5e_ros2/ros2_real/install/control_msgs/lib/python3.10/site-packages:${PYTHONPATH} /usr/bin/cmake --build /home/kadi/UR5e_ros2/ros2_real/build/forward_command_controller -- -j16 -l16
[0.065s] [35m[1mConsolidate compiler generated dependencies of target gmock[0m
[0.066s] [35m[1mConsolidate compiler generated dependencies of target gmock_main[0m
[0.074s] [  5%] Built target multi_interface_forward_command_controller_parameters
[0.074s] [ 10%] Built target forward_command_controller_parameters
[0.078s] [ 26%] Built target gmock_main
[0.078s] [ 36%] Built target gmock
[0.084s] [35m[1mConsolidate compiler generated dependencies of target forward_command_controller[0m
[0.100s] [ 57%] Built target forward_command_controller
[0.113s] [35m[1mConsolidate compiler generated dependencies of target test_forward_command_controller[0m
[0.113s] [35m[1mConsolidate compiler generated dependencies of target test_load_forward_command_controller[0m
[0.113s] [35m[1mConsolidate compiler generated dependencies of target test_load_multi_interface_forward_command_controller[0m
[0.114s] [35m[1mConsolidate compiler generated dependencies of target test_multi_interface_forward_command_controller[0m
[0.132s] [ 68%] Built target test_forward_command_controller
[0.132s] [ 78%] Built target test_load_forward_command_controller
[0.132s] [ 89%] Built target test_multi_interface_forward_command_controller
[0.133s] [100%] Built target test_load_multi_interface_forward_command_controller
[0.145s] Invoked command in '/home/kadi/UR5e_ros2/ros2_real/build/forward_command_controller' returned '0': AMENT_PREFIX_PATH=/home/kadi/UR5e_ros2/ros2_real/install/controller_manager:/home/kadi/UR5e_ros2/ros2_real/install/hardware_interface_testing:/home/kadi/UR5e_ros2/ros2_real/install/controller_interface:/home/kadi/UR5e_ros2/ros2_real/install/hardware_interface:/home/kadi/UR5e_ros2/ros2_real/install/ros2_control_test_assets:/home/kadi/UR5e_ros2/ros2_real/install/controller_manager_msgs:/home/kadi/UR5e_ros2/ros2_real/install/control_msgs:${AMENT_PREFIX_PATH} CMAKE_PREFIX_PATH=/home/kadi/UR5e_ros2/ros2_real/install/controller_manager:/home/kadi/UR5e_ros2/ros2_real/install/hardware_interface_testing:/home/kadi/UR5e_ros2/ros2_real/install/controller_interface:/home/kadi/UR5e_ros2/ros2_real/install/hardware_interface:/home/kadi/UR5e_ros2/ros2_real/install/ros2_control_test_assets:/home/kadi/UR5e_ros2/ros2_real/install/controller_manager_msgs:/home/kadi/UR5e_ros2/ros2_real/install/control_msgs:/home/kadi/UR5e_ros2/ros2_real/install/ur_msgs:/home/kadi/UR5e_ros2/ros2_real/install/ur_description:/opt/ros/iron LD_LIBRARY_PATH=/home/kadi/UR5e_ros2/ros2_real/install/controller_manager/lib:/home/kadi/UR5e_ros2/ros2_real/install/hardware_interface_testing/lib:/home/kadi/UR5e_ros2/ros2_real/install/controller_interface/lib:/home/kadi/UR5e_ros2/ros2_real/install/hardware_interface/lib:/home/kadi/UR5e_ros2/ros2_real/install/ros2_control_test_assets/lib:/home/kadi/UR5e_ros2/ros2_real/install/controller_manager_msgs/lib:/home/kadi/UR5e_ros2/ros2_real/install/control_msgs/lib:${LD_LIBRARY_PATH} PYTHONPATH=/home/kadi/UR5e_ros2/ros2_real/install/controller_manager/lib/python3.10/site-packages:/home/kadi/UR5e_ros2/ros2_real/install/controller_manager_msgs/lib/python3.10/site-packages:/home/kadi/UR5e_ros2/ros2_real/install/control_msgs/lib/python3.10/site-packages:${PYTHONPATH} /usr/bin/cmake --build /home/kadi/UR5e_ros2/ros2_real/build/forward_command_controller -- -j16 -l16
[0.146s] Invoking command in '/home/kadi/UR5e_ros2/ros2_real/build/forward_command_controller': AMENT_PREFIX_PATH=/home/kadi/UR5e_ros2/ros2_real/install/controller_manager:/home/kadi/UR5e_ros2/ros2_real/install/hardware_interface_testing:/home/kadi/UR5e_ros2/ros2_real/install/controller_interface:/home/kadi/UR5e_ros2/ros2_real/install/hardware_interface:/home/kadi/UR5e_ros2/ros2_real/install/ros2_control_test_assets:/home/kadi/UR5e_ros2/ros2_real/install/controller_manager_msgs:/home/kadi/UR5e_ros2/ros2_real/install/control_msgs:${AMENT_PREFIX_PATH} CMAKE_PREFIX_PATH=/home/kadi/UR5e_ros2/ros2_real/install/controller_manager:/home/kadi/UR5e_ros2/ros2_real/install/hardware_interface_testing:/home/kadi/UR5e_ros2/ros2_real/install/controller_interface:/home/kadi/UR5e_ros2/ros2_real/install/hardware_interface:/home/kadi/UR5e_ros2/ros2_real/install/ros2_control_test_assets:/home/kadi/UR5e_ros2/ros2_real/install/controller_manager_msgs:/home/kadi/UR5e_ros2/ros2_real/install/control_msgs:/home/kadi/UR5e_ros2/ros2_real/install/ur_msgs:/home/kadi/UR5e_ros2/ros2_real/install/ur_description:/opt/ros/iron LD_LIBRARY_PATH=/home/kadi/UR5e_ros2/ros2_real/install/controller_manager/lib:/home/kadi/UR5e_ros2/ros2_real/install/hardware_interface_testing/lib:/home/kadi/UR5e_ros2/ros2_real/install/controller_interface/lib:/home/kadi/UR5e_ros2/ros2_real/install/hardware_interface/lib:/home/kadi/UR5e_ros2/ros2_real/install/ros2_control_test_assets/lib:/home/kadi/UR5e_ros2/ros2_real/install/controller_manager_msgs/lib:/home/kadi/UR5e_ros2/ros2_real/install/control_msgs/lib:${LD_LIBRARY_PATH} PYTHONPATH=/home/kadi/UR5e_ros2/ros2_real/install/controller_manager/lib/python3.10/site-packages:/home/kadi/UR5e_ros2/ros2_real/install/controller_manager_msgs/lib/python3.10/site-packages:/home/kadi/UR5e_ros2/ros2_real/install/control_msgs/lib/python3.10/site-packages:${PYTHONPATH} /usr/bin/cmake --install /home/kadi/UR5e_ros2/ros2_real/build/forward_command_controller
[0.154s] -- Install configuration: "Release"
[0.154s] -- Up-to-date: /home/kadi/UR5e_ros2/ros2_real/install/forward_command_controller/include/forward_command_controller_parameters
[0.154s] -- Up-to-date: /home/kadi/UR5e_ros2/ros2_real/install/forward_command_controller/include/forward_command_controller_parameters/forward_command_controller_parameters.hpp
[0.154s] -- Up-to-date: /home/kadi/UR5e_ros2/ros2_real/install/forward_command_controller/include/multi_interface_forward_command_controller_parameters
[0.154s] -- Up-to-date: /home/kadi/UR5e_ros2/ros2_real/install/forward_command_controller/include/multi_interface_forward_command_controller_parameters/multi_interface_forward_command_controller_parameters.hpp
[0.154s] -- Up-to-date: /home/kadi/UR5e_ros2/ros2_real/install/forward_command_controller/share/forward_command_controller/forward_command_plugin.xml
[0.154s] -- Up-to-date: /home/kadi/UR5e_ros2/ros2_real/install/forward_command_controller/include/forward_command_controller
[0.155s] -- Up-to-date: /home/kadi/UR5e_ros2/ros2_real/install/forward_command_controller/include/forward_command_controller/forward_command_controller
[0.155s] -- Up-to-date: /home/kadi/UR5e_ros2/ros2_real/install/forward_command_controller/include/forward_command_controller/forward_command_controller/visibility_control.h
[0.155s] -- Up-to-date: /home/kadi/UR5e_ros2/ros2_real/install/forward_command_controller/include/forward_command_controller/forward_command_controller/forward_command_controller.hpp
[0.155s] -- Up-to-date: /home/kadi/UR5e_ros2/ros2_real/install/forward_command_controller/include/forward_command_controller/forward_command_controller/multi_interface_forward_command_controller.hpp
[0.155s] -- Up-to-date: /home/kadi/UR5e_ros2/ros2_real/install/forward_command_controller/include/forward_command_controller/forward_command_controller/forward_controllers_base.hpp
[0.155s] -- Up-to-date: /home/kadi/UR5e_ros2/ros2_real/install/forward_command_controller/lib/libforward_command_controller.so
[0.155s] -- Up-to-date: /home/kadi/UR5e_ros2/ros2_real/install/forward_command_controller/share/forward_command_controller/environment/library_path.sh
[0.155s] -- Up-to-date: /home/kadi/UR5e_ros2/ros2_real/install/forward_command_controller/share/forward_command_controller/environment/library_path.dsv
[0.155s] -- Up-to-date: /home/kadi/UR5e_ros2/ros2_real/install/forward_command_controller/share/ament_index/resource_index/package_run_dependencies/forward_command_controller
[0.155s] -- Up-to-date: /home/kadi/UR5e_ros2/ros2_real/install/forward_command_controller/share/ament_index/resource_index/parent_prefix_path/forward_command_controller
[0.155s] -- Up-to-date: /home/kadi/UR5e_ros2/ros2_real/install/forward_command_controller/share/forward_command_controller/environment/ament_prefix_path.sh
[0.155s] -- Up-to-date: /home/kadi/UR5e_ros2/ros2_real/install/forward_command_controller/share/forward_command_controller/environment/ament_prefix_path.dsv
[0.155s] -- Up-to-date: /home/kadi/UR5e_ros2/ros2_real/install/forward_command_controller/share/forward_command_controller/environment/path.sh
[0.155s] -- Up-to-date: /home/kadi/UR5e_ros2/ros2_real/install/forward_command_controller/share/forward_command_controller/environment/path.dsv
[0.155s] -- Up-to-date: /home/kadi/UR5e_ros2/ros2_real/install/forward_command_controller/share/forward_command_controller/local_setup.bash
[0.155s] -- Up-to-date: /home/kadi/UR5e_ros2/ros2_real/install/forward_command_controller/share/forward_command_controller/local_setup.sh
[0.155s] -- Up-to-date: /home/kadi/UR5e_ros2/ros2_real/install/forward_command_controller/share/forward_command_controller/local_setup.zsh
[0.155s] -- Up-to-date: /home/kadi/UR5e_ros2/ros2_real/install/forward_command_controller/share/forward_command_controller/local_setup.dsv
[0.155s] -- Installing: /home/kadi/UR5e_ros2/ros2_real/install/forward_command_controller/share/forward_command_controller/package.dsv
[0.155s] -- Up-to-date: /home/kadi/UR5e_ros2/ros2_real/install/forward_command_controller/share/ament_index/resource_index/packages/forward_command_controller
[0.155s] -- Up-to-date: /home/kadi/UR5e_ros2/ros2_real/install/forward_command_controller/share/ament_index/resource_index/controller_interface__pluginlib__plugin/forward_command_controller
[0.155s] -- Up-to-date: /home/kadi/UR5e_ros2/ros2_real/install/forward_command_controller/share/forward_command_controller/cmake/export_forward_command_controllerExport.cmake
[0.155s] -- Up-to-date: /home/kadi/UR5e_ros2/ros2_real/install/forward_command_controller/share/forward_command_controller/cmake/export_forward_command_controllerExport-release.cmake
[0.156s] -- Up-to-date: /home/kadi/UR5e_ros2/ros2_real/install/forward_command_controller/share/forward_command_controller/cmake/ament_cmake_export_targets-extras.cmake
[0.156s] -- Up-to-date: /home/kadi/UR5e_ros2/ros2_real/install/forward_command_controller/share/forward_command_controller/cmake/ament_cmake_export_dependencies-extras.cmake
[0.156s] -- Up-to-date: /home/kadi/UR5e_ros2/ros2_real/install/forward_command_controller/share/forward_command_controller/cmake/forward_command_controllerConfig.cmake
[0.156s] -- Up-to-date: /home/kadi/UR5e_ros2/ros2_real/install/forward_command_controller/share/forward_command_controller/cmake/forward_command_controllerConfig-version.cmake
[0.156s] -- Up-to-date: /home/kadi/UR5e_ros2/ros2_real/install/forward_command_controller/share/forward_command_controller/package.xml
[0.169s] Invoked command in '/home/kadi/UR5e_ros2/ros2_real/build/forward_command_controller' returned '0': AMENT_PREFIX_PATH=/home/kadi/UR5e_ros2/ros2_real/install/controller_manager:/home/kadi/UR5e_ros2/ros2_real/install/hardware_interface_testing:/home/kadi/UR5e_ros2/ros2_real/install/controller_interface:/home/kadi/UR5e_ros2/ros2_real/install/hardware_interface:/home/kadi/UR5e_ros2/ros2_real/install/ros2_control_test_assets:/home/kadi/UR5e_ros2/ros2_real/install/controller_manager_msgs:/home/kadi/UR5e_ros2/ros2_real/install/control_msgs:${AMENT_PREFIX_PATH} CMAKE_PREFIX_PATH=/home/kadi/UR5e_ros2/ros2_real/install/controller_manager:/home/kadi/UR5e_ros2/ros2_real/install/hardware_interface_testing:/home/kadi/UR5e_ros2/ros2_real/install/controller_interface:/home/kadi/UR5e_ros2/ros2_real/install/hardware_interface:/home/kadi/UR5e_ros2/ros2_real/install/ros2_control_test_assets:/home/kadi/UR5e_ros2/ros2_real/install/controller_manager_msgs:/home/kadi/UR5e_ros2/ros2_real/install/control_msgs:/home/kadi/UR5e_ros2/ros2_real/install/ur_msgs:/home/kadi/UR5e_ros2/ros2_real/install/ur_description:/opt/ros/iron LD_LIBRARY_PATH=/home/kadi/UR5e_ros2/ros2_real/install/controller_manager/lib:/home/kadi/UR5e_ros2/ros2_real/install/hardware_interface_testing/lib:/home/kadi/UR5e_ros2/ros2_real/install/controller_interface/lib:/home/kadi/UR5e_ros2/ros2_real/install/hardware_interface/lib:/home/kadi/UR5e_ros2/ros2_real/install/ros2_control_test_assets/lib:/home/kadi/UR5e_ros2/ros2_real/install/controller_manager_msgs/lib:/home/kadi/UR5e_ros2/ros2_real/install/control_msgs/lib:${LD_LIBRARY_PATH} PYTHONPATH=/home/kadi/UR5e_ros2/ros2_real/install/controller_manager/lib/python3.10/site-packages:/home/kadi/UR5e_ros2/ros2_real/install/controller_manager_msgs/lib/python3.10/site-packages:/home/kadi/UR5e_ros2/ros2_real/install/control_msgs/lib/python3.10/site-packages:${PYTHONPATH} /usr/bin/cmake --install /home/kadi/UR5e_ros2/ros2_real/build/forward_command_controller
