[0.037s] Invoking command in '/home/kadi/UR5e_ros2/ros2_real/build/controller_manager': AMENT_PREFIX_PATH=/home/kadi/UR5e_ros2/ros2_real/install/hardware_interface_testing:/home/kadi/UR5e_ros2/ros2_real/install/controller_interface:/home/kadi/UR5e_ros2/ros2_real/install/hardware_interface:/home/kadi/UR5e_ros2/ros2_real/install/ros2_control_test_assets:/home/kadi/UR5e_ros2/ros2_real/install/controller_manager_msgs:/home/kadi/UR5e_ros2/ros2_real/install/control_msgs:${AMENT_PREFIX_PATH} CMAKE_PREFIX_PATH=/home/kadi/UR5e_ros2/ros2_real/install/hardware_interface_testing:/home/kadi/UR5e_ros2/ros2_real/install/controller_interface:/home/kadi/UR5e_ros2/ros2_real/install/hardware_interface:/home/kadi/UR5e_ros2/ros2_real/install/ros2_control_test_assets:/home/kadi/UR5e_ros2/ros2_real/install/controller_manager_msgs:/home/kadi/UR5e_ros2/ros2_real/install/control_msgs:/home/kadi/UR5e_ros2/ros2_real/install/ur_msgs:/home/kadi/UR5e_ros2/ros2_real/install/ur_description:/opt/ros/iron LD_LIBRARY_PATH=/home/kadi/UR5e_ros2/ros2_real/install/hardware_interface_testing/lib:/home/kadi/UR5e_ros2/ros2_real/install/controller_interface/lib:/home/kadi/UR5e_ros2/ros2_real/install/hardware_interface/lib:/home/kadi/UR5e_ros2/ros2_real/install/ros2_control_test_assets/lib:/home/kadi/UR5e_ros2/ros2_real/install/controller_manager_msgs/lib:/home/kadi/UR5e_ros2/ros2_real/install/control_msgs/lib:${LD_LIBRARY_PATH} PYTHONPATH=/home/kadi/UR5e_ros2/ros2_real/install/controller_manager_msgs/lib/python3.10/site-packages:/home/kadi/UR5e_ros2/ros2_real/install/control_msgs/lib/python3.10/site-packages:${PYTHONPATH} /usr/bin/cmake --build /home/kadi/UR5e_ros2/ros2_real/build/controller_manager -- -j16 -l16
[0.075s] [35m[1mConsolidate compiler generated dependencies of target gmock_main[0m
[0.075s] [35m[1mConsolidate compiler generated dependencies of target gmock[0m
[0.075s] [35m[1mConsolidate compiler generated dependencies of target controller_manager[0m
[0.086s] [  5%] Built target gmock_main
[0.091s] [ 13%] Built target gmock
[0.093s] [ 13%] Built target ament_cmake_python_copy_controller_manager
[0.094s] [ 13%] Built target ament_cmake_python_copy_controller_manager_setup
[0.094s] [ 18%] Built target controller_manager
[0.103s] [35m[1mConsolidate compiler generated dependencies of target test_controller[0m
[0.104s] [35m[1mConsolidate compiler generated dependencies of target ros2_control_node[0m
[0.105s] [35m[1mConsolidate compiler generated dependencies of target test_chainable_controller[0m
[0.105s] [35m[1mConsolidate compiler generated dependencies of target test_controller_failed_init[0m
[0.106s] [35m[1mConsolidate compiler generated dependencies of target test_controller_manager_urdf_passing[0m
[0.107s] [35m[1mConsolidate compiler generated dependencies of target test_controller_with_interfaces[0m
[0.122s] [ 29%] Built target test_controller
[0.122s] [ 29%] Built target ros2_control_node
[0.123s] [ 40%] Built target test_chainable_controller
[0.123s] [ 40%] Built target test_controller_failed_init
[0.127s] [ 45%] Built target test_controller_with_interfaces
[0.129s] [ 51%] Built target test_controller_manager_urdf_passing
[0.134s] [35m[1mConsolidate compiler generated dependencies of target test_hardware_management_srvs[0m
[0.134s] [35m[1mConsolidate compiler generated dependencies of target test_controller_manager_hardware_error_handling[0m
[0.134s] [35m[1mConsolidate compiler generated dependencies of target test_controller_manager_with_namespace[0m
[0.134s] [35m[1mConsolidate compiler generated dependencies of target test_controller_manager[0m
[0.135s] [35m[1mConsolidate compiler generated dependencies of target test_spawner_unspawner[0m
[0.135s] [35m[1mConsolidate compiler generated dependencies of target test_controllers_chaining_with_controller_manager[0m
[0.135s] [35m[1mConsolidate compiler generated dependencies of target test_load_controller[0m
[0.135s] [35m[1mConsolidate compiler generated dependencies of target test_controller_manager_srvs[0m
[0.140s] [35m[1mConsolidate compiler generated dependencies of target test_release_interfaces[0m
[0.154s] [ 81%] Built target test_controller_manager_with_namespace
[0.155s] [ 81%] Built target test_hardware_management_srvs
[0.155s] [ 81%] Built target test_controller_manager_hardware_error_handling
[0.156s] [ 81%] Built target test_load_controller
[0.156s] [ 89%] Built target test_controller_manager_srvs
[0.157s] [ 81%] Built target test_spawner_unspawner
[0.157s] [ 83%] Built target test_controllers_chaining_with_controller_manager
[0.157s] [ 94%] Built target test_controller_manager
[0.160s] [100%] Built target test_release_interfaces
[0.278s] running install_scripts
[0.278s] running egg_info
[0.279s] writing controller_manager.egg-info/PKG-INFO
[0.279s] writing dependency_links to controller_manager.egg-info/dependency_links.txt
[0.279s] /usr/lib/python3/dist-packages/setuptools/command/install.py:34: SetuptoolsDeprecationWarning: setup.py install is deprecated. Use build and pip and other standards-based tools.
[0.279s]   warnings.warn(
[0.279s] writing entry points to controller_manager.egg-info/entry_points.txt
[0.279s] writing top-level names to controller_manager.egg-info/top_level.txt
[0.280s] reading manifest file 'controller_manager.egg-info/SOURCES.txt'
[0.281s] writing manifest file 'controller_manager.egg-info/SOURCES.txt'
[0.292s] running egg_info
[0.294s] writing controller_manager.egg-info/PKG-INFO
[0.294s] writing dependency_links to controller_manager.egg-info/dependency_links.txt
[0.294s] writing entry points to controller_manager.egg-info/entry_points.txt
[0.294s] writing top-level names to controller_manager.egg-info/top_level.txt
[0.295s] reading manifest file 'controller_manager.egg-info/SOURCES.txt'
[0.296s] writing manifest file 'controller_manager.egg-info/SOURCES.txt'
[0.297s] Installing hardware_spawner script to scripts
[0.297s] Installing spawner script to scripts
[0.297s] Installing unspawner script to scripts
[0.304s] [100%] Built target ament_cmake_python_build_controller_manager_egg
[0.328s] [100%] Built target ament_cmake_python_build_controller_manager_scripts
[0.342s] Invoked command in '/home/kadi/UR5e_ros2/ros2_real/build/controller_manager' returned '0': AMENT_PREFIX_PATH=/home/kadi/UR5e_ros2/ros2_real/install/hardware_interface_testing:/home/kadi/UR5e_ros2/ros2_real/install/controller_interface:/home/kadi/UR5e_ros2/ros2_real/install/hardware_interface:/home/kadi/UR5e_ros2/ros2_real/install/ros2_control_test_assets:/home/kadi/UR5e_ros2/ros2_real/install/controller_manager_msgs:/home/kadi/UR5e_ros2/ros2_real/install/control_msgs:${AMENT_PREFIX_PATH} CMAKE_PREFIX_PATH=/home/kadi/UR5e_ros2/ros2_real/install/hardware_interface_testing:/home/kadi/UR5e_ros2/ros2_real/install/controller_interface:/home/kadi/UR5e_ros2/ros2_real/install/hardware_interface:/home/kadi/UR5e_ros2/ros2_real/install/ros2_control_test_assets:/home/kadi/UR5e_ros2/ros2_real/install/controller_manager_msgs:/home/kadi/UR5e_ros2/ros2_real/install/control_msgs:/home/kadi/UR5e_ros2/ros2_real/install/ur_msgs:/home/kadi/UR5e_ros2/ros2_real/install/ur_description:/opt/ros/iron LD_LIBRARY_PATH=/home/kadi/UR5e_ros2/ros2_real/install/hardware_interface_testing/lib:/home/kadi/UR5e_ros2/ros2_real/install/controller_interface/lib:/home/kadi/UR5e_ros2/ros2_real/install/hardware_interface/lib:/home/kadi/UR5e_ros2/ros2_real/install/ros2_control_test_assets/lib:/home/kadi/UR5e_ros2/ros2_real/install/controller_manager_msgs/lib:/home/kadi/UR5e_ros2/ros2_real/install/control_msgs/lib:${LD_LIBRARY_PATH} PYTHONPATH=/home/kadi/UR5e_ros2/ros2_real/install/controller_manager_msgs/lib/python3.10/site-packages:/home/kadi/UR5e_ros2/ros2_real/install/control_msgs/lib/python3.10/site-packages:${PYTHONPATH} /usr/bin/cmake --build /home/kadi/UR5e_ros2/ros2_real/build/controller_manager -- -j16 -l16
[0.343s] Invoking command in '/home/kadi/UR5e_ros2/ros2_real/build/controller_manager': AMENT_PREFIX_PATH=/home/kadi/UR5e_ros2/ros2_real/install/hardware_interface_testing:/home/kadi/UR5e_ros2/ros2_real/install/controller_interface:/home/kadi/UR5e_ros2/ros2_real/install/hardware_interface:/home/kadi/UR5e_ros2/ros2_real/install/ros2_control_test_assets:/home/kadi/UR5e_ros2/ros2_real/install/controller_manager_msgs:/home/kadi/UR5e_ros2/ros2_real/install/control_msgs:${AMENT_PREFIX_PATH} CMAKE_PREFIX_PATH=/home/kadi/UR5e_ros2/ros2_real/install/hardware_interface_testing:/home/kadi/UR5e_ros2/ros2_real/install/controller_interface:/home/kadi/UR5e_ros2/ros2_real/install/hardware_interface:/home/kadi/UR5e_ros2/ros2_real/install/ros2_control_test_assets:/home/kadi/UR5e_ros2/ros2_real/install/controller_manager_msgs:/home/kadi/UR5e_ros2/ros2_real/install/control_msgs:/home/kadi/UR5e_ros2/ros2_real/install/ur_msgs:/home/kadi/UR5e_ros2/ros2_real/install/ur_description:/opt/ros/iron LD_LIBRARY_PATH=/home/kadi/UR5e_ros2/ros2_real/install/hardware_interface_testing/lib:/home/kadi/UR5e_ros2/ros2_real/install/controller_interface/lib:/home/kadi/UR5e_ros2/ros2_real/install/hardware_interface/lib:/home/kadi/UR5e_ros2/ros2_real/install/ros2_control_test_assets/lib:/home/kadi/UR5e_ros2/ros2_real/install/controller_manager_msgs/lib:/home/kadi/UR5e_ros2/ros2_real/install/control_msgs/lib:${LD_LIBRARY_PATH} PYTHONPATH=/home/kadi/UR5e_ros2/ros2_real/install/controller_manager_msgs/lib/python3.10/site-packages:/home/kadi/UR5e_ros2/ros2_real/install/control_msgs/lib/python3.10/site-packages:${PYTHONPATH} /usr/bin/cmake --install /home/kadi/UR5e_ros2/ros2_real/build/controller_manager
[0.350s] -- Install configuration: "Release"
[0.350s] -- Up-to-date: /home/kadi/UR5e_ros2/ros2_real/install/controller_manager/share/controller_manager/test/test_controller/test_controller.xml
[0.351s] -- Up-to-date: /home/kadi/UR5e_ros2/ros2_real/install/controller_manager/lib/libtest_controller.so
[0.351s] -- Up-to-date: /home/kadi/UR5e_ros2/ros2_real/install/controller_manager/share/controller_manager/test/test_controller_failed_init/test_controller_failed_init.xml
[0.351s] -- Up-to-date: /home/kadi/UR5e_ros2/ros2_real/install/controller_manager/lib/libtest_controller_failed_init.so
[0.351s] -- Up-to-date: /home/kadi/UR5e_ros2/ros2_real/install/controller_manager/share/controller_manager/test/test_chainable_controller/test_chainable_controller.xml
[0.351s] -- Up-to-date: /home/kadi/UR5e_ros2/ros2_real/install/controller_manager/lib/libtest_chainable_controller.so
[0.351s] -- Up-to-date: /home/kadi/UR5e_ros2/ros2_real/install/controller_manager/share/controller_manager/test/test_controller_with_interfaces/test_controller_with_interfaces.xml
[0.352s] -- Up-to-date: /home/kadi/UR5e_ros2/ros2_real/install/controller_manager/lib/libtest_controller_with_interfaces.so
[0.352s] -- Up-to-date: /home/kadi/UR5e_ros2/ros2_real/install/controller_manager/test/test_controller_spawner_with_type.yaml
[0.352s] -- Up-to-date: /home/kadi/UR5e_ros2/ros2_real/install/controller_manager/test/test_ros2_control_node.yaml
[0.352s] -- Up-to-date: /home/kadi/UR5e_ros2/ros2_real/install/controller_manager/include/controller_manager
[0.352s] -- Up-to-date: /home/kadi/UR5e_ros2/ros2_real/install/controller_manager/include/controller_manager/controller_manager
[0.352s] -- Up-to-date: /home/kadi/UR5e_ros2/ros2_real/install/controller_manager/include/controller_manager/controller_manager/controller_manager.hpp
[0.352s] -- Up-to-date: /home/kadi/UR5e_ros2/ros2_real/install/controller_manager/include/controller_manager/controller_manager/controller_spec.hpp
[0.352s] -- Up-to-date: /home/kadi/UR5e_ros2/ros2_real/install/controller_manager/include/controller_manager/controller_manager/visibility_control.h
[0.352s] -- Up-to-date: /home/kadi/UR5e_ros2/ros2_real/install/controller_manager/lib/libcontroller_manager.so
[0.353s] -- Up-to-date: /home/kadi/UR5e_ros2/ros2_real/install/controller_manager/lib/controller_manager/ros2_control_node
[0.353s] -- Up-to-date: /home/kadi/UR5e_ros2/ros2_real/install/controller_manager/share/controller_manager/environment/pythonpath.sh
[0.353s] -- Up-to-date: /home/kadi/UR5e_ros2/ros2_real/install/controller_manager/share/controller_manager/environment/pythonpath.dsv
[0.354s] -- Up-to-date: /home/kadi/UR5e_ros2/ros2_real/install/controller_manager/lib/python3.10/site-packages/controller_manager-3.28.1-py3.10.egg-info
[0.354s] -- Installing: /home/kadi/UR5e_ros2/ros2_real/install/controller_manager/lib/python3.10/site-packages/controller_manager-3.28.1-py3.10.egg-info/entry_points.txt
[0.354s] -- Installing: /home/kadi/UR5e_ros2/ros2_real/install/controller_manager/lib/python3.10/site-packages/controller_manager-3.28.1-py3.10.egg-info/SOURCES.txt
[0.354s] -- Installing: /home/kadi/UR5e_ros2/ros2_real/install/controller_manager/lib/python3.10/site-packages/controller_manager-3.28.1-py3.10.egg-info/dependency_links.txt
[0.354s] -- Installing: /home/kadi/UR5e_ros2/ros2_real/install/controller_manager/lib/python3.10/site-packages/controller_manager-3.28.1-py3.10.egg-info/PKG-INFO
[0.354s] -- Installing: /home/kadi/UR5e_ros2/ros2_real/install/controller_manager/lib/python3.10/site-packages/controller_manager-3.28.1-py3.10.egg-info/top_level.txt
[0.354s] -- Up-to-date: /home/kadi/UR5e_ros2/ros2_real/install/controller_manager/lib/controller_manager/
[0.355s] -- Installing: /home/kadi/UR5e_ros2/ros2_real/install/controller_manager/lib/controller_manager//spawner
[0.355s] -- Installing: /home/kadi/UR5e_ros2/ros2_real/install/controller_manager/lib/controller_manager//hardware_spawner
[0.355s] -- Installing: /home/kadi/UR5e_ros2/ros2_real/install/controller_manager/lib/controller_manager//unspawner
[0.356s] -- Up-to-date: /home/kadi/UR5e_ros2/ros2_real/install/controller_manager/lib/python3.10/site-packages/controller_manager
[0.356s] -- Up-to-date: /home/kadi/UR5e_ros2/ros2_real/install/controller_manager/lib/python3.10/site-packages/controller_manager/__init__.py
[0.356s] -- Up-to-date: /home/kadi/UR5e_ros2/ros2_real/install/controller_manager/lib/python3.10/site-packages/controller_manager/controller_manager_services.py
[0.356s] -- Up-to-date: /home/kadi/UR5e_ros2/ros2_real/install/controller_manager/lib/python3.10/site-packages/controller_manager/hardware_spawner.py
[0.356s] -- Up-to-date: /home/kadi/UR5e_ros2/ros2_real/install/controller_manager/lib/python3.10/site-packages/controller_manager/unspawner.py
[0.356s] -- Up-to-date: /home/kadi/UR5e_ros2/ros2_real/install/controller_manager/lib/python3.10/site-packages/controller_manager/launch_utils.py
[0.356s] -- Up-to-date: /home/kadi/UR5e_ros2/ros2_real/install/controller_manager/lib/python3.10/site-packages/controller_manager/spawner.py
[0.374s] Listing '/home/kadi/UR5e_ros2/ros2_real/install/controller_manager/lib/python3.10/site-packages/controller_manager'...
[0.376s] -- Up-to-date: /home/kadi/UR5e_ros2/ros2_real/install/controller_manager/share/controller_manager/environment/library_path.sh
[0.377s] -- Up-to-date: /home/kadi/UR5e_ros2/ros2_real/install/controller_manager/share/controller_manager/environment/library_path.dsv
[0.377s] -- Up-to-date: /home/kadi/UR5e_ros2/ros2_real/install/controller_manager/share/ament_index/resource_index/package_run_dependencies/controller_manager
[0.377s] -- Up-to-date: /home/kadi/UR5e_ros2/ros2_real/install/controller_manager/share/ament_index/resource_index/parent_prefix_path/controller_manager
[0.377s] -- Up-to-date: /home/kadi/UR5e_ros2/ros2_real/install/controller_manager/share/controller_manager/environment/ament_prefix_path.sh
[0.377s] -- Up-to-date: /home/kadi/UR5e_ros2/ros2_real/install/controller_manager/share/controller_manager/environment/ament_prefix_path.dsv
[0.377s] -- Up-to-date: /home/kadi/UR5e_ros2/ros2_real/install/controller_manager/share/controller_manager/environment/path.sh
[0.377s] -- Up-to-date: /home/kadi/UR5e_ros2/ros2_real/install/controller_manager/share/controller_manager/environment/path.dsv
[0.377s] -- Up-to-date: /home/kadi/UR5e_ros2/ros2_real/install/controller_manager/share/controller_manager/local_setup.bash
[0.377s] -- Up-to-date: /home/kadi/UR5e_ros2/ros2_real/install/controller_manager/share/controller_manager/local_setup.sh
[0.377s] -- Up-to-date: /home/kadi/UR5e_ros2/ros2_real/install/controller_manager/share/controller_manager/local_setup.zsh
[0.377s] -- Up-to-date: /home/kadi/UR5e_ros2/ros2_real/install/controller_manager/share/controller_manager/local_setup.dsv
[0.377s] -- Installing: /home/kadi/UR5e_ros2/ros2_real/install/controller_manager/share/controller_manager/package.dsv
[0.377s] -- Up-to-date: /home/kadi/UR5e_ros2/ros2_real/install/controller_manager/share/ament_index/resource_index/packages/controller_manager
[0.377s] -- Up-to-date: /home/kadi/UR5e_ros2/ros2_real/install/controller_manager/share/ament_index/resource_index/controller_interface__pluginlib__plugin/controller_manager
[0.378s] -- Up-to-date: /home/kadi/UR5e_ros2/ros2_real/install/controller_manager/share/controller_manager/cmake/export_controller_managerExport.cmake
[0.378s] -- Up-to-date: /home/kadi/UR5e_ros2/ros2_real/install/controller_manager/share/controller_manager/cmake/export_controller_managerExport-release.cmake
[0.378s] -- Up-to-date: /home/kadi/UR5e_ros2/ros2_real/install/controller_manager/share/controller_manager/cmake/ament_cmake_export_targets-extras.cmake
[0.378s] -- Up-to-date: /home/kadi/UR5e_ros2/ros2_real/install/controller_manager/share/controller_manager/cmake/ament_cmake_export_dependencies-extras.cmake
[0.378s] -- Up-to-date: /home/kadi/UR5e_ros2/ros2_real/install/controller_manager/share/controller_manager/cmake/controller_managerConfig.cmake
[0.378s] -- Up-to-date: /home/kadi/UR5e_ros2/ros2_real/install/controller_manager/share/controller_manager/cmake/controller_managerConfig-version.cmake
[0.378s] -- Up-to-date: /home/kadi/UR5e_ros2/ros2_real/install/controller_manager/share/controller_manager/package.xml
[0.383s] Invoked command in '/home/kadi/UR5e_ros2/ros2_real/build/controller_manager' returned '0': AMENT_PREFIX_PATH=/home/kadi/UR5e_ros2/ros2_real/install/hardware_interface_testing:/home/kadi/UR5e_ros2/ros2_real/install/controller_interface:/home/kadi/UR5e_ros2/ros2_real/install/hardware_interface:/home/kadi/UR5e_ros2/ros2_real/install/ros2_control_test_assets:/home/kadi/UR5e_ros2/ros2_real/install/controller_manager_msgs:/home/kadi/UR5e_ros2/ros2_real/install/control_msgs:${AMENT_PREFIX_PATH} CMAKE_PREFIX_PATH=/home/kadi/UR5e_ros2/ros2_real/install/hardware_interface_testing:/home/kadi/UR5e_ros2/ros2_real/install/controller_interface:/home/kadi/UR5e_ros2/ros2_real/install/hardware_interface:/home/kadi/UR5e_ros2/ros2_real/install/ros2_control_test_assets:/home/kadi/UR5e_ros2/ros2_real/install/controller_manager_msgs:/home/kadi/UR5e_ros2/ros2_real/install/control_msgs:/home/kadi/UR5e_ros2/ros2_real/install/ur_msgs:/home/kadi/UR5e_ros2/ros2_real/install/ur_description:/opt/ros/iron LD_LIBRARY_PATH=/home/kadi/UR5e_ros2/ros2_real/install/hardware_interface_testing/lib:/home/kadi/UR5e_ros2/ros2_real/install/controller_interface/lib:/home/kadi/UR5e_ros2/ros2_real/install/hardware_interface/lib:/home/kadi/UR5e_ros2/ros2_real/install/ros2_control_test_assets/lib:/home/kadi/UR5e_ros2/ros2_real/install/controller_manager_msgs/lib:/home/kadi/UR5e_ros2/ros2_real/install/control_msgs/lib:${LD_LIBRARY_PATH} PYTHONPATH=/home/kadi/UR5e_ros2/ros2_real/install/controller_manager_msgs/lib/python3.10/site-packages:/home/kadi/UR5e_ros2/ros2_real/install/control_msgs/lib/python3.10/site-packages:${PYTHONPATH} /usr/bin/cmake --install /home/kadi/UR5e_ros2/ros2_real/build/controller_manager
