[0.005s] Invoking command in '/home/kadi/UR5e_ros2/ros2_real/build/ur_msgs': CMAKE_PREFIX_PATH=${CMAKE_PREFIX_PATH}:/opt/ros/iron /usr/bin/cmake /home/kadi/UR5e_ros2/ros2_real/src/ur_msgs -DCMAKE_BUILD_TYPE=Release -DCMAKE_INSTALL_PREFIX=/home/kadi/UR5e_ros2/ros2_real/install/ur_msgs
[0.012s] -- Found ament_cmake: 2.0.7 (/opt/ros/iron/share/ament_cmake/cmake)
[0.134s] -- Found builtin_interfaces: 1.6.0 (/opt/ros/iron/share/builtin_interfaces/cmake)
[0.155s] -- Found rosidl_generator_c: 4.0.1 (/opt/ros/iron/share/rosidl_generator_c/cmake)
[0.160s] -- Found rosidl_generator_cpp: 4.0.1 (/opt/ros/iron/share/rosidl_generator_cpp/cmake)
[0.169s] -- Using all available rosidl_typesupport_c: rosidl_typesupport_fastrtps_c;rosidl_typesupport_introspection_c
[0.179s] -- Using all available rosidl_typesupport_cpp: rosidl_typesupport_fastrtps_cpp;rosidl_typesupport_introspection_cpp
[0.188s] -- Found rosidl_default_generators: 1.5.0 (/opt/ros/iron/share/rosidl_default_generators/cmake)
[0.193s] -- Found rosidl_adapter: 4.0.1 (/opt/ros/iron/share/rosidl_adapter/cmake)
[0.197s] -- Found geometry_msgs: 5.0.1 (/opt/ros/iron/share/geometry_msgs/cmake)
[0.242s] -- Found ament_lint_auto: 0.14.4 (/opt/ros/iron/share/ament_lint_auto/cmake)
[0.547s] -- Found ament_cmake_ros: 0.11.2 (/opt/ros/iron/share/ament_cmake_ros/cmake)
[0.845s] -- Using all available rosidl_typesupport_c: rosidl_typesupport_fastrtps_c;rosidl_typesupport_introspection_c
[0.957s] -- Using all available rosidl_typesupport_cpp: rosidl_typesupport_fastrtps_cpp;rosidl_typesupport_introspection_cpp
[0.975s] -- Found python_cmake_module: 0.10.2 (/opt/ros/iron/share/python_cmake_module/cmake)
[0.991s] -- Using PYTHON_EXECUTABLE: /usr/bin/python3
[0.991s] -- Using PYTHON_INCLUDE_DIRS: /usr/include/python3.10
[0.991s] -- Using PYTHON_LIBRARIES: /usr/lib/x86_64-linux-gnu/libpython3.10.so
[1.017s] -- Added test 'copyright' to check source files copyright and LICENSE
[1.018s] -- Added test 'lint_cmake' to check CMake code style
[1.019s] -- Added test 'xmllint' to check XML markup files
[1.021s] -- Configuring done
[1.063s] -- Generating done
[1.074s] -- Build files have been written to: /home/kadi/UR5e_ros2/ros2_real/build/ur_msgs
[1.080s] Invoked command in '/home/kadi/UR5e_ros2/ros2_real/build/ur_msgs' returned '0': CMAKE_PREFIX_PATH=${CMAKE_PREFIX_PATH}:/opt/ros/iron /usr/bin/cmake /home/kadi/UR5e_ros2/ros2_real/src/ur_msgs -DCMAKE_BUILD_TYPE=Release -DCMAKE_INSTALL_PREFIX=/home/kadi/UR5e_ros2/ros2_real/install/ur_msgs
[1.082s] Invoking command in '/home/kadi/UR5e_ros2/ros2_real/build/ur_msgs': CMAKE_PREFIX_PATH=${CMAKE_PREFIX_PATH}:/opt/ros/iron /usr/bin/cmake --build /home/kadi/UR5e_ros2/ros2_real/build/ur_msgs -- -j16 -l16
[1.125s] [  1%] Built target ur_msgs__rosidl_generator_type_description
[1.134s] [  1%] Built target ament_cmake_python_copy_ur_msgs
[1.136s] [35m[1mConsolidate compiler generated dependencies of target ur_msgs__rosidl_generator_c[0m
[1.142s] [  1%] Built target ur_msgs__cpp
[1.158s] [  2%] [32mBuilding C object CMakeFiles/ur_msgs__rosidl_generator_c.dir/rosidl_generator_c/ur_msgs/msg/detail/digital__functions.c.o[0m
[1.158s] [  2%] [32mBuilding C object CMakeFiles/ur_msgs__rosidl_generator_c.dir/rosidl_generator_c/ur_msgs/msg/detail/digital__description.c.o[0m
[1.158s] [  2%] [32mBuilding C object CMakeFiles/ur_msgs__rosidl_generator_c.dir/rosidl_generator_c/ur_msgs/msg/detail/analog__description.c.o[0m
[1.158s] [  4%] [32mBuilding C object CMakeFiles/ur_msgs__rosidl_generator_c.dir/rosidl_generator_c/ur_msgs/msg/detail/io_states__functions.c.o[0m
[1.158s] [  3%] [32mBuilding C object CMakeFiles/ur_msgs__rosidl_generator_c.dir/rosidl_generator_c/ur_msgs/msg/detail/digital__type_support.c.o[0m
[1.159s] [  5%] [32mBuilding C object CMakeFiles/ur_msgs__rosidl_generator_c.dir/rosidl_generator_c/ur_msgs/msg/detail/analog__type_support.c.o[0m
[1.160s] [  7%] [32mBuilding C object CMakeFiles/ur_msgs__rosidl_generator_c.dir/rosidl_generator_c/ur_msgs/msg/detail/io_states__type_support.c.o[0m
[1.160s] [  7%] [32mBuilding C object CMakeFiles/ur_msgs__rosidl_generator_c.dir/rosidl_generator_c/ur_msgs/msg/detail/analog__functions.c.o[0m
[1.160s] [  7%] [32mBuilding C object CMakeFiles/ur_msgs__rosidl_generator_c.dir/rosidl_generator_c/ur_msgs/msg/detail/io_states__description.c.o[0m
[1.162s] [  7%] [32mBuilding C object CMakeFiles/ur_msgs__rosidl_generator_c.dir/rosidl_generator_c/ur_msgs/msg/detail/robot_state_rt_msg__functions.c.o[0m
[1.165s] [  8%] [32mBuilding C object CMakeFiles/ur_msgs__rosidl_generator_c.dir/rosidl_generator_c/ur_msgs/msg/detail/robot_state_rt_msg__description.c.o[0m
[1.166s] [ 10%] [32mBuilding C object CMakeFiles/ur_msgs__rosidl_generator_c.dir/rosidl_generator_c/ur_msgs/msg/detail/masterboard_data_msg__description.c.o[0m
[1.166s] [ 10%] [32mBuilding C object CMakeFiles/ur_msgs__rosidl_generator_c.dir/rosidl_generator_c/ur_msgs/msg/detail/robot_state_rt_msg__type_support.c.o[0m
[1.197s] [ 11%] [32mBuilding C object CMakeFiles/ur_msgs__rosidl_generator_c.dir/rosidl_generator_c/ur_msgs/msg/detail/masterboard_data_msg__type_support.c.o[0m
[1.197s] [ 11%] [32mBuilding C object CMakeFiles/ur_msgs__rosidl_generator_c.dir/rosidl_generator_c/ur_msgs/msg/detail/masterboard_data_msg__functions.c.o[0m
[1.200s] [ 12%] [32mBuilding C object CMakeFiles/ur_msgs__rosidl_generator_c.dir/rosidl_generator_c/ur_msgs/msg/detail/robot_mode_data_msg__description.c.o[0m
[1.205s] [ 12%] [32mBuilding C object CMakeFiles/ur_msgs__rosidl_generator_c.dir/rosidl_generator_c/ur_msgs/msg/detail/robot_mode_data_msg__functions.c.o[0m
[1.214s] [ 13%] [32mBuilding C object CMakeFiles/ur_msgs__rosidl_generator_c.dir/rosidl_generator_c/ur_msgs/msg/detail/robot_mode_data_msg__type_support.c.o[0m
[1.235s] [ 14%] [32mBuilding C object CMakeFiles/ur_msgs__rosidl_generator_c.dir/rosidl_generator_c/ur_msgs/msg/detail/tool_data_msg__type_support.c.o[0m
[1.237s] [ 15%] [32mBuilding C object CMakeFiles/ur_msgs__rosidl_generator_c.dir/rosidl_generator_c/ur_msgs/msg/detail/tool_data_msg__description.c.o[0m
[1.237s] [ 15%] [32mBuilding C object CMakeFiles/ur_msgs__rosidl_generator_c.dir/rosidl_generator_c/ur_msgs/msg/detail/tool_data_msg__functions.c.o[0m
[1.238s] [ 16%] [32mBuilding C object CMakeFiles/ur_msgs__rosidl_generator_c.dir/rosidl_generator_c/ur_msgs/srv/detail/set_analog_output__description.c.o[0m
[1.243s] [ 17%] [32mBuilding C object CMakeFiles/ur_msgs__rosidl_generator_c.dir/rosidl_generator_c/ur_msgs/srv/detail/set_analog_output__functions.c.o[0m
[1.244s] [ 17%] [32mBuilding C object CMakeFiles/ur_msgs__rosidl_generator_c.dir/rosidl_generator_c/ur_msgs/srv/detail/set_analog_output__type_support.c.o[0m
[1.268s] [ 18%] [32mBuilding C object CMakeFiles/ur_msgs__rosidl_generator_c.dir/rosidl_generator_c/ur_msgs/srv/detail/set_payload__description.c.o[0m
[1.282s] [ 19%] [32mBuilding C object CMakeFiles/ur_msgs__rosidl_generator_c.dir/rosidl_generator_c/ur_msgs/srv/detail/set_payload__functions.c.o[0m
[1.290s] [ 19%] [32mBuilding C object CMakeFiles/ur_msgs__rosidl_generator_c.dir/rosidl_generator_c/ur_msgs/srv/detail/set_payload__type_support.c.o[0m
[1.293s] [ 20%] [32mBuilding C object CMakeFiles/ur_msgs__rosidl_generator_c.dir/rosidl_generator_c/ur_msgs/srv/detail/set_speed_slider_fraction__description.c.o[0m
[1.300s] [ 20%] [32mBuilding C object CMakeFiles/ur_msgs__rosidl_generator_c.dir/rosidl_generator_c/ur_msgs/srv/detail/set_speed_slider_fraction__type_support.c.o[0m
[1.302s] [ 21%] [32mBuilding C object CMakeFiles/ur_msgs__rosidl_generator_c.dir/rosidl_generator_c/ur_msgs/srv/detail/set_speed_slider_fraction__functions.c.o[0m
[1.305s] [ 22%] [32mBuilding C object CMakeFiles/ur_msgs__rosidl_generator_c.dir/rosidl_generator_c/ur_msgs/srv/detail/set_io__description.c.o[0m
[1.307s] [ 23%] [32mBuilding C object CMakeFiles/ur_msgs__rosidl_generator_c.dir/rosidl_generator_c/ur_msgs/srv/detail/set_io__type_support.c.o[0m
[1.310s] [ 24%] [32mBuilding C object CMakeFiles/ur_msgs__rosidl_generator_c.dir/rosidl_generator_c/ur_msgs/srv/detail/set_io__functions.c.o[0m
[1.320s] [ 25%] [32mBuilding C object CMakeFiles/ur_msgs__rosidl_generator_c.dir/rosidl_generator_c/ur_msgs/srv/detail/get_robot_software_version__functions.c.o[0m
[1.332s] [ 26%] [32mBuilding C object CMakeFiles/ur_msgs__rosidl_generator_c.dir/rosidl_generator_c/ur_msgs/srv/detail/get_robot_software_version__type_support.c.o[0m
[1.332s] [ 26%] [32mBuilding C object CMakeFiles/ur_msgs__rosidl_generator_c.dir/rosidl_generator_c/ur_msgs/srv/detail/get_robot_software_version__description.c.o[0m
[1.395s] running egg_info
[1.396s] writing ur_msgs.egg-info/PKG-INFO
[1.396s] writing dependency_links to ur_msgs.egg-info/dependency_links.txt
[1.396s] writing top-level names to ur_msgs.egg-info/top_level.txt
[1.399s] reading manifest file 'ur_msgs.egg-info/SOURCES.txt'
[1.400s] writing manifest file 'ur_msgs.egg-info/SOURCES.txt'
[1.434s] [ 26%] Built target ament_cmake_python_build_ur_msgs_egg
[1.495s] [ 26%] [32m[1mLinking C shared library libur_msgs__rosidl_generator_c.so[0m
[1.533s] [ 27%] Built target ur_msgs__rosidl_generator_c
[1.543s] [35m[1mConsolidate compiler generated dependencies of target ur_msgs__rosidl_typesupport_c[0m
[1.544s] [35m[1mConsolidate compiler generated dependencies of target ur_msgs__rosidl_typesupport_cpp[0m
[1.544s] [35m[1mConsolidate compiler generated dependencies of target ur_msgs__rosidl_typesupport_introspection_cpp[0m
[1.544s] [35m[1mConsolidate compiler generated dependencies of target ur_msgs__rosidl_typesupport_fastrtps_c[0m
[1.545s] [35m[1mConsolidate compiler generated dependencies of target ur_msgs__rosidl_typesupport_fastrtps_cpp[0m
[1.545s] [35m[1mConsolidate compiler generated dependencies of target ur_msgs__rosidl_typesupport_introspection_c[0m
[1.564s] [ 29%] [32mBuilding CXX object CMakeFiles/ur_msgs__rosidl_typesupport_c.dir/rosidl_typesupport_c/ur_msgs/msg/digital__type_support.cpp.o[0m
[1.564s] [ 29%] [32mBuilding CXX object CMakeFiles/ur_msgs__rosidl_typesupport_c.dir/rosidl_typesupport_c/ur_msgs/msg/robot_mode_data_msg__type_support.cpp.o[0m
[1.564s] [ 29%] [32mBuilding CXX object CMakeFiles/ur_msgs__rosidl_typesupport_c.dir/rosidl_typesupport_c/ur_msgs/srv/set_analog_output__type_support.cpp.o[0m
[1.564s] [ 31%] [32mBuilding CXX object CMakeFiles/ur_msgs__rosidl_typesupport_c.dir/rosidl_typesupport_c/ur_msgs/srv/set_payload__type_support.cpp.o[0m
[1.564s] [ 31%] [32mBuilding CXX object CMakeFiles/ur_msgs__rosidl_typesupport_c.dir/rosidl_typesupport_c/ur_msgs/msg/tool_data_msg__type_support.cpp.o[0m
[1.564s] [ 31%] [32mBuilding CXX object CMakeFiles/ur_msgs__rosidl_typesupport_c.dir/rosidl_typesupport_c/ur_msgs/msg/robot_state_rt_msg__type_support.cpp.o[0m
[1.565s] [ 32%] [32mBuilding CXX object CMakeFiles/ur_msgs__rosidl_typesupport_c.dir/rosidl_typesupport_c/ur_msgs/msg/io_states__type_support.cpp.o[0m
[1.565s] [ 33%] [32mBuilding C object CMakeFiles/ur_msgs__rosidl_typesupport_introspection_c.dir/rosidl_typesupport_introspection_c/ur_msgs/msg/detail/analog__type_support.c.o[0m
[1.565s] [ 33%] [32mBuilding CXX object CMakeFiles/ur_msgs__rosidl_typesupport_c.dir/rosidl_typesupport_c/ur_msgs/srv/set_io__type_support.cpp.o[0m
[1.565s] [ 33%] [32mBuilding CXX object CMakeFiles/ur_msgs__rosidl_typesupport_c.dir/rosidl_typesupport_c/ur_msgs/msg/analog__type_support.cpp.o[0m
[1.565s] [ 34%] [32mBuilding CXX object CMakeFiles/ur_msgs__rosidl_typesupport_c.dir/rosidl_typesupport_c/ur_msgs/msg/masterboard_data_msg__type_support.cpp.o[0m
[1.565s] [ 36%] [32mBuilding CXX object CMakeFiles/ur_msgs__rosidl_typesupport_introspection_cpp.dir/rosidl_typesupport_introspection_cpp/ur_msgs/msg/detail/analog__type_support.cpp.o[0m
[1.565s] [ 36%] [32mBuilding CXX object CMakeFiles/ur_msgs__rosidl_typesupport_c.dir/rosidl_typesupport_c/ur_msgs/srv/set_speed_slider_fraction__type_support.cpp.o[0m
[1.573s] [ 37%] [32mBuilding CXX object CMakeFiles/ur_msgs__rosidl_typesupport_cpp.dir/rosidl_typesupport_cpp/ur_msgs/msg/analog__type_support.cpp.o[0m
[1.576s] [ 37%] [32mBuilding CXX object CMakeFiles/ur_msgs__rosidl_typesupport_fastrtps_c.dir/rosidl_typesupport_fastrtps_c/ur_msgs/msg/detail/analog__type_support_c.cpp.o[0m
[1.576s] [ 37%] [32mBuilding CXX object CMakeFiles/ur_msgs__rosidl_typesupport_fastrtps_cpp.dir/rosidl_typesupport_fastrtps_cpp/ur_msgs/msg/detail/dds_fastrtps/analog__type_support.cpp.o[0m
[1.615s] [ 38%] [32mBuilding CXX object CMakeFiles/ur_msgs__rosidl_typesupport_fastrtps_cpp.dir/rosidl_typesupport_fastrtps_cpp/ur_msgs/msg/detail/dds_fastrtps/digital__type_support.cpp.o[0m
[1.632s] [ 38%] [32mBuilding C object CMakeFiles/ur_msgs__rosidl_typesupport_introspection_c.dir/rosidl_typesupport_introspection_c/ur_msgs/msg/detail/io_states__type_support.c.o[0m
[1.632s] [ 39%] [32mBuilding C object CMakeFiles/ur_msgs__rosidl_typesupport_introspection_c.dir/rosidl_typesupport_introspection_c/ur_msgs/msg/detail/digital__type_support.c.o[0m
[1.635s] [ 40%] [32mBuilding C object CMakeFiles/ur_msgs__rosidl_typesupport_introspection_c.dir/rosidl_typesupport_introspection_c/ur_msgs/msg/detail/robot_state_rt_msg__type_support.c.o[0m
[1.640s] [ 41%] [32mBuilding CXX object CMakeFiles/ur_msgs__rosidl_typesupport_fastrtps_c.dir/rosidl_typesupport_fastrtps_c/ur_msgs/msg/detail/digital__type_support_c.cpp.o[0m
[1.640s] [ 42%] [32mBuilding CXX object CMakeFiles/ur_msgs__rosidl_typesupport_fastrtps_cpp.dir/rosidl_typesupport_fastrtps_cpp/ur_msgs/msg/detail/dds_fastrtps/io_states__type_support.cpp.o[0m
[1.640s] [ 43%] [32mBuilding CXX object CMakeFiles/ur_msgs__rosidl_typesupport_introspection_cpp.dir/rosidl_typesupport_introspection_cpp/ur_msgs/msg/detail/digital__type_support.cpp.o[0m
[1.648s] [ 44%] [32mBuilding CXX object CMakeFiles/ur_msgs__rosidl_typesupport_introspection_cpp.dir/rosidl_typesupport_introspection_cpp/ur_msgs/msg/detail/io_states__type_support.cpp.o[0m
[1.649s] [ 45%] [32mBuilding CXX object CMakeFiles/ur_msgs__rosidl_typesupport_fastrtps_c.dir/rosidl_typesupport_fastrtps_c/ur_msgs/msg/detail/io_states__type_support_c.cpp.o[0m
[1.657s] [ 45%] [32mBuilding CXX object CMakeFiles/ur_msgs__rosidl_typesupport_fastrtps_cpp.dir/rosidl_typesupport_fastrtps_cpp/ur_msgs/msg/detail/dds_fastrtps/robot_state_rt_msg__type_support.cpp.o[0m
[1.662s] [ 46%] [32mBuilding CXX object CMakeFiles/ur_msgs__rosidl_typesupport_c.dir/rosidl_typesupport_c/ur_msgs/srv/get_robot_software_version__type_support.cpp.o[0m
[1.666s] [ 46%] [32mBuilding CXX object CMakeFiles/ur_msgs__rosidl_typesupport_cpp.dir/rosidl_typesupport_cpp/ur_msgs/msg/digital__type_support.cpp.o[0m
[1.704s] [ 47%] [32mBuilding CXX object CMakeFiles/ur_msgs__rosidl_typesupport_fastrtps_cpp.dir/rosidl_typesupport_fastrtps_cpp/ur_msgs/msg/detail/dds_fastrtps/masterboard_data_msg__type_support.cpp.o[0m
[1.729s] [ 48%] [32mBuilding CXX object CMakeFiles/ur_msgs__rosidl_typesupport_fastrtps_cpp.dir/rosidl_typesupport_fastrtps_cpp/ur_msgs/msg/detail/dds_fastrtps/robot_mode_data_msg__type_support.cpp.o[0m
[1.748s] [ 49%] [32m[1mLinking CXX shared library libur_msgs__rosidl_typesupport_c.so[0m
[1.817s] [ 50%] Built target ur_msgs__rosidl_typesupport_c
[1.839s] [ 51%] [32mBuilding CXX object CMakeFiles/ur_msgs__rosidl_typesupport_fastrtps_cpp.dir/rosidl_typesupport_fastrtps_cpp/ur_msgs/msg/detail/dds_fastrtps/tool_data_msg__type_support.cpp.o[0m
[1.854s] [ 52%] [32mBuilding C object CMakeFiles/ur_msgs__rosidl_typesupport_introspection_c.dir/rosidl_typesupport_introspection_c/ur_msgs/msg/detail/masterboard_data_msg__type_support.c.o[0m
[1.968s] [ 53%] [32mBuilding C object CMakeFiles/ur_msgs__rosidl_typesupport_introspection_c.dir/rosidl_typesupport_introspection_c/ur_msgs/msg/detail/robot_mode_data_msg__type_support.c.o[0m
[2.049s] [ 53%] [32mBuilding C object CMakeFiles/ur_msgs__rosidl_typesupport_introspection_c.dir/rosidl_typesupport_introspection_c/ur_msgs/msg/detail/tool_data_msg__type_support.c.o[0m
[2.079s] [ 53%] [32mBuilding CXX object CMakeFiles/ur_msgs__rosidl_typesupport_introspection_cpp.dir/rosidl_typesupport_introspection_cpp/ur_msgs/msg/detail/robot_state_rt_msg__type_support.cpp.o[0m
[2.097s] [ 54%] [32mBuilding CXX object CMakeFiles/ur_msgs__rosidl_typesupport_introspection_cpp.dir/rosidl_typesupport_introspection_cpp/ur_msgs/msg/detail/masterboard_data_msg__type_support.cpp.o[0m
[2.124s] [ 55%] [32mBuilding CXX object CMakeFiles/ur_msgs__rosidl_typesupport_cpp.dir/rosidl_typesupport_cpp/ur_msgs/msg/io_states__type_support.cpp.o[0m
[2.130s] [ 55%] [32mBuilding CXX object CMakeFiles/ur_msgs__rosidl_typesupport_fastrtps_cpp.dir/rosidl_typesupport_fastrtps_cpp/ur_msgs/srv/detail/dds_fastrtps/set_analog_output__type_support.cpp.o[0m
[2.174s] [ 56%] [32mBuilding C object CMakeFiles/ur_msgs__rosidl_typesupport_introspection_c.dir/rosidl_typesupport_introspection_c/ur_msgs/srv/detail/set_analog_output__type_support.c.o[0m
[2.224s] [ 57%] [32mBuilding CXX object CMakeFiles/ur_msgs__rosidl_typesupport_fastrtps_cpp.dir/rosidl_typesupport_fastrtps_cpp/ur_msgs/srv/detail/dds_fastrtps/set_payload__type_support.cpp.o[0m
[2.381s] [ 58%] [32mBuilding C object CMakeFiles/ur_msgs__rosidl_typesupport_introspection_c.dir/rosidl_typesupport_introspection_c/ur_msgs/srv/detail/set_payload__type_support.c.o[0m
[2.383s] [ 58%] [32mBuilding C object CMakeFiles/ur_msgs__rosidl_typesupport_introspection_c.dir/rosidl_typesupport_introspection_c/ur_msgs/srv/detail/set_speed_slider_fraction__type_support.c.o[0m
[2.386s] [ 59%] [32mBuilding CXX object CMakeFiles/ur_msgs__rosidl_typesupport_cpp.dir/rosidl_typesupport_cpp/ur_msgs/msg/robot_state_rt_msg__type_support.cpp.o[0m
[2.389s] [ 59%] [32mBuilding CXX object CMakeFiles/ur_msgs__rosidl_typesupport_fastrtps_c.dir/rosidl_typesupport_fastrtps_c/ur_msgs/msg/detail/robot_state_rt_msg__type_support_c.cpp.o[0m
[2.534s] [ 59%] [32mBuilding CXX object CMakeFiles/ur_msgs__rosidl_typesupport_cpp.dir/rosidl_typesupport_cpp/ur_msgs/msg/masterboard_data_msg__type_support.cpp.o[0m
[2.646s] [ 60%] [32mBuilding C object CMakeFiles/ur_msgs__rosidl_typesupport_introspection_c.dir/rosidl_typesupport_introspection_c/ur_msgs/srv/detail/set_io__type_support.c.o[0m
[2.726s] [ 61%] [32mBuilding CXX object CMakeFiles/ur_msgs__rosidl_typesupport_cpp.dir/rosidl_typesupport_cpp/ur_msgs/msg/robot_mode_data_msg__type_support.cpp.o[0m
[2.856s] [ 62%] [32mBuilding C object CMakeFiles/ur_msgs__rosidl_typesupport_introspection_c.dir/rosidl_typesupport_introspection_c/ur_msgs/srv/detail/get_robot_software_version__type_support.c.o[0m
[2.926s] [ 63%] [32mBuilding CXX object CMakeFiles/ur_msgs__rosidl_typesupport_fastrtps_cpp.dir/rosidl_typesupport_fastrtps_cpp/ur_msgs/srv/detail/dds_fastrtps/set_speed_slider_fraction__type_support.cpp.o[0m
[3.037s] [ 64%] [32mBuilding CXX object CMakeFiles/ur_msgs__rosidl_typesupport_fastrtps_c.dir/rosidl_typesupport_fastrtps_c/ur_msgs/msg/detail/masterboard_data_msg__type_support_c.cpp.o[0m
[3.071s] [ 64%] [32mBuilding CXX object CMakeFiles/ur_msgs__rosidl_typesupport_fastrtps_cpp.dir/rosidl_typesupport_fastrtps_cpp/ur_msgs/srv/detail/dds_fastrtps/set_io__type_support.cpp.o[0m
[3.083s] [ 64%] [32m[1mLinking C shared library libur_msgs__rosidl_typesupport_introspection_c.so[0m
[3.117s] [ 65%] [32mBuilding CXX object CMakeFiles/ur_msgs__rosidl_typesupport_cpp.dir/rosidl_typesupport_cpp/ur_msgs/msg/tool_data_msg__type_support.cpp.o[0m
[3.158s] [ 66%] [32mBuilding CXX object CMakeFiles/ur_msgs__rosidl_typesupport_fastrtps_cpp.dir/rosidl_typesupport_fastrtps_cpp/ur_msgs/srv/detail/dds_fastrtps/get_robot_software_version__type_support.cpp.o[0m
[3.164s] [ 67%] [32mBuilding CXX object CMakeFiles/ur_msgs__rosidl_typesupport_fastrtps_c.dir/rosidl_typesupport_fastrtps_c/ur_msgs/msg/detail/robot_mode_data_msg__type_support_c.cpp.o[0m
[3.179s] [ 67%] [32mBuilding CXX object CMakeFiles/ur_msgs__rosidl_typesupport_fastrtps_c.dir/rosidl_typesupport_fastrtps_c/ur_msgs/msg/detail/tool_data_msg__type_support_c.cpp.o[0m
[3.185s] [ 67%] Built target ur_msgs__rosidl_typesupport_introspection_c
[3.195s] [ 67%] [32mBuilding CXX object CMakeFiles/ur_msgs__rosidl_typesupport_cpp.dir/rosidl_typesupport_cpp/ur_msgs/srv/set_analog_output__type_support.cpp.o[0m
[3.214s] [ 68%] [32mBuilding CXX object CMakeFiles/ur_msgs__rosidl_typesupport_fastrtps_c.dir/rosidl_typesupport_fastrtps_c/ur_msgs/srv/detail/set_analog_output__type_support_c.cpp.o[0m
[3.309s] [ 69%] [32mBuilding CXX object CMakeFiles/ur_msgs__rosidl_typesupport_cpp.dir/rosidl_typesupport_cpp/ur_msgs/srv/set_payload__type_support.cpp.o[0m
[3.377s] [ 70%] [32mBuilding CXX object CMakeFiles/ur_msgs__rosidl_typesupport_fastrtps_c.dir/rosidl_typesupport_fastrtps_c/ur_msgs/srv/detail/set_payload__type_support_c.cpp.o[0m
[3.484s] [ 71%] [32mBuilding CXX object CMakeFiles/ur_msgs__rosidl_typesupport_cpp.dir/rosidl_typesupport_cpp/ur_msgs/srv/set_speed_slider_fraction__type_support.cpp.o[0m
[3.539s] [ 71%] [32mBuilding CXX object CMakeFiles/ur_msgs__rosidl_typesupport_introspection_cpp.dir/rosidl_typesupport_introspection_cpp/ur_msgs/msg/detail/tool_data_msg__type_support.cpp.o[0m
[3.541s] [ 72%] [32mBuilding CXX object CMakeFiles/ur_msgs__rosidl_typesupport_introspection_cpp.dir/rosidl_typesupport_introspection_cpp/ur_msgs/msg/detail/robot_mode_data_msg__type_support.cpp.o[0m
[3.550s] [ 72%] [32mBuilding CXX object CMakeFiles/ur_msgs__rosidl_typesupport_cpp.dir/rosidl_typesupport_cpp/ur_msgs/srv/set_io__type_support.cpp.o[0m
[3.647s] [ 73%] [32mBuilding CXX object CMakeFiles/ur_msgs__rosidl_typesupport_introspection_cpp.dir/rosidl_typesupport_introspection_cpp/ur_msgs/srv/detail/set_analog_output__type_support.cpp.o[0m
[3.762s] [ 74%] [32mBuilding CXX object CMakeFiles/ur_msgs__rosidl_typesupport_introspection_cpp.dir/rosidl_typesupport_introspection_cpp/ur_msgs/srv/detail/set_payload__type_support.cpp.o[0m
[3.785s] [ 74%] [32mBuilding CXX object CMakeFiles/ur_msgs__rosidl_typesupport_fastrtps_c.dir/rosidl_typesupport_fastrtps_c/ur_msgs/srv/detail/set_speed_slider_fraction__type_support_c.cpp.o[0m
[3.798s] [ 74%] [32mBuilding CXX object CMakeFiles/ur_msgs__rosidl_typesupport_introspection_cpp.dir/rosidl_typesupport_introspection_cpp/ur_msgs/srv/detail/set_speed_slider_fraction__type_support.cpp.o[0m
[3.835s] [ 75%] [32mBuilding CXX object CMakeFiles/ur_msgs__rosidl_typesupport_introspection_cpp.dir/rosidl_typesupport_introspection_cpp/ur_msgs/srv/detail/set_io__type_support.cpp.o[0m
[3.944s] [ 76%] [32mBuilding CXX object CMakeFiles/ur_msgs__rosidl_typesupport_cpp.dir/rosidl_typesupport_cpp/ur_msgs/srv/get_robot_software_version__type_support.cpp.o[0m
[4.009s] [ 77%] [32mBuilding CXX object CMakeFiles/ur_msgs__rosidl_typesupport_introspection_cpp.dir/rosidl_typesupport_introspection_cpp/ur_msgs/srv/detail/get_robot_software_version__type_support.cpp.o[0m
[4.010s] [ 79%] [32mBuilding CXX object CMakeFiles/ur_msgs__rosidl_typesupport_fastrtps_c.dir/rosidl_typesupport_fastrtps_c/ur_msgs/srv/detail/set_io__type_support_c.cpp.o[0m
[4.013s] [ 79%] [32mBuilding CXX object CMakeFiles/ur_msgs__rosidl_typesupport_fastrtps_c.dir/rosidl_typesupport_fastrtps_c/ur_msgs/srv/detail/get_robot_software_version__type_support_c.cpp.o[0m
[4.394s] [ 80%] [32m[1mLinking CXX shared library libur_msgs__rosidl_typesupport_fastrtps_cpp.so[0m
[4.560s] [ 81%] [32m[1mLinking CXX shared library libur_msgs__rosidl_typesupport_cpp.so[0m
[4.617s] [ 82%] Built target ur_msgs__rosidl_typesupport_fastrtps_cpp
[4.712s] [ 83%] Built target ur_msgs__rosidl_typesupport_cpp
[4.846s] [ 84%] [32m[1mLinking CXX shared library libur_msgs__rosidl_typesupport_fastrtps_c.so[0m
[4.906s] [ 85%] [32m[1mLinking CXX shared library libur_msgs__rosidl_typesupport_introspection_cpp.so[0m
[4.956s] [ 86%] Built target ur_msgs__rosidl_typesupport_fastrtps_c
[5.009s] [ 86%] Built target ur_msgs__rosidl_typesupport_introspection_cpp
[5.035s] [ 86%] Built target ur_msgs
[5.061s] [ 87%] Built target ur_msgs__py
[5.078s] [35m[1mConsolidate compiler generated dependencies of target ur_msgs__rosidl_generator_py[0m
[5.104s] [ 88%] [32mBuilding C object CMakeFiles/ur_msgs__rosidl_generator_py.dir/rosidl_generator_py/ur_msgs/msg/_digital_s.c.o[0m
[5.107s] [ 89%] [32mBuilding C object CMakeFiles/ur_msgs__rosidl_generator_py.dir/rosidl_generator_py/ur_msgs/msg/_analog_s.c.o[0m
[5.118s] [ 89%] [32mBuilding C object CMakeFiles/ur_msgs__rosidl_generator_py.dir/rosidl_generator_py/ur_msgs/msg/_io_states_s.c.o[0m
[5.120s] [ 90%] [32mBuilding C object CMakeFiles/ur_msgs__rosidl_generator_py.dir/rosidl_generator_py/ur_msgs/msg/_robot_state_rt_msg_s.c.o[0m
[5.122s] [ 91%] [32mBuilding C object CMakeFiles/ur_msgs__rosidl_generator_py.dir/rosidl_generator_py/ur_msgs/msg/_masterboard_data_msg_s.c.o[0m
[5.129s] [ 92%] [32mBuilding C object CMakeFiles/ur_msgs__rosidl_generator_py.dir/rosidl_generator_py/ur_msgs/msg/_tool_data_msg_s.c.o[0m
[5.135s] [ 92%] [32mBuilding C object CMakeFiles/ur_msgs__rosidl_generator_py.dir/rosidl_generator_py/ur_msgs/msg/_robot_mode_data_msg_s.c.o[0m
[5.136s] [ 92%] [32mBuilding C object CMakeFiles/ur_msgs__rosidl_generator_py.dir/rosidl_generator_py/ur_msgs/srv/_set_speed_slider_fraction_s.c.o[0m
[5.140s] [ 93%] [32mBuilding C object CMakeFiles/ur_msgs__rosidl_generator_py.dir/rosidl_generator_py/ur_msgs/srv/_set_payload_s.c.o[0m
[5.143s] [ 94%] [32mBuilding C object CMakeFiles/ur_msgs__rosidl_generator_py.dir/rosidl_generator_py/ur_msgs/srv/_set_analog_output_s.c.o[0m
[5.147s] [ 95%] [32mBuilding C object CMakeFiles/ur_msgs__rosidl_generator_py.dir/rosidl_generator_py/ur_msgs/srv/_set_io_s.c.o[0m
[5.176s] [ 96%] [32mBuilding C object CMakeFiles/ur_msgs__rosidl_generator_py.dir/rosidl_generator_py/ur_msgs/srv/_get_robot_software_version_s.c.o[0m
[6.908s] [ 96%] [32m[1mLinking C shared library rosidl_generator_py/ur_msgs/libur_msgs__rosidl_generator_py.so[0m
[7.061s] [ 96%] Built target ur_msgs__rosidl_generator_py
[7.083s] [35m[1mConsolidate compiler generated dependencies of target ur_msgs__rosidl_typesupport_introspection_c__pyext[0m
[7.096s] [35m[1mConsolidate compiler generated dependencies of target ur_msgs__rosidl_typesupport_c__pyext[0m
[7.113s] [35m[1mConsolidate compiler generated dependencies of target ur_msgs__rosidl_typesupport_fastrtps_c__pyext[0m
[7.133s] [ 97%] [32mBuilding C object CMakeFiles/ur_msgs__rosidl_typesupport_introspection_c__pyext.dir/rosidl_generator_py/ur_msgs/_ur_msgs_s.ep.rosidl_typesupport_introspection_c.c.o[0m
[7.147s] [ 97%] [32mBuilding C object CMakeFiles/ur_msgs__rosidl_typesupport_c__pyext.dir/rosidl_generator_py/ur_msgs/_ur_msgs_s.ep.rosidl_typesupport_c.c.o[0m
[7.161s] [ 97%] [32mBuilding C object CMakeFiles/ur_msgs__rosidl_typesupport_fastrtps_c__pyext.dir/rosidl_generator_py/ur_msgs/_ur_msgs_s.ep.rosidl_typesupport_fastrtps_c.c.o[0m
[8.130s] [ 98%] [32m[1mLinking C shared library rosidl_generator_py/ur_msgs/ur_msgs_s__rosidl_typesupport_introspection_c.cpython-310-x86_64-linux-gnu.so[0m
[8.207s] [ 99%] [32m[1mLinking C shared library rosidl_generator_py/ur_msgs/ur_msgs_s__rosidl_typesupport_c.cpython-310-x86_64-linux-gnu.so[0m
[8.263s] [ 99%] Built target ur_msgs__rosidl_typesupport_introspection_c__pyext
[8.350s] [ 99%] Built target ur_msgs__rosidl_typesupport_c__pyext
[8.360s] [100%] [32m[1mLinking C shared library rosidl_generator_py/ur_msgs/ur_msgs_s__rosidl_typesupport_fastrtps_c.cpython-310-x86_64-linux-gnu.so[0m
[8.487s] [100%] Built target ur_msgs__rosidl_typesupport_fastrtps_c__pyext
[8.544s] Invoked command in '/home/kadi/UR5e_ros2/ros2_real/build/ur_msgs' returned '0': CMAKE_PREFIX_PATH=${CMAKE_PREFIX_PATH}:/opt/ros/iron /usr/bin/cmake --build /home/kadi/UR5e_ros2/ros2_real/build/ur_msgs -- -j16 -l16
[8.545s] Invoking command in '/home/kadi/UR5e_ros2/ros2_real/build/ur_msgs': CMAKE_PREFIX_PATH=${CMAKE_PREFIX_PATH}:/opt/ros/iron /usr/bin/cmake --install /home/kadi/UR5e_ros2/ros2_real/build/ur_msgs
[8.578s] -- Install configuration: "Release"
[8.578s] -- Up-to-date: /home/kadi/UR5e_ros2/ros2_real/install/ur_msgs/share/ament_index/resource_index/rosidl_interfaces/ur_msgs
[8.578s] -- Up-to-date: /home/kadi/UR5e_ros2/ros2_real/install/ur_msgs/share/ur_msgs/msg/Analog.json
[8.578s] -- Up-to-date: /home/kadi/UR5e_ros2/ros2_real/install/ur_msgs/share/ur_msgs/msg/Digital.json
[8.578s] -- Up-to-date: /home/kadi/UR5e_ros2/ros2_real/install/ur_msgs/share/ur_msgs/msg/IOStates.json
[8.578s] -- Up-to-date: /home/kadi/UR5e_ros2/ros2_real/install/ur_msgs/share/ur_msgs/msg/RobotStateRTMsg.json
[8.578s] -- Up-to-date: /home/kadi/UR5e_ros2/ros2_real/install/ur_msgs/share/ur_msgs/msg/MasterboardDataMsg.json
[8.578s] -- Up-to-date: /home/kadi/UR5e_ros2/ros2_real/install/ur_msgs/share/ur_msgs/msg/RobotModeDataMsg.json
[8.578s] -- Up-to-date: /home/kadi/UR5e_ros2/ros2_real/install/ur_msgs/share/ur_msgs/msg/ToolDataMsg.json
[8.578s] -- Up-to-date: /home/kadi/UR5e_ros2/ros2_real/install/ur_msgs/share/ur_msgs/srv/SetAnalogOutput.json
[8.578s] -- Up-to-date: /home/kadi/UR5e_ros2/ros2_real/install/ur_msgs/share/ur_msgs/srv/SetPayload.json
[8.580s] -- Up-to-date: /home/kadi/UR5e_ros2/ros2_real/install/ur_msgs/share/ur_msgs/srv/SetSpeedSliderFraction.json
[8.580s] -- Up-to-date: /home/kadi/UR5e_ros2/ros2_real/install/ur_msgs/share/ur_msgs/srv/SetIO.json
[8.580s] -- Up-to-date: /home/kadi/UR5e_ros2/ros2_real/install/ur_msgs/share/ur_msgs/srv/GetRobotSoftwareVersion.json
[8.580s] -- Up-to-date: /home/kadi/UR5e_ros2/ros2_real/install/ur_msgs/include/ur_msgs/ur_msgs
[8.580s] -- Up-to-date: /home/kadi/UR5e_ros2/ros2_real/install/ur_msgs/include/ur_msgs/ur_msgs/srv
[8.580s] -- Up-to-date: /home/kadi/UR5e_ros2/ros2_real/install/ur_msgs/include/ur_msgs/ur_msgs/srv/set_speed_slider_fraction.h
[8.580s] -- Up-to-date: /home/kadi/UR5e_ros2/ros2_real/install/ur_msgs/include/ur_msgs/ur_msgs/srv/detail
[8.581s] -- Up-to-date: /home/kadi/UR5e_ros2/ros2_real/install/ur_msgs/include/ur_msgs/ur_msgs/srv/detail/set_analog_output__type_support.h
[8.581s] -- Up-to-date: /home/kadi/UR5e_ros2/ros2_real/install/ur_msgs/include/ur_msgs/ur_msgs/srv/detail/set_analog_output__description.c
[8.581s] -- Up-to-date: /home/kadi/UR5e_ros2/ros2_real/install/ur_msgs/include/ur_msgs/ur_msgs/srv/detail/set_payload__struct.h
[8.581s] -- Up-to-date: /home/kadi/UR5e_ros2/ros2_real/install/ur_msgs/include/ur_msgs/ur_msgs/srv/detail/get_robot_software_version__type_support.c
[8.581s] -- Up-to-date: /home/kadi/UR5e_ros2/ros2_real/install/ur_msgs/include/ur_msgs/ur_msgs/srv/detail/set_io__functions.h
[8.581s] -- Up-to-date: /home/kadi/UR5e_ros2/ros2_real/install/ur_msgs/include/ur_msgs/ur_msgs/srv/detail/set_analog_output__struct.h
[8.581s] -- Up-to-date: /home/kadi/UR5e_ros2/ros2_real/install/ur_msgs/include/ur_msgs/ur_msgs/srv/detail/set_speed_slider_fraction__struct.h
[8.581s] -- Up-to-date: /home/kadi/UR5e_ros2/ros2_real/install/ur_msgs/include/ur_msgs/ur_msgs/srv/detail/set_speed_slider_fraction__functions.h
[8.581s] -- Up-to-date: /home/kadi/UR5e_ros2/ros2_real/install/ur_msgs/include/ur_msgs/ur_msgs/srv/detail/set_speed_slider_fraction__type_support.c
[8.581s] -- Up-to-date: /home/kadi/UR5e_ros2/ros2_real/install/ur_msgs/include/ur_msgs/ur_msgs/srv/detail/set_payload__description.c
[8.581s] -- Up-to-date: /home/kadi/UR5e_ros2/ros2_real/install/ur_msgs/include/ur_msgs/ur_msgs/srv/detail/set_payload__type_support.c
[8.581s] -- Up-to-date: /home/kadi/UR5e_ros2/ros2_real/install/ur_msgs/include/ur_msgs/ur_msgs/srv/detail/get_robot_software_version__type_support.h
[8.581s] -- Up-to-date: /home/kadi/UR5e_ros2/ros2_real/install/ur_msgs/include/ur_msgs/ur_msgs/srv/detail/set_io__type_support.h
[8.581s] -- Up-to-date: /home/kadi/UR5e_ros2/ros2_real/install/ur_msgs/include/ur_msgs/ur_msgs/srv/detail/set_io__struct.h
[8.581s] -- Up-to-date: /home/kadi/UR5e_ros2/ros2_real/install/ur_msgs/include/ur_msgs/ur_msgs/srv/detail/set_io__type_support.c
[8.581s] -- Up-to-date: /home/kadi/UR5e_ros2/ros2_real/install/ur_msgs/include/ur_msgs/ur_msgs/srv/detail/set_payload__functions.c
[8.582s] -- Up-to-date: /home/kadi/UR5e_ros2/ros2_real/install/ur_msgs/include/ur_msgs/ur_msgs/srv/detail/set_speed_slider_fraction__type_support.h
[8.582s] -- Up-to-date: /home/kadi/UR5e_ros2/ros2_real/install/ur_msgs/include/ur_msgs/ur_msgs/srv/detail/set_payload__type_support.h
[8.582s] -- Up-to-date: /home/kadi/UR5e_ros2/ros2_real/install/ur_msgs/include/ur_msgs/ur_msgs/srv/detail/set_analog_output__functions.c
[8.582s] -- Up-to-date: /home/kadi/UR5e_ros2/ros2_real/install/ur_msgs/include/ur_msgs/ur_msgs/srv/detail/set_payload__functions.h
[8.582s] -- Up-to-date: /home/kadi/UR5e_ros2/ros2_real/install/ur_msgs/include/ur_msgs/ur_msgs/srv/detail/set_speed_slider_fraction__description.c
[8.582s] -- Up-to-date: /home/kadi/UR5e_ros2/ros2_real/install/ur_msgs/include/ur_msgs/ur_msgs/srv/detail/get_robot_software_version__description.c
[8.582s] -- Up-to-date: /home/kadi/UR5e_ros2/ros2_real/install/ur_msgs/include/ur_msgs/ur_msgs/srv/detail/get_robot_software_version__struct.h
[8.582s] -- Up-to-date: /home/kadi/UR5e_ros2/ros2_real/install/ur_msgs/include/ur_msgs/ur_msgs/srv/detail/set_io__description.c
[8.582s] -- Up-to-date: /home/kadi/UR5e_ros2/ros2_real/install/ur_msgs/include/ur_msgs/ur_msgs/srv/detail/set_io__functions.c
[8.582s] -- Up-to-date: /home/kadi/UR5e_ros2/ros2_real/install/ur_msgs/include/ur_msgs/ur_msgs/srv/detail/set_analog_output__functions.h
[8.582s] -- Up-to-date: /home/kadi/UR5e_ros2/ros2_real/install/ur_msgs/include/ur_msgs/ur_msgs/srv/detail/get_robot_software_version__functions.h
[8.582s] -- Up-to-date: /home/kadi/UR5e_ros2/ros2_real/install/ur_msgs/include/ur_msgs/ur_msgs/srv/detail/set_analog_output__type_support.c
[8.585s] -- Up-to-date: /home/kadi/UR5e_ros2/ros2_real/install/ur_msgs/include/ur_msgs/ur_msgs/srv/detail/set_speed_slider_fraction__functions.c
[8.585s] -- Up-to-date: /home/kadi/UR5e_ros2/ros2_real/install/ur_msgs/include/ur_msgs/ur_msgs/srv/detail/get_robot_software_version__functions.c
[8.585s] -- Up-to-date: /home/kadi/UR5e_ros2/ros2_real/install/ur_msgs/include/ur_msgs/ur_msgs/srv/set_analog_output.h
[8.585s] -- Up-to-date: /home/kadi/UR5e_ros2/ros2_real/install/ur_msgs/include/ur_msgs/ur_msgs/srv/get_robot_software_version.h
[8.585s] -- Up-to-date: /home/kadi/UR5e_ros2/ros2_real/install/ur_msgs/include/ur_msgs/ur_msgs/srv/set_io.h
[8.585s] -- Up-to-date: /home/kadi/UR5e_ros2/ros2_real/install/ur_msgs/include/ur_msgs/ur_msgs/srv/set_payload.h
[8.585s] -- Up-to-date: /home/kadi/UR5e_ros2/ros2_real/install/ur_msgs/include/ur_msgs/ur_msgs/msg
[8.585s] -- Up-to-date: /home/kadi/UR5e_ros2/ros2_real/install/ur_msgs/include/ur_msgs/ur_msgs/msg/rosidl_generator_c__visibility_control.h
[8.586s] -- Up-to-date: /home/kadi/UR5e_ros2/ros2_real/install/ur_msgs/include/ur_msgs/ur_msgs/msg/robot_state_rt_msg.h
[8.586s] -- Up-to-date: /home/kadi/UR5e_ros2/ros2_real/install/ur_msgs/include/ur_msgs/ur_msgs/msg/tool_data_msg.h
[8.586s] -- Up-to-date: /home/kadi/UR5e_ros2/ros2_real/install/ur_msgs/include/ur_msgs/ur_msgs/msg/detail
[8.586s] -- Up-to-date: /home/kadi/UR5e_ros2/ros2_real/install/ur_msgs/include/ur_msgs/ur_msgs/msg/detail/analog__functions.c
[8.586s] -- Up-to-date: /home/kadi/UR5e_ros2/ros2_real/install/ur_msgs/include/ur_msgs/ur_msgs/msg/detail/masterboard_data_msg__functions.c
[8.586s] -- Up-to-date: /home/kadi/UR5e_ros2/ros2_real/install/ur_msgs/include/ur_msgs/ur_msgs/msg/detail/digital__type_support.h
[8.586s] -- Up-to-date: /home/kadi/UR5e_ros2/ros2_real/install/ur_msgs/include/ur_msgs/ur_msgs/msg/detail/tool_data_msg__functions.c
[8.586s] -- Up-to-date: /home/kadi/UR5e_ros2/ros2_real/install/ur_msgs/include/ur_msgs/ur_msgs/msg/detail/digital__struct.h
[8.586s] -- Up-to-date: /home/kadi/UR5e_ros2/ros2_real/install/ur_msgs/include/ur_msgs/ur_msgs/msg/detail/tool_data_msg__functions.h
[8.586s] -- Up-to-date: /home/kadi/UR5e_ros2/ros2_real/install/ur_msgs/include/ur_msgs/ur_msgs/msg/detail/digital__type_support.c
[8.586s] -- Up-to-date: /home/kadi/UR5e_ros2/ros2_real/install/ur_msgs/include/ur_msgs/ur_msgs/msg/detail/masterboard_data_msg__description.c
[8.586s] -- Up-to-date: /home/kadi/UR5e_ros2/ros2_real/install/ur_msgs/include/ur_msgs/ur_msgs/msg/detail/tool_data_msg__struct.h
[8.586s] -- Up-to-date: /home/kadi/UR5e_ros2/ros2_real/install/ur_msgs/include/ur_msgs/ur_msgs/msg/detail/tool_data_msg__description.c
[8.587s] -- Up-to-date: /home/kadi/UR5e_ros2/ros2_real/install/ur_msgs/include/ur_msgs/ur_msgs/msg/detail/analog__type_support.h
[8.587s] -- Up-to-date: /home/kadi/UR5e_ros2/ros2_real/install/ur_msgs/include/ur_msgs/ur_msgs/msg/detail/io_states__type_support.c
[8.587s] -- Up-to-date: /home/kadi/UR5e_ros2/ros2_real/install/ur_msgs/include/ur_msgs/ur_msgs/msg/detail/io_states__type_support.h
[8.587s] -- Up-to-date: /home/kadi/UR5e_ros2/ros2_real/install/ur_msgs/include/ur_msgs/ur_msgs/msg/detail/digital__functions.h
[8.590s] -- Up-to-date: /home/kadi/UR5e_ros2/ros2_real/install/ur_msgs/include/ur_msgs/ur_msgs/msg/detail/digital__functions.c
[8.590s] -- Up-to-date: /home/kadi/UR5e_ros2/ros2_real/install/ur_msgs/include/ur_msgs/ur_msgs/msg/detail/tool_data_msg__type_support.h
[8.590s] -- Up-to-date: /home/kadi/UR5e_ros2/ros2_real/install/ur_msgs/include/ur_msgs/ur_msgs/msg/detail/io_states__struct.h
[8.590s] -- Up-to-date: /home/kadi/UR5e_ros2/ros2_real/install/ur_msgs/include/ur_msgs/ur_msgs/msg/detail/robot_mode_data_msg__struct.h
[8.590s] -- Up-to-date: /home/kadi/UR5e_ros2/ros2_real/install/ur_msgs/include/ur_msgs/ur_msgs/msg/detail/robot_mode_data_msg__type_support.c
[8.590s] -- Up-to-date: /home/kadi/UR5e_ros2/ros2_real/install/ur_msgs/include/ur_msgs/ur_msgs/msg/detail/digital__description.c
[8.590s] -- Up-to-date: /home/kadi/UR5e_ros2/ros2_real/install/ur_msgs/include/ur_msgs/ur_msgs/msg/detail/robot_state_rt_msg__type_support.h
[8.590s] -- Up-to-date: /home/kadi/UR5e_ros2/ros2_real/install/ur_msgs/include/ur_msgs/ur_msgs/msg/detail/analog__type_support.c
[8.590s] -- Up-to-date: /home/kadi/UR5e_ros2/ros2_real/install/ur_msgs/include/ur_msgs/ur_msgs/msg/detail/robot_mode_data_msg__description.c
[8.590s] -- Up-to-date: /home/kadi/UR5e_ros2/ros2_real/install/ur_msgs/include/ur_msgs/ur_msgs/msg/detail/analog__struct.h
[8.590s] -- Up-to-date: /home/kadi/UR5e_ros2/ros2_real/install/ur_msgs/include/ur_msgs/ur_msgs/msg/detail/masterboard_data_msg__struct.h
[8.591s] -- Up-to-date: /home/kadi/UR5e_ros2/ros2_real/install/ur_msgs/include/ur_msgs/ur_msgs/msg/detail/io_states__description.c
[8.591s] -- Up-to-date: /home/kadi/UR5e_ros2/ros2_real/install/ur_msgs/include/ur_msgs/ur_msgs/msg/detail/robot_state_rt_msg__type_support.c
[8.591s] -- Up-to-date: /home/kadi/UR5e_ros2/ros2_real/install/ur_msgs/include/ur_msgs/ur_msgs/msg/detail/masterboard_data_msg__type_support.h
[8.591s] -- Up-to-date: /home/kadi/UR5e_ros2/ros2_real/install/ur_msgs/include/ur_msgs/ur_msgs/msg/detail/masterboard_data_msg__type_support.c
[8.591s] -- Up-to-date: /home/kadi/UR5e_ros2/ros2_real/install/ur_msgs/include/ur_msgs/ur_msgs/msg/detail/robot_mode_data_msg__functions.c
[8.591s] -- Up-to-date: /home/kadi/UR5e_ros2/ros2_real/install/ur_msgs/include/ur_msgs/ur_msgs/msg/detail/masterboard_data_msg__functions.h
[8.591s] -- Up-to-date: /home/kadi/UR5e_ros2/ros2_real/install/ur_msgs/include/ur_msgs/ur_msgs/msg/detail/robot_state_rt_msg__struct.h
[8.591s] -- Up-to-date: /home/kadi/UR5e_ros2/ros2_real/install/ur_msgs/include/ur_msgs/ur_msgs/msg/detail/tool_data_msg__type_support.c
[8.591s] -- Up-to-date: /home/kadi/UR5e_ros2/ros2_real/install/ur_msgs/include/ur_msgs/ur_msgs/msg/detail/analog__description.c
[8.591s] -- Up-to-date: /home/kadi/UR5e_ros2/ros2_real/install/ur_msgs/include/ur_msgs/ur_msgs/msg/detail/io_states__functions.h
[8.591s] -- Up-to-date: /home/kadi/UR5e_ros2/ros2_real/install/ur_msgs/include/ur_msgs/ur_msgs/msg/detail/robot_state_rt_msg__description.c
[8.591s] -- Up-to-date: /home/kadi/UR5e_ros2/ros2_real/install/ur_msgs/include/ur_msgs/ur_msgs/msg/detail/robot_state_rt_msg__functions.c
[8.591s] -- Up-to-date: /home/kadi/UR5e_ros2/ros2_real/install/ur_msgs/include/ur_msgs/ur_msgs/msg/detail/robot_state_rt_msg__functions.h
[8.591s] -- Up-to-date: /home/kadi/UR5e_ros2/ros2_real/install/ur_msgs/include/ur_msgs/ur_msgs/msg/detail/io_states__functions.c
[8.591s] -- Up-to-date: /home/kadi/UR5e_ros2/ros2_real/install/ur_msgs/include/ur_msgs/ur_msgs/msg/detail/analog__functions.h
[8.591s] -- Up-to-date: /home/kadi/UR5e_ros2/ros2_real/install/ur_msgs/include/ur_msgs/ur_msgs/msg/detail/robot_mode_data_msg__type_support.h
[8.591s] -- Up-to-date: /home/kadi/UR5e_ros2/ros2_real/install/ur_msgs/include/ur_msgs/ur_msgs/msg/detail/robot_mode_data_msg__functions.h
[8.591s] -- Up-to-date: /home/kadi/UR5e_ros2/ros2_real/install/ur_msgs/include/ur_msgs/ur_msgs/msg/masterboard_data_msg.h
[8.591s] -- Up-to-date: /home/kadi/UR5e_ros2/ros2_real/install/ur_msgs/include/ur_msgs/ur_msgs/msg/analog.h
[8.591s] -- Up-to-date: /home/kadi/UR5e_ros2/ros2_real/install/ur_msgs/include/ur_msgs/ur_msgs/msg/io_states.h
[8.591s] -- Up-to-date: /home/kadi/UR5e_ros2/ros2_real/install/ur_msgs/include/ur_msgs/ur_msgs/msg/digital.h
[8.591s] -- Up-to-date: /home/kadi/UR5e_ros2/ros2_real/install/ur_msgs/include/ur_msgs/ur_msgs/msg/robot_mode_data_msg.h
[8.592s] -- Up-to-date: /home/kadi/UR5e_ros2/ros2_real/install/ur_msgs/share/ur_msgs/environment/library_path.sh
[8.592s] -- Up-to-date: /home/kadi/UR5e_ros2/ros2_real/install/ur_msgs/share/ur_msgs/environment/library_path.dsv
[8.598s] -- Installing: /home/kadi/UR5e_ros2/ros2_real/install/ur_msgs/lib/libur_msgs__rosidl_generator_c.so
[8.598s] -- Set runtime path of "/home/kadi/UR5e_ros2/ros2_real/install/ur_msgs/lib/libur_msgs__rosidl_generator_c.so" to ""
[8.598s] -- Up-to-date: /home/kadi/UR5e_ros2/ros2_real/install/ur_msgs/include/ur_msgs/ur_msgs
[8.598s] -- Up-to-date: /home/kadi/UR5e_ros2/ros2_real/install/ur_msgs/include/ur_msgs/ur_msgs/srv
[8.598s] -- Up-to-date: /home/kadi/UR5e_ros2/ros2_real/install/ur_msgs/include/ur_msgs/ur_msgs/srv/detail
[8.598s] -- Up-to-date: /home/kadi/UR5e_ros2/ros2_real/install/ur_msgs/include/ur_msgs/ur_msgs/srv/detail/set_analog_output__rosidl_typesupport_fastrtps_c.h
[8.598s] -- Up-to-date: /home/kadi/UR5e_ros2/ros2_real/install/ur_msgs/include/ur_msgs/ur_msgs/srv/detail/set_io__rosidl_typesupport_fastrtps_c.h
[8.598s] -- Up-to-date: /home/kadi/UR5e_ros2/ros2_real/install/ur_msgs/include/ur_msgs/ur_msgs/srv/detail/set_payload__rosidl_typesupport_fastrtps_c.h
[8.598s] -- Up-to-date: /home/kadi/UR5e_ros2/ros2_real/install/ur_msgs/include/ur_msgs/ur_msgs/srv/detail/set_speed_slider_fraction__rosidl_typesupport_fastrtps_c.h
[8.598s] -- Up-to-date: /home/kadi/UR5e_ros2/ros2_real/install/ur_msgs/include/ur_msgs/ur_msgs/srv/detail/get_robot_software_version__rosidl_typesupport_fastrtps_c.h
[8.598s] -- Up-to-date: /home/kadi/UR5e_ros2/ros2_real/install/ur_msgs/include/ur_msgs/ur_msgs/msg
[8.599s] -- Up-to-date: /home/kadi/UR5e_ros2/ros2_real/install/ur_msgs/include/ur_msgs/ur_msgs/msg/rosidl_typesupport_fastrtps_c__visibility_control.h
[8.599s] -- Up-to-date: /home/kadi/UR5e_ros2/ros2_real/install/ur_msgs/include/ur_msgs/ur_msgs/msg/detail
[8.599s] -- Up-to-date: /home/kadi/UR5e_ros2/ros2_real/install/ur_msgs/include/ur_msgs/ur_msgs/msg/detail/robot_mode_data_msg__rosidl_typesupport_fastrtps_c.h
[8.599s] -- Up-to-date: /home/kadi/UR5e_ros2/ros2_real/install/ur_msgs/include/ur_msgs/ur_msgs/msg/detail/io_states__rosidl_typesupport_fastrtps_c.h
[8.599s] -- Up-to-date: /home/kadi/UR5e_ros2/ros2_real/install/ur_msgs/include/ur_msgs/ur_msgs/msg/detail/analog__rosidl_typesupport_fastrtps_c.h
[8.599s] -- Up-to-date: /home/kadi/UR5e_ros2/ros2_real/install/ur_msgs/include/ur_msgs/ur_msgs/msg/detail/tool_data_msg__rosidl_typesupport_fastrtps_c.h
[8.599s] -- Up-to-date: /home/kadi/UR5e_ros2/ros2_real/install/ur_msgs/include/ur_msgs/ur_msgs/msg/detail/robot_state_rt_msg__rosidl_typesupport_fastrtps_c.h
[8.599s] -- Up-to-date: /home/kadi/UR5e_ros2/ros2_real/install/ur_msgs/include/ur_msgs/ur_msgs/msg/detail/masterboard_data_msg__rosidl_typesupport_fastrtps_c.h
[8.599s] -- Up-to-date: /home/kadi/UR5e_ros2/ros2_real/install/ur_msgs/include/ur_msgs/ur_msgs/msg/detail/digital__rosidl_typesupport_fastrtps_c.h
[8.599s] -- Installing: /home/kadi/UR5e_ros2/ros2_real/install/ur_msgs/lib/libur_msgs__rosidl_typesupport_fastrtps_c.so
[8.599s] -- Set runtime path of "/home/kadi/UR5e_ros2/ros2_real/install/ur_msgs/lib/libur_msgs__rosidl_typesupport_fastrtps_c.so" to ""
[8.599s] -- Up-to-date: /home/kadi/UR5e_ros2/ros2_real/install/ur_msgs/include/ur_msgs/ur_msgs
[8.599s] -- Up-to-date: /home/kadi/UR5e_ros2/ros2_real/install/ur_msgs/include/ur_msgs/ur_msgs/srv
[8.599s] -- Up-to-date: /home/kadi/UR5e_ros2/ros2_real/install/ur_msgs/include/ur_msgs/ur_msgs/srv/detail
[8.599s] -- Up-to-date: /home/kadi/UR5e_ros2/ros2_real/install/ur_msgs/include/ur_msgs/ur_msgs/srv/detail/get_robot_software_version__traits.hpp
[8.599s] -- Up-to-date: /home/kadi/UR5e_ros2/ros2_real/install/ur_msgs/include/ur_msgs/ur_msgs/srv/detail/set_speed_slider_fraction__struct.hpp
[8.599s] -- Up-to-date: /home/kadi/UR5e_ros2/ros2_real/install/ur_msgs/include/ur_msgs/ur_msgs/srv/detail/set_analog_output__traits.hpp
[8.599s] -- Up-to-date: /home/kadi/UR5e_ros2/ros2_real/install/ur_msgs/include/ur_msgs/ur_msgs/srv/detail/set_analog_output__builder.hpp
[8.599s] -- Up-to-date: /home/kadi/UR5e_ros2/ros2_real/install/ur_msgs/include/ur_msgs/ur_msgs/srv/detail/set_payload__struct.hpp
[8.599s] -- Up-to-date: /home/kadi/UR5e_ros2/ros2_real/install/ur_msgs/include/ur_msgs/ur_msgs/srv/detail/set_io__struct.hpp
[8.599s] -- Up-to-date: /home/kadi/UR5e_ros2/ros2_real/install/ur_msgs/include/ur_msgs/ur_msgs/srv/detail/set_io__builder.hpp
[8.599s] -- Up-to-date: /home/kadi/UR5e_ros2/ros2_real/install/ur_msgs/include/ur_msgs/ur_msgs/srv/detail/set_io__traits.hpp
[8.599s] -- Up-to-date: /home/kadi/UR5e_ros2/ros2_real/install/ur_msgs/include/ur_msgs/ur_msgs/srv/detail/set_payload__builder.hpp
[8.599s] -- Up-to-date: /home/kadi/UR5e_ros2/ros2_real/install/ur_msgs/include/ur_msgs/ur_msgs/srv/detail/set_payload__traits.hpp
[8.599s] -- Up-to-date: /home/kadi/UR5e_ros2/ros2_real/install/ur_msgs/include/ur_msgs/ur_msgs/srv/detail/set_speed_slider_fraction__builder.hpp
[8.600s] -- Up-to-date: /home/kadi/UR5e_ros2/ros2_real/install/ur_msgs/include/ur_msgs/ur_msgs/srv/detail/get_robot_software_version__struct.hpp
[8.600s] -- Up-to-date: /home/kadi/UR5e_ros2/ros2_real/install/ur_msgs/include/ur_msgs/ur_msgs/srv/detail/set_speed_slider_fraction__traits.hpp
[8.600s] -- Up-to-date: /home/kadi/UR5e_ros2/ros2_real/install/ur_msgs/include/ur_msgs/ur_msgs/srv/detail/set_analog_output__struct.hpp
[8.600s] -- Up-to-date: /home/kadi/UR5e_ros2/ros2_real/install/ur_msgs/include/ur_msgs/ur_msgs/srv/detail/get_robot_software_version__builder.hpp
[8.600s] -- Up-to-date: /home/kadi/UR5e_ros2/ros2_real/install/ur_msgs/include/ur_msgs/ur_msgs/srv/get_robot_software_version.hpp
[8.600s] -- Up-to-date: /home/kadi/UR5e_ros2/ros2_real/install/ur_msgs/include/ur_msgs/ur_msgs/srv/set_payload.hpp
[8.603s] -- Up-to-date: /home/kadi/UR5e_ros2/ros2_real/install/ur_msgs/include/ur_msgs/ur_msgs/srv/set_analog_output.hpp
[8.603s] -- Up-to-date: /home/kadi/UR5e_ros2/ros2_real/install/ur_msgs/include/ur_msgs/ur_msgs/srv/set_io.hpp
[8.603s] -- Up-to-date: /home/kadi/UR5e_ros2/ros2_real/install/ur_msgs/include/ur_msgs/ur_msgs/srv/set_speed_slider_fraction.hpp
[8.603s] -- Up-to-date: /home/kadi/UR5e_ros2/ros2_real/install/ur_msgs/include/ur_msgs/ur_msgs/msg
[8.603s] -- Up-to-date: /home/kadi/UR5e_ros2/ros2_real/install/ur_msgs/include/ur_msgs/ur_msgs/msg/robot_state_rt_msg.hpp
[8.604s] -- Up-to-date: /home/kadi/UR5e_ros2/ros2_real/install/ur_msgs/include/ur_msgs/ur_msgs/msg/masterboard_data_msg.hpp
[8.604s] -- Up-to-date: /home/kadi/UR5e_ros2/ros2_real/install/ur_msgs/include/ur_msgs/ur_msgs/msg/io_states.hpp
[8.604s] -- Up-to-date: /home/kadi/UR5e_ros2/ros2_real/install/ur_msgs/include/ur_msgs/ur_msgs/msg/tool_data_msg.hpp
[8.604s] -- Up-to-date: /home/kadi/UR5e_ros2/ros2_real/install/ur_msgs/include/ur_msgs/ur_msgs/msg/detail
[8.604s] -- Up-to-date: /home/kadi/UR5e_ros2/ros2_real/install/ur_msgs/include/ur_msgs/ur_msgs/msg/detail/robot_state_rt_msg__builder.hpp
[8.604s] -- Up-to-date: /home/kadi/UR5e_ros2/ros2_real/install/ur_msgs/include/ur_msgs/ur_msgs/msg/detail/analog__traits.hpp
[8.605s] -- Up-to-date: /home/kadi/UR5e_ros2/ros2_real/install/ur_msgs/include/ur_msgs/ur_msgs/msg/detail/robot_state_rt_msg__traits.hpp
[8.609s] -- Up-to-date: /home/kadi/UR5e_ros2/ros2_real/install/ur_msgs/include/ur_msgs/ur_msgs/msg/detail/robot_state_rt_msg__struct.hpp
[8.610s] -- Up-to-date: /home/kadi/UR5e_ros2/ros2_real/install/ur_msgs/include/ur_msgs/ur_msgs/msg/detail/tool_data_msg__struct.hpp
[8.610s] -- Up-to-date: /home/kadi/UR5e_ros2/ros2_real/install/ur_msgs/include/ur_msgs/ur_msgs/msg/detail/tool_data_msg__builder.hpp
[8.610s] -- Up-to-date: /home/kadi/UR5e_ros2/ros2_real/install/ur_msgs/include/ur_msgs/ur_msgs/msg/detail/analog__struct.hpp
[8.610s] -- Up-to-date: /home/kadi/UR5e_ros2/ros2_real/install/ur_msgs/include/ur_msgs/ur_msgs/msg/detail/masterboard_data_msg__traits.hpp
[8.610s] -- Up-to-date: /home/kadi/UR5e_ros2/ros2_real/install/ur_msgs/include/ur_msgs/ur_msgs/msg/detail/masterboard_data_msg__struct.hpp
[8.610s] -- Up-to-date: /home/kadi/UR5e_ros2/ros2_real/install/ur_msgs/include/ur_msgs/ur_msgs/msg/detail/robot_mode_data_msg__traits.hpp
[8.610s] -- Up-to-date: /home/kadi/UR5e_ros2/ros2_real/install/ur_msgs/include/ur_msgs/ur_msgs/msg/detail/digital__traits.hpp
[8.610s] -- Up-to-date: /home/kadi/UR5e_ros2/ros2_real/install/ur_msgs/include/ur_msgs/ur_msgs/msg/detail/io_states__struct.hpp
[8.610s] -- Up-to-date: /home/kadi/UR5e_ros2/ros2_real/install/ur_msgs/include/ur_msgs/ur_msgs/msg/detail/masterboard_data_msg__builder.hpp
[8.610s] -- Up-to-date: /home/kadi/UR5e_ros2/ros2_real/install/ur_msgs/include/ur_msgs/ur_msgs/msg/detail/robot_mode_data_msg__builder.hpp
[8.610s] -- Up-to-date: /home/kadi/UR5e_ros2/ros2_real/install/ur_msgs/include/ur_msgs/ur_msgs/msg/detail/io_states__traits.hpp
[8.610s] -- Up-to-date: /home/kadi/UR5e_ros2/ros2_real/install/ur_msgs/include/ur_msgs/ur_msgs/msg/detail/io_states__builder.hpp
[8.610s] -- Up-to-date: /home/kadi/UR5e_ros2/ros2_real/install/ur_msgs/include/ur_msgs/ur_msgs/msg/detail/digital__struct.hpp
[8.611s] -- Up-to-date: /home/kadi/UR5e_ros2/ros2_real/install/ur_msgs/include/ur_msgs/ur_msgs/msg/detail/analog__builder.hpp
[8.611s] -- Up-to-date: /home/kadi/UR5e_ros2/ros2_real/install/ur_msgs/include/ur_msgs/ur_msgs/msg/detail/digital__builder.hpp
[8.611s] -- Up-to-date: /home/kadi/UR5e_ros2/ros2_real/install/ur_msgs/include/ur_msgs/ur_msgs/msg/detail/robot_mode_data_msg__struct.hpp
[8.611s] -- Up-to-date: /home/kadi/UR5e_ros2/ros2_real/install/ur_msgs/include/ur_msgs/ur_msgs/msg/detail/tool_data_msg__traits.hpp
[8.611s] -- Up-to-date: /home/kadi/UR5e_ros2/ros2_real/install/ur_msgs/include/ur_msgs/ur_msgs/msg/analog.hpp
[8.611s] -- Up-to-date: /home/kadi/UR5e_ros2/ros2_real/install/ur_msgs/include/ur_msgs/ur_msgs/msg/robot_mode_data_msg.hpp
[8.611s] -- Up-to-date: /home/kadi/UR5e_ros2/ros2_real/install/ur_msgs/include/ur_msgs/ur_msgs/msg/digital.hpp
[8.611s] -- Up-to-date: /home/kadi/UR5e_ros2/ros2_real/install/ur_msgs/include/ur_msgs/ur_msgs
[8.612s] -- Up-to-date: /home/kadi/UR5e_ros2/ros2_real/install/ur_msgs/include/ur_msgs/ur_msgs/srv
[8.612s] -- Up-to-date: /home/kadi/UR5e_ros2/ros2_real/install/ur_msgs/include/ur_msgs/ur_msgs/srv/detail
[8.612s] -- Up-to-date: /home/kadi/UR5e_ros2/ros2_real/install/ur_msgs/include/ur_msgs/ur_msgs/srv/detail/set_speed_slider_fraction__rosidl_typesupport_fastrtps_cpp.hpp
[8.612s] -- Up-to-date: /home/kadi/UR5e_ros2/ros2_real/install/ur_msgs/include/ur_msgs/ur_msgs/srv/detail/set_analog_output__rosidl_typesupport_fastrtps_cpp.hpp
[8.612s] -- Up-to-date: /home/kadi/UR5e_ros2/ros2_real/install/ur_msgs/include/ur_msgs/ur_msgs/srv/detail/set_payload__rosidl_typesupport_fastrtps_cpp.hpp
[8.612s] -- Up-to-date: /home/kadi/UR5e_ros2/ros2_real/install/ur_msgs/include/ur_msgs/ur_msgs/srv/detail/get_robot_software_version__rosidl_typesupport_fastrtps_cpp.hpp
[8.612s] -- Up-to-date: /home/kadi/UR5e_ros2/ros2_real/install/ur_msgs/include/ur_msgs/ur_msgs/srv/detail/set_io__rosidl_typesupport_fastrtps_cpp.hpp
[8.612s] -- Up-to-date: /home/kadi/UR5e_ros2/ros2_real/install/ur_msgs/include/ur_msgs/ur_msgs/srv/detail/dds_fastrtps
[8.612s] -- Up-to-date: /home/kadi/UR5e_ros2/ros2_real/install/ur_msgs/include/ur_msgs/ur_msgs/msg
[8.612s] -- Up-to-date: /home/kadi/UR5e_ros2/ros2_real/install/ur_msgs/include/ur_msgs/ur_msgs/msg/detail
[8.612s] -- Up-to-date: /home/kadi/UR5e_ros2/ros2_real/install/ur_msgs/include/ur_msgs/ur_msgs/msg/detail/robot_state_rt_msg__rosidl_typesupport_fastrtps_cpp.hpp
[8.612s] -- Up-to-date: /home/kadi/UR5e_ros2/ros2_real/install/ur_msgs/include/ur_msgs/ur_msgs/msg/detail/tool_data_msg__rosidl_typesupport_fastrtps_cpp.hpp
[8.612s] -- Up-to-date: /home/kadi/UR5e_ros2/ros2_real/install/ur_msgs/include/ur_msgs/ur_msgs/msg/detail/robot_mode_data_msg__rosidl_typesupport_fastrtps_cpp.hpp
[8.612s] -- Up-to-date: /home/kadi/UR5e_ros2/ros2_real/install/ur_msgs/include/ur_msgs/ur_msgs/msg/detail/analog__rosidl_typesupport_fastrtps_cpp.hpp
[8.612s] -- Up-to-date: /home/kadi/UR5e_ros2/ros2_real/install/ur_msgs/include/ur_msgs/ur_msgs/msg/detail/digital__rosidl_typesupport_fastrtps_cpp.hpp
[8.612s] -- Up-to-date: /home/kadi/UR5e_ros2/ros2_real/install/ur_msgs/include/ur_msgs/ur_msgs/msg/detail/masterboard_data_msg__rosidl_typesupport_fastrtps_cpp.hpp
[8.612s] -- Up-to-date: /home/kadi/UR5e_ros2/ros2_real/install/ur_msgs/include/ur_msgs/ur_msgs/msg/detail/io_states__rosidl_typesupport_fastrtps_cpp.hpp
[8.612s] -- Up-to-date: /home/kadi/UR5e_ros2/ros2_real/install/ur_msgs/include/ur_msgs/ur_msgs/msg/detail/dds_fastrtps
[8.612s] -- Up-to-date: /home/kadi/UR5e_ros2/ros2_real/install/ur_msgs/include/ur_msgs/ur_msgs/msg/rosidl_typesupport_fastrtps_cpp__visibility_control.h
[8.612s] -- Installing: /home/kadi/UR5e_ros2/ros2_real/install/ur_msgs/lib/libur_msgs__rosidl_typesupport_fastrtps_cpp.so
[8.612s] -- Set runtime path of "/home/kadi/UR5e_ros2/ros2_real/install/ur_msgs/lib/libur_msgs__rosidl_typesupport_fastrtps_cpp.so" to ""
[8.612s] -- Up-to-date: /home/kadi/UR5e_ros2/ros2_real/install/ur_msgs/include/ur_msgs/ur_msgs
[8.613s] -- Up-to-date: /home/kadi/UR5e_ros2/ros2_real/install/ur_msgs/include/ur_msgs/ur_msgs/srv
[8.613s] -- Up-to-date: /home/kadi/UR5e_ros2/ros2_real/install/ur_msgs/include/ur_msgs/ur_msgs/srv/detail
[8.613s] -- Up-to-date: /home/kadi/UR5e_ros2/ros2_real/install/ur_msgs/include/ur_msgs/ur_msgs/srv/detail/get_robot_software_version__type_support.c
[8.613s] -- Up-to-date: /home/kadi/UR5e_ros2/ros2_real/install/ur_msgs/include/ur_msgs/ur_msgs/srv/detail/set_io__rosidl_typesupport_introspection_c.h
[8.613s] -- Up-to-date: /home/kadi/UR5e_ros2/ros2_real/install/ur_msgs/include/ur_msgs/ur_msgs/srv/detail/set_speed_slider_fraction__rosidl_typesupport_introspection_c.h
[8.619s] -- Up-to-date: /home/kadi/UR5e_ros2/ros2_real/install/ur_msgs/include/ur_msgs/ur_msgs/srv/detail/set_speed_slider_fraction__type_support.c
[8.619s] -- Up-to-date: /home/kadi/UR5e_ros2/ros2_real/install/ur_msgs/include/ur_msgs/ur_msgs/srv/detail/set_payload__type_support.c
[8.619s] -- Up-to-date: /home/kadi/UR5e_ros2/ros2_real/install/ur_msgs/include/ur_msgs/ur_msgs/srv/detail/set_io__type_support.c
[8.619s] -- Up-to-date: /home/kadi/UR5e_ros2/ros2_real/install/ur_msgs/include/ur_msgs/ur_msgs/srv/detail/get_robot_software_version__rosidl_typesupport_introspection_c.h
[8.619s] -- Up-to-date: /home/kadi/UR5e_ros2/ros2_real/install/ur_msgs/include/ur_msgs/ur_msgs/srv/detail/set_analog_output__rosidl_typesupport_introspection_c.h
[8.619s] -- Up-to-date: /home/kadi/UR5e_ros2/ros2_real/install/ur_msgs/include/ur_msgs/ur_msgs/srv/detail/set_payload__rosidl_typesupport_introspection_c.h
[8.619s] -- Up-to-date: /home/kadi/UR5e_ros2/ros2_real/install/ur_msgs/include/ur_msgs/ur_msgs/srv/detail/set_analog_output__type_support.c
[8.619s] -- Up-to-date: /home/kadi/UR5e_ros2/ros2_real/install/ur_msgs/include/ur_msgs/ur_msgs/msg
[8.619s] -- Up-to-date: /home/kadi/UR5e_ros2/ros2_real/install/ur_msgs/include/ur_msgs/ur_msgs/msg/detail
[8.619s] -- Up-to-date: /home/kadi/UR5e_ros2/ros2_real/install/ur_msgs/include/ur_msgs/ur_msgs/msg/detail/digital__type_support.c
[8.619s] -- Up-to-date: /home/kadi/UR5e_ros2/ros2_real/install/ur_msgs/include/ur_msgs/ur_msgs/msg/detail/tool_data_msg__rosidl_typesupport_introspection_c.h
[8.620s] -- Up-to-date: /home/kadi/UR5e_ros2/ros2_real/install/ur_msgs/include/ur_msgs/ur_msgs/msg/detail/robot_state_rt_msg__rosidl_typesupport_introspection_c.h
[8.620s] -- Up-to-date: /home/kadi/UR5e_ros2/ros2_real/install/ur_msgs/include/ur_msgs/ur_msgs/msg/detail/io_states__type_support.c
[8.620s] -- Up-to-date: /home/kadi/UR5e_ros2/ros2_real/install/ur_msgs/include/ur_msgs/ur_msgs/msg/detail/digital__rosidl_typesupport_introspection_c.h
[8.620s] -- Up-to-date: /home/kadi/UR5e_ros2/ros2_real/install/ur_msgs/include/ur_msgs/ur_msgs/msg/detail/robot_mode_data_msg__type_support.c
[8.620s] -- Up-to-date: /home/kadi/UR5e_ros2/ros2_real/install/ur_msgs/include/ur_msgs/ur_msgs/msg/detail/analog__type_support.c
[8.620s] -- Up-to-date: /home/kadi/UR5e_ros2/ros2_real/install/ur_msgs/include/ur_msgs/ur_msgs/msg/detail/robot_state_rt_msg__type_support.c
[8.622s] -- Up-to-date: /home/kadi/UR5e_ros2/ros2_real/install/ur_msgs/include/ur_msgs/ur_msgs/msg/detail/masterboard_data_msg__type_support.c
[8.622s] -- Up-to-date: /home/kadi/UR5e_ros2/ros2_real/install/ur_msgs/include/ur_msgs/ur_msgs/msg/detail/analog__rosidl_typesupport_introspection_c.h
[8.622s] -- Up-to-date: /home/kadi/UR5e_ros2/ros2_real/install/ur_msgs/include/ur_msgs/ur_msgs/msg/detail/masterboard_data_msg__rosidl_typesupport_introspection_c.h
[8.622s] -- Up-to-date: /home/kadi/UR5e_ros2/ros2_real/install/ur_msgs/include/ur_msgs/ur_msgs/msg/detail/tool_data_msg__type_support.c
[8.622s] -- Up-to-date: /home/kadi/UR5e_ros2/ros2_real/install/ur_msgs/include/ur_msgs/ur_msgs/msg/detail/io_states__rosidl_typesupport_introspection_c.h
[8.622s] -- Up-to-date: /home/kadi/UR5e_ros2/ros2_real/install/ur_msgs/include/ur_msgs/ur_msgs/msg/detail/robot_mode_data_msg__rosidl_typesupport_introspection_c.h
[8.622s] -- Up-to-date: /home/kadi/UR5e_ros2/ros2_real/install/ur_msgs/include/ur_msgs/ur_msgs/msg/rosidl_typesupport_introspection_c__visibility_control.h
[8.622s] -- Installing: /home/kadi/UR5e_ros2/ros2_real/install/ur_msgs/lib/libur_msgs__rosidl_typesupport_introspection_c.so
[8.622s] -- Set runtime path of "/home/kadi/UR5e_ros2/ros2_real/install/ur_msgs/lib/libur_msgs__rosidl_typesupport_introspection_c.so" to ""
[8.622s] -- Installing: /home/kadi/UR5e_ros2/ros2_real/install/ur_msgs/lib/libur_msgs__rosidl_typesupport_c.so
[8.622s] -- Set runtime path of "/home/kadi/UR5e_ros2/ros2_real/install/ur_msgs/lib/libur_msgs__rosidl_typesupport_c.so" to ""
[8.622s] -- Up-to-date: /home/kadi/UR5e_ros2/ros2_real/install/ur_msgs/include/ur_msgs/ur_msgs
[8.622s] -- Up-to-date: /home/kadi/UR5e_ros2/ros2_real/install/ur_msgs/include/ur_msgs/ur_msgs/srv
[8.622s] -- Up-to-date: /home/kadi/UR5e_ros2/ros2_real/install/ur_msgs/include/ur_msgs/ur_msgs/srv/detail
[8.622s] -- Up-to-date: /home/kadi/UR5e_ros2/ros2_real/install/ur_msgs/include/ur_msgs/ur_msgs/srv/detail/set_payload__rosidl_typesupport_introspection_cpp.hpp
[8.622s] -- Up-to-date: /home/kadi/UR5e_ros2/ros2_real/install/ur_msgs/include/ur_msgs/ur_msgs/srv/detail/set_io__rosidl_typesupport_introspection_cpp.hpp
[8.622s] -- Up-to-date: /home/kadi/UR5e_ros2/ros2_real/install/ur_msgs/include/ur_msgs/ur_msgs/srv/detail/set_analog_output__rosidl_typesupport_introspection_cpp.hpp
[8.622s] -- Up-to-date: /home/kadi/UR5e_ros2/ros2_real/install/ur_msgs/include/ur_msgs/ur_msgs/srv/detail/get_robot_software_version__type_support.cpp
[8.622s] -- Up-to-date: /home/kadi/UR5e_ros2/ros2_real/install/ur_msgs/include/ur_msgs/ur_msgs/srv/detail/get_robot_software_version__rosidl_typesupport_introspection_cpp.hpp
[8.623s] -- Up-to-date: /home/kadi/UR5e_ros2/ros2_real/install/ur_msgs/include/ur_msgs/ur_msgs/srv/detail/set_analog_output__type_support.cpp
[8.623s] -- Up-to-date: /home/kadi/UR5e_ros2/ros2_real/install/ur_msgs/include/ur_msgs/ur_msgs/srv/detail/set_io__type_support.cpp
[8.623s] -- Up-to-date: /home/kadi/UR5e_ros2/ros2_real/install/ur_msgs/include/ur_msgs/ur_msgs/srv/detail/set_speed_slider_fraction__type_support.cpp
[8.623s] -- Up-to-date: /home/kadi/UR5e_ros2/ros2_real/install/ur_msgs/include/ur_msgs/ur_msgs/srv/detail/set_payload__type_support.cpp
[8.623s] -- Up-to-date: /home/kadi/UR5e_ros2/ros2_real/install/ur_msgs/include/ur_msgs/ur_msgs/srv/detail/set_speed_slider_fraction__rosidl_typesupport_introspection_cpp.hpp
[8.623s] -- Up-to-date: /home/kadi/UR5e_ros2/ros2_real/install/ur_msgs/include/ur_msgs/ur_msgs/msg
[8.623s] -- Up-to-date: /home/kadi/UR5e_ros2/ros2_real/install/ur_msgs/include/ur_msgs/ur_msgs/msg/detail
[8.623s] -- Up-to-date: /home/kadi/UR5e_ros2/ros2_real/install/ur_msgs/include/ur_msgs/ur_msgs/msg/detail/tool_data_msg__rosidl_typesupport_introspection_cpp.hpp
[8.623s] -- Up-to-date: /home/kadi/UR5e_ros2/ros2_real/install/ur_msgs/include/ur_msgs/ur_msgs/msg/detail/analog__type_support.cpp
[8.623s] -- Up-to-date: /home/kadi/UR5e_ros2/ros2_real/install/ur_msgs/include/ur_msgs/ur_msgs/msg/detail/masterboard_data_msg__type_support.cpp
[8.623s] -- Up-to-date: /home/kadi/UR5e_ros2/ros2_real/install/ur_msgs/include/ur_msgs/ur_msgs/msg/detail/robot_state_rt_msg__type_support.cpp
[8.624s] -- Up-to-date: /home/kadi/UR5e_ros2/ros2_real/install/ur_msgs/include/ur_msgs/ur_msgs/msg/detail/robot_mode_data_msg__rosidl_typesupport_introspection_cpp.hpp
[8.624s] -- Up-to-date: /home/kadi/UR5e_ros2/ros2_real/install/ur_msgs/include/ur_msgs/ur_msgs/msg/detail/io_states__rosidl_typesupport_introspection_cpp.hpp
[8.624s] -- Up-to-date: /home/kadi/UR5e_ros2/ros2_real/install/ur_msgs/include/ur_msgs/ur_msgs/msg/detail/robot_mode_data_msg__type_support.cpp
[8.624s] -- Up-to-date: /home/kadi/UR5e_ros2/ros2_real/install/ur_msgs/include/ur_msgs/ur_msgs/msg/detail/analog__rosidl_typesupport_introspection_cpp.hpp
[8.624s] -- Up-to-date: /home/kadi/UR5e_ros2/ros2_real/install/ur_msgs/include/ur_msgs/ur_msgs/msg/detail/digital__type_support.cpp
[8.624s] -- Up-to-date: /home/kadi/UR5e_ros2/ros2_real/install/ur_msgs/include/ur_msgs/ur_msgs/msg/detail/masterboard_data_msg__rosidl_typesupport_introspection_cpp.hpp
[8.624s] -- Up-to-date: /home/kadi/UR5e_ros2/ros2_real/install/ur_msgs/include/ur_msgs/ur_msgs/msg/detail/robot_state_rt_msg__rosidl_typesupport_introspection_cpp.hpp
[8.624s] -- Up-to-date: /home/kadi/UR5e_ros2/ros2_real/install/ur_msgs/include/ur_msgs/ur_msgs/msg/detail/tool_data_msg__type_support.cpp
[8.624s] -- Up-to-date: /home/kadi/UR5e_ros2/ros2_real/install/ur_msgs/include/ur_msgs/ur_msgs/msg/detail/io_states__type_support.cpp
[8.624s] -- Up-to-date: /home/kadi/UR5e_ros2/ros2_real/install/ur_msgs/include/ur_msgs/ur_msgs/msg/detail/digital__rosidl_typesupport_introspection_cpp.hpp
[8.624s] -- Installing: /home/kadi/UR5e_ros2/ros2_real/install/ur_msgs/lib/libur_msgs__rosidl_typesupport_introspection_cpp.so
[8.624s] -- Set runtime path of "/home/kadi/UR5e_ros2/ros2_real/install/ur_msgs/lib/libur_msgs__rosidl_typesupport_introspection_cpp.so" to ""
[8.624s] -- Installing: /home/kadi/UR5e_ros2/ros2_real/install/ur_msgs/lib/libur_msgs__rosidl_typesupport_cpp.so
[8.624s] -- Set runtime path of "/home/kadi/UR5e_ros2/ros2_real/install/ur_msgs/lib/libur_msgs__rosidl_typesupport_cpp.so" to ""
[8.624s] -- Up-to-date: /home/kadi/UR5e_ros2/ros2_real/install/ur_msgs/share/ur_msgs/environment/pythonpath.sh
[8.624s] -- Up-to-date: /home/kadi/UR5e_ros2/ros2_real/install/ur_msgs/share/ur_msgs/environment/pythonpath.dsv
[8.624s] -- Up-to-date: /home/kadi/UR5e_ros2/ros2_real/install/ur_msgs/lib/python3.10/site-packages/ur_msgs-2.0.1-py3.10.egg-info
[8.625s] -- Installing: /home/kadi/UR5e_ros2/ros2_real/install/ur_msgs/lib/python3.10/site-packages/ur_msgs-2.0.1-py3.10.egg-info/SOURCES.txt
[8.625s] -- Installing: /home/kadi/UR5e_ros2/ros2_real/install/ur_msgs/lib/python3.10/site-packages/ur_msgs-2.0.1-py3.10.egg-info/dependency_links.txt
[8.625s] -- Installing: /home/kadi/UR5e_ros2/ros2_real/install/ur_msgs/lib/python3.10/site-packages/ur_msgs-2.0.1-py3.10.egg-info/PKG-INFO
[8.626s] -- Installing: /home/kadi/UR5e_ros2/ros2_real/install/ur_msgs/lib/python3.10/site-packages/ur_msgs-2.0.1-py3.10.egg-info/top_level.txt
[8.626s] -- Up-to-date: /home/kadi/UR5e_ros2/ros2_real/install/ur_msgs/lib/python3.10/site-packages/ur_msgs
[8.626s] -- Up-to-date: /home/kadi/UR5e_ros2/ros2_real/install/ur_msgs/lib/python3.10/site-packages/ur_msgs/srv
[8.626s] -- Up-to-date: /home/kadi/UR5e_ros2/ros2_real/install/ur_msgs/lib/python3.10/site-packages/ur_msgs/srv/_set_io.py
[8.627s] -- Up-to-date: /home/kadi/UR5e_ros2/ros2_real/install/ur_msgs/lib/python3.10/site-packages/ur_msgs/srv/_set_analog_output.py
[8.627s] -- Up-to-date: /home/kadi/UR5e_ros2/ros2_real/install/ur_msgs/lib/python3.10/site-packages/ur_msgs/srv/__init__.py
[8.627s] -- Up-to-date: /home/kadi/UR5e_ros2/ros2_real/install/ur_msgs/lib/python3.10/site-packages/ur_msgs/srv/_set_payload_s.c
[8.627s] -- Up-to-date: /home/kadi/UR5e_ros2/ros2_real/install/ur_msgs/lib/python3.10/site-packages/ur_msgs/srv/_set_speed_slider_fraction.py
[8.627s] -- Up-to-date: /home/kadi/UR5e_ros2/ros2_real/install/ur_msgs/lib/python3.10/site-packages/ur_msgs/srv/_set_speed_slider_fraction_s.c
[8.627s] -- Up-to-date: /home/kadi/UR5e_ros2/ros2_real/install/ur_msgs/lib/python3.10/site-packages/ur_msgs/srv/_get_robot_software_version_s.c
[8.627s] -- Up-to-date: /home/kadi/UR5e_ros2/ros2_real/install/ur_msgs/lib/python3.10/site-packages/ur_msgs/srv/_set_payload.py
[8.628s] -- Up-to-date: /home/kadi/UR5e_ros2/ros2_real/install/ur_msgs/lib/python3.10/site-packages/ur_msgs/srv/_set_io_s.c
[8.628s] -- Up-to-date: /home/kadi/UR5e_ros2/ros2_real/install/ur_msgs/lib/python3.10/site-packages/ur_msgs/srv/_get_robot_software_version.py
[8.628s] -- Up-to-date: /home/kadi/UR5e_ros2/ros2_real/install/ur_msgs/lib/python3.10/site-packages/ur_msgs/srv/_set_analog_output_s.c
[8.628s] -- Installing: /home/kadi/UR5e_ros2/ros2_real/install/ur_msgs/lib/python3.10/site-packages/ur_msgs/__init__.py
[8.631s] -- Up-to-date: /home/kadi/UR5e_ros2/ros2_real/install/ur_msgs/lib/python3.10/site-packages/ur_msgs/msg
[8.631s] -- Up-to-date: /home/kadi/UR5e_ros2/ros2_real/install/ur_msgs/lib/python3.10/site-packages/ur_msgs/msg/__init__.py
[8.631s] -- Up-to-date: /home/kadi/UR5e_ros2/ros2_real/install/ur_msgs/lib/python3.10/site-packages/ur_msgs/msg/_digital_s.c
[8.631s] -- Up-to-date: /home/kadi/UR5e_ros2/ros2_real/install/ur_msgs/lib/python3.10/site-packages/ur_msgs/msg/_analog_s.c
[8.632s] -- Up-to-date: /home/kadi/UR5e_ros2/ros2_real/install/ur_msgs/lib/python3.10/site-packages/ur_msgs/msg/_masterboard_data_msg.py
[8.632s] -- Up-to-date: /home/kadi/UR5e_ros2/ros2_real/install/ur_msgs/lib/python3.10/site-packages/ur_msgs/msg/_io_states_s.c
[8.632s] -- Up-to-date: /home/kadi/UR5e_ros2/ros2_real/install/ur_msgs/lib/python3.10/site-packages/ur_msgs/msg/_tool_data_msg_s.c
[8.632s] -- Up-to-date: /home/kadi/UR5e_ros2/ros2_real/install/ur_msgs/lib/python3.10/site-packages/ur_msgs/msg/_io_states.py
[8.632s] -- Up-to-date: /home/kadi/UR5e_ros2/ros2_real/install/ur_msgs/lib/python3.10/site-packages/ur_msgs/msg/_robot_state_rt_msg_s.c
[8.633s] -- Up-to-date: /home/kadi/UR5e_ros2/ros2_real/install/ur_msgs/lib/python3.10/site-packages/ur_msgs/msg/_analog.py
[8.633s] -- Up-to-date: /home/kadi/UR5e_ros2/ros2_real/install/ur_msgs/lib/python3.10/site-packages/ur_msgs/msg/_masterboard_data_msg_s.c
[8.633s] -- Up-to-date: /home/kadi/UR5e_ros2/ros2_real/install/ur_msgs/lib/python3.10/site-packages/ur_msgs/msg/_digital.py
[8.633s] -- Up-to-date: /home/kadi/UR5e_ros2/ros2_real/install/ur_msgs/lib/python3.10/site-packages/ur_msgs/msg/_robot_mode_data_msg_s.c
[8.633s] -- Up-to-date: /home/kadi/UR5e_ros2/ros2_real/install/ur_msgs/lib/python3.10/site-packages/ur_msgs/msg/_robot_mode_data_msg.py
[8.633s] -- Up-to-date: /home/kadi/UR5e_ros2/ros2_real/install/ur_msgs/lib/python3.10/site-packages/ur_msgs/msg/_tool_data_msg.py
[8.633s] -- Up-to-date: /home/kadi/UR5e_ros2/ros2_real/install/ur_msgs/lib/python3.10/site-packages/ur_msgs/msg/_robot_state_rt_msg.py
[8.633s] -- Up-to-date: /home/kadi/UR5e_ros2/ros2_real/install/ur_msgs/lib/python3.10/site-packages/ur_msgs/_ur_msgs_s.ep.rosidl_typesupport_c.c
[8.633s] -- Installing: /home/kadi/UR5e_ros2/ros2_real/install/ur_msgs/lib/python3.10/site-packages/ur_msgs/libur_msgs__rosidl_generator_py.so
[8.633s] -- Up-to-date: /home/kadi/UR5e_ros2/ros2_real/install/ur_msgs/lib/python3.10/site-packages/ur_msgs/_ur_msgs_s.ep.rosidl_typesupport_fastrtps_c.c
[8.633s] -- Installing: /home/kadi/UR5e_ros2/ros2_real/install/ur_msgs/lib/python3.10/site-packages/ur_msgs/ur_msgs_s__rosidl_typesupport_c.cpython-310-x86_64-linux-gnu.so
[8.633s] -- Installing: /home/kadi/UR5e_ros2/ros2_real/install/ur_msgs/lib/python3.10/site-packages/ur_msgs/ur_msgs_s__rosidl_typesupport_fastrtps_c.cpython-310-x86_64-linux-gnu.so
[8.635s] -- Up-to-date: /home/kadi/UR5e_ros2/ros2_real/install/ur_msgs/lib/python3.10/site-packages/ur_msgs/_ur_msgs_s.ep.rosidl_typesupport_introspection_c.c
[8.635s] -- Installing: /home/kadi/UR5e_ros2/ros2_real/install/ur_msgs/lib/python3.10/site-packages/ur_msgs/ur_msgs_s__rosidl_typesupport_introspection_c.cpython-310-x86_64-linux-gnu.so
[8.721s] Listing '/home/kadi/UR5e_ros2/ros2_real/install/ur_msgs/lib/python3.10/site-packages/ur_msgs'...
[8.721s] Compiling '/home/kadi/UR5e_ros2/ros2_real/install/ur_msgs/lib/python3.10/site-packages/ur_msgs/__init__.py'...
[8.721s] Listing '/home/kadi/UR5e_ros2/ros2_real/install/ur_msgs/lib/python3.10/site-packages/ur_msgs/msg'...
[8.721s] Listing '/home/kadi/UR5e_ros2/ros2_real/install/ur_msgs/lib/python3.10/site-packages/ur_msgs/srv'...
[8.734s] -- Installing: /home/kadi/UR5e_ros2/ros2_real/install/ur_msgs/lib/python3.10/site-packages/ur_msgs/ur_msgs_s__rosidl_typesupport_fastrtps_c.cpython-310-x86_64-linux-gnu.so
[8.734s] -- Set runtime path of "/home/kadi/UR5e_ros2/ros2_real/install/ur_msgs/lib/python3.10/site-packages/ur_msgs/ur_msgs_s__rosidl_typesupport_fastrtps_c.cpython-310-x86_64-linux-gnu.so" to ""
[8.735s] -- Installing: /home/kadi/UR5e_ros2/ros2_real/install/ur_msgs/lib/python3.10/site-packages/ur_msgs/ur_msgs_s__rosidl_typesupport_introspection_c.cpython-310-x86_64-linux-gnu.so
[8.735s] -- Set runtime path of "/home/kadi/UR5e_ros2/ros2_real/install/ur_msgs/lib/python3.10/site-packages/ur_msgs/ur_msgs_s__rosidl_typesupport_introspection_c.cpython-310-x86_64-linux-gnu.so" to ""
[8.740s] -- Installing: /home/kadi/UR5e_ros2/ros2_real/install/ur_msgs/lib/python3.10/site-packages/ur_msgs/ur_msgs_s__rosidl_typesupport_c.cpython-310-x86_64-linux-gnu.so
[8.740s] -- Set runtime path of "/home/kadi/UR5e_ros2/ros2_real/install/ur_msgs/lib/python3.10/site-packages/ur_msgs/ur_msgs_s__rosidl_typesupport_c.cpython-310-x86_64-linux-gnu.so" to ""
[8.740s] -- Installing: /home/kadi/UR5e_ros2/ros2_real/install/ur_msgs/lib/libur_msgs__rosidl_generator_py.so
[8.741s] -- Set runtime path of "/home/kadi/UR5e_ros2/ros2_real/install/ur_msgs/lib/libur_msgs__rosidl_generator_py.so" to ""
[8.742s] -- Up-to-date: /home/kadi/UR5e_ros2/ros2_real/install/ur_msgs/share/ur_msgs/msg/Analog.idl
[8.742s] -- Up-to-date: /home/kadi/UR5e_ros2/ros2_real/install/ur_msgs/share/ur_msgs/msg/Digital.idl
[8.742s] -- Up-to-date: /home/kadi/UR5e_ros2/ros2_real/install/ur_msgs/share/ur_msgs/msg/IOStates.idl
[8.742s] -- Up-to-date: /home/kadi/UR5e_ros2/ros2_real/install/ur_msgs/share/ur_msgs/msg/RobotStateRTMsg.idl
[8.742s] -- Up-to-date: /home/kadi/UR5e_ros2/ros2_real/install/ur_msgs/share/ur_msgs/msg/MasterboardDataMsg.idl
[8.742s] -- Up-to-date: /home/kadi/UR5e_ros2/ros2_real/install/ur_msgs/share/ur_msgs/msg/RobotModeDataMsg.idl
[8.742s] -- Up-to-date: /home/kadi/UR5e_ros2/ros2_real/install/ur_msgs/share/ur_msgs/msg/ToolDataMsg.idl
[8.742s] -- Up-to-date: /home/kadi/UR5e_ros2/ros2_real/install/ur_msgs/share/ur_msgs/srv/SetAnalogOutput.idl
[8.742s] -- Up-to-date: /home/kadi/UR5e_ros2/ros2_real/install/ur_msgs/share/ur_msgs/srv/SetPayload.idl
[8.742s] -- Up-to-date: /home/kadi/UR5e_ros2/ros2_real/install/ur_msgs/share/ur_msgs/srv/SetSpeedSliderFraction.idl
[8.742s] -- Up-to-date: /home/kadi/UR5e_ros2/ros2_real/install/ur_msgs/share/ur_msgs/srv/SetIO.idl
[8.742s] -- Up-to-date: /home/kadi/UR5e_ros2/ros2_real/install/ur_msgs/share/ur_msgs/srv/GetRobotSoftwareVersion.idl
[8.742s] -- Up-to-date: /home/kadi/UR5e_ros2/ros2_real/install/ur_msgs/share/ur_msgs/msg/Analog.msg
[8.742s] -- Up-to-date: /home/kadi/UR5e_ros2/ros2_real/install/ur_msgs/share/ur_msgs/msg/Digital.msg
[8.743s] -- Up-to-date: /home/kadi/UR5e_ros2/ros2_real/install/ur_msgs/share/ur_msgs/msg/IOStates.msg
[8.743s] -- Up-to-date: /home/kadi/UR5e_ros2/ros2_real/install/ur_msgs/share/ur_msgs/msg/RobotStateRTMsg.msg
[8.743s] -- Up-to-date: /home/kadi/UR5e_ros2/ros2_real/install/ur_msgs/share/ur_msgs/msg/MasterboardDataMsg.msg
[8.743s] -- Up-to-date: /home/kadi/UR5e_ros2/ros2_real/install/ur_msgs/share/ur_msgs/msg/RobotModeDataMsg.msg
[8.743s] -- Up-to-date: /home/kadi/UR5e_ros2/ros2_real/install/ur_msgs/share/ur_msgs/msg/ToolDataMsg.msg
[8.743s] -- Up-to-date: /home/kadi/UR5e_ros2/ros2_real/install/ur_msgs/share/ur_msgs/srv/SetAnalogOutput.srv
[8.744s] -- Up-to-date: /home/kadi/UR5e_ros2/ros2_real/install/ur_msgs/share/ur_msgs/srv/SetAnalogOutput_Request.msg
[8.744s] -- Up-to-date: /home/kadi/UR5e_ros2/ros2_real/install/ur_msgs/share/ur_msgs/srv/SetAnalogOutput_Response.msg
[8.744s] -- Up-to-date: /home/kadi/UR5e_ros2/ros2_real/install/ur_msgs/share/ur_msgs/srv/SetPayload.srv
[8.744s] -- Up-to-date: /home/kadi/UR5e_ros2/ros2_real/install/ur_msgs/share/ur_msgs/srv/SetPayload_Request.msg
[8.744s] -- Up-to-date: /home/kadi/UR5e_ros2/ros2_real/install/ur_msgs/share/ur_msgs/srv/SetPayload_Response.msg
[8.744s] -- Up-to-date: /home/kadi/UR5e_ros2/ros2_real/install/ur_msgs/share/ur_msgs/srv/SetSpeedSliderFraction.srv
[8.749s] -- Up-to-date: /home/kadi/UR5e_ros2/ros2_real/install/ur_msgs/share/ur_msgs/srv/SetSpeedSliderFraction_Request.msg
[8.749s] -- Up-to-date: /home/kadi/UR5e_ros2/ros2_real/install/ur_msgs/share/ur_msgs/srv/SetSpeedSliderFraction_Response.msg
[8.749s] -- Up-to-date: /home/kadi/UR5e_ros2/ros2_real/install/ur_msgs/share/ur_msgs/srv/SetIO.srv
[8.749s] -- Up-to-date: /home/kadi/UR5e_ros2/ros2_real/install/ur_msgs/share/ur_msgs/srv/SetIO_Request.msg
[8.749s] -- Up-to-date: /home/kadi/UR5e_ros2/ros2_real/install/ur_msgs/share/ur_msgs/srv/SetIO_Response.msg
[8.749s] -- Up-to-date: /home/kadi/UR5e_ros2/ros2_real/install/ur_msgs/share/ur_msgs/srv/GetRobotSoftwareVersion.srv
[8.749s] -- Up-to-date: /home/kadi/UR5e_ros2/ros2_real/install/ur_msgs/share/ur_msgs/srv/GetRobotSoftwareVersion_Request.msg
[8.749s] -- Up-to-date: /home/kadi/UR5e_ros2/ros2_real/install/ur_msgs/share/ur_msgs/srv/GetRobotSoftwareVersion_Response.msg
[8.749s] -- Up-to-date: /home/kadi/UR5e_ros2/ros2_real/install/ur_msgs/share/ament_index/resource_index/package_run_dependencies/ur_msgs
[8.749s] -- Installing: /home/kadi/UR5e_ros2/ros2_real/install/ur_msgs/share/ament_index/resource_index/parent_prefix_path/ur_msgs
[8.749s] -- Up-to-date: /home/kadi/UR5e_ros2/ros2_real/install/ur_msgs/share/ur_msgs/environment/ament_prefix_path.sh
[8.749s] -- Up-to-date: /home/kadi/UR5e_ros2/ros2_real/install/ur_msgs/share/ur_msgs/environment/ament_prefix_path.dsv
[8.750s] -- Up-to-date: /home/kadi/UR5e_ros2/ros2_real/install/ur_msgs/share/ur_msgs/environment/path.sh
[8.751s] -- Up-to-date: /home/kadi/UR5e_ros2/ros2_real/install/ur_msgs/share/ur_msgs/environment/path.dsv
[8.751s] -- Up-to-date: /home/kadi/UR5e_ros2/ros2_real/install/ur_msgs/share/ur_msgs/local_setup.bash
[8.751s] -- Up-to-date: /home/kadi/UR5e_ros2/ros2_real/install/ur_msgs/share/ur_msgs/local_setup.sh
[8.751s] -- Up-to-date: /home/kadi/UR5e_ros2/ros2_real/install/ur_msgs/share/ur_msgs/local_setup.zsh
[8.751s] -- Up-to-date: /home/kadi/UR5e_ros2/ros2_real/install/ur_msgs/share/ur_msgs/local_setup.dsv
[8.751s] -- Installing: /home/kadi/UR5e_ros2/ros2_real/install/ur_msgs/share/ur_msgs/package.dsv
[8.751s] -- Up-to-date: /home/kadi/UR5e_ros2/ros2_real/install/ur_msgs/share/ament_index/resource_index/packages/ur_msgs
[8.755s] -- Up-to-date: /home/kadi/UR5e_ros2/ros2_real/install/ur_msgs/share/ur_msgs/cmake/export_ur_msgs__rosidl_generator_cExport.cmake
[8.755s] -- Installing: /home/kadi/UR5e_ros2/ros2_real/install/ur_msgs/share/ur_msgs/cmake/export_ur_msgs__rosidl_generator_cExport-release.cmake
[8.755s] -- Up-to-date: /home/kadi/UR5e_ros2/ros2_real/install/ur_msgs/share/ur_msgs/cmake/export_ur_msgs__rosidl_typesupport_fastrtps_cExport.cmake
[8.755s] -- Installing: /home/kadi/UR5e_ros2/ros2_real/install/ur_msgs/share/ur_msgs/cmake/export_ur_msgs__rosidl_typesupport_fastrtps_cExport-release.cmake
[8.755s] -- Up-to-date: /home/kadi/UR5e_ros2/ros2_real/install/ur_msgs/share/ur_msgs/cmake/export_ur_msgs__rosidl_generator_cppExport.cmake
[8.755s] -- Up-to-date: /home/kadi/UR5e_ros2/ros2_real/install/ur_msgs/share/ur_msgs/cmake/export_ur_msgs__rosidl_typesupport_fastrtps_cppExport.cmake
[8.755s] -- Installing: /home/kadi/UR5e_ros2/ros2_real/install/ur_msgs/share/ur_msgs/cmake/export_ur_msgs__rosidl_typesupport_fastrtps_cppExport-release.cmake
[8.755s] -- Up-to-date: /home/kadi/UR5e_ros2/ros2_real/install/ur_msgs/share/ur_msgs/cmake/ur_msgs__rosidl_typesupport_introspection_cExport.cmake
[8.755s] -- Installing: /home/kadi/UR5e_ros2/ros2_real/install/ur_msgs/share/ur_msgs/cmake/ur_msgs__rosidl_typesupport_introspection_cExport-release.cmake
[8.762s] -- Up-to-date: /home/kadi/UR5e_ros2/ros2_real/install/ur_msgs/share/ur_msgs/cmake/ur_msgs__rosidl_typesupport_cExport.cmake
[8.762s] -- Installing: /home/kadi/UR5e_ros2/ros2_real/install/ur_msgs/share/ur_msgs/cmake/ur_msgs__rosidl_typesupport_cExport-release.cmake
[8.762s] -- Up-to-date: /home/kadi/UR5e_ros2/ros2_real/install/ur_msgs/share/ur_msgs/cmake/ur_msgs__rosidl_typesupport_introspection_cppExport.cmake
[8.762s] -- Installing: /home/kadi/UR5e_ros2/ros2_real/install/ur_msgs/share/ur_msgs/cmake/ur_msgs__rosidl_typesupport_introspection_cppExport-release.cmake
[8.762s] -- Up-to-date: /home/kadi/UR5e_ros2/ros2_real/install/ur_msgs/share/ur_msgs/cmake/ur_msgs__rosidl_typesupport_cppExport.cmake
[8.762s] -- Installing: /home/kadi/UR5e_ros2/ros2_real/install/ur_msgs/share/ur_msgs/cmake/ur_msgs__rosidl_typesupport_cppExport-release.cmake
[8.762s] -- Up-to-date: /home/kadi/UR5e_ros2/ros2_real/install/ur_msgs/share/ur_msgs/cmake/export_ur_msgs__rosidl_generator_pyExport.cmake
[8.762s] -- Installing: /home/kadi/UR5e_ros2/ros2_real/install/ur_msgs/share/ur_msgs/cmake/export_ur_msgs__rosidl_generator_pyExport-release.cmake
[8.762s] -- Up-to-date: /home/kadi/UR5e_ros2/ros2_real/install/ur_msgs/share/ur_msgs/cmake/rosidl_cmake-extras.cmake
[8.762s] -- Up-to-date: /home/kadi/UR5e_ros2/ros2_real/install/ur_msgs/share/ur_msgs/cmake/ament_cmake_export_dependencies-extras.cmake
[8.762s] -- Up-to-date: /home/kadi/UR5e_ros2/ros2_real/install/ur_msgs/share/ur_msgs/cmake/ament_cmake_export_include_directories-extras.cmake
[8.762s] -- Up-to-date: /home/kadi/UR5e_ros2/ros2_real/install/ur_msgs/share/ur_msgs/cmake/ament_cmake_export_libraries-extras.cmake
[8.762s] -- Up-to-date: /home/kadi/UR5e_ros2/ros2_real/install/ur_msgs/share/ur_msgs/cmake/ament_cmake_export_targets-extras.cmake
[8.762s] -- Up-to-date: /home/kadi/UR5e_ros2/ros2_real/install/ur_msgs/share/ur_msgs/cmake/rosidl_cmake_export_typesupport_targets-extras.cmake
[8.762s] -- Up-to-date: /home/kadi/UR5e_ros2/ros2_real/install/ur_msgs/share/ur_msgs/cmake/rosidl_cmake_export_typesupport_libraries-extras.cmake
[8.762s] -- Up-to-date: /home/kadi/UR5e_ros2/ros2_real/install/ur_msgs/share/ur_msgs/cmake/ur_msgsConfig.cmake
[8.762s] -- Up-to-date: /home/kadi/UR5e_ros2/ros2_real/install/ur_msgs/share/ur_msgs/cmake/ur_msgsConfig-version.cmake
[8.762s] -- Up-to-date: /home/kadi/UR5e_ros2/ros2_real/install/ur_msgs/share/ur_msgs/package.xml
[8.790s] Invoked command in '/home/kadi/UR5e_ros2/ros2_real/build/ur_msgs' returned '0': CMAKE_PREFIX_PATH=${CMAKE_PREFIX_PATH}:/opt/ros/iron /usr/bin/cmake --install /home/kadi/UR5e_ros2/ros2_real/build/ur_msgs
