-- Found ament_cmake: 2.0.7 (/opt/ros/iron/share/ament_cmake/cmake)
-- Found angles: 1.16.0 (/opt/ros/iron/share/angles/cmake)
-- Found controller_interface: 3.28.1 (/home/kadi/UR5e_ros2/ros2_real/install/controller_interface/share/controller_interface/cmake)
-- Found rosidl_generator_c: 4.0.1 (/opt/ros/iron/share/rosidl_generator_c/cmake)
-- Found rosidl_generator_cpp: 4.0.1 (/opt/ros/iron/share/rosidl_generator_cpp/cmake)
-- Using all available rosidl_typesupport_c: rosidl_typesupport_fastrtps_c;rosidl_typesupport_introspection_c
-- Using all available rosidl_typesupport_cpp: rosidl_typesupport_fastrtps_cpp;rosidl_typesupport_introspection_cpp
-- Found rmw_implementation_cmake: 7.1.0 (/opt/ros/iron/share/rmw_implementation_cmake/cmake)
-- Found rmw_fastrtps_cpp: 7.1.4 (/opt/ros/iron/share/rmw_fastrtps_cpp/cmake)
-- Found TinyXML2 via Config file: TinyXML2_DIR-NOTFOUND
-- Found TinyXML2 via Config file: TinyXML2_DIR-NOTFOUND
-- Found TinyXML2 via Config file: TinyXML2_DIR-NOTFOUND
-- Found TinyXML2 via Config file: TinyXML2_DIR-NOTFOUND
-- Using RMW implementation 'rmw_fastrtps_cpp' as default
-- Found joint_trajectory_controller: 3.26.3 (/home/kadi/UR5e_ros2/ros2_real/install/joint_trajectory_controller/share/joint_trajectory_controller/cmake)
-- Found parameter_traits: 0.3.9 (/opt/ros/iron/share/parameter_traits/cmake)
-- Found std_srvs: 5.0.1 (/opt/ros/iron/share/std_srvs/cmake)
-- Found ur_dashboard_msgs: 2.3.10 (/home/kadi/UR5e_ros2/ros2_real/install/ur_dashboard_msgs/share/ur_dashboard_msgs/cmake)
-- Found ur_msgs: 2.0.1 (/home/kadi/UR5e_ros2/ros2_real/install/ur_msgs/share/ur_msgs/cmake)
-- Found tf2_ros: 0.31.8 (/opt/ros/iron/share/tf2_ros/cmake)
-- Configuring done
-- Generating done
-- Build files have been written to: /home/kadi/UR5e_ros2/ros2_real/build/ur_controllers
[ 36%] Built target freedrive_mode_controller_parameters
[ 36%] Built target gpio_controller_parameters
[ 36%] Built target ur_configuration_controller_parameters
[ 36%] Built target speed_scaling_state_broadcaster_parameters
[ 45%] Built target scaled_joint_trajectory_controller_parameters
[35m[1mConsolidate compiler generated dependencies of target ur_controllers[0m
[ 90%] [32mBuilding CXX object CMakeFiles/ur_controllers.dir/src/ur_configuration_controller.cpp.o[0m
[ 90%] [32mBuilding CXX object CMakeFiles/ur_controllers.dir/src/freedrive_mode_controller.cpp.o[0m
[ 90%] [32mBuilding CXX object CMakeFiles/ur_controllers.dir/src/gpio_controller.cpp.o[0m
[ 90%] [32mBuilding CXX object CMakeFiles/ur_controllers.dir/src/scaled_joint_trajectory_controller.cpp.o[0m
[ 90%] [32mBuilding CXX object CMakeFiles/ur_controllers.dir/src/speed_scaling_state_broadcaster.cpp.o[0m
[100%] [32m[1mLinking CXX shared library libur_controllers.so[0m
[100%] Built target ur_controllers
-- Install configuration: "Release"
-- Up-to-date: /home/kadi/UR5e_ros2/ros2_real/install/ur_controllers/include/gpio_controller_parameters
-- Up-to-date: /home/kadi/UR5e_ros2/ros2_real/install/ur_controllers/include/gpio_controller_parameters/gpio_controller_parameters.hpp
-- Up-to-date: /home/kadi/UR5e_ros2/ros2_real/install/ur_controllers/include/speed_scaling_state_broadcaster_parameters
-- Up-to-date: /home/kadi/UR5e_ros2/ros2_real/install/ur_controllers/include/speed_scaling_state_broadcaster_parameters/speed_scaling_state_broadcaster_parameters.hpp
-- Up-to-date: /home/kadi/UR5e_ros2/ros2_real/install/ur_controllers/include/freedrive_mode_controller_parameters
-- Up-to-date: /home/kadi/UR5e_ros2/ros2_real/install/ur_controllers/include/freedrive_mode_controller_parameters/freedrive_mode_controller_parameters.hpp
-- Up-to-date: /home/kadi/UR5e_ros2/ros2_real/install/ur_controllers/include/scaled_joint_trajectory_controller_parameters
-- Up-to-date: /home/kadi/UR5e_ros2/ros2_real/install/ur_controllers/include/scaled_joint_trajectory_controller_parameters/scaled_joint_trajectory_controller_parameters.hpp
-- Up-to-date: /home/kadi/UR5e_ros2/ros2_real/install/ur_controllers/include/ur_configuration_controller_parameters
-- Up-to-date: /home/kadi/UR5e_ros2/ros2_real/install/ur_controllers/include/ur_configuration_controller_parameters/ur_configuration_controller_parameters.hpp
-- Up-to-date: /home/kadi/UR5e_ros2/ros2_real/install/ur_controllers/share/ur_controllers/controller_plugins.xml
-- Installing: /home/kadi/UR5e_ros2/ros2_real/install/ur_controllers/lib/libur_controllers.so
-- Set runtime path of "/home/kadi/UR5e_ros2/ros2_real/install/ur_controllers/lib/libur_controllers.so" to ""
-- Up-to-date: /home/kadi/UR5e_ros2/ros2_real/install/ur_controllers/include
-- Up-to-date: /home/kadi/UR5e_ros2/ros2_real/install/ur_controllers/include/ur_controllers
-- Up-to-date: /home/kadi/UR5e_ros2/ros2_real/install/ur_controllers/include/ur_controllers/speed_scaling_state_broadcaster.hpp
-- Up-to-date: /home/kadi/UR5e_ros2/ros2_real/install/ur_controllers/include/ur_controllers/scaled_joint_trajectory_controller.hpp
-- Up-to-date: /home/kadi/UR5e_ros2/ros2_real/install/ur_controllers/include/ur_controllers/freedrive_mode_controller.hpp
-- Up-to-date: /home/kadi/UR5e_ros2/ros2_real/install/ur_controllers/include/ur_controllers/ur_configuration_controller.hpp
-- Up-to-date: /home/kadi/UR5e_ros2/ros2_real/install/ur_controllers/include/ur_controllers/gpio_controller.hpp
-- Up-to-date: /home/kadi/UR5e_ros2/ros2_real/install/ur_controllers/share/ur_controllers/controller_plugins.xml
-- Up-to-date: /home/kadi/UR5e_ros2/ros2_real/install/ur_controllers/share/ur_controllers/environment/library_path.sh
-- Up-to-date: /home/kadi/UR5e_ros2/ros2_real/install/ur_controllers/share/ur_controllers/environment/library_path.dsv
-- Up-to-date: /home/kadi/UR5e_ros2/ros2_real/install/ur_controllers/share/ament_index/resource_index/package_run_dependencies/ur_controllers
-- Installing: /home/kadi/UR5e_ros2/ros2_real/install/ur_controllers/share/ament_index/resource_index/parent_prefix_path/ur_controllers
-- Up-to-date: /home/kadi/UR5e_ros2/ros2_real/install/ur_controllers/share/ur_controllers/environment/ament_prefix_path.sh
-- Up-to-date: /home/kadi/UR5e_ros2/ros2_real/install/ur_controllers/share/ur_controllers/environment/ament_prefix_path.dsv
-- Up-to-date: /home/kadi/UR5e_ros2/ros2_real/install/ur_controllers/share/ur_controllers/environment/path.sh
-- Up-to-date: /home/kadi/UR5e_ros2/ros2_real/install/ur_controllers/share/ur_controllers/environment/path.dsv
-- Up-to-date: /home/kadi/UR5e_ros2/ros2_real/install/ur_controllers/share/ur_controllers/local_setup.bash
-- Up-to-date: /home/kadi/UR5e_ros2/ros2_real/install/ur_controllers/share/ur_controllers/local_setup.sh
-- Up-to-date: /home/kadi/UR5e_ros2/ros2_real/install/ur_controllers/share/ur_controllers/local_setup.zsh
-- Up-to-date: /home/kadi/UR5e_ros2/ros2_real/install/ur_controllers/share/ur_controllers/local_setup.dsv
-- Installing: /home/kadi/UR5e_ros2/ros2_real/install/ur_controllers/share/ur_controllers/package.dsv
-- Up-to-date: /home/kadi/UR5e_ros2/ros2_real/install/ur_controllers/share/ament_index/resource_index/packages/ur_controllers
-- Up-to-date: /home/kadi/UR5e_ros2/ros2_real/install/ur_controllers/share/ament_index/resource_index/controller_interface__pluginlib__plugin/ur_controllers
-- Up-to-date: /home/kadi/UR5e_ros2/ros2_real/install/ur_controllers/share/ur_controllers/cmake/ament_cmake_export_dependencies-extras.cmake
-- Up-to-date: /home/kadi/UR5e_ros2/ros2_real/install/ur_controllers/share/ur_controllers/cmake/ament_cmake_export_include_directories-extras.cmake
-- Up-to-date: /home/kadi/UR5e_ros2/ros2_real/install/ur_controllers/share/ur_controllers/cmake/ament_cmake_export_libraries-extras.cmake
-- Up-to-date: /home/kadi/UR5e_ros2/ros2_real/install/ur_controllers/share/ur_controllers/cmake/ur_controllersConfig.cmake
-- Up-to-date: /home/kadi/UR5e_ros2/ros2_real/install/ur_controllers/share/ur_controllers/cmake/ur_controllersConfig-version.cmake
-- Up-to-date: /home/kadi/UR5e_ros2/ros2_real/install/ur_controllers/share/ur_controllers/package.xml
