[0.007s] Invoking command in '/home/kadi/UR5e_ros2/ros2_real/build/ur_msgs': CMAKE_PREFIX_PATH=/opt/ros/iron /usr/bin/cmake /home/kadi/UR5e_ros2/ros2_real/src/ur_msgs -DCMAKE_INSTALL_PREFIX=/home/kadi/UR5e_ros2/ros2_real/install/ur_msgs
[0.065s] -- The C compiler identification is GNU 11.4.0
[0.106s] -- The CXX compiler identification is GNU 11.4.0
[0.114s] -- Detecting C compiler ABI info
[0.174s] -- Detecting C compiler ABI info - done
[0.179s] -- Check for working C compiler: /usr/bin/cc - skipped
[0.179s] -- Detecting C compile features
[0.179s] -- Detecting C compile features - done
[0.181s] -- Detecting CXX compiler ABI info
[0.246s] -- Detecting CXX compiler ABI info - done
[0.251s] -- Check for working CXX compiler: /usr/bin/c++ - skipped
[0.251s] -- Detecting CXX compile features
[0.251s] -- Detecting CXX compile features - done
[0.253s] -- Found ament_cmake: 2.0.7 (/opt/ros/iron/share/ament_cmake/cmake)
[0.365s] -- Found Python3: /usr/bin/python3.10 (found version "3.10.12") found components: Interpreter 
[0.416s] -- Found builtin_interfaces: 1.6.0 (/opt/ros/iron/share/builtin_interfaces/cmake)
[0.439s] -- Found rosidl_generator_c: 4.0.1 (/opt/ros/iron/share/rosidl_generator_c/cmake)
[0.447s] -- Found rosidl_generator_cpp: 4.0.1 (/opt/ros/iron/share/rosidl_generator_cpp/cmake)
[0.458s] -- Using all available rosidl_typesupport_c: rosidl_typesupport_fastrtps_c;rosidl_typesupport_introspection_c
[0.470s] -- Using all available rosidl_typesupport_cpp: rosidl_typesupport_fastrtps_cpp;rosidl_typesupport_introspection_cpp
[0.481s] -- Found rosidl_default_generators: 1.5.0 (/opt/ros/iron/share/rosidl_default_generators/cmake)
[0.499s] -- Found rosidl_adapter: 4.0.1 (/opt/ros/iron/share/rosidl_adapter/cmake)
[0.502s] -- Found geometry_msgs: 5.0.1 (/opt/ros/iron/share/geometry_msgs/cmake)
[0.551s] -- Found ament_lint_auto: 0.14.4 (/opt/ros/iron/share/ament_lint_auto/cmake)
[0.839s] -- Found ament_cmake_ros: 0.11.2 (/opt/ros/iron/share/ament_cmake_ros/cmake)
[1.108s] -- Using all available rosidl_typesupport_c: rosidl_typesupport_fastrtps_c;rosidl_typesupport_introspection_c
[1.213s] -- Using all available rosidl_typesupport_cpp: rosidl_typesupport_fastrtps_cpp;rosidl_typesupport_introspection_cpp
[1.227s] -- Found PythonInterp: /usr/bin/python3 (found suitable version "3.10.12", minimum required is "3.6") 
[1.228s] -- Found python_cmake_module: 0.10.2 (/opt/ros/iron/share/python_cmake_module/cmake)
[1.249s] -- Found PythonLibs: /usr/lib/x86_64-linux-gnu/libpython3.10.so (found suitable version "3.10.12", minimum required is "3.5") 
[1.250s] -- Using PYTHON_EXECUTABLE: /usr/bin/python3
[1.250s] -- Using PYTHON_INCLUDE_DIRS: /usr/include/python3.10
[1.250s] -- Using PYTHON_LIBRARIES: /usr/lib/x86_64-linux-gnu/libpython3.10.so
[1.264s] -- Found PythonExtra: .so  
[1.312s] -- Added test 'copyright' to check source files copyright and LICENSE
[1.315s] -- Added test 'lint_cmake' to check CMake code style
[1.316s] -- Added test 'xmllint' to check XML markup files
[1.319s] -- Configuring done
[1.358s] -- Generating done
[1.367s] -- Build files have been written to: /home/kadi/UR5e_ros2/ros2_real/build/ur_msgs
[1.376s] Invoked command in '/home/kadi/UR5e_ros2/ros2_real/build/ur_msgs' returned '0': CMAKE_PREFIX_PATH=/opt/ros/iron /usr/bin/cmake /home/kadi/UR5e_ros2/ros2_real/src/ur_msgs -DCMAKE_INSTALL_PREFIX=/home/kadi/UR5e_ros2/ros2_real/install/ur_msgs
[1.378s] Invoking command in '/home/kadi/UR5e_ros2/ros2_real/build/ur_msgs': CMAKE_PREFIX_PATH=/opt/ros/iron /usr/bin/cmake --build /home/kadi/UR5e_ros2/ros2_real/build/ur_msgs -- -j16 -l16
[1.419s] [  1%] [34m[1mGenerating type hashes for ROS interfaces[0m
[1.425s] [  1%] Built target ament_cmake_python_copy_ur_msgs
[1.575s] running egg_info
[1.575s] creating ur_msgs.egg-info
[1.575s] writing ur_msgs.egg-info/PKG-INFO
[1.575s] writing dependency_links to ur_msgs.egg-info/dependency_links.txt
[1.575s] writing top-level names to ur_msgs.egg-info/top_level.txt
[1.575s] writing manifest file 'ur_msgs.egg-info/SOURCES.txt'
[1.576s] reading manifest file 'ur_msgs.egg-info/SOURCES.txt'
[1.577s] writing manifest file 'ur_msgs.egg-info/SOURCES.txt'
[1.596s] [  1%] Built target ament_cmake_python_build_ur_msgs_egg
[1.855s] [  1%] Built target ur_msgs__rosidl_generator_type_description
[1.864s] [  2%] [34m[1mGenerating C code for ROS interfaces[0m
[1.872s] [  2%] [34m[1mGenerating C++ code for ROS interfaces[0m
[2.690s] [  2%] Built target ur_msgs__cpp
[2.881s] [  6%] [32mBuilding C object CMakeFiles/ur_msgs__rosidl_generator_c.dir/rosidl_generator_c/ur_msgs/msg/detail/io_states__description.c.o[0m
[2.881s] [  6%] [32mBuilding C object CMakeFiles/ur_msgs__rosidl_generator_c.dir/rosidl_generator_c/ur_msgs/msg/detail/analog__type_support.c.o[0m
[2.881s] [  6%] [32mBuilding C object CMakeFiles/ur_msgs__rosidl_generator_c.dir/rosidl_generator_c/ur_msgs/msg/detail/digital__type_support.c.o[0m
[2.881s] [  6%] [32mBuilding C object CMakeFiles/ur_msgs__rosidl_generator_c.dir/rosidl_generator_c/ur_msgs/msg/detail/digital__description.c.o[0m
[2.881s] [  6%] [32mBuilding C object CMakeFiles/ur_msgs__rosidl_generator_c.dir/rosidl_generator_c/ur_msgs/msg/detail/analog__description.c.o[0m
[2.882s] [  6%] [32mBuilding C object CMakeFiles/ur_msgs__rosidl_generator_c.dir/rosidl_generator_c/ur_msgs/msg/detail/io_states__functions.c.o[0m
[2.882s] [  6%] [32mBuilding C object CMakeFiles/ur_msgs__rosidl_generator_c.dir/rosidl_generator_c/ur_msgs/msg/detail/analog__functions.c.o[0m
[2.882s] [  7%] [32mBuilding C object CMakeFiles/ur_msgs__rosidl_generator_c.dir/rosidl_generator_c/ur_msgs/msg/detail/io_states__type_support.c.o[0m
[2.882s] [  9%] [32mBuilding C object CMakeFiles/ur_msgs__rosidl_generator_c.dir/rosidl_generator_c/ur_msgs/msg/detail/robot_state_rt_msg__description.c.o[0m
[2.882s] [  9%] [32mBuilding C object CMakeFiles/ur_msgs__rosidl_generator_c.dir/rosidl_generator_c/ur_msgs/msg/detail/digital__functions.c.o[0m
[2.882s] [  9%] [32mBuilding C object CMakeFiles/ur_msgs__rosidl_generator_c.dir/rosidl_generator_c/ur_msgs/msg/detail/robot_state_rt_msg__functions.c.o[0m
[2.882s] [ 10%] [32mBuilding C object CMakeFiles/ur_msgs__rosidl_generator_c.dir/rosidl_generator_c/ur_msgs/msg/detail/robot_state_rt_msg__type_support.c.o[0m
[2.882s] [ 11%] [32mBuilding C object CMakeFiles/ur_msgs__rosidl_generator_c.dir/rosidl_generator_c/ur_msgs/msg/detail/masterboard_data_msg__type_support.c.o[0m
[2.882s] [ 10%] [32mBuilding C object CMakeFiles/ur_msgs__rosidl_generator_c.dir/rosidl_generator_c/ur_msgs/msg/detail/masterboard_data_msg__functions.c.o[0m
[2.882s] [ 12%] [32mBuilding C object CMakeFiles/ur_msgs__rosidl_generator_c.dir/rosidl_generator_c/ur_msgs/msg/detail/masterboard_data_msg__description.c.o[0m
[2.886s] [ 13%] [32mBuilding C object CMakeFiles/ur_msgs__rosidl_generator_c.dir/rosidl_generator_c/ur_msgs/msg/detail/robot_mode_data_msg__description.c.o[0m
[2.919s] [ 16%] [32mBuilding C object CMakeFiles/ur_msgs__rosidl_generator_c.dir/rosidl_generator_c/ur_msgs/msg/detail/tool_data_msg__description.c.o[0m
[2.919s] [ 16%] [32mBuilding C object CMakeFiles/ur_msgs__rosidl_generator_c.dir/rosidl_generator_c/ur_msgs/msg/detail/robot_mode_data_msg__functions.c.o[0m
[2.919s] [ 16%] [32mBuilding C object CMakeFiles/ur_msgs__rosidl_generator_c.dir/rosidl_generator_c/ur_msgs/msg/detail/tool_data_msg__functions.c.o[0m
[2.919s] [ 16%] [32mBuilding C object CMakeFiles/ur_msgs__rosidl_generator_c.dir/rosidl_generator_c/ur_msgs/msg/detail/robot_mode_data_msg__type_support.c.o[0m
[2.919s] [ 16%] [32mBuilding C object CMakeFiles/ur_msgs__rosidl_generator_c.dir/rosidl_generator_c/ur_msgs/msg/detail/tool_data_msg__type_support.c.o[0m
[2.929s] [ 18%] [32mBuilding C object CMakeFiles/ur_msgs__rosidl_generator_c.dir/rosidl_generator_c/ur_msgs/srv/detail/set_analog_output__functions.c.o[0m
[2.929s] [ 18%] [32mBuilding C object CMakeFiles/ur_msgs__rosidl_generator_c.dir/rosidl_generator_c/ur_msgs/srv/detail/set_analog_output__type_support.c.o[0m
[2.929s] [ 18%] [32mBuilding C object CMakeFiles/ur_msgs__rosidl_generator_c.dir/rosidl_generator_c/ur_msgs/srv/detail/set_payload__functions.c.o[0m
[2.929s] [ 19%] [32mBuilding C object CMakeFiles/ur_msgs__rosidl_generator_c.dir/rosidl_generator_c/ur_msgs/srv/detail/set_analog_output__description.c.o[0m
[2.929s] [ 20%] [32mBuilding C object CMakeFiles/ur_msgs__rosidl_generator_c.dir/rosidl_generator_c/ur_msgs/srv/detail/set_payload__description.c.o[0m
[2.929s] [ 20%] [32mBuilding C object CMakeFiles/ur_msgs__rosidl_generator_c.dir/rosidl_generator_c/ur_msgs/srv/detail/set_payload__type_support.c.o[0m
[2.939s] [ 21%] [32mBuilding C object CMakeFiles/ur_msgs__rosidl_generator_c.dir/rosidl_generator_c/ur_msgs/srv/detail/set_speed_slider_fraction__description.c.o[0m
[2.939s] [ 22%] [32mBuilding C object CMakeFiles/ur_msgs__rosidl_generator_c.dir/rosidl_generator_c/ur_msgs/srv/detail/set_speed_slider_fraction__functions.c.o[0m
[2.940s] [ 22%] [32mBuilding C object CMakeFiles/ur_msgs__rosidl_generator_c.dir/rosidl_generator_c/ur_msgs/srv/detail/set_speed_slider_fraction__type_support.c.o[0m
[2.940s] [ 23%] [32mBuilding C object CMakeFiles/ur_msgs__rosidl_generator_c.dir/rosidl_generator_c/ur_msgs/srv/detail/set_io__description.c.o[0m
[2.943s] [ 24%] [32mBuilding C object CMakeFiles/ur_msgs__rosidl_generator_c.dir/rosidl_generator_c/ur_msgs/srv/detail/set_io__functions.c.o[0m
[2.954s] [ 25%] [32mBuilding C object CMakeFiles/ur_msgs__rosidl_generator_c.dir/rosidl_generator_c/ur_msgs/srv/detail/set_io__type_support.c.o[0m
[2.955s] [ 25%] [32mBuilding C object CMakeFiles/ur_msgs__rosidl_generator_c.dir/rosidl_generator_c/ur_msgs/srv/detail/get_robot_software_version__description.c.o[0m
[2.969s] [ 26%] [32mBuilding C object CMakeFiles/ur_msgs__rosidl_generator_c.dir/rosidl_generator_c/ur_msgs/srv/detail/get_robot_software_version__functions.c.o[0m
[2.972s] [ 27%] [32mBuilding C object CMakeFiles/ur_msgs__rosidl_generator_c.dir/rosidl_generator_c/ur_msgs/srv/detail/get_robot_software_version__type_support.c.o[0m
[3.026s] [ 27%] [32m[1mLinking C shared library libur_msgs__rosidl_generator_c.so[0m
[3.068s] [ 27%] Built target ur_msgs__rosidl_generator_c
[3.077s] [ 30%] [34m[1mGenerating C++ type support for eProsima Fast-RTPS[0m
[3.078s] [ 30%] [34m[1mGenerating C introspection for ROS interfaces[0m
[3.078s] [ 30%] [34m[1mGenerating C type support for eProsima Fast-RTPS[0m
[3.078s] [ 30%] [34m[1mGenerating C++ type support dispatch for ROS interfaces[0m
[3.078s] [ 31%] [34m[1mGenerating C type support dispatch for ROS interfaces[0m
[3.078s] [ 31%] [34m[1mGenerating C++ introspection for ROS interfaces[0m
[3.659s] [ 35%] [32mBuilding CXX object CMakeFiles/ur_msgs__rosidl_typesupport_c.dir/rosidl_typesupport_c/ur_msgs/msg/digital__type_support.cpp.o[0m
[3.659s] [ 35%] [32mBuilding CXX object CMakeFiles/ur_msgs__rosidl_typesupport_c.dir/rosidl_typesupport_c/ur_msgs/msg/robot_state_rt_msg__type_support.cpp.o[0m
[3.659s] [ 35%] [32mBuilding CXX object CMakeFiles/ur_msgs__rosidl_typesupport_c.dir/rosidl_typesupport_c/ur_msgs/msg/io_states__type_support.cpp.o[0m
[3.659s] [ 35%] [32mBuilding CXX object CMakeFiles/ur_msgs__rosidl_typesupport_c.dir/rosidl_typesupport_c/ur_msgs/msg/masterboard_data_msg__type_support.cpp.o[0m
[3.659s] [ 35%] [32mBuilding CXX object CMakeFiles/ur_msgs__rosidl_typesupport_c.dir/rosidl_typesupport_c/ur_msgs/msg/robot_mode_data_msg__type_support.cpp.o[0m
[3.659s] [ 36%] [32mBuilding CXX object CMakeFiles/ur_msgs__rosidl_typesupport_c.dir/rosidl_typesupport_c/ur_msgs/msg/tool_data_msg__type_support.cpp.o[0m
[3.660s] [ 35%] [32mBuilding CXX object CMakeFiles/ur_msgs__rosidl_typesupport_c.dir/rosidl_typesupport_c/ur_msgs/msg/analog__type_support.cpp.o[0m
[3.660s] [ 35%] [32mBuilding CXX object CMakeFiles/ur_msgs__rosidl_typesupport_c.dir/rosidl_typesupport_c/ur_msgs/srv/set_analog_output__type_support.cpp.o[0m
[3.660s] [ 37%] [32mBuilding CXX object CMakeFiles/ur_msgs__rosidl_typesupport_c.dir/rosidl_typesupport_c/ur_msgs/srv/set_payload__type_support.cpp.o[0m
[3.660s] [ 38%] [32mBuilding CXX object CMakeFiles/ur_msgs__rosidl_typesupport_c.dir/rosidl_typesupport_c/ur_msgs/srv/set_io__type_support.cpp.o[0m
[3.660s] [ 38%] [32mBuilding CXX object CMakeFiles/ur_msgs__rosidl_typesupport_c.dir/rosidl_typesupport_c/ur_msgs/srv/set_speed_slider_fraction__type_support.cpp.o[0m
[3.713s] [ 39%] [32mBuilding CXX object CMakeFiles/ur_msgs__rosidl_typesupport_c.dir/rosidl_typesupport_c/ur_msgs/srv/get_robot_software_version__type_support.cpp.o[0m
[3.732s] [ 46%] [32mBuilding CXX object CMakeFiles/ur_msgs__rosidl_typesupport_cpp.dir/rosidl_typesupport_cpp/ur_msgs/srv/set_speed_slider_fraction__type_support.cpp.o[0m
[3.733s] [ 46%] [32mBuilding CXX object CMakeFiles/ur_msgs__rosidl_typesupport_cpp.dir/rosidl_typesupport_cpp/ur_msgs/srv/set_analog_output__type_support.cpp.o[0m
[3.733s] [ 46%] [32mBuilding CXX object CMakeFiles/ur_msgs__rosidl_typesupport_cpp.dir/rosidl_typesupport_cpp/ur_msgs/msg/analog__type_support.cpp.o[0m
[3.733s] [ 46%] [32mBuilding CXX object CMakeFiles/ur_msgs__rosidl_typesupport_cpp.dir/rosidl_typesupport_cpp/ur_msgs/msg/robot_mode_data_msg__type_support.cpp.o[0m
[3.733s] [ 46%] [32mBuilding CXX object CMakeFiles/ur_msgs__rosidl_typesupport_cpp.dir/rosidl_typesupport_cpp/ur_msgs/srv/set_payload__type_support.cpp.o[0m
[3.733s] [ 46%] [32mBuilding CXX object CMakeFiles/ur_msgs__rosidl_typesupport_cpp.dir/rosidl_typesupport_cpp/ur_msgs/msg/masterboard_data_msg__type_support.cpp.o[0m
[3.733s] [ 46%] [32mBuilding CXX object CMakeFiles/ur_msgs__rosidl_typesupport_cpp.dir/rosidl_typesupport_cpp/ur_msgs/msg/robot_state_rt_msg__type_support.cpp.o[0m
[3.733s] [ 46%] [32mBuilding CXX object CMakeFiles/ur_msgs__rosidl_typesupport_cpp.dir/rosidl_typesupport_cpp/ur_msgs/msg/tool_data_msg__type_support.cpp.o[0m
[3.733s] [ 46%] [32mBuilding CXX object CMakeFiles/ur_msgs__rosidl_typesupport_cpp.dir/rosidl_typesupport_cpp/ur_msgs/msg/digital__type_support.cpp.o[0m
[3.733s] [ 46%] [32mBuilding CXX object CMakeFiles/ur_msgs__rosidl_typesupport_cpp.dir/rosidl_typesupport_cpp/ur_msgs/srv/set_io__type_support.cpp.o[0m
[3.733s] [ 46%] [32mBuilding CXX object CMakeFiles/ur_msgs__rosidl_typesupport_cpp.dir/rosidl_typesupport_cpp/ur_msgs/msg/io_states__type_support.cpp.o[0m
[3.763s] [ 47%] [32m[1mLinking CXX shared library libur_msgs__rosidl_typesupport_c.so[0m
[3.817s] [ 47%] Built target ur_msgs__rosidl_typesupport_c
[3.828s] [ 48%] [32mBuilding CXX object CMakeFiles/ur_msgs__rosidl_typesupport_cpp.dir/rosidl_typesupport_cpp/ur_msgs/srv/get_robot_software_version__type_support.cpp.o[0m
[4.057s] [ 49%] [32mBuilding CXX object CMakeFiles/ur_msgs__rosidl_typesupport_introspection_cpp.dir/rosidl_typesupport_introspection_cpp/ur_msgs/msg/detail/analog__type_support.cpp.o[0m
[4.105s] [ 50%] [32mBuilding C object CMakeFiles/ur_msgs__rosidl_typesupport_introspection_c.dir/rosidl_typesupport_introspection_c/ur_msgs/msg/detail/analog__type_support.c.o[0m
[4.118s] [ 51%] [32mBuilding C object CMakeFiles/ur_msgs__rosidl_typesupport_introspection_c.dir/rosidl_typesupport_introspection_c/ur_msgs/msg/detail/digital__type_support.c.o[0m
[4.124s] [ 52%] [32mBuilding CXX object CMakeFiles/ur_msgs__rosidl_typesupport_introspection_cpp.dir/rosidl_typesupport_introspection_cpp/ur_msgs/msg/detail/digital__type_support.cpp.o[0m
[4.135s] [ 52%] [32mBuilding C object CMakeFiles/ur_msgs__rosidl_typesupport_introspection_c.dir/rosidl_typesupport_introspection_c/ur_msgs/msg/detail/io_states__type_support.c.o[0m
[4.147s] [ 53%] [32mBuilding CXX object CMakeFiles/ur_msgs__rosidl_typesupport_introspection_cpp.dir/rosidl_typesupport_introspection_cpp/ur_msgs/msg/detail/io_states__type_support.cpp.o[0m
[4.147s] [ 54%] [32mBuilding C object CMakeFiles/ur_msgs__rosidl_typesupport_introspection_c.dir/rosidl_typesupport_introspection_c/ur_msgs/msg/detail/masterboard_data_msg__type_support.c.o[0m
[4.147s] [ 55%] [32mBuilding C object CMakeFiles/ur_msgs__rosidl_typesupport_introspection_c.dir/rosidl_typesupport_introspection_c/ur_msgs/msg/detail/robot_state_rt_msg__type_support.c.o[0m
[4.148s] [ 56%] [32mBuilding C object CMakeFiles/ur_msgs__rosidl_typesupport_introspection_c.dir/rosidl_typesupport_introspection_c/ur_msgs/msg/detail/robot_mode_data_msg__type_support.c.o[0m
[4.153s] [ 56%] [32mBuilding C object CMakeFiles/ur_msgs__rosidl_typesupport_introspection_c.dir/rosidl_typesupport_introspection_c/ur_msgs/msg/detail/tool_data_msg__type_support.c.o[0m
[4.170s] [ 56%] [32mBuilding CXX object CMakeFiles/ur_msgs__rosidl_typesupport_introspection_cpp.dir/rosidl_typesupport_introspection_cpp/ur_msgs/msg/detail/robot_state_rt_msg__type_support.cpp.o[0m
[4.171s] [ 56%] [32mBuilding CXX object CMakeFiles/ur_msgs__rosidl_typesupport_fastrtps_c.dir/rosidl_typesupport_fastrtps_c/ur_msgs/msg/detail/analog__type_support_c.cpp.o[0m
[4.187s] [ 59%] [32mBuilding C object CMakeFiles/ur_msgs__rosidl_typesupport_introspection_c.dir/rosidl_typesupport_introspection_c/ur_msgs/srv/detail/set_payload__type_support.c.o[0m
[4.187s] [ 59%] [32mBuilding C object CMakeFiles/ur_msgs__rosidl_typesupport_introspection_c.dir/rosidl_typesupport_introspection_c/ur_msgs/srv/detail/set_analog_output__type_support.c.o[0m
[4.188s] [ 59%] [32mBuilding CXX object CMakeFiles/ur_msgs__rosidl_typesupport_fastrtps_c.dir/rosidl_typesupport_fastrtps_c/ur_msgs/msg/detail/digital__type_support_c.cpp.o[0m
[4.199s] [ 59%] [32mBuilding C object CMakeFiles/ur_msgs__rosidl_typesupport_introspection_c.dir/rosidl_typesupport_introspection_c/ur_msgs/srv/detail/set_speed_slider_fraction__type_support.c.o[0m
[4.200s] [ 59%] [32mBuilding CXX object CMakeFiles/ur_msgs__rosidl_typesupport_fastrtps_cpp.dir/rosidl_typesupport_fastrtps_cpp/ur_msgs/msg/detail/dds_fastrtps/analog__type_support.cpp.o[0m
[4.208s] [ 61%] [32mBuilding CXX object CMakeFiles/ur_msgs__rosidl_typesupport_fastrtps_cpp.dir/rosidl_typesupport_fastrtps_cpp/ur_msgs/msg/detail/dds_fastrtps/digital__type_support.cpp.o[0m
[4.208s] [ 61%] [32mBuilding C object CMakeFiles/ur_msgs__rosidl_typesupport_introspection_c.dir/rosidl_typesupport_introspection_c/ur_msgs/srv/detail/set_io__type_support.c.o[0m
[4.227s] [ 62%] [32mBuilding CXX object CMakeFiles/ur_msgs__rosidl_typesupport_fastrtps_cpp.dir/rosidl_typesupport_fastrtps_cpp/ur_msgs/msg/detail/dds_fastrtps/io_states__type_support.cpp.o[0m
[4.233s] [ 63%] [32mBuilding CXX object CMakeFiles/ur_msgs__rosidl_typesupport_fastrtps_c.dir/rosidl_typesupport_fastrtps_c/ur_msgs/msg/detail/io_states__type_support_c.cpp.o[0m
[4.239s] [ 63%] [32mBuilding CXX object CMakeFiles/ur_msgs__rosidl_typesupport_fastrtps_cpp.dir/rosidl_typesupport_fastrtps_cpp/ur_msgs/msg/detail/dds_fastrtps/robot_state_rt_msg__type_support.cpp.o[0m
[4.241s] [ 64%] [32mBuilding C object CMakeFiles/ur_msgs__rosidl_typesupport_introspection_c.dir/rosidl_typesupport_introspection_c/ur_msgs/srv/detail/get_robot_software_version__type_support.c.o[0m
[4.241s] [ 65%] [32mBuilding CXX object CMakeFiles/ur_msgs__rosidl_typesupport_introspection_cpp.dir/rosidl_typesupport_introspection_cpp/ur_msgs/msg/detail/masterboard_data_msg__type_support.cpp.o[0m
[4.253s] [ 65%] [32mBuilding CXX object CMakeFiles/ur_msgs__rosidl_typesupport_fastrtps_c.dir/rosidl_typesupport_fastrtps_c/ur_msgs/msg/detail/robot_state_rt_msg__type_support_c.cpp.o[0m
[4.260s] [ 66%] [32mBuilding CXX object CMakeFiles/ur_msgs__rosidl_typesupport_fastrtps_c.dir/rosidl_typesupport_fastrtps_c/ur_msgs/msg/detail/masterboard_data_msg__type_support_c.cpp.o[0m
[4.300s] [ 66%] [32m[1mLinking C shared library libur_msgs__rosidl_typesupport_introspection_c.so[0m
[4.345s] [ 67%] [32m[1mLinking CXX shared library libur_msgs__rosidl_typesupport_cpp.so[0m
[4.347s] [ 67%] Built target ur_msgs__rosidl_typesupport_introspection_c
[4.358s] [ 68%] [32mBuilding CXX object CMakeFiles/ur_msgs__rosidl_typesupport_fastrtps_cpp.dir/rosidl_typesupport_fastrtps_cpp/ur_msgs/msg/detail/dds_fastrtps/masterboard_data_msg__type_support.cpp.o[0m
[4.466s] [ 69%] [32mBuilding CXX object CMakeFiles/ur_msgs__rosidl_typesupport_fastrtps_c.dir/rosidl_typesupport_fastrtps_c/ur_msgs/msg/detail/robot_mode_data_msg__type_support_c.cpp.o[0m
[4.492s] [ 69%] Built target ur_msgs__rosidl_typesupport_cpp
[4.500s] [ 69%] [32mBuilding CXX object CMakeFiles/ur_msgs__rosidl_typesupport_fastrtps_c.dir/rosidl_typesupport_fastrtps_c/ur_msgs/msg/detail/tool_data_msg__type_support_c.cpp.o[0m
[4.528s] [ 70%] [32mBuilding CXX object CMakeFiles/ur_msgs__rosidl_typesupport_fastrtps_cpp.dir/rosidl_typesupport_fastrtps_cpp/ur_msgs/msg/detail/dds_fastrtps/robot_mode_data_msg__type_support.cpp.o[0m
[4.548s] [ 71%] [32mBuilding CXX object CMakeFiles/ur_msgs__rosidl_typesupport_fastrtps_c.dir/rosidl_typesupport_fastrtps_c/ur_msgs/srv/detail/set_analog_output__type_support_c.cpp.o[0m
[4.558s] [ 72%] [32mBuilding CXX object CMakeFiles/ur_msgs__rosidl_typesupport_fastrtps_c.dir/rosidl_typesupport_fastrtps_c/ur_msgs/srv/detail/set_payload__type_support_c.cpp.o[0m
[4.613s] [ 73%] [32mBuilding CXX object CMakeFiles/ur_msgs__rosidl_typesupport_introspection_cpp.dir/rosidl_typesupport_introspection_cpp/ur_msgs/msg/detail/robot_mode_data_msg__type_support.cpp.o[0m
[4.624s] [ 73%] [32mBuilding CXX object CMakeFiles/ur_msgs__rosidl_typesupport_introspection_cpp.dir/rosidl_typesupport_introspection_cpp/ur_msgs/msg/detail/tool_data_msg__type_support.cpp.o[0m
[4.632s] [ 74%] [32mBuilding CXX object CMakeFiles/ur_msgs__rosidl_typesupport_introspection_cpp.dir/rosidl_typesupport_introspection_cpp/ur_msgs/srv/detail/set_analog_output__type_support.cpp.o[0m
[4.640s] [ 75%] [32mBuilding CXX object CMakeFiles/ur_msgs__rosidl_typesupport_fastrtps_cpp.dir/rosidl_typesupport_fastrtps_cpp/ur_msgs/msg/detail/dds_fastrtps/tool_data_msg__type_support.cpp.o[0m
[4.644s] [ 76%] [32mBuilding CXX object CMakeFiles/ur_msgs__rosidl_typesupport_introspection_cpp.dir/rosidl_typesupport_introspection_cpp/ur_msgs/srv/detail/set_payload__type_support.cpp.o[0m
[4.659s] [ 76%] [32mBuilding CXX object CMakeFiles/ur_msgs__rosidl_typesupport_fastrtps_c.dir/rosidl_typesupport_fastrtps_c/ur_msgs/srv/detail/set_speed_slider_fraction__type_support_c.cpp.o[0m
[4.753s] [ 77%] [32mBuilding CXX object CMakeFiles/ur_msgs__rosidl_typesupport_fastrtps_c.dir/rosidl_typesupport_fastrtps_c/ur_msgs/srv/detail/get_robot_software_version__type_support_c.cpp.o[0m
[4.754s] [ 78%] [32mBuilding CXX object CMakeFiles/ur_msgs__rosidl_typesupport_fastrtps_c.dir/rosidl_typesupport_fastrtps_c/ur_msgs/srv/detail/set_io__type_support_c.cpp.o[0m
[4.824s] [ 78%] [32mBuilding CXX object CMakeFiles/ur_msgs__rosidl_typesupport_fastrtps_cpp.dir/rosidl_typesupport_fastrtps_cpp/ur_msgs/srv/detail/dds_fastrtps/set_analog_output__type_support.cpp.o[0m
[4.841s] [ 78%] [32mBuilding CXX object CMakeFiles/ur_msgs__rosidl_typesupport_introspection_cpp.dir/rosidl_typesupport_introspection_cpp/ur_msgs/srv/detail/set_speed_slider_fraction__type_support.cpp.o[0m
[4.870s] [ 79%] [32mBuilding CXX object CMakeFiles/ur_msgs__rosidl_typesupport_introspection_cpp.dir/rosidl_typesupport_introspection_cpp/ur_msgs/srv/detail/set_io__type_support.cpp.o[0m
[4.880s] [ 80%] [32mBuilding CXX object CMakeFiles/ur_msgs__rosidl_typesupport_introspection_cpp.dir/rosidl_typesupport_introspection_cpp/ur_msgs/srv/detail/get_robot_software_version__type_support.cpp.o[0m
[4.930s] [ 81%] [32mBuilding CXX object CMakeFiles/ur_msgs__rosidl_typesupport_fastrtps_cpp.dir/rosidl_typesupport_fastrtps_cpp/ur_msgs/srv/detail/dds_fastrtps/set_payload__type_support.cpp.o[0m
[4.931s] [ 82%] [32mBuilding CXX object CMakeFiles/ur_msgs__rosidl_typesupport_fastrtps_cpp.dir/rosidl_typesupport_fastrtps_cpp/ur_msgs/srv/detail/dds_fastrtps/set_speed_slider_fraction__type_support.cpp.o[0m
[4.948s] [ 82%] [32mBuilding CXX object CMakeFiles/ur_msgs__rosidl_typesupport_fastrtps_cpp.dir/rosidl_typesupport_fastrtps_cpp/ur_msgs/srv/detail/dds_fastrtps/set_io__type_support.cpp.o[0m
[5.025s] [ 83%] [32mBuilding CXX object CMakeFiles/ur_msgs__rosidl_typesupport_fastrtps_cpp.dir/rosidl_typesupport_fastrtps_cpp/ur_msgs/srv/detail/dds_fastrtps/get_robot_software_version__type_support.cpp.o[0m
[5.139s] [ 84%] [32m[1mLinking CXX shared library libur_msgs__rosidl_typesupport_fastrtps_c.so[0m
[5.230s] [ 84%] Built target ur_msgs__rosidl_typesupport_fastrtps_c
[5.367s] [ 85%] [32m[1mLinking CXX shared library libur_msgs__rosidl_typesupport_introspection_cpp.so[0m
[5.487s] [ 85%] Built target ur_msgs__rosidl_typesupport_introspection_cpp
[5.640s] [ 86%] [32m[1mLinking CXX shared library libur_msgs__rosidl_typesupport_fastrtps_cpp.so[0m
[5.726s] [ 86%] Built target ur_msgs__rosidl_typesupport_fastrtps_cpp
[5.748s] [ 86%] Built target ur_msgs
[5.769s] [ 87%] [34m[1mGenerating Python code for ROS interfaces[0m
[7.326s] [ 87%] Built target ur_msgs__py
[7.344s] [ 92%] [32mBuilding C object CMakeFiles/ur_msgs__rosidl_generator_py.dir/rosidl_generator_py/ur_msgs/srv/_set_payload_s.c.o[0m
[7.344s] [ 92%] [32mBuilding C object CMakeFiles/ur_msgs__rosidl_generator_py.dir/rosidl_generator_py/ur_msgs/msg/_masterboard_data_msg_s.c.o[0m
[7.344s] [ 92%] [32mBuilding C object CMakeFiles/ur_msgs__rosidl_generator_py.dir/rosidl_generator_py/ur_msgs/msg/_tool_data_msg_s.c.o[0m
[7.344s] [ 92%] [32mBuilding C object CMakeFiles/ur_msgs__rosidl_generator_py.dir/rosidl_generator_py/ur_msgs/msg/_robot_mode_data_msg_s.c.o[0m
[7.344s] [ 92%] [32mBuilding C object CMakeFiles/ur_msgs__rosidl_generator_py.dir/rosidl_generator_py/ur_msgs/msg/_digital_s.c.o[0m
[7.344s] [ 92%] [32mBuilding C object CMakeFiles/ur_msgs__rosidl_generator_py.dir/rosidl_generator_py/ur_msgs/msg/_io_states_s.c.o[0m
[7.344s] [ 92%] [32mBuilding C object CMakeFiles/ur_msgs__rosidl_generator_py.dir/rosidl_generator_py/ur_msgs/msg/_analog_s.c.o[0m
[7.344s] [ 94%] [32mBuilding C object CMakeFiles/ur_msgs__rosidl_generator_py.dir/rosidl_generator_py/ur_msgs/msg/_robot_state_rt_msg_s.c.o[0m
[7.345s] [ 94%] [32mBuilding C object CMakeFiles/ur_msgs__rosidl_generator_py.dir/rosidl_generator_py/ur_msgs/srv/_set_analog_output_s.c.o[0m
[7.345s] [ 94%] [32mBuilding C object CMakeFiles/ur_msgs__rosidl_generator_py.dir/rosidl_generator_py/ur_msgs/srv/_set_speed_slider_fraction_s.c.o[0m
[7.345s] [ 95%] [32mBuilding C object CMakeFiles/ur_msgs__rosidl_generator_py.dir/rosidl_generator_py/ur_msgs/srv/_set_io_s.c.o[0m
[7.345s] [ 96%] [32mBuilding C object CMakeFiles/ur_msgs__rosidl_generator_py.dir/rosidl_generator_py/ur_msgs/srv/_get_robot_software_version_s.c.o[0m
[7.484s] [ 96%] [32m[1mLinking C shared library rosidl_generator_py/ur_msgs/libur_msgs__rosidl_generator_py.so[0m
[7.526s] [ 96%] Built target ur_msgs__rosidl_generator_py
[7.543s] [ 96%] [32mBuilding C object CMakeFiles/ur_msgs__rosidl_typesupport_fastrtps_c__pyext.dir/rosidl_generator_py/ur_msgs/_ur_msgs_s.ep.rosidl_typesupport_fastrtps_c.c.o[0m
[7.543s] [ 97%] [32mBuilding C object CMakeFiles/ur_msgs__rosidl_typesupport_introspection_c__pyext.dir/rosidl_generator_py/ur_msgs/_ur_msgs_s.ep.rosidl_typesupport_introspection_c.c.o[0m
[7.544s] [ 97%] [32mBuilding C object CMakeFiles/ur_msgs__rosidl_typesupport_c__pyext.dir/rosidl_generator_py/ur_msgs/_ur_msgs_s.ep.rosidl_typesupport_c.c.o[0m
[7.657s] [100%] [32m[1mLinking C shared library rosidl_generator_py/ur_msgs/ur_msgs_s__rosidl_typesupport_introspection_c.cpython-310-x86_64-linux-gnu.so[0m
[7.657s] [100%] [32m[1mLinking C shared library rosidl_generator_py/ur_msgs/ur_msgs_s__rosidl_typesupport_c.cpython-310-x86_64-linux-gnu.so[0m
[7.658s] [100%] [32m[1mLinking C shared library rosidl_generator_py/ur_msgs/ur_msgs_s__rosidl_typesupport_fastrtps_c.cpython-310-x86_64-linux-gnu.so[0m
[7.694s] [100%] Built target ur_msgs__rosidl_typesupport_c__pyext
[7.694s] [100%] Built target ur_msgs__rosidl_typesupport_introspection_c__pyext
[7.694s] [100%] Built target ur_msgs__rosidl_typesupport_fastrtps_c__pyext
[7.705s] Invoked command in '/home/kadi/UR5e_ros2/ros2_real/build/ur_msgs' returned '0': CMAKE_PREFIX_PATH=/opt/ros/iron /usr/bin/cmake --build /home/kadi/UR5e_ros2/ros2_real/build/ur_msgs -- -j16 -l16
[7.714s] Invoking command in '/home/kadi/UR5e_ros2/ros2_real/build/ur_msgs': CMAKE_PREFIX_PATH=/opt/ros/iron /usr/bin/cmake --install /home/kadi/UR5e_ros2/ros2_real/build/ur_msgs
[7.719s] -- Install configuration: ""
[7.719s] -- Installing: /home/kadi/UR5e_ros2/ros2_real/install/ur_msgs/share/ament_index/resource_index/rosidl_interfaces/ur_msgs
[7.719s] -- Installing: /home/kadi/UR5e_ros2/ros2_real/install/ur_msgs/share/ur_msgs/msg/Analog.json
[7.720s] -- Installing: /home/kadi/UR5e_ros2/ros2_real/install/ur_msgs/share/ur_msgs/msg/Digital.json
[7.720s] -- Installing: /home/kadi/UR5e_ros2/ros2_real/install/ur_msgs/share/ur_msgs/msg/IOStates.json
[7.720s] -- Installing: /home/kadi/UR5e_ros2/ros2_real/install/ur_msgs/share/ur_msgs/msg/RobotStateRTMsg.json
[7.720s] -- Installing: /home/kadi/UR5e_ros2/ros2_real/install/ur_msgs/share/ur_msgs/msg/MasterboardDataMsg.json
[7.720s] -- Installing: /home/kadi/UR5e_ros2/ros2_real/install/ur_msgs/share/ur_msgs/msg/RobotModeDataMsg.json
[7.720s] -- Installing: /home/kadi/UR5e_ros2/ros2_real/install/ur_msgs/share/ur_msgs/msg/ToolDataMsg.json
[7.720s] -- Installing: /home/kadi/UR5e_ros2/ros2_real/install/ur_msgs/share/ur_msgs/srv/SetAnalogOutput.json
[7.720s] -- Installing: /home/kadi/UR5e_ros2/ros2_real/install/ur_msgs/share/ur_msgs/srv/SetPayload.json
[7.720s] -- Installing: /home/kadi/UR5e_ros2/ros2_real/install/ur_msgs/share/ur_msgs/srv/SetSpeedSliderFraction.json
[7.720s] -- Installing: /home/kadi/UR5e_ros2/ros2_real/install/ur_msgs/share/ur_msgs/srv/SetIO.json
[7.721s] -- Installing: /home/kadi/UR5e_ros2/ros2_real/install/ur_msgs/share/ur_msgs/srv/GetRobotSoftwareVersion.json
[7.721s] -- Installing: /home/kadi/UR5e_ros2/ros2_real/install/ur_msgs/include/ur_msgs/ur_msgs
[7.721s] -- Installing: /home/kadi/UR5e_ros2/ros2_real/install/ur_msgs/include/ur_msgs/ur_msgs/srv
[7.721s] -- Installing: /home/kadi/UR5e_ros2/ros2_real/install/ur_msgs/include/ur_msgs/ur_msgs/srv/set_speed_slider_fraction.h
[7.721s] -- Installing: /home/kadi/UR5e_ros2/ros2_real/install/ur_msgs/include/ur_msgs/ur_msgs/srv/detail
[7.721s] -- Installing: /home/kadi/UR5e_ros2/ros2_real/install/ur_msgs/include/ur_msgs/ur_msgs/srv/detail/set_analog_output__type_support.h
[7.721s] -- Installing: /home/kadi/UR5e_ros2/ros2_real/install/ur_msgs/include/ur_msgs/ur_msgs/srv/detail/set_analog_output__description.c
[7.721s] -- Installing: /home/kadi/UR5e_ros2/ros2_real/install/ur_msgs/include/ur_msgs/ur_msgs/srv/detail/set_payload__struct.h
[7.721s] -- Installing: /home/kadi/UR5e_ros2/ros2_real/install/ur_msgs/include/ur_msgs/ur_msgs/srv/detail/get_robot_software_version__type_support.c
[7.721s] -- Installing: /home/kadi/UR5e_ros2/ros2_real/install/ur_msgs/include/ur_msgs/ur_msgs/srv/detail/set_io__functions.h
[7.721s] -- Installing: /home/kadi/UR5e_ros2/ros2_real/install/ur_msgs/include/ur_msgs/ur_msgs/srv/detail/set_analog_output__struct.h
[7.721s] -- Installing: /home/kadi/UR5e_ros2/ros2_real/install/ur_msgs/include/ur_msgs/ur_msgs/srv/detail/set_speed_slider_fraction__struct.h
[7.722s] -- Installing: /home/kadi/UR5e_ros2/ros2_real/install/ur_msgs/include/ur_msgs/ur_msgs/srv/detail/set_speed_slider_fraction__functions.h
[7.722s] -- Installing: /home/kadi/UR5e_ros2/ros2_real/install/ur_msgs/include/ur_msgs/ur_msgs/srv/detail/set_speed_slider_fraction__type_support.c
[7.722s] -- Installing: /home/kadi/UR5e_ros2/ros2_real/install/ur_msgs/include/ur_msgs/ur_msgs/srv/detail/set_payload__description.c
[7.722s] -- Installing: /home/kadi/UR5e_ros2/ros2_real/install/ur_msgs/include/ur_msgs/ur_msgs/srv/detail/set_payload__type_support.c
[7.722s] -- Installing: /home/kadi/UR5e_ros2/ros2_real/install/ur_msgs/include/ur_msgs/ur_msgs/srv/detail/get_robot_software_version__type_support.h
[7.722s] -- Installing: /home/kadi/UR5e_ros2/ros2_real/install/ur_msgs/include/ur_msgs/ur_msgs/srv/detail/set_io__type_support.h
[7.722s] -- Installing: /home/kadi/UR5e_ros2/ros2_real/install/ur_msgs/include/ur_msgs/ur_msgs/srv/detail/set_io__struct.h
[7.722s] -- Installing: /home/kadi/UR5e_ros2/ros2_real/install/ur_msgs/include/ur_msgs/ur_msgs/srv/detail/set_io__type_support.c
[7.722s] -- Installing: /home/kadi/UR5e_ros2/ros2_real/install/ur_msgs/include/ur_msgs/ur_msgs/srv/detail/set_payload__functions.c
[7.722s] -- Installing: /home/kadi/UR5e_ros2/ros2_real/install/ur_msgs/include/ur_msgs/ur_msgs/srv/detail/set_speed_slider_fraction__type_support.h
[7.722s] -- Installing: /home/kadi/UR5e_ros2/ros2_real/install/ur_msgs/include/ur_msgs/ur_msgs/srv/detail/set_payload__type_support.h
[7.723s] -- Installing: /home/kadi/UR5e_ros2/ros2_real/install/ur_msgs/include/ur_msgs/ur_msgs/srv/detail/set_analog_output__functions.c
[7.723s] -- Installing: /home/kadi/UR5e_ros2/ros2_real/install/ur_msgs/include/ur_msgs/ur_msgs/srv/detail/set_payload__functions.h
[7.723s] -- Installing: /home/kadi/UR5e_ros2/ros2_real/install/ur_msgs/include/ur_msgs/ur_msgs/srv/detail/set_speed_slider_fraction__description.c
[7.723s] -- Installing: /home/kadi/UR5e_ros2/ros2_real/install/ur_msgs/include/ur_msgs/ur_msgs/srv/detail/get_robot_software_version__description.c
[7.723s] -- Installing: /home/kadi/UR5e_ros2/ros2_real/install/ur_msgs/include/ur_msgs/ur_msgs/srv/detail/get_robot_software_version__struct.h
[7.723s] -- Installing: /home/kadi/UR5e_ros2/ros2_real/install/ur_msgs/include/ur_msgs/ur_msgs/srv/detail/set_io__description.c
[7.723s] -- Installing: /home/kadi/UR5e_ros2/ros2_real/install/ur_msgs/include/ur_msgs/ur_msgs/srv/detail/set_io__functions.c
[7.723s] -- Installing: /home/kadi/UR5e_ros2/ros2_real/install/ur_msgs/include/ur_msgs/ur_msgs/srv/detail/set_analog_output__functions.h
[7.723s] -- Installing: /home/kadi/UR5e_ros2/ros2_real/install/ur_msgs/include/ur_msgs/ur_msgs/srv/detail/get_robot_software_version__functions.h
[7.723s] -- Installing: /home/kadi/UR5e_ros2/ros2_real/install/ur_msgs/include/ur_msgs/ur_msgs/srv/detail/set_analog_output__type_support.c
[7.724s] -- Installing: /home/kadi/UR5e_ros2/ros2_real/install/ur_msgs/include/ur_msgs/ur_msgs/srv/detail/set_speed_slider_fraction__functions.c
[7.724s] -- Installing: /home/kadi/UR5e_ros2/ros2_real/install/ur_msgs/include/ur_msgs/ur_msgs/srv/detail/get_robot_software_version__functions.c
[7.724s] -- Installing: /home/kadi/UR5e_ros2/ros2_real/install/ur_msgs/include/ur_msgs/ur_msgs/srv/set_analog_output.h
[7.724s] -- Installing: /home/kadi/UR5e_ros2/ros2_real/install/ur_msgs/include/ur_msgs/ur_msgs/srv/get_robot_software_version.h
[7.724s] -- Installing: /home/kadi/UR5e_ros2/ros2_real/install/ur_msgs/include/ur_msgs/ur_msgs/srv/set_io.h
[7.724s] -- Installing: /home/kadi/UR5e_ros2/ros2_real/install/ur_msgs/include/ur_msgs/ur_msgs/srv/set_payload.h
[7.724s] -- Installing: /home/kadi/UR5e_ros2/ros2_real/install/ur_msgs/include/ur_msgs/ur_msgs/msg
[7.724s] -- Installing: /home/kadi/UR5e_ros2/ros2_real/install/ur_msgs/include/ur_msgs/ur_msgs/msg/rosidl_generator_c__visibility_control.h
[7.724s] -- Installing: /home/kadi/UR5e_ros2/ros2_real/install/ur_msgs/include/ur_msgs/ur_msgs/msg/robot_state_rt_msg.h
[7.724s] -- Installing: /home/kadi/UR5e_ros2/ros2_real/install/ur_msgs/include/ur_msgs/ur_msgs/msg/tool_data_msg.h
[7.724s] -- Installing: /home/kadi/UR5e_ros2/ros2_real/install/ur_msgs/include/ur_msgs/ur_msgs/msg/detail
[7.724s] -- Installing: /home/kadi/UR5e_ros2/ros2_real/install/ur_msgs/include/ur_msgs/ur_msgs/msg/detail/analog__functions.c
[7.725s] -- Installing: /home/kadi/UR5e_ros2/ros2_real/install/ur_msgs/include/ur_msgs/ur_msgs/msg/detail/masterboard_data_msg__functions.c
[7.725s] -- Installing: /home/kadi/UR5e_ros2/ros2_real/install/ur_msgs/include/ur_msgs/ur_msgs/msg/detail/digital__type_support.h
[7.725s] -- Installing: /home/kadi/UR5e_ros2/ros2_real/install/ur_msgs/include/ur_msgs/ur_msgs/msg/detail/tool_data_msg__functions.c
[7.725s] -- Installing: /home/kadi/UR5e_ros2/ros2_real/install/ur_msgs/include/ur_msgs/ur_msgs/msg/detail/digital__struct.h
[7.725s] -- Installing: /home/kadi/UR5e_ros2/ros2_real/install/ur_msgs/include/ur_msgs/ur_msgs/msg/detail/tool_data_msg__functions.h
[7.725s] -- Installing: /home/kadi/UR5e_ros2/ros2_real/install/ur_msgs/include/ur_msgs/ur_msgs/msg/detail/digital__type_support.c
[7.725s] -- Installing: /home/kadi/UR5e_ros2/ros2_real/install/ur_msgs/include/ur_msgs/ur_msgs/msg/detail/masterboard_data_msg__description.c
[7.725s] -- Installing: /home/kadi/UR5e_ros2/ros2_real/install/ur_msgs/include/ur_msgs/ur_msgs/msg/detail/tool_data_msg__struct.h
[7.725s] -- Installing: /home/kadi/UR5e_ros2/ros2_real/install/ur_msgs/include/ur_msgs/ur_msgs/msg/detail/tool_data_msg__description.c
[7.725s] -- Installing: /home/kadi/UR5e_ros2/ros2_real/install/ur_msgs/include/ur_msgs/ur_msgs/msg/detail/analog__type_support.h
[7.726s] -- Installing: /home/kadi/UR5e_ros2/ros2_real/install/ur_msgs/include/ur_msgs/ur_msgs/msg/detail/io_states__type_support.c
[7.726s] -- Installing: /home/kadi/UR5e_ros2/ros2_real/install/ur_msgs/include/ur_msgs/ur_msgs/msg/detail/io_states__type_support.h
[7.726s] -- Installing: /home/kadi/UR5e_ros2/ros2_real/install/ur_msgs/include/ur_msgs/ur_msgs/msg/detail/digital__functions.h
[7.726s] -- Installing: /home/kadi/UR5e_ros2/ros2_real/install/ur_msgs/include/ur_msgs/ur_msgs/msg/detail/digital__functions.c
[7.726s] -- Installing: /home/kadi/UR5e_ros2/ros2_real/install/ur_msgs/include/ur_msgs/ur_msgs/msg/detail/tool_data_msg__type_support.h
[7.726s] -- Installing: /home/kadi/UR5e_ros2/ros2_real/install/ur_msgs/include/ur_msgs/ur_msgs/msg/detail/io_states__struct.h
[7.726s] -- Installing: /home/kadi/UR5e_ros2/ros2_real/install/ur_msgs/include/ur_msgs/ur_msgs/msg/detail/robot_mode_data_msg__struct.h
[7.726s] -- Installing: /home/kadi/UR5e_ros2/ros2_real/install/ur_msgs/include/ur_msgs/ur_msgs/msg/detail/robot_mode_data_msg__type_support.c
[7.726s] -- Installing: /home/kadi/UR5e_ros2/ros2_real/install/ur_msgs/include/ur_msgs/ur_msgs/msg/detail/digital__description.c
[7.726s] -- Installing: /home/kadi/UR5e_ros2/ros2_real/install/ur_msgs/include/ur_msgs/ur_msgs/msg/detail/robot_state_rt_msg__type_support.h
[7.726s] -- Installing: /home/kadi/UR5e_ros2/ros2_real/install/ur_msgs/include/ur_msgs/ur_msgs/msg/detail/analog__type_support.c
[7.726s] -- Installing: /home/kadi/UR5e_ros2/ros2_real/install/ur_msgs/include/ur_msgs/ur_msgs/msg/detail/robot_mode_data_msg__description.c
[7.727s] -- Installing: /home/kadi/UR5e_ros2/ros2_real/install/ur_msgs/include/ur_msgs/ur_msgs/msg/detail/analog__struct.h
[7.727s] -- Installing: /home/kadi/UR5e_ros2/ros2_real/install/ur_msgs/include/ur_msgs/ur_msgs/msg/detail/masterboard_data_msg__struct.h
[7.727s] -- Installing: /home/kadi/UR5e_ros2/ros2_real/install/ur_msgs/include/ur_msgs/ur_msgs/msg/detail/io_states__description.c
[7.727s] -- Installing: /home/kadi/UR5e_ros2/ros2_real/install/ur_msgs/include/ur_msgs/ur_msgs/msg/detail/robot_state_rt_msg__type_support.c
[7.727s] -- Installing: /home/kadi/UR5e_ros2/ros2_real/install/ur_msgs/include/ur_msgs/ur_msgs/msg/detail/masterboard_data_msg__type_support.h
[7.727s] -- Installing: /home/kadi/UR5e_ros2/ros2_real/install/ur_msgs/include/ur_msgs/ur_msgs/msg/detail/masterboard_data_msg__type_support.c
[7.727s] -- Installing: /home/kadi/UR5e_ros2/ros2_real/install/ur_msgs/include/ur_msgs/ur_msgs/msg/detail/robot_mode_data_msg__functions.c
[7.727s] -- Installing: /home/kadi/UR5e_ros2/ros2_real/install/ur_msgs/include/ur_msgs/ur_msgs/msg/detail/masterboard_data_msg__functions.h
[7.727s] -- Installing: /home/kadi/UR5e_ros2/ros2_real/install/ur_msgs/include/ur_msgs/ur_msgs/msg/detail/robot_state_rt_msg__struct.h
[7.727s] -- Installing: /home/kadi/UR5e_ros2/ros2_real/install/ur_msgs/include/ur_msgs/ur_msgs/msg/detail/tool_data_msg__type_support.c
[7.727s] -- Installing: /home/kadi/UR5e_ros2/ros2_real/install/ur_msgs/include/ur_msgs/ur_msgs/msg/detail/analog__description.c
[7.727s] -- Installing: /home/kadi/UR5e_ros2/ros2_real/install/ur_msgs/include/ur_msgs/ur_msgs/msg/detail/io_states__functions.h
[7.728s] -- Installing: /home/kadi/UR5e_ros2/ros2_real/install/ur_msgs/include/ur_msgs/ur_msgs/msg/detail/robot_state_rt_msg__description.c
[7.728s] -- Installing: /home/kadi/UR5e_ros2/ros2_real/install/ur_msgs/include/ur_msgs/ur_msgs/msg/detail/robot_state_rt_msg__functions.c
[7.728s] -- Installing: /home/kadi/UR5e_ros2/ros2_real/install/ur_msgs/include/ur_msgs/ur_msgs/msg/detail/robot_state_rt_msg__functions.h
[7.728s] -- Installing: /home/kadi/UR5e_ros2/ros2_real/install/ur_msgs/include/ur_msgs/ur_msgs/msg/detail/io_states__functions.c
[7.728s] -- Installing: /home/kadi/UR5e_ros2/ros2_real/install/ur_msgs/include/ur_msgs/ur_msgs/msg/detail/analog__functions.h
[7.728s] -- Installing: /home/kadi/UR5e_ros2/ros2_real/install/ur_msgs/include/ur_msgs/ur_msgs/msg/detail/robot_mode_data_msg__type_support.h
[7.728s] -- Installing: /home/kadi/UR5e_ros2/ros2_real/install/ur_msgs/include/ur_msgs/ur_msgs/msg/detail/robot_mode_data_msg__functions.h
[7.728s] -- Installing: /home/kadi/UR5e_ros2/ros2_real/install/ur_msgs/include/ur_msgs/ur_msgs/msg/masterboard_data_msg.h
[7.728s] -- Installing: /home/kadi/UR5e_ros2/ros2_real/install/ur_msgs/include/ur_msgs/ur_msgs/msg/analog.h
[7.728s] -- Installing: /home/kadi/UR5e_ros2/ros2_real/install/ur_msgs/include/ur_msgs/ur_msgs/msg/io_states.h
[7.728s] -- Installing: /home/kadi/UR5e_ros2/ros2_real/install/ur_msgs/include/ur_msgs/ur_msgs/msg/digital.h
[7.729s] -- Installing: /home/kadi/UR5e_ros2/ros2_real/install/ur_msgs/include/ur_msgs/ur_msgs/msg/robot_mode_data_msg.h
[7.729s] -- Installing: /home/kadi/UR5e_ros2/ros2_real/install/ur_msgs/share/ur_msgs/environment/library_path.sh
[7.729s] -- Installing: /home/kadi/UR5e_ros2/ros2_real/install/ur_msgs/share/ur_msgs/environment/library_path.dsv
[7.729s] -- Installing: /home/kadi/UR5e_ros2/ros2_real/install/ur_msgs/lib/libur_msgs__rosidl_generator_c.so
[7.729s] -- Set runtime path of "/home/kadi/UR5e_ros2/ros2_real/install/ur_msgs/lib/libur_msgs__rosidl_generator_c.so" to ""
[7.729s] -- Up-to-date: /home/kadi/UR5e_ros2/ros2_real/install/ur_msgs/include/ur_msgs/ur_msgs
[7.729s] -- Up-to-date: /home/kadi/UR5e_ros2/ros2_real/install/ur_msgs/include/ur_msgs/ur_msgs/srv
[7.729s] -- Up-to-date: /home/kadi/UR5e_ros2/ros2_real/install/ur_msgs/include/ur_msgs/ur_msgs/srv/detail
[7.729s] -- Installing: /home/kadi/UR5e_ros2/ros2_real/install/ur_msgs/include/ur_msgs/ur_msgs/srv/detail/set_analog_output__rosidl_typesupport_fastrtps_c.h
[7.729s] -- Installing: /home/kadi/UR5e_ros2/ros2_real/install/ur_msgs/include/ur_msgs/ur_msgs/srv/detail/set_io__rosidl_typesupport_fastrtps_c.h
[7.730s] -- Installing: /home/kadi/UR5e_ros2/ros2_real/install/ur_msgs/include/ur_msgs/ur_msgs/srv/detail/set_payload__rosidl_typesupport_fastrtps_c.h
[7.730s] -- Installing: /home/kadi/UR5e_ros2/ros2_real/install/ur_msgs/include/ur_msgs/ur_msgs/srv/detail/set_speed_slider_fraction__rosidl_typesupport_fastrtps_c.h
[7.730s] -- Installing: /home/kadi/UR5e_ros2/ros2_real/install/ur_msgs/include/ur_msgs/ur_msgs/srv/detail/get_robot_software_version__rosidl_typesupport_fastrtps_c.h
[7.730s] -- Up-to-date: /home/kadi/UR5e_ros2/ros2_real/install/ur_msgs/include/ur_msgs/ur_msgs/msg
[7.730s] -- Installing: /home/kadi/UR5e_ros2/ros2_real/install/ur_msgs/include/ur_msgs/ur_msgs/msg/rosidl_typesupport_fastrtps_c__visibility_control.h
[7.730s] -- Up-to-date: /home/kadi/UR5e_ros2/ros2_real/install/ur_msgs/include/ur_msgs/ur_msgs/msg/detail
[7.730s] -- Installing: /home/kadi/UR5e_ros2/ros2_real/install/ur_msgs/include/ur_msgs/ur_msgs/msg/detail/robot_mode_data_msg__rosidl_typesupport_fastrtps_c.h
[7.730s] -- Installing: /home/kadi/UR5e_ros2/ros2_real/install/ur_msgs/include/ur_msgs/ur_msgs/msg/detail/io_states__rosidl_typesupport_fastrtps_c.h
[7.730s] -- Installing: /home/kadi/UR5e_ros2/ros2_real/install/ur_msgs/include/ur_msgs/ur_msgs/msg/detail/analog__rosidl_typesupport_fastrtps_c.h
[7.730s] -- Installing: /home/kadi/UR5e_ros2/ros2_real/install/ur_msgs/include/ur_msgs/ur_msgs/msg/detail/tool_data_msg__rosidl_typesupport_fastrtps_c.h
[7.730s] -- Installing: /home/kadi/UR5e_ros2/ros2_real/install/ur_msgs/include/ur_msgs/ur_msgs/msg/detail/robot_state_rt_msg__rosidl_typesupport_fastrtps_c.h
[7.730s] -- Installing: /home/kadi/UR5e_ros2/ros2_real/install/ur_msgs/include/ur_msgs/ur_msgs/msg/detail/masterboard_data_msg__rosidl_typesupport_fastrtps_c.h
[7.730s] -- Installing: /home/kadi/UR5e_ros2/ros2_real/install/ur_msgs/include/ur_msgs/ur_msgs/msg/detail/digital__rosidl_typesupport_fastrtps_c.h
[7.730s] -- Installing: /home/kadi/UR5e_ros2/ros2_real/install/ur_msgs/lib/libur_msgs__rosidl_typesupport_fastrtps_c.so
[7.731s] -- Set runtime path of "/home/kadi/UR5e_ros2/ros2_real/install/ur_msgs/lib/libur_msgs__rosidl_typesupport_fastrtps_c.so" to ""
[7.731s] -- Up-to-date: /home/kadi/UR5e_ros2/ros2_real/install/ur_msgs/include/ur_msgs/ur_msgs
[7.731s] -- Up-to-date: /home/kadi/UR5e_ros2/ros2_real/install/ur_msgs/include/ur_msgs/ur_msgs/srv
[7.731s] -- Up-to-date: /home/kadi/UR5e_ros2/ros2_real/install/ur_msgs/include/ur_msgs/ur_msgs/srv/detail
[7.731s] -- Installing: /home/kadi/UR5e_ros2/ros2_real/install/ur_msgs/include/ur_msgs/ur_msgs/srv/detail/get_robot_software_version__traits.hpp
[7.731s] -- Installing: /home/kadi/UR5e_ros2/ros2_real/install/ur_msgs/include/ur_msgs/ur_msgs/srv/detail/set_speed_slider_fraction__struct.hpp
[7.731s] -- Installing: /home/kadi/UR5e_ros2/ros2_real/install/ur_msgs/include/ur_msgs/ur_msgs/srv/detail/set_analog_output__traits.hpp
[7.731s] -- Installing: /home/kadi/UR5e_ros2/ros2_real/install/ur_msgs/include/ur_msgs/ur_msgs/srv/detail/set_analog_output__builder.hpp
[7.731s] -- Installing: /home/kadi/UR5e_ros2/ros2_real/install/ur_msgs/include/ur_msgs/ur_msgs/srv/detail/set_payload__struct.hpp
[7.731s] -- Installing: /home/kadi/UR5e_ros2/ros2_real/install/ur_msgs/include/ur_msgs/ur_msgs/srv/detail/set_io__struct.hpp
[7.731s] -- Installing: /home/kadi/UR5e_ros2/ros2_real/install/ur_msgs/include/ur_msgs/ur_msgs/srv/detail/set_io__builder.hpp
[7.732s] -- Installing: /home/kadi/UR5e_ros2/ros2_real/install/ur_msgs/include/ur_msgs/ur_msgs/srv/detail/set_io__traits.hpp
[7.732s] -- Installing: /home/kadi/UR5e_ros2/ros2_real/install/ur_msgs/include/ur_msgs/ur_msgs/srv/detail/set_payload__builder.hpp
[7.732s] -- Installing: /home/kadi/UR5e_ros2/ros2_real/install/ur_msgs/include/ur_msgs/ur_msgs/srv/detail/set_payload__traits.hpp
[7.732s] -- Installing: /home/kadi/UR5e_ros2/ros2_real/install/ur_msgs/include/ur_msgs/ur_msgs/srv/detail/set_speed_slider_fraction__builder.hpp
[7.732s] -- Installing: /home/kadi/UR5e_ros2/ros2_real/install/ur_msgs/include/ur_msgs/ur_msgs/srv/detail/get_robot_software_version__struct.hpp
[7.732s] -- Installing: /home/kadi/UR5e_ros2/ros2_real/install/ur_msgs/include/ur_msgs/ur_msgs/srv/detail/set_speed_slider_fraction__traits.hpp
[7.732s] -- Installing: /home/kadi/UR5e_ros2/ros2_real/install/ur_msgs/include/ur_msgs/ur_msgs/srv/detail/set_analog_output__struct.hpp
[7.732s] -- Installing: /home/kadi/UR5e_ros2/ros2_real/install/ur_msgs/include/ur_msgs/ur_msgs/srv/detail/get_robot_software_version__builder.hpp
[7.732s] -- Installing: /home/kadi/UR5e_ros2/ros2_real/install/ur_msgs/include/ur_msgs/ur_msgs/srv/get_robot_software_version.hpp
[7.732s] -- Installing: /home/kadi/UR5e_ros2/ros2_real/install/ur_msgs/include/ur_msgs/ur_msgs/srv/set_payload.hpp
[7.732s] -- Installing: /home/kadi/UR5e_ros2/ros2_real/install/ur_msgs/include/ur_msgs/ur_msgs/srv/set_analog_output.hpp
[7.733s] -- Installing: /home/kadi/UR5e_ros2/ros2_real/install/ur_msgs/include/ur_msgs/ur_msgs/srv/set_io.hpp
[7.733s] -- Installing: /home/kadi/UR5e_ros2/ros2_real/install/ur_msgs/include/ur_msgs/ur_msgs/srv/set_speed_slider_fraction.hpp
[7.733s] -- Up-to-date: /home/kadi/UR5e_ros2/ros2_real/install/ur_msgs/include/ur_msgs/ur_msgs/msg
[7.733s] -- Installing: /home/kadi/UR5e_ros2/ros2_real/install/ur_msgs/include/ur_msgs/ur_msgs/msg/robot_state_rt_msg.hpp
[7.733s] -- Installing: /home/kadi/UR5e_ros2/ros2_real/install/ur_msgs/include/ur_msgs/ur_msgs/msg/masterboard_data_msg.hpp
[7.733s] -- Installing: /home/kadi/UR5e_ros2/ros2_real/install/ur_msgs/include/ur_msgs/ur_msgs/msg/io_states.hpp
[7.733s] -- Installing: /home/kadi/UR5e_ros2/ros2_real/install/ur_msgs/include/ur_msgs/ur_msgs/msg/tool_data_msg.hpp
[7.733s] -- Up-to-date: /home/kadi/UR5e_ros2/ros2_real/install/ur_msgs/include/ur_msgs/ur_msgs/msg/detail
[7.733s] -- Installing: /home/kadi/UR5e_ros2/ros2_real/install/ur_msgs/include/ur_msgs/ur_msgs/msg/detail/robot_state_rt_msg__builder.hpp
[7.733s] -- Installing: /home/kadi/UR5e_ros2/ros2_real/install/ur_msgs/include/ur_msgs/ur_msgs/msg/detail/analog__traits.hpp
[7.733s] -- Installing: /home/kadi/UR5e_ros2/ros2_real/install/ur_msgs/include/ur_msgs/ur_msgs/msg/detail/robot_state_rt_msg__traits.hpp
[7.733s] -- Installing: /home/kadi/UR5e_ros2/ros2_real/install/ur_msgs/include/ur_msgs/ur_msgs/msg/detail/robot_state_rt_msg__struct.hpp
[7.733s] -- Installing: /home/kadi/UR5e_ros2/ros2_real/install/ur_msgs/include/ur_msgs/ur_msgs/msg/detail/tool_data_msg__struct.hpp
[7.733s] -- Installing: /home/kadi/UR5e_ros2/ros2_real/install/ur_msgs/include/ur_msgs/ur_msgs/msg/detail/tool_data_msg__builder.hpp
[7.734s] -- Installing: /home/kadi/UR5e_ros2/ros2_real/install/ur_msgs/include/ur_msgs/ur_msgs/msg/detail/analog__struct.hpp
[7.734s] -- Installing: /home/kadi/UR5e_ros2/ros2_real/install/ur_msgs/include/ur_msgs/ur_msgs/msg/detail/masterboard_data_msg__traits.hpp
[7.734s] -- Installing: /home/kadi/UR5e_ros2/ros2_real/install/ur_msgs/include/ur_msgs/ur_msgs/msg/detail/masterboard_data_msg__struct.hpp
[7.734s] -- Installing: /home/kadi/UR5e_ros2/ros2_real/install/ur_msgs/include/ur_msgs/ur_msgs/msg/detail/robot_mode_data_msg__traits.hpp
[7.734s] -- Installing: /home/kadi/UR5e_ros2/ros2_real/install/ur_msgs/include/ur_msgs/ur_msgs/msg/detail/digital__traits.hpp
[7.734s] -- Installing: /home/kadi/UR5e_ros2/ros2_real/install/ur_msgs/include/ur_msgs/ur_msgs/msg/detail/io_states__struct.hpp
[7.734s] -- Installing: /home/kadi/UR5e_ros2/ros2_real/install/ur_msgs/include/ur_msgs/ur_msgs/msg/detail/masterboard_data_msg__builder.hpp
[7.734s] -- Installing: /home/kadi/UR5e_ros2/ros2_real/install/ur_msgs/include/ur_msgs/ur_msgs/msg/detail/robot_mode_data_msg__builder.hpp
[7.734s] -- Installing: /home/kadi/UR5e_ros2/ros2_real/install/ur_msgs/include/ur_msgs/ur_msgs/msg/detail/io_states__traits.hpp
[7.734s] -- Installing: /home/kadi/UR5e_ros2/ros2_real/install/ur_msgs/include/ur_msgs/ur_msgs/msg/detail/io_states__builder.hpp
[7.734s] -- Installing: /home/kadi/UR5e_ros2/ros2_real/install/ur_msgs/include/ur_msgs/ur_msgs/msg/detail/digital__struct.hpp
[7.734s] -- Installing: /home/kadi/UR5e_ros2/ros2_real/install/ur_msgs/include/ur_msgs/ur_msgs/msg/detail/analog__builder.hpp
[7.735s] -- Installing: /home/kadi/UR5e_ros2/ros2_real/install/ur_msgs/include/ur_msgs/ur_msgs/msg/detail/digital__builder.hpp
[7.735s] -- Installing: /home/kadi/UR5e_ros2/ros2_real/install/ur_msgs/include/ur_msgs/ur_msgs/msg/detail/robot_mode_data_msg__struct.hpp
[7.735s] -- Installing: /home/kadi/UR5e_ros2/ros2_real/install/ur_msgs/include/ur_msgs/ur_msgs/msg/detail/tool_data_msg__traits.hpp
[7.735s] -- Installing: /home/kadi/UR5e_ros2/ros2_real/install/ur_msgs/include/ur_msgs/ur_msgs/msg/analog.hpp
[7.735s] -- Installing: /home/kadi/UR5e_ros2/ros2_real/install/ur_msgs/include/ur_msgs/ur_msgs/msg/robot_mode_data_msg.hpp
[7.735s] -- Installing: /home/kadi/UR5e_ros2/ros2_real/install/ur_msgs/include/ur_msgs/ur_msgs/msg/digital.hpp
[7.735s] -- Up-to-date: /home/kadi/UR5e_ros2/ros2_real/install/ur_msgs/include/ur_msgs/ur_msgs
[7.735s] -- Up-to-date: /home/kadi/UR5e_ros2/ros2_real/install/ur_msgs/include/ur_msgs/ur_msgs/srv
[7.735s] -- Up-to-date: /home/kadi/UR5e_ros2/ros2_real/install/ur_msgs/include/ur_msgs/ur_msgs/srv/detail
[7.735s] -- Installing: /home/kadi/UR5e_ros2/ros2_real/install/ur_msgs/include/ur_msgs/ur_msgs/srv/detail/set_speed_slider_fraction__rosidl_typesupport_fastrtps_cpp.hpp
[7.735s] -- Installing: /home/kadi/UR5e_ros2/ros2_real/install/ur_msgs/include/ur_msgs/ur_msgs/srv/detail/set_analog_output__rosidl_typesupport_fastrtps_cpp.hpp
[7.735s] -- Installing: /home/kadi/UR5e_ros2/ros2_real/install/ur_msgs/include/ur_msgs/ur_msgs/srv/detail/set_payload__rosidl_typesupport_fastrtps_cpp.hpp
[7.735s] -- Installing: /home/kadi/UR5e_ros2/ros2_real/install/ur_msgs/include/ur_msgs/ur_msgs/srv/detail/get_robot_software_version__rosidl_typesupport_fastrtps_cpp.hpp
[7.735s] -- Installing: /home/kadi/UR5e_ros2/ros2_real/install/ur_msgs/include/ur_msgs/ur_msgs/srv/detail/set_io__rosidl_typesupport_fastrtps_cpp.hpp
[7.736s] -- Installing: /home/kadi/UR5e_ros2/ros2_real/install/ur_msgs/include/ur_msgs/ur_msgs/srv/detail/dds_fastrtps
[7.736s] -- Up-to-date: /home/kadi/UR5e_ros2/ros2_real/install/ur_msgs/include/ur_msgs/ur_msgs/msg
[7.736s] -- Up-to-date: /home/kadi/UR5e_ros2/ros2_real/install/ur_msgs/include/ur_msgs/ur_msgs/msg/detail
[7.736s] -- Installing: /home/kadi/UR5e_ros2/ros2_real/install/ur_msgs/include/ur_msgs/ur_msgs/msg/detail/robot_state_rt_msg__rosidl_typesupport_fastrtps_cpp.hpp
[7.736s] -- Installing: /home/kadi/UR5e_ros2/ros2_real/install/ur_msgs/include/ur_msgs/ur_msgs/msg/detail/tool_data_msg__rosidl_typesupport_fastrtps_cpp.hpp
[7.736s] -- Installing: /home/kadi/UR5e_ros2/ros2_real/install/ur_msgs/include/ur_msgs/ur_msgs/msg/detail/robot_mode_data_msg__rosidl_typesupport_fastrtps_cpp.hpp
[7.736s] -- Installing: /home/kadi/UR5e_ros2/ros2_real/install/ur_msgs/include/ur_msgs/ur_msgs/msg/detail/analog__rosidl_typesupport_fastrtps_cpp.hpp
[7.736s] -- Installing: /home/kadi/UR5e_ros2/ros2_real/install/ur_msgs/include/ur_msgs/ur_msgs/msg/detail/digital__rosidl_typesupport_fastrtps_cpp.hpp
[7.736s] -- Installing: /home/kadi/UR5e_ros2/ros2_real/install/ur_msgs/include/ur_msgs/ur_msgs/msg/detail/masterboard_data_msg__rosidl_typesupport_fastrtps_cpp.hpp
[7.736s] -- Installing: /home/kadi/UR5e_ros2/ros2_real/install/ur_msgs/include/ur_msgs/ur_msgs/msg/detail/io_states__rosidl_typesupport_fastrtps_cpp.hpp
[7.736s] -- Installing: /home/kadi/UR5e_ros2/ros2_real/install/ur_msgs/include/ur_msgs/ur_msgs/msg/detail/dds_fastrtps
[7.736s] -- Installing: /home/kadi/UR5e_ros2/ros2_real/install/ur_msgs/include/ur_msgs/ur_msgs/msg/rosidl_typesupport_fastrtps_cpp__visibility_control.h
[7.736s] -- Installing: /home/kadi/UR5e_ros2/ros2_real/install/ur_msgs/lib/libur_msgs__rosidl_typesupport_fastrtps_cpp.so
[7.737s] -- Set runtime path of "/home/kadi/UR5e_ros2/ros2_real/install/ur_msgs/lib/libur_msgs__rosidl_typesupport_fastrtps_cpp.so" to ""
[7.737s] -- Up-to-date: /home/kadi/UR5e_ros2/ros2_real/install/ur_msgs/include/ur_msgs/ur_msgs
[7.737s] -- Up-to-date: /home/kadi/UR5e_ros2/ros2_real/install/ur_msgs/include/ur_msgs/ur_msgs/srv
[7.737s] -- Up-to-date: /home/kadi/UR5e_ros2/ros2_real/install/ur_msgs/include/ur_msgs/ur_msgs/srv/detail
[7.737s] -- Installing: /home/kadi/UR5e_ros2/ros2_real/install/ur_msgs/include/ur_msgs/ur_msgs/srv/detail/get_robot_software_version__type_support.c
[7.737s] -- Installing: /home/kadi/UR5e_ros2/ros2_real/install/ur_msgs/include/ur_msgs/ur_msgs/srv/detail/set_io__rosidl_typesupport_introspection_c.h
[7.737s] -- Installing: /home/kadi/UR5e_ros2/ros2_real/install/ur_msgs/include/ur_msgs/ur_msgs/srv/detail/set_speed_slider_fraction__rosidl_typesupport_introspection_c.h
[7.737s] -- Installing: /home/kadi/UR5e_ros2/ros2_real/install/ur_msgs/include/ur_msgs/ur_msgs/srv/detail/set_speed_slider_fraction__type_support.c
[7.738s] -- Installing: /home/kadi/UR5e_ros2/ros2_real/install/ur_msgs/include/ur_msgs/ur_msgs/srv/detail/set_payload__type_support.c
[7.738s] -- Installing: /home/kadi/UR5e_ros2/ros2_real/install/ur_msgs/include/ur_msgs/ur_msgs/srv/detail/set_io__type_support.c
[7.738s] -- Installing: /home/kadi/UR5e_ros2/ros2_real/install/ur_msgs/include/ur_msgs/ur_msgs/srv/detail/get_robot_software_version__rosidl_typesupport_introspection_c.h
[7.738s] -- Installing: /home/kadi/UR5e_ros2/ros2_real/install/ur_msgs/include/ur_msgs/ur_msgs/srv/detail/set_analog_output__rosidl_typesupport_introspection_c.h
[7.738s] -- Installing: /home/kadi/UR5e_ros2/ros2_real/install/ur_msgs/include/ur_msgs/ur_msgs/srv/detail/set_payload__rosidl_typesupport_introspection_c.h
[7.738s] -- Installing: /home/kadi/UR5e_ros2/ros2_real/install/ur_msgs/include/ur_msgs/ur_msgs/srv/detail/set_analog_output__type_support.c
[7.738s] -- Up-to-date: /home/kadi/UR5e_ros2/ros2_real/install/ur_msgs/include/ur_msgs/ur_msgs/msg
[7.738s] -- Up-to-date: /home/kadi/UR5e_ros2/ros2_real/install/ur_msgs/include/ur_msgs/ur_msgs/msg/detail
[7.738s] -- Installing: /home/kadi/UR5e_ros2/ros2_real/install/ur_msgs/include/ur_msgs/ur_msgs/msg/detail/digital__type_support.c
[7.738s] -- Installing: /home/kadi/UR5e_ros2/ros2_real/install/ur_msgs/include/ur_msgs/ur_msgs/msg/detail/tool_data_msg__rosidl_typesupport_introspection_c.h
[7.738s] -- Installing: /home/kadi/UR5e_ros2/ros2_real/install/ur_msgs/include/ur_msgs/ur_msgs/msg/detail/robot_state_rt_msg__rosidl_typesupport_introspection_c.h
[7.738s] -- Installing: /home/kadi/UR5e_ros2/ros2_real/install/ur_msgs/include/ur_msgs/ur_msgs/msg/detail/io_states__type_support.c
[7.739s] -- Installing: /home/kadi/UR5e_ros2/ros2_real/install/ur_msgs/include/ur_msgs/ur_msgs/msg/detail/digital__rosidl_typesupport_introspection_c.h
[7.739s] -- Installing: /home/kadi/UR5e_ros2/ros2_real/install/ur_msgs/include/ur_msgs/ur_msgs/msg/detail/robot_mode_data_msg__type_support.c
[7.739s] -- Installing: /home/kadi/UR5e_ros2/ros2_real/install/ur_msgs/include/ur_msgs/ur_msgs/msg/detail/analog__type_support.c
[7.739s] -- Installing: /home/kadi/UR5e_ros2/ros2_real/install/ur_msgs/include/ur_msgs/ur_msgs/msg/detail/robot_state_rt_msg__type_support.c
[7.739s] -- Installing: /home/kadi/UR5e_ros2/ros2_real/install/ur_msgs/include/ur_msgs/ur_msgs/msg/detail/masterboard_data_msg__type_support.c
[7.739s] -- Installing: /home/kadi/UR5e_ros2/ros2_real/install/ur_msgs/include/ur_msgs/ur_msgs/msg/detail/analog__rosidl_typesupport_introspection_c.h
[7.739s] -- Installing: /home/kadi/UR5e_ros2/ros2_real/install/ur_msgs/include/ur_msgs/ur_msgs/msg/detail/masterboard_data_msg__rosidl_typesupport_introspection_c.h
[7.739s] -- Installing: /home/kadi/UR5e_ros2/ros2_real/install/ur_msgs/include/ur_msgs/ur_msgs/msg/detail/tool_data_msg__type_support.c
[7.739s] -- Installing: /home/kadi/UR5e_ros2/ros2_real/install/ur_msgs/include/ur_msgs/ur_msgs/msg/detail/io_states__rosidl_typesupport_introspection_c.h
[7.739s] -- Installing: /home/kadi/UR5e_ros2/ros2_real/install/ur_msgs/include/ur_msgs/ur_msgs/msg/detail/robot_mode_data_msg__rosidl_typesupport_introspection_c.h
[7.739s] -- Installing: /home/kadi/UR5e_ros2/ros2_real/install/ur_msgs/include/ur_msgs/ur_msgs/msg/rosidl_typesupport_introspection_c__visibility_control.h
[7.740s] -- Installing: /home/kadi/UR5e_ros2/ros2_real/install/ur_msgs/lib/libur_msgs__rosidl_typesupport_introspection_c.so
[7.740s] -- Set runtime path of "/home/kadi/UR5e_ros2/ros2_real/install/ur_msgs/lib/libur_msgs__rosidl_typesupport_introspection_c.so" to ""
[7.740s] -- Installing: /home/kadi/UR5e_ros2/ros2_real/install/ur_msgs/lib/libur_msgs__rosidl_typesupport_c.so
[7.740s] -- Set runtime path of "/home/kadi/UR5e_ros2/ros2_real/install/ur_msgs/lib/libur_msgs__rosidl_typesupport_c.so" to ""
[7.740s] -- Up-to-date: /home/kadi/UR5e_ros2/ros2_real/install/ur_msgs/include/ur_msgs/ur_msgs
[7.740s] -- Up-to-date: /home/kadi/UR5e_ros2/ros2_real/install/ur_msgs/include/ur_msgs/ur_msgs/srv
[7.740s] -- Up-to-date: /home/kadi/UR5e_ros2/ros2_real/install/ur_msgs/include/ur_msgs/ur_msgs/srv/detail
[7.740s] -- Installing: /home/kadi/UR5e_ros2/ros2_real/install/ur_msgs/include/ur_msgs/ur_msgs/srv/detail/set_payload__rosidl_typesupport_introspection_cpp.hpp
[7.740s] -- Installing: /home/kadi/UR5e_ros2/ros2_real/install/ur_msgs/include/ur_msgs/ur_msgs/srv/detail/set_io__rosidl_typesupport_introspection_cpp.hpp
[7.740s] -- Installing: /home/kadi/UR5e_ros2/ros2_real/install/ur_msgs/include/ur_msgs/ur_msgs/srv/detail/set_analog_output__rosidl_typesupport_introspection_cpp.hpp
[7.740s] -- Installing: /home/kadi/UR5e_ros2/ros2_real/install/ur_msgs/include/ur_msgs/ur_msgs/srv/detail/get_robot_software_version__type_support.cpp
[7.741s] -- Installing: /home/kadi/UR5e_ros2/ros2_real/install/ur_msgs/include/ur_msgs/ur_msgs/srv/detail/get_robot_software_version__rosidl_typesupport_introspection_cpp.hpp
[7.741s] -- Installing: /home/kadi/UR5e_ros2/ros2_real/install/ur_msgs/include/ur_msgs/ur_msgs/srv/detail/set_analog_output__type_support.cpp
[7.741s] -- Installing: /home/kadi/UR5e_ros2/ros2_real/install/ur_msgs/include/ur_msgs/ur_msgs/srv/detail/set_io__type_support.cpp
[7.741s] -- Installing: /home/kadi/UR5e_ros2/ros2_real/install/ur_msgs/include/ur_msgs/ur_msgs/srv/detail/set_speed_slider_fraction__type_support.cpp
[7.741s] -- Installing: /home/kadi/UR5e_ros2/ros2_real/install/ur_msgs/include/ur_msgs/ur_msgs/srv/detail/set_payload__type_support.cpp
[7.741s] -- Installing: /home/kadi/UR5e_ros2/ros2_real/install/ur_msgs/include/ur_msgs/ur_msgs/srv/detail/set_speed_slider_fraction__rosidl_typesupport_introspection_cpp.hpp
[7.741s] -- Up-to-date: /home/kadi/UR5e_ros2/ros2_real/install/ur_msgs/include/ur_msgs/ur_msgs/msg
[7.741s] -- Up-to-date: /home/kadi/UR5e_ros2/ros2_real/install/ur_msgs/include/ur_msgs/ur_msgs/msg/detail
[7.741s] -- Installing: /home/kadi/UR5e_ros2/ros2_real/install/ur_msgs/include/ur_msgs/ur_msgs/msg/detail/tool_data_msg__rosidl_typesupport_introspection_cpp.hpp
[7.741s] -- Installing: /home/kadi/UR5e_ros2/ros2_real/install/ur_msgs/include/ur_msgs/ur_msgs/msg/detail/analog__type_support.cpp
[7.741s] -- Installing: /home/kadi/UR5e_ros2/ros2_real/install/ur_msgs/include/ur_msgs/ur_msgs/msg/detail/masterboard_data_msg__type_support.cpp
[7.741s] -- Installing: /home/kadi/UR5e_ros2/ros2_real/install/ur_msgs/include/ur_msgs/ur_msgs/msg/detail/robot_state_rt_msg__type_support.cpp
[7.742s] -- Installing: /home/kadi/UR5e_ros2/ros2_real/install/ur_msgs/include/ur_msgs/ur_msgs/msg/detail/robot_mode_data_msg__rosidl_typesupport_introspection_cpp.hpp
[7.742s] -- Installing: /home/kadi/UR5e_ros2/ros2_real/install/ur_msgs/include/ur_msgs/ur_msgs/msg/detail/io_states__rosidl_typesupport_introspection_cpp.hpp
[7.742s] -- Installing: /home/kadi/UR5e_ros2/ros2_real/install/ur_msgs/include/ur_msgs/ur_msgs/msg/detail/robot_mode_data_msg__type_support.cpp
[7.742s] -- Installing: /home/kadi/UR5e_ros2/ros2_real/install/ur_msgs/include/ur_msgs/ur_msgs/msg/detail/analog__rosidl_typesupport_introspection_cpp.hpp
[7.742s] -- Installing: /home/kadi/UR5e_ros2/ros2_real/install/ur_msgs/include/ur_msgs/ur_msgs/msg/detail/digital__type_support.cpp
[7.742s] -- Installing: /home/kadi/UR5e_ros2/ros2_real/install/ur_msgs/include/ur_msgs/ur_msgs/msg/detail/masterboard_data_msg__rosidl_typesupport_introspection_cpp.hpp
[7.742s] -- Installing: /home/kadi/UR5e_ros2/ros2_real/install/ur_msgs/include/ur_msgs/ur_msgs/msg/detail/robot_state_rt_msg__rosidl_typesupport_introspection_cpp.hpp
[7.742s] -- Installing: /home/kadi/UR5e_ros2/ros2_real/install/ur_msgs/include/ur_msgs/ur_msgs/msg/detail/tool_data_msg__type_support.cpp
[7.742s] -- Installing: /home/kadi/UR5e_ros2/ros2_real/install/ur_msgs/include/ur_msgs/ur_msgs/msg/detail/io_states__type_support.cpp
[7.742s] -- Installing: /home/kadi/UR5e_ros2/ros2_real/install/ur_msgs/include/ur_msgs/ur_msgs/msg/detail/digital__rosidl_typesupport_introspection_cpp.hpp
[7.742s] -- Installing: /home/kadi/UR5e_ros2/ros2_real/install/ur_msgs/lib/libur_msgs__rosidl_typesupport_introspection_cpp.so
[7.743s] -- Set runtime path of "/home/kadi/UR5e_ros2/ros2_real/install/ur_msgs/lib/libur_msgs__rosidl_typesupport_introspection_cpp.so" to ""
[7.743s] -- Installing: /home/kadi/UR5e_ros2/ros2_real/install/ur_msgs/lib/libur_msgs__rosidl_typesupport_cpp.so
[7.744s] -- Set runtime path of "/home/kadi/UR5e_ros2/ros2_real/install/ur_msgs/lib/libur_msgs__rosidl_typesupport_cpp.so" to ""
[7.744s] -- Installing: /home/kadi/UR5e_ros2/ros2_real/install/ur_msgs/share/ur_msgs/environment/pythonpath.sh
[7.744s] -- Installing: /home/kadi/UR5e_ros2/ros2_real/install/ur_msgs/share/ur_msgs/environment/pythonpath.dsv
[7.744s] -- Installing: /home/kadi/UR5e_ros2/ros2_real/install/ur_msgs/lib/python3.10/site-packages/ur_msgs-2.0.1-py3.10.egg-info
[7.744s] -- Installing: /home/kadi/UR5e_ros2/ros2_real/install/ur_msgs/lib/python3.10/site-packages/ur_msgs-2.0.1-py3.10.egg-info/SOURCES.txt
[7.744s] -- Installing: /home/kadi/UR5e_ros2/ros2_real/install/ur_msgs/lib/python3.10/site-packages/ur_msgs-2.0.1-py3.10.egg-info/dependency_links.txt
[7.744s] -- Installing: /home/kadi/UR5e_ros2/ros2_real/install/ur_msgs/lib/python3.10/site-packages/ur_msgs-2.0.1-py3.10.egg-info/PKG-INFO
[7.744s] -- Installing: /home/kadi/UR5e_ros2/ros2_real/install/ur_msgs/lib/python3.10/site-packages/ur_msgs-2.0.1-py3.10.egg-info/top_level.txt
[7.744s] -- Installing: /home/kadi/UR5e_ros2/ros2_real/install/ur_msgs/lib/python3.10/site-packages/ur_msgs
[7.744s] -- Installing: /home/kadi/UR5e_ros2/ros2_real/install/ur_msgs/lib/python3.10/site-packages/ur_msgs/srv
[7.745s] -- Installing: /home/kadi/UR5e_ros2/ros2_real/install/ur_msgs/lib/python3.10/site-packages/ur_msgs/srv/_set_io.py
[7.745s] -- Installing: /home/kadi/UR5e_ros2/ros2_real/install/ur_msgs/lib/python3.10/site-packages/ur_msgs/srv/_set_analog_output.py
[7.745s] -- Installing: /home/kadi/UR5e_ros2/ros2_real/install/ur_msgs/lib/python3.10/site-packages/ur_msgs/srv/__init__.py
[7.745s] -- Installing: /home/kadi/UR5e_ros2/ros2_real/install/ur_msgs/lib/python3.10/site-packages/ur_msgs/srv/_set_payload_s.c
[7.745s] -- Installing: /home/kadi/UR5e_ros2/ros2_real/install/ur_msgs/lib/python3.10/site-packages/ur_msgs/srv/_set_speed_slider_fraction.py
[7.745s] -- Installing: /home/kadi/UR5e_ros2/ros2_real/install/ur_msgs/lib/python3.10/site-packages/ur_msgs/srv/_set_speed_slider_fraction_s.c
[7.745s] -- Installing: /home/kadi/UR5e_ros2/ros2_real/install/ur_msgs/lib/python3.10/site-packages/ur_msgs/srv/_get_robot_software_version_s.c
[7.745s] -- Installing: /home/kadi/UR5e_ros2/ros2_real/install/ur_msgs/lib/python3.10/site-packages/ur_msgs/srv/_set_payload.py
[7.745s] -- Installing: /home/kadi/UR5e_ros2/ros2_real/install/ur_msgs/lib/python3.10/site-packages/ur_msgs/srv/_set_io_s.c
[7.745s] -- Installing: /home/kadi/UR5e_ros2/ros2_real/install/ur_msgs/lib/python3.10/site-packages/ur_msgs/srv/_get_robot_software_version.py
[7.745s] -- Installing: /home/kadi/UR5e_ros2/ros2_real/install/ur_msgs/lib/python3.10/site-packages/ur_msgs/srv/_set_analog_output_s.c
[7.745s] -- Installing: /home/kadi/UR5e_ros2/ros2_real/install/ur_msgs/lib/python3.10/site-packages/ur_msgs/__init__.py
[7.745s] -- Installing: /home/kadi/UR5e_ros2/ros2_real/install/ur_msgs/lib/python3.10/site-packages/ur_msgs/msg
[7.746s] -- Installing: /home/kadi/UR5e_ros2/ros2_real/install/ur_msgs/lib/python3.10/site-packages/ur_msgs/msg/__init__.py
[7.746s] -- Installing: /home/kadi/UR5e_ros2/ros2_real/install/ur_msgs/lib/python3.10/site-packages/ur_msgs/msg/_digital_s.c
[7.746s] -- Installing: /home/kadi/UR5e_ros2/ros2_real/install/ur_msgs/lib/python3.10/site-packages/ur_msgs/msg/_analog_s.c
[7.746s] -- Installing: /home/kadi/UR5e_ros2/ros2_real/install/ur_msgs/lib/python3.10/site-packages/ur_msgs/msg/_masterboard_data_msg.py
[7.746s] -- Installing: /home/kadi/UR5e_ros2/ros2_real/install/ur_msgs/lib/python3.10/site-packages/ur_msgs/msg/_io_states_s.c
[7.746s] -- Installing: /home/kadi/UR5e_ros2/ros2_real/install/ur_msgs/lib/python3.10/site-packages/ur_msgs/msg/_tool_data_msg_s.c
[7.746s] -- Installing: /home/kadi/UR5e_ros2/ros2_real/install/ur_msgs/lib/python3.10/site-packages/ur_msgs/msg/_io_states.py
[7.746s] -- Installing: /home/kadi/UR5e_ros2/ros2_real/install/ur_msgs/lib/python3.10/site-packages/ur_msgs/msg/_robot_state_rt_msg_s.c
[7.746s] -- Installing: /home/kadi/UR5e_ros2/ros2_real/install/ur_msgs/lib/python3.10/site-packages/ur_msgs/msg/_analog.py
[7.746s] -- Installing: /home/kadi/UR5e_ros2/ros2_real/install/ur_msgs/lib/python3.10/site-packages/ur_msgs/msg/_masterboard_data_msg_s.c
[7.746s] -- Installing: /home/kadi/UR5e_ros2/ros2_real/install/ur_msgs/lib/python3.10/site-packages/ur_msgs/msg/_digital.py
[7.746s] -- Installing: /home/kadi/UR5e_ros2/ros2_real/install/ur_msgs/lib/python3.10/site-packages/ur_msgs/msg/_robot_mode_data_msg_s.c
[7.747s] -- Installing: /home/kadi/UR5e_ros2/ros2_real/install/ur_msgs/lib/python3.10/site-packages/ur_msgs/msg/_robot_mode_data_msg.py
[7.747s] -- Installing: /home/kadi/UR5e_ros2/ros2_real/install/ur_msgs/lib/python3.10/site-packages/ur_msgs/msg/_tool_data_msg.py
[7.747s] -- Installing: /home/kadi/UR5e_ros2/ros2_real/install/ur_msgs/lib/python3.10/site-packages/ur_msgs/msg/_robot_state_rt_msg.py
[7.747s] -- Installing: /home/kadi/UR5e_ros2/ros2_real/install/ur_msgs/lib/python3.10/site-packages/ur_msgs/_ur_msgs_s.ep.rosidl_typesupport_c.c
[7.747s] -- Installing: /home/kadi/UR5e_ros2/ros2_real/install/ur_msgs/lib/python3.10/site-packages/ur_msgs/libur_msgs__rosidl_generator_py.so
[7.747s] -- Installing: /home/kadi/UR5e_ros2/ros2_real/install/ur_msgs/lib/python3.10/site-packages/ur_msgs/_ur_msgs_s.ep.rosidl_typesupport_fastrtps_c.c
[7.747s] -- Installing: /home/kadi/UR5e_ros2/ros2_real/install/ur_msgs/lib/python3.10/site-packages/ur_msgs/ur_msgs_s__rosidl_typesupport_c.cpython-310-x86_64-linux-gnu.so
[7.747s] -- Installing: /home/kadi/UR5e_ros2/ros2_real/install/ur_msgs/lib/python3.10/site-packages/ur_msgs/ur_msgs_s__rosidl_typesupport_fastrtps_c.cpython-310-x86_64-linux-gnu.so
[7.748s] -- Installing: /home/kadi/UR5e_ros2/ros2_real/install/ur_msgs/lib/python3.10/site-packages/ur_msgs/_ur_msgs_s.ep.rosidl_typesupport_introspection_c.c
[7.748s] -- Installing: /home/kadi/UR5e_ros2/ros2_real/install/ur_msgs/lib/python3.10/site-packages/ur_msgs/ur_msgs_s__rosidl_typesupport_introspection_c.cpython-310-x86_64-linux-gnu.so
[7.786s] Listing '/home/kadi/UR5e_ros2/ros2_real/install/ur_msgs/lib/python3.10/site-packages/ur_msgs'...
[7.786s] Compiling '/home/kadi/UR5e_ros2/ros2_real/install/ur_msgs/lib/python3.10/site-packages/ur_msgs/__init__.py'...
[7.786s] Listing '/home/kadi/UR5e_ros2/ros2_real/install/ur_msgs/lib/python3.10/site-packages/ur_msgs/msg'...
[7.786s] Compiling '/home/kadi/UR5e_ros2/ros2_real/install/ur_msgs/lib/python3.10/site-packages/ur_msgs/msg/__init__.py'...
[7.787s] Compiling '/home/kadi/UR5e_ros2/ros2_real/install/ur_msgs/lib/python3.10/site-packages/ur_msgs/msg/_analog.py'...
[7.787s] Compiling '/home/kadi/UR5e_ros2/ros2_real/install/ur_msgs/lib/python3.10/site-packages/ur_msgs/msg/_digital.py'...
[7.787s] Compiling '/home/kadi/UR5e_ros2/ros2_real/install/ur_msgs/lib/python3.10/site-packages/ur_msgs/msg/_io_states.py'...
[7.787s] Compiling '/home/kadi/UR5e_ros2/ros2_real/install/ur_msgs/lib/python3.10/site-packages/ur_msgs/msg/_masterboard_data_msg.py'...
[7.787s] Compiling '/home/kadi/UR5e_ros2/ros2_real/install/ur_msgs/lib/python3.10/site-packages/ur_msgs/msg/_robot_mode_data_msg.py'...
[7.787s] Compiling '/home/kadi/UR5e_ros2/ros2_real/install/ur_msgs/lib/python3.10/site-packages/ur_msgs/msg/_robot_state_rt_msg.py'...
[7.787s] Compiling '/home/kadi/UR5e_ros2/ros2_real/install/ur_msgs/lib/python3.10/site-packages/ur_msgs/msg/_tool_data_msg.py'...
[7.787s] Listing '/home/kadi/UR5e_ros2/ros2_real/install/ur_msgs/lib/python3.10/site-packages/ur_msgs/srv'...
[7.787s] Compiling '/home/kadi/UR5e_ros2/ros2_real/install/ur_msgs/lib/python3.10/site-packages/ur_msgs/srv/__init__.py'...
[7.787s] Compiling '/home/kadi/UR5e_ros2/ros2_real/install/ur_msgs/lib/python3.10/site-packages/ur_msgs/srv/_get_robot_software_version.py'...
[7.787s] Compiling '/home/kadi/UR5e_ros2/ros2_real/install/ur_msgs/lib/python3.10/site-packages/ur_msgs/srv/_set_analog_output.py'...
[7.787s] Compiling '/home/kadi/UR5e_ros2/ros2_real/install/ur_msgs/lib/python3.10/site-packages/ur_msgs/srv/_set_io.py'...
[7.787s] Compiling '/home/kadi/UR5e_ros2/ros2_real/install/ur_msgs/lib/python3.10/site-packages/ur_msgs/srv/_set_payload.py'...
[7.787s] Compiling '/home/kadi/UR5e_ros2/ros2_real/install/ur_msgs/lib/python3.10/site-packages/ur_msgs/srv/_set_speed_slider_fraction.py'...
[7.789s] -- Installing: /home/kadi/UR5e_ros2/ros2_real/install/ur_msgs/lib/python3.10/site-packages/ur_msgs/ur_msgs_s__rosidl_typesupport_fastrtps_c.cpython-310-x86_64-linux-gnu.so
[7.790s] -- Set runtime path of "/home/kadi/UR5e_ros2/ros2_real/install/ur_msgs/lib/python3.10/site-packages/ur_msgs/ur_msgs_s__rosidl_typesupport_fastrtps_c.cpython-310-x86_64-linux-gnu.so" to ""
[7.790s] -- Installing: /home/kadi/UR5e_ros2/ros2_real/install/ur_msgs/lib/python3.10/site-packages/ur_msgs/ur_msgs_s__rosidl_typesupport_introspection_c.cpython-310-x86_64-linux-gnu.so
[7.791s] -- Set runtime path of "/home/kadi/UR5e_ros2/ros2_real/install/ur_msgs/lib/python3.10/site-packages/ur_msgs/ur_msgs_s__rosidl_typesupport_introspection_c.cpython-310-x86_64-linux-gnu.so" to ""
[7.791s] -- Installing: /home/kadi/UR5e_ros2/ros2_real/install/ur_msgs/lib/python3.10/site-packages/ur_msgs/ur_msgs_s__rosidl_typesupport_c.cpython-310-x86_64-linux-gnu.so
[7.791s] -- Set runtime path of "/home/kadi/UR5e_ros2/ros2_real/install/ur_msgs/lib/python3.10/site-packages/ur_msgs/ur_msgs_s__rosidl_typesupport_c.cpython-310-x86_64-linux-gnu.so" to ""
[7.791s] -- Installing: /home/kadi/UR5e_ros2/ros2_real/install/ur_msgs/lib/libur_msgs__rosidl_generator_py.so
[7.792s] -- Set runtime path of "/home/kadi/UR5e_ros2/ros2_real/install/ur_msgs/lib/libur_msgs__rosidl_generator_py.so" to ""
[7.792s] -- Installing: /home/kadi/UR5e_ros2/ros2_real/install/ur_msgs/share/ur_msgs/msg/Analog.idl
[7.792s] -- Installing: /home/kadi/UR5e_ros2/ros2_real/install/ur_msgs/share/ur_msgs/msg/Digital.idl
[7.792s] -- Installing: /home/kadi/UR5e_ros2/ros2_real/install/ur_msgs/share/ur_msgs/msg/IOStates.idl
[7.792s] -- Installing: /home/kadi/UR5e_ros2/ros2_real/install/ur_msgs/share/ur_msgs/msg/RobotStateRTMsg.idl
[7.792s] -- Installing: /home/kadi/UR5e_ros2/ros2_real/install/ur_msgs/share/ur_msgs/msg/MasterboardDataMsg.idl
[7.792s] -- Installing: /home/kadi/UR5e_ros2/ros2_real/install/ur_msgs/share/ur_msgs/msg/RobotModeDataMsg.idl
[7.792s] -- Installing: /home/kadi/UR5e_ros2/ros2_real/install/ur_msgs/share/ur_msgs/msg/ToolDataMsg.idl
[7.792s] -- Installing: /home/kadi/UR5e_ros2/ros2_real/install/ur_msgs/share/ur_msgs/srv/SetAnalogOutput.idl
[7.792s] -- Installing: /home/kadi/UR5e_ros2/ros2_real/install/ur_msgs/share/ur_msgs/srv/SetPayload.idl
[7.792s] -- Installing: /home/kadi/UR5e_ros2/ros2_real/install/ur_msgs/share/ur_msgs/srv/SetSpeedSliderFraction.idl
[7.793s] -- Installing: /home/kadi/UR5e_ros2/ros2_real/install/ur_msgs/share/ur_msgs/srv/SetIO.idl
[7.793s] -- Installing: /home/kadi/UR5e_ros2/ros2_real/install/ur_msgs/share/ur_msgs/srv/GetRobotSoftwareVersion.idl
[7.793s] -- Installing: /home/kadi/UR5e_ros2/ros2_real/install/ur_msgs/share/ur_msgs/msg/Analog.msg
[7.793s] -- Installing: /home/kadi/UR5e_ros2/ros2_real/install/ur_msgs/share/ur_msgs/msg/Digital.msg
[7.793s] -- Installing: /home/kadi/UR5e_ros2/ros2_real/install/ur_msgs/share/ur_msgs/msg/IOStates.msg
[7.793s] -- Installing: /home/kadi/UR5e_ros2/ros2_real/install/ur_msgs/share/ur_msgs/msg/RobotStateRTMsg.msg
[7.793s] -- Installing: /home/kadi/UR5e_ros2/ros2_real/install/ur_msgs/share/ur_msgs/msg/MasterboardDataMsg.msg
[7.793s] -- Installing: /home/kadi/UR5e_ros2/ros2_real/install/ur_msgs/share/ur_msgs/msg/RobotModeDataMsg.msg
[7.794s] -- Installing: /home/kadi/UR5e_ros2/ros2_real/install/ur_msgs/share/ur_msgs/msg/ToolDataMsg.msg
[7.794s] -- Installing: /home/kadi/UR5e_ros2/ros2_real/install/ur_msgs/share/ur_msgs/srv/SetAnalogOutput.srv
[7.794s] -- Installing: /home/kadi/UR5e_ros2/ros2_real/install/ur_msgs/share/ur_msgs/srv/SetAnalogOutput_Request.msg
[7.794s] -- Installing: /home/kadi/UR5e_ros2/ros2_real/install/ur_msgs/share/ur_msgs/srv/SetAnalogOutput_Response.msg
[7.794s] -- Installing: /home/kadi/UR5e_ros2/ros2_real/install/ur_msgs/share/ur_msgs/srv/SetPayload.srv
[7.794s] -- Installing: /home/kadi/UR5e_ros2/ros2_real/install/ur_msgs/share/ur_msgs/srv/SetPayload_Request.msg
[7.794s] -- Installing: /home/kadi/UR5e_ros2/ros2_real/install/ur_msgs/share/ur_msgs/srv/SetPayload_Response.msg
[7.794s] -- Installing: /home/kadi/UR5e_ros2/ros2_real/install/ur_msgs/share/ur_msgs/srv/SetSpeedSliderFraction.srv
[7.795s] -- Installing: /home/kadi/UR5e_ros2/ros2_real/install/ur_msgs/share/ur_msgs/srv/SetSpeedSliderFraction_Request.msg
[7.795s] -- Installing: /home/kadi/UR5e_ros2/ros2_real/install/ur_msgs/share/ur_msgs/srv/SetSpeedSliderFraction_Response.msg
[7.795s] -- Installing: /home/kadi/UR5e_ros2/ros2_real/install/ur_msgs/share/ur_msgs/srv/SetIO.srv
[7.795s] -- Installing: /home/kadi/UR5e_ros2/ros2_real/install/ur_msgs/share/ur_msgs/srv/SetIO_Request.msg
[7.795s] -- Installing: /home/kadi/UR5e_ros2/ros2_real/install/ur_msgs/share/ur_msgs/srv/SetIO_Response.msg
[7.795s] -- Installing: /home/kadi/UR5e_ros2/ros2_real/install/ur_msgs/share/ur_msgs/srv/GetRobotSoftwareVersion.srv
[7.795s] -- Installing: /home/kadi/UR5e_ros2/ros2_real/install/ur_msgs/share/ur_msgs/srv/GetRobotSoftwareVersion_Request.msg
[7.795s] -- Installing: /home/kadi/UR5e_ros2/ros2_real/install/ur_msgs/share/ur_msgs/srv/GetRobotSoftwareVersion_Response.msg
[7.796s] -- Installing: /home/kadi/UR5e_ros2/ros2_real/install/ur_msgs/share/ament_index/resource_index/package_run_dependencies/ur_msgs
[7.796s] -- Installing: /home/kadi/UR5e_ros2/ros2_real/install/ur_msgs/share/ament_index/resource_index/parent_prefix_path/ur_msgs
[7.796s] -- Installing: /home/kadi/UR5e_ros2/ros2_real/install/ur_msgs/share/ur_msgs/environment/ament_prefix_path.sh
[7.796s] -- Installing: /home/kadi/UR5e_ros2/ros2_real/install/ur_msgs/share/ur_msgs/environment/ament_prefix_path.dsv
[7.796s] -- Installing: /home/kadi/UR5e_ros2/ros2_real/install/ur_msgs/share/ur_msgs/environment/path.sh
[7.796s] -- Installing: /home/kadi/UR5e_ros2/ros2_real/install/ur_msgs/share/ur_msgs/environment/path.dsv
[7.796s] -- Installing: /home/kadi/UR5e_ros2/ros2_real/install/ur_msgs/share/ur_msgs/local_setup.bash
[7.797s] -- Installing: /home/kadi/UR5e_ros2/ros2_real/install/ur_msgs/share/ur_msgs/local_setup.sh
[7.797s] -- Installing: /home/kadi/UR5e_ros2/ros2_real/install/ur_msgs/share/ur_msgs/local_setup.zsh
[7.797s] -- Installing: /home/kadi/UR5e_ros2/ros2_real/install/ur_msgs/share/ur_msgs/local_setup.dsv
[7.797s] -- Installing: /home/kadi/UR5e_ros2/ros2_real/install/ur_msgs/share/ur_msgs/package.dsv
[7.797s] -- Installing: /home/kadi/UR5e_ros2/ros2_real/install/ur_msgs/share/ament_index/resource_index/packages/ur_msgs
[7.797s] -- Installing: /home/kadi/UR5e_ros2/ros2_real/install/ur_msgs/share/ur_msgs/cmake/export_ur_msgs__rosidl_generator_cExport.cmake
[7.797s] -- Installing: /home/kadi/UR5e_ros2/ros2_real/install/ur_msgs/share/ur_msgs/cmake/export_ur_msgs__rosidl_generator_cExport-noconfig.cmake
[7.798s] -- Installing: /home/kadi/UR5e_ros2/ros2_real/install/ur_msgs/share/ur_msgs/cmake/export_ur_msgs__rosidl_typesupport_fastrtps_cExport.cmake
[7.798s] -- Installing: /home/kadi/UR5e_ros2/ros2_real/install/ur_msgs/share/ur_msgs/cmake/export_ur_msgs__rosidl_typesupport_fastrtps_cExport-noconfig.cmake
[7.798s] -- Installing: /home/kadi/UR5e_ros2/ros2_real/install/ur_msgs/share/ur_msgs/cmake/export_ur_msgs__rosidl_generator_cppExport.cmake
[7.798s] -- Installing: /home/kadi/UR5e_ros2/ros2_real/install/ur_msgs/share/ur_msgs/cmake/export_ur_msgs__rosidl_typesupport_fastrtps_cppExport.cmake
[7.798s] -- Installing: /home/kadi/UR5e_ros2/ros2_real/install/ur_msgs/share/ur_msgs/cmake/export_ur_msgs__rosidl_typesupport_fastrtps_cppExport-noconfig.cmake
[7.798s] -- Installing: /home/kadi/UR5e_ros2/ros2_real/install/ur_msgs/share/ur_msgs/cmake/ur_msgs__rosidl_typesupport_introspection_cExport.cmake
[7.798s] -- Installing: /home/kadi/UR5e_ros2/ros2_real/install/ur_msgs/share/ur_msgs/cmake/ur_msgs__rosidl_typesupport_introspection_cExport-noconfig.cmake
[7.798s] -- Installing: /home/kadi/UR5e_ros2/ros2_real/install/ur_msgs/share/ur_msgs/cmake/ur_msgs__rosidl_typesupport_cExport.cmake
[7.799s] -- Installing: /home/kadi/UR5e_ros2/ros2_real/install/ur_msgs/share/ur_msgs/cmake/ur_msgs__rosidl_typesupport_cExport-noconfig.cmake
[7.799s] -- Installing: /home/kadi/UR5e_ros2/ros2_real/install/ur_msgs/share/ur_msgs/cmake/ur_msgs__rosidl_typesupport_introspection_cppExport.cmake
[7.799s] -- Installing: /home/kadi/UR5e_ros2/ros2_real/install/ur_msgs/share/ur_msgs/cmake/ur_msgs__rosidl_typesupport_introspection_cppExport-noconfig.cmake
[7.799s] -- Installing: /home/kadi/UR5e_ros2/ros2_real/install/ur_msgs/share/ur_msgs/cmake/ur_msgs__rosidl_typesupport_cppExport.cmake
[7.799s] -- Installing: /home/kadi/UR5e_ros2/ros2_real/install/ur_msgs/share/ur_msgs/cmake/ur_msgs__rosidl_typesupport_cppExport-noconfig.cmake
[7.799s] -- Installing: /home/kadi/UR5e_ros2/ros2_real/install/ur_msgs/share/ur_msgs/cmake/export_ur_msgs__rosidl_generator_pyExport.cmake
[7.799s] -- Installing: /home/kadi/UR5e_ros2/ros2_real/install/ur_msgs/share/ur_msgs/cmake/export_ur_msgs__rosidl_generator_pyExport-noconfig.cmake
[7.799s] -- Installing: /home/kadi/UR5e_ros2/ros2_real/install/ur_msgs/share/ur_msgs/cmake/rosidl_cmake-extras.cmake
[7.800s] -- Installing: /home/kadi/UR5e_ros2/ros2_real/install/ur_msgs/share/ur_msgs/cmake/ament_cmake_export_dependencies-extras.cmake
[7.800s] -- Installing: /home/kadi/UR5e_ros2/ros2_real/install/ur_msgs/share/ur_msgs/cmake/ament_cmake_export_include_directories-extras.cmake
[7.800s] -- Installing: /home/kadi/UR5e_ros2/ros2_real/install/ur_msgs/share/ur_msgs/cmake/ament_cmake_export_libraries-extras.cmake
[7.800s] -- Installing: /home/kadi/UR5e_ros2/ros2_real/install/ur_msgs/share/ur_msgs/cmake/ament_cmake_export_targets-extras.cmake
[7.800s] -- Installing: /home/kadi/UR5e_ros2/ros2_real/install/ur_msgs/share/ur_msgs/cmake/rosidl_cmake_export_typesupport_targets-extras.cmake
[7.800s] -- Installing: /home/kadi/UR5e_ros2/ros2_real/install/ur_msgs/share/ur_msgs/cmake/rosidl_cmake_export_typesupport_libraries-extras.cmake
[7.800s] -- Installing: /home/kadi/UR5e_ros2/ros2_real/install/ur_msgs/share/ur_msgs/cmake/ur_msgsConfig.cmake
[7.800s] -- Installing: /home/kadi/UR5e_ros2/ros2_real/install/ur_msgs/share/ur_msgs/cmake/ur_msgsConfig-version.cmake
[7.800s] -- Installing: /home/kadi/UR5e_ros2/ros2_real/install/ur_msgs/share/ur_msgs/package.xml
[7.803s] Invoked command in '/home/kadi/UR5e_ros2/ros2_real/build/ur_msgs' returned '0': CMAKE_PREFIX_PATH=/opt/ros/iron /usr/bin/cmake --install /home/kadi/UR5e_ros2/ros2_real/build/ur_msgs
