[0.033s] Invoking command in '/home/kadi/UR5e_ros2/ros2_real/build/steering_controllers_library': AMENT_PREFIX_PATH=/home/kadi/UR5e_ros2/ros2_real/install/controller_manager:/home/kadi/UR5e_ros2/ros2_real/install/hardware_interface_testing:/home/kadi/UR5e_ros2/ros2_real/install/controller_interface:/home/kadi/UR5e_ros2/ros2_real/install/hardware_interface:/home/kadi/UR5e_ros2/ros2_real/install/ros2_control_test_assets:/home/kadi/UR5e_ros2/ros2_real/install/controller_manager_msgs:/home/kadi/UR5e_ros2/ros2_real/install/control_msgs:${AMENT_PREFIX_PATH} CMAKE_PREFIX_PATH=/home/kadi/UR5e_ros2/ros2_real/install/controller_manager:/home/kadi/UR5e_ros2/ros2_real/install/hardware_interface_testing:/home/kadi/UR5e_ros2/ros2_real/install/controller_interface:/home/kadi/UR5e_ros2/ros2_real/install/hardware_interface:/home/kadi/UR5e_ros2/ros2_real/install/ros2_control_test_assets:/home/kadi/UR5e_ros2/ros2_real/install/controller_manager_msgs:/home/kadi/UR5e_ros2/ros2_real/install/control_msgs:/home/kadi/UR5e_ros2/ros2_real/install/ur_msgs:/home/kadi/UR5e_ros2/ros2_real/install/ur_description:/opt/ros/iron LD_LIBRARY_PATH=/home/kadi/UR5e_ros2/ros2_real/install/controller_manager/lib:/home/kadi/UR5e_ros2/ros2_real/install/hardware_interface_testing/lib:/home/kadi/UR5e_ros2/ros2_real/install/controller_interface/lib:/home/kadi/UR5e_ros2/ros2_real/install/hardware_interface/lib:/home/kadi/UR5e_ros2/ros2_real/install/ros2_control_test_assets/lib:/home/kadi/UR5e_ros2/ros2_real/install/controller_manager_msgs/lib:/home/kadi/UR5e_ros2/ros2_real/install/control_msgs/lib:${LD_LIBRARY_PATH} PYTHONPATH=/home/kadi/UR5e_ros2/ros2_real/install/controller_manager/lib/python3.10/site-packages:/home/kadi/UR5e_ros2/ros2_real/install/controller_manager_msgs/lib/python3.10/site-packages:/home/kadi/UR5e_ros2/ros2_real/install/control_msgs/lib/python3.10/site-packages:${PYTHONPATH} /usr/bin/cmake --build /home/kadi/UR5e_ros2/ros2_real/build/steering_controllers_library -- -j16 -l16
[0.072s] [35m[1mConsolidate compiler generated dependencies of target gmock_main[0m
[0.072s] [35m[1mConsolidate compiler generated dependencies of target gmock[0m
[0.080s] [  7%] Built target steering_controllers_library_parameters
[0.085s] [ 38%] Built target gmock
[0.085s] [ 46%] Built target gmock_main
[0.090s] [35m[1mConsolidate compiler generated dependencies of target steering_controllers_library[0m
[0.106s] [ 69%] Built target steering_controllers_library
[0.115s] [35m[1mConsolidate compiler generated dependencies of target test_steering_odometry[0m
[0.115s] [35m[1mConsolidate compiler generated dependencies of target test_steering_controllers_library[0m
[0.131s] [ 84%] Built target test_steering_odometry
[0.131s] [100%] Built target test_steering_controllers_library
[0.154s] Invoked command in '/home/kadi/UR5e_ros2/ros2_real/build/steering_controllers_library' returned '0': AMENT_PREFIX_PATH=/home/kadi/UR5e_ros2/ros2_real/install/controller_manager:/home/kadi/UR5e_ros2/ros2_real/install/hardware_interface_testing:/home/kadi/UR5e_ros2/ros2_real/install/controller_interface:/home/kadi/UR5e_ros2/ros2_real/install/hardware_interface:/home/kadi/UR5e_ros2/ros2_real/install/ros2_control_test_assets:/home/kadi/UR5e_ros2/ros2_real/install/controller_manager_msgs:/home/kadi/UR5e_ros2/ros2_real/install/control_msgs:${AMENT_PREFIX_PATH} CMAKE_PREFIX_PATH=/home/kadi/UR5e_ros2/ros2_real/install/controller_manager:/home/kadi/UR5e_ros2/ros2_real/install/hardware_interface_testing:/home/kadi/UR5e_ros2/ros2_real/install/controller_interface:/home/kadi/UR5e_ros2/ros2_real/install/hardware_interface:/home/kadi/UR5e_ros2/ros2_real/install/ros2_control_test_assets:/home/kadi/UR5e_ros2/ros2_real/install/controller_manager_msgs:/home/kadi/UR5e_ros2/ros2_real/install/control_msgs:/home/kadi/UR5e_ros2/ros2_real/install/ur_msgs:/home/kadi/UR5e_ros2/ros2_real/install/ur_description:/opt/ros/iron LD_LIBRARY_PATH=/home/kadi/UR5e_ros2/ros2_real/install/controller_manager/lib:/home/kadi/UR5e_ros2/ros2_real/install/hardware_interface_testing/lib:/home/kadi/UR5e_ros2/ros2_real/install/controller_interface/lib:/home/kadi/UR5e_ros2/ros2_real/install/hardware_interface/lib:/home/kadi/UR5e_ros2/ros2_real/install/ros2_control_test_assets/lib:/home/kadi/UR5e_ros2/ros2_real/install/controller_manager_msgs/lib:/home/kadi/UR5e_ros2/ros2_real/install/control_msgs/lib:${LD_LIBRARY_PATH} PYTHONPATH=/home/kadi/UR5e_ros2/ros2_real/install/controller_manager/lib/python3.10/site-packages:/home/kadi/UR5e_ros2/ros2_real/install/controller_manager_msgs/lib/python3.10/site-packages:/home/kadi/UR5e_ros2/ros2_real/install/control_msgs/lib/python3.10/site-packages:${PYTHONPATH} /usr/bin/cmake --build /home/kadi/UR5e_ros2/ros2_real/build/steering_controllers_library -- -j16 -l16
[0.155s] Invoking command in '/home/kadi/UR5e_ros2/ros2_real/build/steering_controllers_library': AMENT_PREFIX_PATH=/home/kadi/UR5e_ros2/ros2_real/install/controller_manager:/home/kadi/UR5e_ros2/ros2_real/install/hardware_interface_testing:/home/kadi/UR5e_ros2/ros2_real/install/controller_interface:/home/kadi/UR5e_ros2/ros2_real/install/hardware_interface:/home/kadi/UR5e_ros2/ros2_real/install/ros2_control_test_assets:/home/kadi/UR5e_ros2/ros2_real/install/controller_manager_msgs:/home/kadi/UR5e_ros2/ros2_real/install/control_msgs:${AMENT_PREFIX_PATH} CMAKE_PREFIX_PATH=/home/kadi/UR5e_ros2/ros2_real/install/controller_manager:/home/kadi/UR5e_ros2/ros2_real/install/hardware_interface_testing:/home/kadi/UR5e_ros2/ros2_real/install/controller_interface:/home/kadi/UR5e_ros2/ros2_real/install/hardware_interface:/home/kadi/UR5e_ros2/ros2_real/install/ros2_control_test_assets:/home/kadi/UR5e_ros2/ros2_real/install/controller_manager_msgs:/home/kadi/UR5e_ros2/ros2_real/install/control_msgs:/home/kadi/UR5e_ros2/ros2_real/install/ur_msgs:/home/kadi/UR5e_ros2/ros2_real/install/ur_description:/opt/ros/iron LD_LIBRARY_PATH=/home/kadi/UR5e_ros2/ros2_real/install/controller_manager/lib:/home/kadi/UR5e_ros2/ros2_real/install/hardware_interface_testing/lib:/home/kadi/UR5e_ros2/ros2_real/install/controller_interface/lib:/home/kadi/UR5e_ros2/ros2_real/install/hardware_interface/lib:/home/kadi/UR5e_ros2/ros2_real/install/ros2_control_test_assets/lib:/home/kadi/UR5e_ros2/ros2_real/install/controller_manager_msgs/lib:/home/kadi/UR5e_ros2/ros2_real/install/control_msgs/lib:${LD_LIBRARY_PATH} PYTHONPATH=/home/kadi/UR5e_ros2/ros2_real/install/controller_manager/lib/python3.10/site-packages:/home/kadi/UR5e_ros2/ros2_real/install/controller_manager_msgs/lib/python3.10/site-packages:/home/kadi/UR5e_ros2/ros2_real/install/control_msgs/lib/python3.10/site-packages:${PYTHONPATH} /usr/bin/cmake --install /home/kadi/UR5e_ros2/ros2_real/build/steering_controllers_library
[0.162s] -- Install configuration: "Release"
[0.162s] -- Up-to-date: /home/kadi/UR5e_ros2/ros2_real/install/steering_controllers_library/include/steering_controllers_library_parameters
[0.162s] -- Up-to-date: /home/kadi/UR5e_ros2/ros2_real/install/steering_controllers_library/include/steering_controllers_library_parameters/steering_controllers_library_parameters.hpp
[0.162s] -- Up-to-date: /home/kadi/UR5e_ros2/ros2_real/install/steering_controllers_library/include/steering_controllers_library
[0.162s] -- Up-to-date: /home/kadi/UR5e_ros2/ros2_real/install/steering_controllers_library/include/steering_controllers_library/steering_controllers_library
[0.162s] -- Up-to-date: /home/kadi/UR5e_ros2/ros2_real/install/steering_controllers_library/include/steering_controllers_library/steering_controllers_library/steering_controllers_library.hpp
[0.163s] -- Up-to-date: /home/kadi/UR5e_ros2/ros2_real/install/steering_controllers_library/include/steering_controllers_library/steering_controllers_library/visibility_control.h
[0.163s] -- Up-to-date: /home/kadi/UR5e_ros2/ros2_real/install/steering_controllers_library/include/steering_controllers_library/steering_controllers_library/steering_odometry.hpp
[0.163s] -- Up-to-date: /home/kadi/UR5e_ros2/ros2_real/install/steering_controllers_library/lib/libsteering_controllers_library.so
[0.163s] -- Up-to-date: /home/kadi/UR5e_ros2/ros2_real/install/steering_controllers_library/share/steering_controllers_library/environment/library_path.sh
[0.163s] -- Up-to-date: /home/kadi/UR5e_ros2/ros2_real/install/steering_controllers_library/share/steering_controllers_library/environment/library_path.dsv
[0.163s] -- Up-to-date: /home/kadi/UR5e_ros2/ros2_real/install/steering_controllers_library/share/ament_index/resource_index/package_run_dependencies/steering_controllers_library
[0.163s] -- Up-to-date: /home/kadi/UR5e_ros2/ros2_real/install/steering_controllers_library/share/ament_index/resource_index/parent_prefix_path/steering_controllers_library
[0.163s] -- Up-to-date: /home/kadi/UR5e_ros2/ros2_real/install/steering_controllers_library/share/steering_controllers_library/environment/ament_prefix_path.sh
[0.163s] -- Up-to-date: /home/kadi/UR5e_ros2/ros2_real/install/steering_controllers_library/share/steering_controllers_library/environment/ament_prefix_path.dsv
[0.164s] -- Up-to-date: /home/kadi/UR5e_ros2/ros2_real/install/steering_controllers_library/share/steering_controllers_library/environment/path.sh
[0.164s] -- Up-to-date: /home/kadi/UR5e_ros2/ros2_real/install/steering_controllers_library/share/steering_controllers_library/environment/path.dsv
[0.164s] -- Up-to-date: /home/kadi/UR5e_ros2/ros2_real/install/steering_controllers_library/share/steering_controllers_library/local_setup.bash
[0.164s] -- Up-to-date: /home/kadi/UR5e_ros2/ros2_real/install/steering_controllers_library/share/steering_controllers_library/local_setup.sh
[0.164s] -- Up-to-date: /home/kadi/UR5e_ros2/ros2_real/install/steering_controllers_library/share/steering_controllers_library/local_setup.zsh
[0.164s] -- Up-to-date: /home/kadi/UR5e_ros2/ros2_real/install/steering_controllers_library/share/steering_controllers_library/local_setup.dsv
[0.164s] -- Installing: /home/kadi/UR5e_ros2/ros2_real/install/steering_controllers_library/share/steering_controllers_library/package.dsv
[0.164s] -- Up-to-date: /home/kadi/UR5e_ros2/ros2_real/install/steering_controllers_library/share/ament_index/resource_index/packages/steering_controllers_library
[0.164s] -- Up-to-date: /home/kadi/UR5e_ros2/ros2_real/install/steering_controllers_library/share/steering_controllers_library/cmake/export_steering_controllers_libraryExport.cmake
[0.164s] -- Up-to-date: /home/kadi/UR5e_ros2/ros2_real/install/steering_controllers_library/share/steering_controllers_library/cmake/export_steering_controllers_libraryExport-release.cmake
[0.164s] -- Up-to-date: /home/kadi/UR5e_ros2/ros2_real/install/steering_controllers_library/share/steering_controllers_library/cmake/ament_cmake_export_targets-extras.cmake
[0.164s] -- Up-to-date: /home/kadi/UR5e_ros2/ros2_real/install/steering_controllers_library/share/steering_controllers_library/cmake/ament_cmake_export_dependencies-extras.cmake
[0.164s] -- Up-to-date: /home/kadi/UR5e_ros2/ros2_real/install/steering_controllers_library/share/steering_controllers_library/cmake/steering_controllers_libraryConfig.cmake
[0.164s] -- Up-to-date: /home/kadi/UR5e_ros2/ros2_real/install/steering_controllers_library/share/steering_controllers_library/cmake/steering_controllers_libraryConfig-version.cmake
[0.164s] -- Up-to-date: /home/kadi/UR5e_ros2/ros2_real/install/steering_controllers_library/share/steering_controllers_library/package.xml
[0.166s] Invoked command in '/home/kadi/UR5e_ros2/ros2_real/build/steering_controllers_library' returned '0': AMENT_PREFIX_PATH=/home/kadi/UR5e_ros2/ros2_real/install/controller_manager:/home/kadi/UR5e_ros2/ros2_real/install/hardware_interface_testing:/home/kadi/UR5e_ros2/ros2_real/install/controller_interface:/home/kadi/UR5e_ros2/ros2_real/install/hardware_interface:/home/kadi/UR5e_ros2/ros2_real/install/ros2_control_test_assets:/home/kadi/UR5e_ros2/ros2_real/install/controller_manager_msgs:/home/kadi/UR5e_ros2/ros2_real/install/control_msgs:${AMENT_PREFIX_PATH} CMAKE_PREFIX_PATH=/home/kadi/UR5e_ros2/ros2_real/install/controller_manager:/home/kadi/UR5e_ros2/ros2_real/install/hardware_interface_testing:/home/kadi/UR5e_ros2/ros2_real/install/controller_interface:/home/kadi/UR5e_ros2/ros2_real/install/hardware_interface:/home/kadi/UR5e_ros2/ros2_real/install/ros2_control_test_assets:/home/kadi/UR5e_ros2/ros2_real/install/controller_manager_msgs:/home/kadi/UR5e_ros2/ros2_real/install/control_msgs:/home/kadi/UR5e_ros2/ros2_real/install/ur_msgs:/home/kadi/UR5e_ros2/ros2_real/install/ur_description:/opt/ros/iron LD_LIBRARY_PATH=/home/kadi/UR5e_ros2/ros2_real/install/controller_manager/lib:/home/kadi/UR5e_ros2/ros2_real/install/hardware_interface_testing/lib:/home/kadi/UR5e_ros2/ros2_real/install/controller_interface/lib:/home/kadi/UR5e_ros2/ros2_real/install/hardware_interface/lib:/home/kadi/UR5e_ros2/ros2_real/install/ros2_control_test_assets/lib:/home/kadi/UR5e_ros2/ros2_real/install/controller_manager_msgs/lib:/home/kadi/UR5e_ros2/ros2_real/install/control_msgs/lib:${LD_LIBRARY_PATH} PYTHONPATH=/home/kadi/UR5e_ros2/ros2_real/install/controller_manager/lib/python3.10/site-packages:/home/kadi/UR5e_ros2/ros2_real/install/controller_manager_msgs/lib/python3.10/site-packages:/home/kadi/UR5e_ros2/ros2_real/install/control_msgs/lib/python3.10/site-packages:${PYTHONPATH} /usr/bin/cmake --install /home/kadi/UR5e_ros2/ros2_real/build/steering_controllers_library
