-- Found ament_cmake: 2.0.7 (/opt/ros/iron/share/ament_cmake/cmake)
-- Found Python3: /usr/bin/python3.10 (found version "3.10.12") found components: Interpreter 
-- Configuring done
-- Generating done
-- Build files have been written to: /home/kadi/UR5e_ros2/ros2_real/build/ros2_controllers
-- Install configuration: "Release"
-- Installing: /home/kadi/UR5e_ros2/ros2_real/install/ros2_controllers/share/ament_index/resource_index/package_run_dependencies/ros2_controllers
-- Installing: /home/kadi/UR5e_ros2/ros2_real/install/ros2_controllers/share/ament_index/resource_index/parent_prefix_path/ros2_controllers
-- Installing: /home/kadi/UR5e_ros2/ros2_real/install/ros2_controllers/share/ros2_controllers/environment/ament_prefix_path.sh
-- Installing: /home/kadi/UR5e_ros2/ros2_real/install/ros2_controllers/share/ros2_controllers/environment/ament_prefix_path.dsv
-- Installing: /home/kadi/UR5e_ros2/ros2_real/install/ros2_controllers/share/ros2_controllers/environment/path.sh
-- Installing: /home/kadi/UR5e_ros2/ros2_real/install/ros2_controllers/share/ros2_controllers/environment/path.dsv
-- Installing: /home/kadi/UR5e_ros2/ros2_real/install/ros2_controllers/share/ros2_controllers/local_setup.bash
-- Installing: /home/kadi/UR5e_ros2/ros2_real/install/ros2_controllers/share/ros2_controllers/local_setup.sh
-- Installing: /home/kadi/UR5e_ros2/ros2_real/install/ros2_controllers/share/ros2_controllers/local_setup.zsh
-- Installing: /home/kadi/UR5e_ros2/ros2_real/install/ros2_controllers/share/ros2_controllers/local_setup.dsv
-- Installing: /home/kadi/UR5e_ros2/ros2_real/install/ros2_controllers/share/ros2_controllers/package.dsv
-- Installing: /home/kadi/UR5e_ros2/ros2_real/install/ros2_controllers/share/ament_index/resource_index/packages/ros2_controllers
-- Installing: /home/kadi/UR5e_ros2/ros2_real/install/ros2_controllers/share/ros2_controllers/cmake/ros2_controllersConfig.cmake
-- Installing: /home/kadi/UR5e_ros2/ros2_real/install/ros2_controllers/share/ros2_controllers/cmake/ros2_controllersConfig-version.cmake
-- Installing: /home/kadi/UR5e_ros2/ros2_real/install/ros2_controllers/share/ros2_controllers/package.xml
