[0.060s] Invoking command in '/home/kadi/UR5e_ros2/ros2_real/build/ur_robot_driver': AMENT_PREFIX_PATH=/home/kadi/UR5e_ros2/ros2_real/install/velocity_controllers:/home/kadi/UR5e_ros2/ros2_real/install/ur_controllers:/home/kadi/UR5e_ros2/ros2_real/install/position_controllers:/home/kadi/UR5e_ros2/ros2_real/install/joint_trajectory_controller:/home/kadi/UR5e_ros2/ros2_real/install/joint_state_broadcaster:/home/kadi/UR5e_ros2/ros2_real/install/forward_command_controller:/home/kadi/UR5e_ros2/ros2_real/install/force_torque_sensor_broadcaster:/home/kadi/UR5e_ros2/ros2_real/install/controller_manager:/home/kadi/UR5e_ros2/ros2_real/install/hardware_interface_testing:/home/kadi/UR5e_ros2/ros2_real/install/controller_interface:/home/kadi/UR5e_ros2/ros2_real/install/hardware_interface:/home/kadi/UR5e_ros2/ros2_real/install/ur_dashboard_msgs:/home/kadi/UR5e_ros2/ros2_real/install/ros2_controllers_test_nodes:/home/kadi/UR5e_ros2/ros2_real/install/ros2_control_test_assets:/home/kadi/UR5e_ros2/ros2_real/install/controller_manager_msgs:/home/kadi/UR5e_ros2/ros2_real/install/control_msgs:${AMENT_PREFIX_PATH} CMAKE_PREFIX_PATH=/home/kadi/UR5e_ros2/ros2_real/install/velocity_controllers:/home/kadi/UR5e_ros2/ros2_real/install/ur_controllers:/home/kadi/UR5e_ros2/ros2_real/install/position_controllers:/home/kadi/UR5e_ros2/ros2_real/install/joint_trajectory_controller:/home/kadi/UR5e_ros2/ros2_real/install/joint_state_broadcaster:/home/kadi/UR5e_ros2/ros2_real/install/forward_command_controller:/home/kadi/UR5e_ros2/ros2_real/install/force_torque_sensor_broadcaster:/home/kadi/UR5e_ros2/ros2_real/install/controller_manager:/home/kadi/UR5e_ros2/ros2_real/install/hardware_interface_testing:/home/kadi/UR5e_ros2/ros2_real/install/controller_interface:/home/kadi/UR5e_ros2/ros2_real/install/hardware_interface:/home/kadi/UR5e_ros2/ros2_real/install/ur_msgs:/home/kadi/UR5e_ros2/ros2_real/install/ur_description:/home/kadi/UR5e_ros2/ros2_real/install/ur_dashboard_msgs:/home/kadi/UR5e_ros2/ros2_real/install/ur_client_library:/home/kadi/UR5e_ros2/ros2_real/install/ros2_control_test_assets:/home/kadi/UR5e_ros2/ros2_real/install/controller_manager_msgs:/home/kadi/UR5e_ros2/ros2_real/install/control_msgs:/opt/ros/iron LD_LIBRARY_PATH=/home/kadi/UR5e_ros2/ros2_real/install/velocity_controllers/lib:/home/kadi/UR5e_ros2/ros2_real/install/ur_controllers/lib:/home/kadi/UR5e_ros2/ros2_real/install/position_controllers/lib:/home/kadi/UR5e_ros2/ros2_real/install/joint_trajectory_controller/lib:/home/kadi/UR5e_ros2/ros2_real/install/joint_state_broadcaster/lib:/home/kadi/UR5e_ros2/ros2_real/install/forward_command_controller/lib:/home/kadi/UR5e_ros2/ros2_real/install/force_torque_sensor_broadcaster/lib:/home/kadi/UR5e_ros2/ros2_real/install/controller_manager/lib:/home/kadi/UR5e_ros2/ros2_real/install/hardware_interface_testing/lib:/home/kadi/UR5e_ros2/ros2_real/install/controller_interface/lib:/home/kadi/UR5e_ros2/ros2_real/install/hardware_interface/lib:/home/kadi/UR5e_ros2/ros2_real/install/ur_msgs/lib:/home/kadi/UR5e_ros2/ros2_real/install/ur_dashboard_msgs/lib:/home/kadi/UR5e_ros2/ros2_real/install/ur_client_library/lib:/home/kadi/UR5e_ros2/ros2_real/install/ros2_control_test_assets/lib:/home/kadi/UR5e_ros2/ros2_real/install/controller_manager_msgs/lib:/home/kadi/UR5e_ros2/ros2_real/install/control_msgs/lib:/home/kadi/mujoco-3.0.0/lib:/home/kadi/mujoco-3.0.0/lib:/home/kadi/mujoco-3.0.0/lib:/home/kadi/mujoco-3.0.0/lib:/home/kadi/mujoco-3.0.0/lib:/usr/lib/x86_64-linux-gnu/gazebo-11/plugins:/opt/ros/iron/opt/rviz_ogre_vendor/lib:/opt/ros/iron/lib/x86_64-linux-gnu:/opt/ros/iron/lib PKG_CONFIG_PATH=/home/kadi/UR5e_ros2/ros2_real/install/ur_client_library/lib/x86_64-linux-gnu/pkgconfig:/home/kadi/UR5e_ros2/ros2_real/install/ur_client_library/lib/pkgconfig PYTHONPATH=/home/kadi/UR5e_ros2/ros2_real/install/controller_manager/lib/python3.10/site-packages:/home/kadi/UR5e_ros2/ros2_real/install/ur_msgs/lib/python3.10/site-packages:/home/kadi/UR5e_ros2/ros2_real/install/ur_dashboard_msgs/lib/python3.10/site-packages:/home/kadi/UR5e_ros2/ros2_real/install/ros2_controllers_test_nodes/lib/python3.10/site-packages:/home/kadi/UR5e_ros2/ros2_real/install/controller_manager_msgs/lib/python3.10/site-packages:/home/kadi/UR5e_ros2/ros2_real/install/control_msgs/lib/python3.10/site-packages:/opt/ros/iron/lib/python3.10/site-packages /usr/bin/cmake --build /home/kadi/UR5e_ros2/ros2_real/build/ur_robot_driver -- -j16 -l16
[0.110s] [35m[1mConsolidate compiler generated dependencies of target ur_robot_driver_plugin[0m
[0.125s] [ 66%] Built target urscript_interface
[0.125s] [ 66%] Built target ur_ros2_control_node
[0.125s] [ 73%] Built target controller_stopper_node
[0.125s] [ 73%] Built target dashboard_client
[0.132s] [ 80%] Built target ament_cmake_python_copy_ur_robot_driver
[0.132s] [ 80%] [32mBuilding CXX object CMakeFiles/ur_robot_driver_plugin.dir/src/hardware_interface.cpp.o[0m
[0.295s] running egg_info
[0.295s] writing ur_robot_driver.egg-info/PKG-INFO
[0.295s] writing dependency_links to ur_robot_driver.egg-info/dependency_links.txt
[0.296s] writing top-level names to ur_robot_driver.egg-info/top_level.txt
[0.297s] reading manifest file 'ur_robot_driver.egg-info/SOURCES.txt'
[0.297s] writing manifest file 'ur_robot_driver.egg-info/SOURCES.txt'
[0.321s] [ 80%] Built target ament_cmake_python_build_ur_robot_driver_egg
[5.755s] [ 86%] [32m[1mLinking CXX shared library libur_robot_driver_plugin.so[0m
[5.923s] [100%] Built target ur_robot_driver_plugin
[5.940s] Invoked command in '/home/kadi/UR5e_ros2/ros2_real/build/ur_robot_driver' returned '0': AMENT_PREFIX_PATH=/home/kadi/UR5e_ros2/ros2_real/install/velocity_controllers:/home/kadi/UR5e_ros2/ros2_real/install/ur_controllers:/home/kadi/UR5e_ros2/ros2_real/install/position_controllers:/home/kadi/UR5e_ros2/ros2_real/install/joint_trajectory_controller:/home/kadi/UR5e_ros2/ros2_real/install/joint_state_broadcaster:/home/kadi/UR5e_ros2/ros2_real/install/forward_command_controller:/home/kadi/UR5e_ros2/ros2_real/install/force_torque_sensor_broadcaster:/home/kadi/UR5e_ros2/ros2_real/install/controller_manager:/home/kadi/UR5e_ros2/ros2_real/install/hardware_interface_testing:/home/kadi/UR5e_ros2/ros2_real/install/controller_interface:/home/kadi/UR5e_ros2/ros2_real/install/hardware_interface:/home/kadi/UR5e_ros2/ros2_real/install/ur_dashboard_msgs:/home/kadi/UR5e_ros2/ros2_real/install/ros2_controllers_test_nodes:/home/kadi/UR5e_ros2/ros2_real/install/ros2_control_test_assets:/home/kadi/UR5e_ros2/ros2_real/install/controller_manager_msgs:/home/kadi/UR5e_ros2/ros2_real/install/control_msgs:${AMENT_PREFIX_PATH} CMAKE_PREFIX_PATH=/home/kadi/UR5e_ros2/ros2_real/install/velocity_controllers:/home/kadi/UR5e_ros2/ros2_real/install/ur_controllers:/home/kadi/UR5e_ros2/ros2_real/install/position_controllers:/home/kadi/UR5e_ros2/ros2_real/install/joint_trajectory_controller:/home/kadi/UR5e_ros2/ros2_real/install/joint_state_broadcaster:/home/kadi/UR5e_ros2/ros2_real/install/forward_command_controller:/home/kadi/UR5e_ros2/ros2_real/install/force_torque_sensor_broadcaster:/home/kadi/UR5e_ros2/ros2_real/install/controller_manager:/home/kadi/UR5e_ros2/ros2_real/install/hardware_interface_testing:/home/kadi/UR5e_ros2/ros2_real/install/controller_interface:/home/kadi/UR5e_ros2/ros2_real/install/hardware_interface:/home/kadi/UR5e_ros2/ros2_real/install/ur_msgs:/home/kadi/UR5e_ros2/ros2_real/install/ur_description:/home/kadi/UR5e_ros2/ros2_real/install/ur_dashboard_msgs:/home/kadi/UR5e_ros2/ros2_real/install/ur_client_library:/home/kadi/UR5e_ros2/ros2_real/install/ros2_control_test_assets:/home/kadi/UR5e_ros2/ros2_real/install/controller_manager_msgs:/home/kadi/UR5e_ros2/ros2_real/install/control_msgs:/opt/ros/iron LD_LIBRARY_PATH=/home/kadi/UR5e_ros2/ros2_real/install/velocity_controllers/lib:/home/kadi/UR5e_ros2/ros2_real/install/ur_controllers/lib:/home/kadi/UR5e_ros2/ros2_real/install/position_controllers/lib:/home/kadi/UR5e_ros2/ros2_real/install/joint_trajectory_controller/lib:/home/kadi/UR5e_ros2/ros2_real/install/joint_state_broadcaster/lib:/home/kadi/UR5e_ros2/ros2_real/install/forward_command_controller/lib:/home/kadi/UR5e_ros2/ros2_real/install/force_torque_sensor_broadcaster/lib:/home/kadi/UR5e_ros2/ros2_real/install/controller_manager/lib:/home/kadi/UR5e_ros2/ros2_real/install/hardware_interface_testing/lib:/home/kadi/UR5e_ros2/ros2_real/install/controller_interface/lib:/home/kadi/UR5e_ros2/ros2_real/install/hardware_interface/lib:/home/kadi/UR5e_ros2/ros2_real/install/ur_msgs/lib:/home/kadi/UR5e_ros2/ros2_real/install/ur_dashboard_msgs/lib:/home/kadi/UR5e_ros2/ros2_real/install/ur_client_library/lib:/home/kadi/UR5e_ros2/ros2_real/install/ros2_control_test_assets/lib:/home/kadi/UR5e_ros2/ros2_real/install/controller_manager_msgs/lib:/home/kadi/UR5e_ros2/ros2_real/install/control_msgs/lib:/home/kadi/mujoco-3.0.0/lib:/home/kadi/mujoco-3.0.0/lib:/home/kadi/mujoco-3.0.0/lib:/home/kadi/mujoco-3.0.0/lib:/home/kadi/mujoco-3.0.0/lib:/usr/lib/x86_64-linux-gnu/gazebo-11/plugins:/opt/ros/iron/opt/rviz_ogre_vendor/lib:/opt/ros/iron/lib/x86_64-linux-gnu:/opt/ros/iron/lib PKG_CONFIG_PATH=/home/kadi/UR5e_ros2/ros2_real/install/ur_client_library/lib/x86_64-linux-gnu/pkgconfig:/home/kadi/UR5e_ros2/ros2_real/install/ur_client_library/lib/pkgconfig PYTHONPATH=/home/kadi/UR5e_ros2/ros2_real/install/controller_manager/lib/python3.10/site-packages:/home/kadi/UR5e_ros2/ros2_real/install/ur_msgs/lib/python3.10/site-packages:/home/kadi/UR5e_ros2/ros2_real/install/ur_dashboard_msgs/lib/python3.10/site-packages:/home/kadi/UR5e_ros2/ros2_real/install/ros2_controllers_test_nodes/lib/python3.10/site-packages:/home/kadi/UR5e_ros2/ros2_real/install/controller_manager_msgs/lib/python3.10/site-packages:/home/kadi/UR5e_ros2/ros2_real/install/control_msgs/lib/python3.10/site-packages:/opt/ros/iron/lib/python3.10/site-packages /usr/bin/cmake --build /home/kadi/UR5e_ros2/ros2_real/build/ur_robot_driver -- -j16 -l16
[5.953s] Invoking command in '/home/kadi/UR5e_ros2/ros2_real/build/ur_robot_driver': AMENT_PREFIX_PATH=/home/kadi/UR5e_ros2/ros2_real/install/velocity_controllers:/home/kadi/UR5e_ros2/ros2_real/install/ur_controllers:/home/kadi/UR5e_ros2/ros2_real/install/position_controllers:/home/kadi/UR5e_ros2/ros2_real/install/joint_trajectory_controller:/home/kadi/UR5e_ros2/ros2_real/install/joint_state_broadcaster:/home/kadi/UR5e_ros2/ros2_real/install/forward_command_controller:/home/kadi/UR5e_ros2/ros2_real/install/force_torque_sensor_broadcaster:/home/kadi/UR5e_ros2/ros2_real/install/controller_manager:/home/kadi/UR5e_ros2/ros2_real/install/hardware_interface_testing:/home/kadi/UR5e_ros2/ros2_real/install/controller_interface:/home/kadi/UR5e_ros2/ros2_real/install/hardware_interface:/home/kadi/UR5e_ros2/ros2_real/install/ur_dashboard_msgs:/home/kadi/UR5e_ros2/ros2_real/install/ros2_controllers_test_nodes:/home/kadi/UR5e_ros2/ros2_real/install/ros2_control_test_assets:/home/kadi/UR5e_ros2/ros2_real/install/controller_manager_msgs:/home/kadi/UR5e_ros2/ros2_real/install/control_msgs:${AMENT_PREFIX_PATH} CMAKE_PREFIX_PATH=/home/kadi/UR5e_ros2/ros2_real/install/velocity_controllers:/home/kadi/UR5e_ros2/ros2_real/install/ur_controllers:/home/kadi/UR5e_ros2/ros2_real/install/position_controllers:/home/kadi/UR5e_ros2/ros2_real/install/joint_trajectory_controller:/home/kadi/UR5e_ros2/ros2_real/install/joint_state_broadcaster:/home/kadi/UR5e_ros2/ros2_real/install/forward_command_controller:/home/kadi/UR5e_ros2/ros2_real/install/force_torque_sensor_broadcaster:/home/kadi/UR5e_ros2/ros2_real/install/controller_manager:/home/kadi/UR5e_ros2/ros2_real/install/hardware_interface_testing:/home/kadi/UR5e_ros2/ros2_real/install/controller_interface:/home/kadi/UR5e_ros2/ros2_real/install/hardware_interface:/home/kadi/UR5e_ros2/ros2_real/install/ur_msgs:/home/kadi/UR5e_ros2/ros2_real/install/ur_description:/home/kadi/UR5e_ros2/ros2_real/install/ur_dashboard_msgs:/home/kadi/UR5e_ros2/ros2_real/install/ur_client_library:/home/kadi/UR5e_ros2/ros2_real/install/ros2_control_test_assets:/home/kadi/UR5e_ros2/ros2_real/install/controller_manager_msgs:/home/kadi/UR5e_ros2/ros2_real/install/control_msgs:/opt/ros/iron LD_LIBRARY_PATH=/home/kadi/UR5e_ros2/ros2_real/install/velocity_controllers/lib:/home/kadi/UR5e_ros2/ros2_real/install/ur_controllers/lib:/home/kadi/UR5e_ros2/ros2_real/install/position_controllers/lib:/home/kadi/UR5e_ros2/ros2_real/install/joint_trajectory_controller/lib:/home/kadi/UR5e_ros2/ros2_real/install/joint_state_broadcaster/lib:/home/kadi/UR5e_ros2/ros2_real/install/forward_command_controller/lib:/home/kadi/UR5e_ros2/ros2_real/install/force_torque_sensor_broadcaster/lib:/home/kadi/UR5e_ros2/ros2_real/install/controller_manager/lib:/home/kadi/UR5e_ros2/ros2_real/install/hardware_interface_testing/lib:/home/kadi/UR5e_ros2/ros2_real/install/controller_interface/lib:/home/kadi/UR5e_ros2/ros2_real/install/hardware_interface/lib:/home/kadi/UR5e_ros2/ros2_real/install/ur_msgs/lib:/home/kadi/UR5e_ros2/ros2_real/install/ur_dashboard_msgs/lib:/home/kadi/UR5e_ros2/ros2_real/install/ur_client_library/lib:/home/kadi/UR5e_ros2/ros2_real/install/ros2_control_test_assets/lib:/home/kadi/UR5e_ros2/ros2_real/install/controller_manager_msgs/lib:/home/kadi/UR5e_ros2/ros2_real/install/control_msgs/lib:/home/kadi/mujoco-3.0.0/lib:/home/kadi/mujoco-3.0.0/lib:/home/kadi/mujoco-3.0.0/lib:/home/kadi/mujoco-3.0.0/lib:/home/kadi/mujoco-3.0.0/lib:/usr/lib/x86_64-linux-gnu/gazebo-11/plugins:/opt/ros/iron/opt/rviz_ogre_vendor/lib:/opt/ros/iron/lib/x86_64-linux-gnu:/opt/ros/iron/lib PKG_CONFIG_PATH=/home/kadi/UR5e_ros2/ros2_real/install/ur_client_library/lib/x86_64-linux-gnu/pkgconfig:/home/kadi/UR5e_ros2/ros2_real/install/ur_client_library/lib/pkgconfig PYTHONPATH=/home/kadi/UR5e_ros2/ros2_real/install/controller_manager/lib/python3.10/site-packages:/home/kadi/UR5e_ros2/ros2_real/install/ur_msgs/lib/python3.10/site-packages:/home/kadi/UR5e_ros2/ros2_real/install/ur_dashboard_msgs/lib/python3.10/site-packages:/home/kadi/UR5e_ros2/ros2_real/install/ros2_controllers_test_nodes/lib/python3.10/site-packages:/home/kadi/UR5e_ros2/ros2_real/install/controller_manager_msgs/lib/python3.10/site-packages:/home/kadi/UR5e_ros2/ros2_real/install/control_msgs/lib/python3.10/site-packages:/opt/ros/iron/lib/python3.10/site-packages /usr/bin/cmake --install /home/kadi/UR5e_ros2/ros2_real/build/ur_robot_driver
[5.962s] -- Install configuration: "Release"
[5.962s] -- Up-to-date: /home/kadi/UR5e_ros2/ros2_real/install/ur_robot_driver/share/ur_robot_driver/hardware_interface_plugin.xml
[5.962s] -- Up-to-date: /home/kadi/UR5e_ros2/ros2_real/install/ur_robot_driver/lib/ur_robot_driver/dashboard_client
[5.962s] -- Up-to-date: /home/kadi/UR5e_ros2/ros2_real/install/ur_robot_driver/lib/ur_robot_driver/ur_ros2_control_node
[5.962s] -- Up-to-date: /home/kadi/UR5e_ros2/ros2_real/install/ur_robot_driver/lib/ur_robot_driver/controller_stopper_node
[5.963s] -- Up-to-date: /home/kadi/UR5e_ros2/ros2_real/install/ur_robot_driver/lib/ur_robot_driver/urscript_interface
[5.963s] -- Installing: /home/kadi/UR5e_ros2/ros2_real/install/ur_robot_driver/lib/libur_robot_driver_plugin.so
[5.965s] -- Set runtime path of "/home/kadi/UR5e_ros2/ros2_real/install/ur_robot_driver/lib/libur_robot_driver_plugin.so" to ""
[5.965s] -- Up-to-date: /home/kadi/UR5e_ros2/ros2_real/install/ur_robot_driver/include
[5.965s] -- Up-to-date: /home/kadi/UR5e_ros2/ros2_real/install/ur_robot_driver/include/ur_robot_driver
[5.965s] -- Up-to-date: /home/kadi/UR5e_ros2/ros2_real/install/ur_robot_driver/include/ur_robot_driver/dashboard_client_ros.hpp
[5.965s] -- Up-to-date: /home/kadi/UR5e_ros2/ros2_real/install/ur_robot_driver/include/ur_robot_driver/controller_stopper.hpp
[5.965s] -- Up-to-date: /home/kadi/UR5e_ros2/ros2_real/install/ur_robot_driver/include/ur_robot_driver/urcl_log_handler.hpp
[5.965s] -- Up-to-date: /home/kadi/UR5e_ros2/ros2_real/install/ur_robot_driver/include/ur_robot_driver/hardware_interface.hpp
[5.965s] -- Up-to-date: /home/kadi/UR5e_ros2/ros2_real/install/ur_robot_driver/share/ur_robot_driver/environment/library_path.sh
[5.965s] -- Up-to-date: /home/kadi/UR5e_ros2/ros2_real/install/ur_robot_driver/share/ur_robot_driver/environment/library_path.dsv
[5.965s] -- Up-to-date: /home/kadi/UR5e_ros2/ros2_real/install/ur_robot_driver/share/ur_robot_driver/resources
[5.965s] -- Up-to-date: /home/kadi/UR5e_ros2/ros2_real/install/ur_robot_driver/share/ur_robot_driver/resources/rtde_output_recipe.txt
[5.965s] -- Up-to-date: /home/kadi/UR5e_ros2/ros2_real/install/ur_robot_driver/share/ur_robot_driver/resources/rs485-1.0.urcap
[5.966s] -- Up-to-date: /home/kadi/UR5e_ros2/ros2_real/install/ur_robot_driver/share/ur_robot_driver/resources/rtde_input_recipe.txt
[5.966s] -- Up-to-date: /home/kadi/UR5e_ros2/ros2_real/install/ur_robot_driver/share/ur_robot_driver/resources/externalcontrol-1.0.5.urcap
[5.966s] -- Up-to-date: /home/kadi/UR5e_ros2/ros2_real/install/ur_robot_driver/include
[5.966s] -- Up-to-date: /home/kadi/UR5e_ros2/ros2_real/install/ur_robot_driver/include/ur_robot_driver
[5.966s] -- Up-to-date: /home/kadi/UR5e_ros2/ros2_real/install/ur_robot_driver/include/ur_robot_driver/dashboard_client_ros.hpp
[5.966s] -- Up-to-date: /home/kadi/UR5e_ros2/ros2_real/install/ur_robot_driver/include/ur_robot_driver/controller_stopper.hpp
[5.966s] -- Up-to-date: /home/kadi/UR5e_ros2/ros2_real/install/ur_robot_driver/include/ur_robot_driver/urcl_log_handler.hpp
[5.966s] -- Up-to-date: /home/kadi/UR5e_ros2/ros2_real/install/ur_robot_driver/include/ur_robot_driver/hardware_interface.hpp
[5.966s] -- Up-to-date: /home/kadi/UR5e_ros2/ros2_real/install/ur_robot_driver/share/ur_robot_driver/environment/pythonpath.sh
[5.966s] -- Up-to-date: /home/kadi/UR5e_ros2/ros2_real/install/ur_robot_driver/share/ur_robot_driver/environment/pythonpath.dsv
[5.966s] -- Up-to-date: /home/kadi/UR5e_ros2/ros2_real/install/ur_robot_driver/lib/python3.10/site-packages/ur_robot_driver-2.3.10-py3.10.egg-info
[5.966s] -- Installing: /home/kadi/UR5e_ros2/ros2_real/install/ur_robot_driver/lib/python3.10/site-packages/ur_robot_driver-2.3.10-py3.10.egg-info/SOURCES.txt
[5.966s] -- Installing: /home/kadi/UR5e_ros2/ros2_real/install/ur_robot_driver/lib/python3.10/site-packages/ur_robot_driver-2.3.10-py3.10.egg-info/dependency_links.txt
[5.966s] -- Installing: /home/kadi/UR5e_ros2/ros2_real/install/ur_robot_driver/lib/python3.10/site-packages/ur_robot_driver-2.3.10-py3.10.egg-info/PKG-INFO
[5.966s] -- Installing: /home/kadi/UR5e_ros2/ros2_real/install/ur_robot_driver/lib/python3.10/site-packages/ur_robot_driver-2.3.10-py3.10.egg-info/top_level.txt
[5.966s] -- Up-to-date: /home/kadi/UR5e_ros2/ros2_real/install/ur_robot_driver/lib/python3.10/site-packages/ur_robot_driver
[5.966s] -- Up-to-date: /home/kadi/UR5e_ros2/ros2_real/install/ur_robot_driver/lib/python3.10/site-packages/ur_robot_driver/__init__.py
[5.988s] Listing '/home/kadi/UR5e_ros2/ros2_real/install/ur_robot_driver/lib/python3.10/site-packages/ur_robot_driver'...
[5.990s] -- Up-to-date: /home/kadi/UR5e_ros2/ros2_real/install/ur_robot_driver/lib/ur_robot_driver/tool_communication.py
[5.990s] -- Up-to-date: /home/kadi/UR5e_ros2/ros2_real/install/ur_robot_driver/bin/wait_dashboard_server.sh
[5.990s] -- Up-to-date: /home/kadi/UR5e_ros2/ros2_real/install/ur_robot_driver/lib/ur_robot_driver/start_ursim.sh
[5.990s] -- Up-to-date: /home/kadi/UR5e_ros2/ros2_real/install/ur_robot_driver/share/ur_robot_driver/config
[5.990s] -- Up-to-date: /home/kadi/UR5e_ros2/ros2_real/install/ur_robot_driver/share/ur_robot_driver/config/ur16e_update_rate.yaml
[5.991s] -- Up-to-date: /home/kadi/UR5e_ros2/ros2_real/install/ur_robot_driver/share/ur_robot_driver/config/ur3e_update_rate.yaml
[5.991s] -- Up-to-date: /home/kadi/UR5e_ros2/ros2_real/install/ur_robot_driver/share/ur_robot_driver/config/ur5_update_rate.yaml
[5.991s] -- Up-to-date: /home/kadi/UR5e_ros2/ros2_real/install/ur_robot_driver/share/ur_robot_driver/config/ur_controllers.yaml
[5.991s] -- Up-to-date: /home/kadi/UR5e_ros2/ros2_real/install/ur_robot_driver/share/ur_robot_driver/config/ur10e_update_rate.yaml
[5.991s] -- Up-to-date: /home/kadi/UR5e_ros2/ros2_real/install/ur_robot_driver/share/ur_robot_driver/config/test_velocity_goal_publishers_config.yaml
[5.991s] -- Up-to-date: /home/kadi/UR5e_ros2/ros2_real/install/ur_robot_driver/share/ur_robot_driver/config/ur30_update_rate.yaml
[5.991s] -- Up-to-date: /home/kadi/UR5e_ros2/ros2_real/install/ur_robot_driver/share/ur_robot_driver/config/test_goal_publishers_config.yaml
[5.991s] -- Up-to-date: /home/kadi/UR5e_ros2/ros2_real/install/ur_robot_driver/share/ur_robot_driver/config/ur3_update_rate.yaml
[5.991s] -- Up-to-date: /home/kadi/UR5e_ros2/ros2_real/install/ur_robot_driver/share/ur_robot_driver/config/ur5e_update_rate.yaml
[5.991s] -- Up-to-date: /home/kadi/UR5e_ros2/ros2_real/install/ur_robot_driver/share/ur_robot_driver/config/ur10_update_rate.yaml
[5.991s] -- Up-to-date: /home/kadi/UR5e_ros2/ros2_real/install/ur_robot_driver/share/ur_robot_driver/config/ur_controllers_cartesian.yaml
[5.991s] -- Up-to-date: /home/kadi/UR5e_ros2/ros2_real/install/ur_robot_driver/share/ur_robot_driver/config/ur20_update_rate.yaml
[5.991s] -- Up-to-date: /home/kadi/UR5e_ros2/ros2_real/install/ur_robot_driver/share/ur_robot_driver/launch
[5.991s] -- Up-to-date: /home/kadi/UR5e_ros2/ros2_real/install/ur_robot_driver/share/ur_robot_driver/launch/ur10.launch.py
[5.991s] -- Up-to-date: /home/kadi/UR5e_ros2/ros2_real/install/ur_robot_driver/share/ur_robot_driver/launch/test_joint_trajectory_controller.launch.py
[5.991s] -- Up-to-date: /home/kadi/UR5e_ros2/ros2_real/install/ur_robot_driver/share/ur_robot_driver/launch/ur5.launch.py
[5.991s] -- Up-to-date: /home/kadi/UR5e_ros2/ros2_real/install/ur_robot_driver/share/ur_robot_driver/launch/ur5e.launch.py
[5.991s] -- Up-to-date: /home/kadi/UR5e_ros2/ros2_real/install/ur_robot_driver/share/ur_robot_driver/launch/ur_dashboard_client.launch.py
[5.991s] -- Up-to-date: /home/kadi/UR5e_ros2/ros2_real/install/ur_robot_driver/share/ur_robot_driver/launch/ur10e.launch.py
[5.991s] -- Up-to-date: /home/kadi/UR5e_ros2/ros2_real/install/ur_robot_driver/share/ur_robot_driver/launch/ur20.launch.py
[5.992s] -- Up-to-date: /home/kadi/UR5e_ros2/ros2_real/install/ur_robot_driver/share/ur_robot_driver/launch/test_scaled_joint_trajectory_controller.launch.py
[5.992s] -- Up-to-date: /home/kadi/UR5e_ros2/ros2_real/install/ur_robot_driver/share/ur_robot_driver/launch/ur30.launch.py
[5.992s] -- Up-to-date: /home/kadi/UR5e_ros2/ros2_real/install/ur_robot_driver/share/ur_robot_driver/launch/test_forward_velocity_controller.launch.py
[5.992s] -- Up-to-date: /home/kadi/UR5e_ros2/ros2_real/install/ur_robot_driver/share/ur_robot_driver/launch/ur16e.launch.py
[5.992s] -- Up-to-date: /home/kadi/UR5e_ros2/ros2_real/install/ur_robot_driver/share/ur_robot_driver/launch/ur3.launch.py
[5.992s] -- Up-to-date: /home/kadi/UR5e_ros2/ros2_real/install/ur_robot_driver/share/ur_robot_driver/launch/ur_control.launch.py
[5.992s] -- Up-to-date: /home/kadi/UR5e_ros2/ros2_real/install/ur_robot_driver/share/ur_robot_driver/launch/ur3e.launch.py
[5.992s] -- Up-to-date: /home/kadi/UR5e_ros2/ros2_real/install/ur_robot_driver/share/ament_index/resource_index/package_run_dependencies/ur_robot_driver
[5.992s] -- Up-to-date: /home/kadi/UR5e_ros2/ros2_real/install/ur_robot_driver/share/ament_index/resource_index/parent_prefix_path/ur_robot_driver
[5.992s] -- Up-to-date: /home/kadi/UR5e_ros2/ros2_real/install/ur_robot_driver/share/ur_robot_driver/environment/ament_prefix_path.sh
[5.992s] -- Up-to-date: /home/kadi/UR5e_ros2/ros2_real/install/ur_robot_driver/share/ur_robot_driver/environment/ament_prefix_path.dsv
[5.992s] -- Up-to-date: /home/kadi/UR5e_ros2/ros2_real/install/ur_robot_driver/share/ur_robot_driver/environment/path.sh
[5.992s] -- Up-to-date: /home/kadi/UR5e_ros2/ros2_real/install/ur_robot_driver/share/ur_robot_driver/environment/path.dsv
[5.992s] -- Up-to-date: /home/kadi/UR5e_ros2/ros2_real/install/ur_robot_driver/share/ur_robot_driver/local_setup.bash
[5.992s] -- Up-to-date: /home/kadi/UR5e_ros2/ros2_real/install/ur_robot_driver/share/ur_robot_driver/local_setup.sh
[5.992s] -- Up-to-date: /home/kadi/UR5e_ros2/ros2_real/install/ur_robot_driver/share/ur_robot_driver/local_setup.zsh
[5.992s] -- Up-to-date: /home/kadi/UR5e_ros2/ros2_real/install/ur_robot_driver/share/ur_robot_driver/local_setup.dsv
[5.992s] -- Installing: /home/kadi/UR5e_ros2/ros2_real/install/ur_robot_driver/share/ur_robot_driver/package.dsv
[5.992s] -- Up-to-date: /home/kadi/UR5e_ros2/ros2_real/install/ur_robot_driver/share/ament_index/resource_index/packages/ur_robot_driver
[5.992s] -- Up-to-date: /home/kadi/UR5e_ros2/ros2_real/install/ur_robot_driver/share/ament_index/resource_index/hardware_interface__pluginlib__plugin/ur_robot_driver
[5.992s] -- Up-to-date: /home/kadi/UR5e_ros2/ros2_real/install/ur_robot_driver/share/ur_robot_driver/cmake/ament_cmake_export_include_directories-extras.cmake
[5.992s] -- Up-to-date: /home/kadi/UR5e_ros2/ros2_real/install/ur_robot_driver/share/ur_robot_driver/cmake/ament_cmake_export_libraries-extras.cmake
[5.992s] -- Up-to-date: /home/kadi/UR5e_ros2/ros2_real/install/ur_robot_driver/share/ur_robot_driver/cmake/ament_cmake_export_dependencies-extras.cmake
[5.992s] -- Up-to-date: /home/kadi/UR5e_ros2/ros2_real/install/ur_robot_driver/share/ur_robot_driver/cmake/ur_robot_driverConfig.cmake
[5.992s] -- Up-to-date: /home/kadi/UR5e_ros2/ros2_real/install/ur_robot_driver/share/ur_robot_driver/cmake/ur_robot_driverConfig-version.cmake
[5.992s] -- Up-to-date: /home/kadi/UR5e_ros2/ros2_real/install/ur_robot_driver/share/ur_robot_driver/package.xml
[5.994s] Invoked command in '/home/kadi/UR5e_ros2/ros2_real/build/ur_robot_driver' returned '0': AMENT_PREFIX_PATH=/home/kadi/UR5e_ros2/ros2_real/install/velocity_controllers:/home/kadi/UR5e_ros2/ros2_real/install/ur_controllers:/home/kadi/UR5e_ros2/ros2_real/install/position_controllers:/home/kadi/UR5e_ros2/ros2_real/install/joint_trajectory_controller:/home/kadi/UR5e_ros2/ros2_real/install/joint_state_broadcaster:/home/kadi/UR5e_ros2/ros2_real/install/forward_command_controller:/home/kadi/UR5e_ros2/ros2_real/install/force_torque_sensor_broadcaster:/home/kadi/UR5e_ros2/ros2_real/install/controller_manager:/home/kadi/UR5e_ros2/ros2_real/install/hardware_interface_testing:/home/kadi/UR5e_ros2/ros2_real/install/controller_interface:/home/kadi/UR5e_ros2/ros2_real/install/hardware_interface:/home/kadi/UR5e_ros2/ros2_real/install/ur_dashboard_msgs:/home/kadi/UR5e_ros2/ros2_real/install/ros2_controllers_test_nodes:/home/kadi/UR5e_ros2/ros2_real/install/ros2_control_test_assets:/home/kadi/UR5e_ros2/ros2_real/install/controller_manager_msgs:/home/kadi/UR5e_ros2/ros2_real/install/control_msgs:${AMENT_PREFIX_PATH} CMAKE_PREFIX_PATH=/home/kadi/UR5e_ros2/ros2_real/install/velocity_controllers:/home/kadi/UR5e_ros2/ros2_real/install/ur_controllers:/home/kadi/UR5e_ros2/ros2_real/install/position_controllers:/home/kadi/UR5e_ros2/ros2_real/install/joint_trajectory_controller:/home/kadi/UR5e_ros2/ros2_real/install/joint_state_broadcaster:/home/kadi/UR5e_ros2/ros2_real/install/forward_command_controller:/home/kadi/UR5e_ros2/ros2_real/install/force_torque_sensor_broadcaster:/home/kadi/UR5e_ros2/ros2_real/install/controller_manager:/home/kadi/UR5e_ros2/ros2_real/install/hardware_interface_testing:/home/kadi/UR5e_ros2/ros2_real/install/controller_interface:/home/kadi/UR5e_ros2/ros2_real/install/hardware_interface:/home/kadi/UR5e_ros2/ros2_real/install/ur_msgs:/home/kadi/UR5e_ros2/ros2_real/install/ur_description:/home/kadi/UR5e_ros2/ros2_real/install/ur_dashboard_msgs:/home/kadi/UR5e_ros2/ros2_real/install/ur_client_library:/home/kadi/UR5e_ros2/ros2_real/install/ros2_control_test_assets:/home/kadi/UR5e_ros2/ros2_real/install/controller_manager_msgs:/home/kadi/UR5e_ros2/ros2_real/install/control_msgs:/opt/ros/iron LD_LIBRARY_PATH=/home/kadi/UR5e_ros2/ros2_real/install/velocity_controllers/lib:/home/kadi/UR5e_ros2/ros2_real/install/ur_controllers/lib:/home/kadi/UR5e_ros2/ros2_real/install/position_controllers/lib:/home/kadi/UR5e_ros2/ros2_real/install/joint_trajectory_controller/lib:/home/kadi/UR5e_ros2/ros2_real/install/joint_state_broadcaster/lib:/home/kadi/UR5e_ros2/ros2_real/install/forward_command_controller/lib:/home/kadi/UR5e_ros2/ros2_real/install/force_torque_sensor_broadcaster/lib:/home/kadi/UR5e_ros2/ros2_real/install/controller_manager/lib:/home/kadi/UR5e_ros2/ros2_real/install/hardware_interface_testing/lib:/home/kadi/UR5e_ros2/ros2_real/install/controller_interface/lib:/home/kadi/UR5e_ros2/ros2_real/install/hardware_interface/lib:/home/kadi/UR5e_ros2/ros2_real/install/ur_msgs/lib:/home/kadi/UR5e_ros2/ros2_real/install/ur_dashboard_msgs/lib:/home/kadi/UR5e_ros2/ros2_real/install/ur_client_library/lib:/home/kadi/UR5e_ros2/ros2_real/install/ros2_control_test_assets/lib:/home/kadi/UR5e_ros2/ros2_real/install/controller_manager_msgs/lib:/home/kadi/UR5e_ros2/ros2_real/install/control_msgs/lib:/home/kadi/mujoco-3.0.0/lib:/home/kadi/mujoco-3.0.0/lib:/home/kadi/mujoco-3.0.0/lib:/home/kadi/mujoco-3.0.0/lib:/home/kadi/mujoco-3.0.0/lib:/usr/lib/x86_64-linux-gnu/gazebo-11/plugins:/opt/ros/iron/opt/rviz_ogre_vendor/lib:/opt/ros/iron/lib/x86_64-linux-gnu:/opt/ros/iron/lib PKG_CONFIG_PATH=/home/kadi/UR5e_ros2/ros2_real/install/ur_client_library/lib/x86_64-linux-gnu/pkgconfig:/home/kadi/UR5e_ros2/ros2_real/install/ur_client_library/lib/pkgconfig PYTHONPATH=/home/kadi/UR5e_ros2/ros2_real/install/controller_manager/lib/python3.10/site-packages:/home/kadi/UR5e_ros2/ros2_real/install/ur_msgs/lib/python3.10/site-packages:/home/kadi/UR5e_ros2/ros2_real/install/ur_dashboard_msgs/lib/python3.10/site-packages:/home/kadi/UR5e_ros2/ros2_real/install/ros2_controllers_test_nodes/lib/python3.10/site-packages:/home/kadi/UR5e_ros2/ros2_real/install/controller_manager_msgs/lib/python3.10/site-packages:/home/kadi/UR5e_ros2/ros2_real/install/control_msgs/lib/python3.10/site-packages:/opt/ros/iron/lib/python3.10/site-packages /usr/bin/cmake --install /home/kadi/UR5e_ros2/ros2_real/build/ur_robot_driver
