-- The CXX compiler identification is GNU 11.4.0
-- Detecting CXX compiler ABI info
-- Detecting CXX compiler ABI info - done
-- Check for working CXX compiler: /usr/bin/c++ - skipped
-- Detecting CXX compile features
-- Detecting CXX compile features - done
-- Found ament_cmake: 2.0.7 (/opt/ros/iron/share/ament_cmake/cmake)
-- Found Python3: /usr/bin/python3.10 (found version "3.10.12") found components: Interpreter 
-- Found rclcpp: 21.0.8 (/opt/ros/iron/share/rclcpp/cmake)
-- Found rosidl_generator_c: 4.0.1 (/opt/ros/iron/share/rosidl_generator_c/cmake)
-- Found rosidl_generator_cpp: 4.0.1 (/opt/ros/iron/share/rosidl_generator_cpp/cmake)
-- Using all available rosidl_typesupport_c: rosidl_typesupport_fastrtps_c;rosidl_typesupport_introspection_c
-- Using all available rosidl_typesupport_cpp: rosidl_typesupport_fastrtps_cpp;rosidl_typesupport_introspection_cpp
-- Found rmw_implementation_cmake: 7.1.0 (/opt/ros/iron/share/rmw_implementation_cmake/cmake)
-- Found rmw_fastrtps_cpp: 7.1.4 (/opt/ros/iron/share/rmw_fastrtps_cpp/cmake)
-- Found OpenSSL: /usr/lib/x86_64-linux-gnu/libcrypto.so (found version "3.0.2")  
-- Found FastRTPS: /opt/ros/iron/include  
-- Using RMW implementation 'rmw_fastrtps_cpp' as default
-- Found rclcpp_lifecycle: 21.0.8 (/opt/ros/iron/share/rclcpp_lifecycle/cmake)
-- Found urdf: 2.8.2 (/opt/ros/iron/share/urdf/cmake)
-- Found ament_cmake_gtest: 2.0.7 (/opt/ros/iron/share/ament_cmake_gtest/cmake)
-- Found launch_testing_ament_cmake: 2.0.4 (/opt/ros/iron/share/launch_testing_ament_cmake/cmake)
-- Found python_cmake_module: 0.10.2 (/opt/ros/iron/share/python_cmake_module/cmake)
-- Found PythonInterp: /usr/bin/python3 (found suitable version "3.10.12", minimum required is "3.6") 
-- Found PythonLibs: /usr/lib/x86_64-linux-gnu/libpython3.10.so (found suitable version "3.10.12", minimum required is "3.5") 
-- Using PYTHON_EXECUTABLE: /usr/bin/python3
-- Using PYTHON_INCLUDE_DIRS: /usr/include/python3.10
-- Using PYTHON_LIBRARIES: /usr/lib/x86_64-linux-gnu/libpython3.10.so
-- Found PythonExtra: .so  
-- Found gtest sources under '/opt/ros/iron/src/gtest_vendor': C++ tests using 'Google Test' will be built
-- The C compiler identification is GNU 11.4.0
-- Detecting C compiler ABI info
-- Detecting C compiler ABI info - done
-- Check for working C compiler: /usr/bin/cc - skipped
-- Detecting C compile features
-- Detecting C compile features - done
-- Looking for C++ include pthread.h
-- Looking for C++ include pthread.h - found
-- Performing Test CMAKE_HAVE_LIBC_PTHREAD
-- Performing Test CMAKE_HAVE_LIBC_PTHREAD - Success
-- Found Threads: TRUE  
-- Configuring done
-- Generating done
-- Build files have been written to: /home/kadi/UR5e_ros2/ros2_real/build/joint_limits
[ 12%] [32mBuilding CXX object gtest/CMakeFiles/gtest_main.dir/src/gtest_main.cc.o[0m
[ 25%] [32mBuilding CXX object gtest/CMakeFiles/gtest.dir/src/gtest-all.cc.o[0m
[ 37%] [32m[1mLinking CXX static library libgtest_main.a[0m
[ 37%] Built target gtest_main
[ 50%] [32m[1mLinking CXX static library libgtest.a[0m
[ 50%] Built target gtest
[ 75%] [32mBuilding CXX object CMakeFiles/joint_limits_rosparam_test.dir/test/joint_limits_rosparam_test.cpp.o[0m
[ 75%] [32mBuilding CXX object CMakeFiles/joint_limits_urdf_test.dir/test/joint_limits_urdf_test.cpp.o[0m
[ 87%] [32m[1mLinking CXX executable joint_limits_urdf_test[0m
[ 87%] Built target joint_limits_urdf_test
[100%] [32m[1mLinking CXX executable joint_limits_rosparam_test[0m
[100%] Built target joint_limits_rosparam_test
-- Install configuration: "Release"
-- Installing: /home/kadi/UR5e_ros2/ros2_real/install/joint_limits/lib/joint_limits/joint_limits_rosparam_test
-- Set runtime path of "/home/kadi/UR5e_ros2/ros2_real/install/joint_limits/lib/joint_limits/joint_limits_rosparam_test" to ""
-- Installing: /home/kadi/UR5e_ros2/ros2_real/install/joint_limits/share/joint_limits/test/joint_limits_rosparam.yaml
-- Installing: /home/kadi/UR5e_ros2/ros2_real/install/joint_limits/include/joint_limits
-- Installing: /home/kadi/UR5e_ros2/ros2_real/install/joint_limits/include/joint_limits/joint_limits
-- Installing: /home/kadi/UR5e_ros2/ros2_real/install/joint_limits/include/joint_limits/joint_limits/joint_limits.hpp
-- Installing: /home/kadi/UR5e_ros2/ros2_real/install/joint_limits/include/joint_limits/joint_limits/joint_limits_rosparam.hpp
-- Installing: /home/kadi/UR5e_ros2/ros2_real/install/joint_limits/include/joint_limits/joint_limits/joint_limits_urdf.hpp
-- Installing: /home/kadi/UR5e_ros2/ros2_real/install/joint_limits/share/joint_limits/environment/library_path.sh
-- Installing: /home/kadi/UR5e_ros2/ros2_real/install/joint_limits/share/joint_limits/environment/library_path.dsv
-- Installing: /home/kadi/UR5e_ros2/ros2_real/install/joint_limits/share/ament_index/resource_index/package_run_dependencies/joint_limits
-- Installing: /home/kadi/UR5e_ros2/ros2_real/install/joint_limits/share/ament_index/resource_index/parent_prefix_path/joint_limits
-- Installing: /home/kadi/UR5e_ros2/ros2_real/install/joint_limits/share/joint_limits/environment/ament_prefix_path.sh
-- Installing: /home/kadi/UR5e_ros2/ros2_real/install/joint_limits/share/joint_limits/environment/ament_prefix_path.dsv
-- Installing: /home/kadi/UR5e_ros2/ros2_real/install/joint_limits/share/joint_limits/environment/path.sh
-- Installing: /home/kadi/UR5e_ros2/ros2_real/install/joint_limits/share/joint_limits/environment/path.dsv
-- Installing: /home/kadi/UR5e_ros2/ros2_real/install/joint_limits/share/joint_limits/local_setup.bash
-- Installing: /home/kadi/UR5e_ros2/ros2_real/install/joint_limits/share/joint_limits/local_setup.sh
-- Installing: /home/kadi/UR5e_ros2/ros2_real/install/joint_limits/share/joint_limits/local_setup.zsh
-- Installing: /home/kadi/UR5e_ros2/ros2_real/install/joint_limits/share/joint_limits/local_setup.dsv
-- Installing: /home/kadi/UR5e_ros2/ros2_real/install/joint_limits/share/joint_limits/package.dsv
-- Installing: /home/kadi/UR5e_ros2/ros2_real/install/joint_limits/share/ament_index/resource_index/packages/joint_limits
-- Installing: /home/kadi/UR5e_ros2/ros2_real/install/joint_limits/share/joint_limits/cmake/export_joint_limitsExport.cmake
-- Installing: /home/kadi/UR5e_ros2/ros2_real/install/joint_limits/share/joint_limits/cmake/ament_cmake_export_targets-extras.cmake
-- Installing: /home/kadi/UR5e_ros2/ros2_real/install/joint_limits/share/joint_limits/cmake/ament_cmake_export_dependencies-extras.cmake
-- Installing: /home/kadi/UR5e_ros2/ros2_real/install/joint_limits/share/joint_limits/cmake/joint_limitsConfig.cmake
-- Installing: /home/kadi/UR5e_ros2/ros2_real/install/joint_limits/share/joint_limits/cmake/joint_limitsConfig-version.cmake
-- Installing: /home/kadi/UR5e_ros2/ros2_real/install/joint_limits/share/joint_limits/package.xml
