[0.007s] Invoking command in '/home/kadi/UR5e_ros2/ros2_real/build/ur_moveit_config': CMAKE_PREFIX_PATH=/home/kadi/UR5e_ros2/ros2_real/install/ur_description:/home/kadi/UR5e_ros2/ros2_real/install/ur_msgs:/opt/ros/iron /usr/bin/cmake /home/kadi/UR5e_ros2/ros2_real/src/Universal_Robots_ROS2_Driver/ur_moveit_config -DCMAKE_BUILD_TYPE=Release -DCMAKE_INSTALL_PREFIX=/home/kadi/UR5e_ros2/ros2_real/install/ur_moveit_config
[0.053s] -- The C compiler identification is GNU 11.4.0
[0.101s] -- The CXX compiler identification is GNU 11.4.0
[0.106s] -- Detecting C compiler ABI info
[0.164s] -- Detecting C compiler ABI info - done
[0.169s] -- Check for working C compiler: /usr/bin/cc - skipped
[0.169s] -- Detecting C compile features
[0.169s] -- Detecting C compile features - done
[0.171s] -- Detecting CXX compiler ABI info
[0.246s] -- Detecting CXX compiler ABI info - done
[0.250s] -- Check for working CXX compiler: /usr/bin/c++ - skipped
[0.251s] -- Detecting CXX compile features
[0.251s] -- Detecting CXX compile features - done
[0.253s] -- Found ament_cmake: 2.0.7 (/opt/ros/iron/share/ament_cmake/cmake)
[0.379s] -- Found Python3: /usr/bin/python3.10 (found version "3.10.12") found components: Interpreter 
[0.549s] -- Configuring done
[0.552s] -- Generating done
[0.553s] -- Build files have been written to: /home/kadi/UR5e_ros2/ros2_real/build/ur_moveit_config
[0.557s] Invoked command in '/home/kadi/UR5e_ros2/ros2_real/build/ur_moveit_config' returned '0': CMAKE_PREFIX_PATH=/home/kadi/UR5e_ros2/ros2_real/install/ur_description:/home/kadi/UR5e_ros2/ros2_real/install/ur_msgs:/opt/ros/iron /usr/bin/cmake /home/kadi/UR5e_ros2/ros2_real/src/Universal_Robots_ROS2_Driver/ur_moveit_config -DCMAKE_BUILD_TYPE=Release -DCMAKE_INSTALL_PREFIX=/home/kadi/UR5e_ros2/ros2_real/install/ur_moveit_config
[0.559s] Invoking command in '/home/kadi/UR5e_ros2/ros2_real/build/ur_moveit_config': CMAKE_PREFIX_PATH=/home/kadi/UR5e_ros2/ros2_real/install/ur_description:/home/kadi/UR5e_ros2/ros2_real/install/ur_msgs:/opt/ros/iron /usr/bin/cmake --build /home/kadi/UR5e_ros2/ros2_real/build/ur_moveit_config -- -j16 -l16
[0.615s] Built target ament_cmake_python_copy_ur_moveit_config
[0.778s] running egg_info
[0.778s] creating ur_moveit_config.egg-info
[0.778s] writing ur_moveit_config.egg-info/PKG-INFO
[0.779s] writing dependency_links to ur_moveit_config.egg-info/dependency_links.txt
[0.779s] writing top-level names to ur_moveit_config.egg-info/top_level.txt
[0.779s] writing manifest file 'ur_moveit_config.egg-info/SOURCES.txt'
[0.780s] reading manifest file 'ur_moveit_config.egg-info/SOURCES.txt'
[0.780s] writing manifest file 'ur_moveit_config.egg-info/SOURCES.txt'
[0.807s] Built target ament_cmake_python_build_ur_moveit_config_egg
[0.817s] Invoked command in '/home/kadi/UR5e_ros2/ros2_real/build/ur_moveit_config' returned '0': CMAKE_PREFIX_PATH=/home/kadi/UR5e_ros2/ros2_real/install/ur_description:/home/kadi/UR5e_ros2/ros2_real/install/ur_msgs:/opt/ros/iron /usr/bin/cmake --build /home/kadi/UR5e_ros2/ros2_real/build/ur_moveit_config -- -j16 -l16
[0.819s] Invoking command in '/home/kadi/UR5e_ros2/ros2_real/build/ur_moveit_config': CMAKE_PREFIX_PATH=/home/kadi/UR5e_ros2/ros2_real/install/ur_description:/home/kadi/UR5e_ros2/ros2_real/install/ur_msgs:/opt/ros/iron /usr/bin/cmake --install /home/kadi/UR5e_ros2/ros2_real/build/ur_moveit_config
[0.826s] -- Install configuration: "Release"
[0.826s] -- Installing: /home/kadi/UR5e_ros2/ros2_real/install/ur_moveit_config/share/ur_moveit_config/config
[0.826s] -- Installing: /home/kadi/UR5e_ros2/ros2_real/install/ur_moveit_config/share/ur_moveit_config/config/controllers.yaml
[0.826s] -- Installing: /home/kadi/UR5e_ros2/ros2_real/install/ur_moveit_config/share/ur_moveit_config/config/ompl_planning.yaml
[0.826s] -- Installing: /home/kadi/UR5e_ros2/ros2_real/install/ur_moveit_config/share/ur_moveit_config/config/ur_servo.yaml
[0.826s] -- Installing: /home/kadi/UR5e_ros2/ros2_real/install/ur_moveit_config/share/ur_moveit_config/config/kinematics.yaml
[0.826s] -- Installing: /home/kadi/UR5e_ros2/ros2_real/install/ur_moveit_config/share/ur_moveit_config/config/joint_limits.yaml
[0.827s] -- Installing: /home/kadi/UR5e_ros2/ros2_real/install/ur_moveit_config/share/ur_moveit_config/launch
[0.827s] -- Installing: /home/kadi/UR5e_ros2/ros2_real/install/ur_moveit_config/share/ur_moveit_config/launch/ur_moveit.launch.py
[0.827s] -- Installing: /home/kadi/UR5e_ros2/ros2_real/install/ur_moveit_config/share/ur_moveit_config/rviz
[0.827s] -- Installing: /home/kadi/UR5e_ros2/ros2_real/install/ur_moveit_config/share/ur_moveit_config/rviz/view_robot.rviz
[0.827s] -- Installing: /home/kadi/UR5e_ros2/ros2_real/install/ur_moveit_config/share/ur_moveit_config/srdf
[0.827s] -- Installing: /home/kadi/UR5e_ros2/ros2_real/install/ur_moveit_config/share/ur_moveit_config/srdf/ur_macro.srdf.xacro
[0.827s] -- Installing: /home/kadi/UR5e_ros2/ros2_real/install/ur_moveit_config/share/ur_moveit_config/srdf/ur.srdf.xacro
[0.827s] -- Installing: /home/kadi/UR5e_ros2/ros2_real/install/ur_moveit_config/share/ur_moveit_config/environment/pythonpath.sh
[0.827s] -- Installing: /home/kadi/UR5e_ros2/ros2_real/install/ur_moveit_config/share/ur_moveit_config/environment/pythonpath.dsv
[0.827s] -- Installing: /home/kadi/UR5e_ros2/ros2_real/install/ur_moveit_config/lib/python3.10/site-packages/ur_moveit_config-2.3.10-py3.10.egg-info
[0.828s] -- Installing: /home/kadi/UR5e_ros2/ros2_real/install/ur_moveit_config/lib/python3.10/site-packages/ur_moveit_config-2.3.10-py3.10.egg-info/SOURCES.txt
[0.828s] -- Installing: /home/kadi/UR5e_ros2/ros2_real/install/ur_moveit_config/lib/python3.10/site-packages/ur_moveit_config-2.3.10-py3.10.egg-info/dependency_links.txt
[0.828s] -- Installing: /home/kadi/UR5e_ros2/ros2_real/install/ur_moveit_config/lib/python3.10/site-packages/ur_moveit_config-2.3.10-py3.10.egg-info/PKG-INFO
[0.828s] -- Installing: /home/kadi/UR5e_ros2/ros2_real/install/ur_moveit_config/lib/python3.10/site-packages/ur_moveit_config-2.3.10-py3.10.egg-info/top_level.txt
[0.828s] -- Installing: /home/kadi/UR5e_ros2/ros2_real/install/ur_moveit_config/lib/python3.10/site-packages/ur_moveit_config
[0.828s] -- Installing: /home/kadi/UR5e_ros2/ros2_real/install/ur_moveit_config/lib/python3.10/site-packages/ur_moveit_config/__init__.py
[0.828s] -- Installing: /home/kadi/UR5e_ros2/ros2_real/install/ur_moveit_config/lib/python3.10/site-packages/ur_moveit_config/launch_common.py
[0.849s] Listing '/home/kadi/UR5e_ros2/ros2_real/install/ur_moveit_config/lib/python3.10/site-packages/ur_moveit_config'...
[0.849s] Compiling '/home/kadi/UR5e_ros2/ros2_real/install/ur_moveit_config/lib/python3.10/site-packages/ur_moveit_config/__init__.py'...
[0.849s] Compiling '/home/kadi/UR5e_ros2/ros2_real/install/ur_moveit_config/lib/python3.10/site-packages/ur_moveit_config/launch_common.py'...
[0.852s] -- Installing: /home/kadi/UR5e_ros2/ros2_real/install/ur_moveit_config/lib/python3.10/site-packages/launch_common.py
[0.875s] Compiling '/home/kadi/UR5e_ros2/ros2_real/install/ur_moveit_config/lib/python3.10/site-packages/launch_common.py'...
[0.878s] -- Installing: /home/kadi/UR5e_ros2/ros2_real/install/ur_moveit_config/share/ament_index/resource_index/package_run_dependencies/ur_moveit_config
[0.879s] -- Installing: /home/kadi/UR5e_ros2/ros2_real/install/ur_moveit_config/share/ament_index/resource_index/parent_prefix_path/ur_moveit_config
[0.879s] -- Installing: /home/kadi/UR5e_ros2/ros2_real/install/ur_moveit_config/share/ur_moveit_config/environment/ament_prefix_path.sh
[0.879s] -- Installing: /home/kadi/UR5e_ros2/ros2_real/install/ur_moveit_config/share/ur_moveit_config/environment/ament_prefix_path.dsv
[0.879s] -- Installing: /home/kadi/UR5e_ros2/ros2_real/install/ur_moveit_config/share/ur_moveit_config/environment/path.sh
[0.879s] -- Installing: /home/kadi/UR5e_ros2/ros2_real/install/ur_moveit_config/share/ur_moveit_config/environment/path.dsv
[0.879s] -- Installing: /home/kadi/UR5e_ros2/ros2_real/install/ur_moveit_config/share/ur_moveit_config/local_setup.bash
[0.879s] -- Installing: /home/kadi/UR5e_ros2/ros2_real/install/ur_moveit_config/share/ur_moveit_config/local_setup.sh
[0.880s] -- Installing: /home/kadi/UR5e_ros2/ros2_real/install/ur_moveit_config/share/ur_moveit_config/local_setup.zsh
[0.880s] -- Installing: /home/kadi/UR5e_ros2/ros2_real/install/ur_moveit_config/share/ur_moveit_config/local_setup.dsv
[0.880s] -- Installing: /home/kadi/UR5e_ros2/ros2_real/install/ur_moveit_config/share/ur_moveit_config/package.dsv
[0.880s] -- Installing: /home/kadi/UR5e_ros2/ros2_real/install/ur_moveit_config/share/ament_index/resource_index/packages/ur_moveit_config
[0.880s] -- Installing: /home/kadi/UR5e_ros2/ros2_real/install/ur_moveit_config/share/ur_moveit_config/cmake/ur_moveit_configConfig.cmake
[0.880s] -- Installing: /home/kadi/UR5e_ros2/ros2_real/install/ur_moveit_config/share/ur_moveit_config/cmake/ur_moveit_configConfig-version.cmake
[0.880s] -- Installing: /home/kadi/UR5e_ros2/ros2_real/install/ur_moveit_config/share/ur_moveit_config/package.xml
[0.882s] Invoked command in '/home/kadi/UR5e_ros2/ros2_real/build/ur_moveit_config' returned '0': CMAKE_PREFIX_PATH=/home/kadi/UR5e_ros2/ros2_real/install/ur_description:/home/kadi/UR5e_ros2/ros2_real/install/ur_msgs:/opt/ros/iron /usr/bin/cmake --install /home/kadi/UR5e_ros2/ros2_real/build/ur_moveit_config
