[0.011s] Invoking command in '/home/kadi/UR5e_ros2/ros2_real/build/hardware_interface': AMENT_PREFIX_PATH=/home/kadi/UR5e_ros2/ros2_real/install/ros2_control_test_assets:/home/kadi/UR5e_ros2/ros2_real/install/control_msgs:${AMENT_PREFIX_PATH} CMAKE_PREFIX_PATH=/home/kadi/UR5e_ros2/ros2_real/install/ros2_control_test_assets:/home/kadi/UR5e_ros2/ros2_real/install/control_msgs:/home/kadi/UR5e_ros2/ros2_real/install/ur_msgs:/home/kadi/UR5e_ros2/ros2_real/install/ur_description:/opt/ros/iron LD_LIBRARY_PATH=/home/kadi/UR5e_ros2/ros2_real/install/ros2_control_test_assets/lib:/home/kadi/UR5e_ros2/ros2_real/install/control_msgs/lib:${LD_LIBRARY_PATH} PYTHONPATH=/home/kadi/UR5e_ros2/ros2_real/install/control_msgs/lib/python3.10/site-packages:${PYTHONPATH} /usr/bin/cmake --build /home/kadi/UR5e_ros2/ros2_real/build/hardware_interface -- -j16 -l16
[0.045s] [35m[1mConsolidate compiler generated dependencies of target gmock_main[0m
[0.045s] [35m[1mConsolidate compiler generated dependencies of target fake_components[0m
[0.045s] [35m[1mConsolidate compiler generated dependencies of target mock_components[0m
[0.046s] [35m[1mConsolidate compiler generated dependencies of target hardware_interface[0m
[0.047s] [35m[1mConsolidate compiler generated dependencies of target gmock[0m
[0.060s] [  5%] Built target gmock_main
[0.060s] [ 11%] Built target mock_components
[0.060s] [ 20%] Built target fake_components
[0.061s] [ 29%] Built target gmock
[0.070s] [ 50%] Built target hardware_interface
[0.074s] [35m[1mConsolidate compiler generated dependencies of target test_macros[0m
[0.080s] [35m[1mConsolidate compiler generated dependencies of target test_inst_hardwares[0m
[0.080s] [35m[1mConsolidate compiler generated dependencies of target test_joint_handle[0m
[0.082s] [35m[1mConsolidate compiler generated dependencies of target test_component_interfaces[0m
[0.082s] [35m[1mConsolidate compiler generated dependencies of target test_component_parser[0m
[0.083s] [35m[1mConsolidate compiler generated dependencies of target test_generic_system[0m
[0.084s] [35m[1mConsolidate compiler generated dependencies of target test_hardware_components[0m
[0.088s] [ 55%] Built target test_macros
[0.093s] [ 61%] Built target test_joint_handle
[0.093s] [ 67%] Built target test_inst_hardwares
[0.094s] [ 76%] Built target test_component_parser
[0.094s] [ 79%] Built target test_component_interfaces
[0.100s] [ 85%] Built target test_generic_system
[0.102s] [100%] Built target test_hardware_components
[0.118s] Invoked command in '/home/kadi/UR5e_ros2/ros2_real/build/hardware_interface' returned '0': AMENT_PREFIX_PATH=/home/kadi/UR5e_ros2/ros2_real/install/ros2_control_test_assets:/home/kadi/UR5e_ros2/ros2_real/install/control_msgs:${AMENT_PREFIX_PATH} CMAKE_PREFIX_PATH=/home/kadi/UR5e_ros2/ros2_real/install/ros2_control_test_assets:/home/kadi/UR5e_ros2/ros2_real/install/control_msgs:/home/kadi/UR5e_ros2/ros2_real/install/ur_msgs:/home/kadi/UR5e_ros2/ros2_real/install/ur_description:/opt/ros/iron LD_LIBRARY_PATH=/home/kadi/UR5e_ros2/ros2_real/install/ros2_control_test_assets/lib:/home/kadi/UR5e_ros2/ros2_real/install/control_msgs/lib:${LD_LIBRARY_PATH} PYTHONPATH=/home/kadi/UR5e_ros2/ros2_real/install/control_msgs/lib/python3.10/site-packages:${PYTHONPATH} /usr/bin/cmake --build /home/kadi/UR5e_ros2/ros2_real/build/hardware_interface -- -j16 -l16
[0.119s] Invoking command in '/home/kadi/UR5e_ros2/ros2_real/build/hardware_interface': AMENT_PREFIX_PATH=/home/kadi/UR5e_ros2/ros2_real/install/ros2_control_test_assets:/home/kadi/UR5e_ros2/ros2_real/install/control_msgs:${AMENT_PREFIX_PATH} CMAKE_PREFIX_PATH=/home/kadi/UR5e_ros2/ros2_real/install/ros2_control_test_assets:/home/kadi/UR5e_ros2/ros2_real/install/control_msgs:/home/kadi/UR5e_ros2/ros2_real/install/ur_msgs:/home/kadi/UR5e_ros2/ros2_real/install/ur_description:/opt/ros/iron LD_LIBRARY_PATH=/home/kadi/UR5e_ros2/ros2_real/install/ros2_control_test_assets/lib:/home/kadi/UR5e_ros2/ros2_real/install/control_msgs/lib:${LD_LIBRARY_PATH} PYTHONPATH=/home/kadi/UR5e_ros2/ros2_real/install/control_msgs/lib/python3.10/site-packages:${PYTHONPATH} /usr/bin/cmake --install /home/kadi/UR5e_ros2/ros2_real/build/hardware_interface
[0.126s] -- Install configuration: "Release"
[0.126s] -- Up-to-date: /home/kadi/UR5e_ros2/ros2_real/install/hardware_interface/share/hardware_interface/mock_components_plugin_description.xml
[0.126s] -- Up-to-date: /home/kadi/UR5e_ros2/ros2_real/install/hardware_interface/share/hardware_interface/fake_components_plugin_description.xml
[0.126s] -- Up-to-date: /home/kadi/UR5e_ros2/ros2_real/install/hardware_interface/lib/libtest_hardware_components.so
[0.126s] -- Up-to-date: /home/kadi/UR5e_ros2/ros2_real/install/hardware_interface/share/hardware_interface/test/test_hardware_components/test_hardware_components.xml
[0.126s] -- Up-to-date: /home/kadi/UR5e_ros2/ros2_real/install/hardware_interface/include/hardware_interface
[0.126s] -- Up-to-date: /home/kadi/UR5e_ros2/ros2_real/install/hardware_interface/include/hardware_interface/fake_components
[0.126s] -- Up-to-date: /home/kadi/UR5e_ros2/ros2_real/install/hardware_interface/include/hardware_interface/fake_components/generic_system.hpp
[0.126s] -- Up-to-date: /home/kadi/UR5e_ros2/ros2_real/install/hardware_interface/include/hardware_interface/fake_components/visibility_control.h
[0.126s] -- Up-to-date: /home/kadi/UR5e_ros2/ros2_real/install/hardware_interface/include/hardware_interface/hardware_interface
[0.126s] -- Up-to-date: /home/kadi/UR5e_ros2/ros2_real/install/hardware_interface/include/hardware_interface/hardware_interface/actuator_interface.hpp
[0.126s] -- Up-to-date: /home/kadi/UR5e_ros2/ros2_real/install/hardware_interface/include/hardware_interface/hardware_interface/sensor.hpp
[0.126s] -- Up-to-date: /home/kadi/UR5e_ros2/ros2_real/install/hardware_interface/include/hardware_interface/hardware_interface/controller_info.hpp
[0.127s] -- Up-to-date: /home/kadi/UR5e_ros2/ros2_real/install/hardware_interface/include/hardware_interface/hardware_interface/resource_manager.hpp
[0.127s] -- Up-to-date: /home/kadi/UR5e_ros2/ros2_real/install/hardware_interface/include/hardware_interface/hardware_interface/types
[0.127s] -- Up-to-date: /home/kadi/UR5e_ros2/ros2_real/install/hardware_interface/include/hardware_interface/hardware_interface/types/hardware_interface_type_values.hpp
[0.127s] -- Up-to-date: /home/kadi/UR5e_ros2/ros2_real/install/hardware_interface/include/hardware_interface/hardware_interface/types/hardware_interface_return_values.hpp
[0.127s] -- Up-to-date: /home/kadi/UR5e_ros2/ros2_real/install/hardware_interface/include/hardware_interface/hardware_interface/types/lifecycle_state_names.hpp
[0.127s] -- Up-to-date: /home/kadi/UR5e_ros2/ros2_real/install/hardware_interface/include/hardware_interface/hardware_interface/async_components.hpp
[0.127s] -- Up-to-date: /home/kadi/UR5e_ros2/ros2_real/install/hardware_interface/include/hardware_interface/hardware_interface/hardware_component_info.hpp
[0.127s] -- Up-to-date: /home/kadi/UR5e_ros2/ros2_real/install/hardware_interface/include/hardware_interface/hardware_interface/system.hpp
[0.127s] -- Up-to-date: /home/kadi/UR5e_ros2/ros2_real/install/hardware_interface/include/hardware_interface/hardware_interface/system_interface.hpp
[0.127s] -- Up-to-date: /home/kadi/UR5e_ros2/ros2_real/install/hardware_interface/include/hardware_interface/hardware_interface/loaned_command_interface.hpp
[0.127s] -- Up-to-date: /home/kadi/UR5e_ros2/ros2_real/install/hardware_interface/include/hardware_interface/hardware_interface/sensor_interface.hpp
[0.127s] -- Up-to-date: /home/kadi/UR5e_ros2/ros2_real/install/hardware_interface/include/hardware_interface/hardware_interface/hardware_info.hpp
[0.127s] -- Up-to-date: /home/kadi/UR5e_ros2/ros2_real/install/hardware_interface/include/hardware_interface/hardware_interface/component_parser.hpp
[0.127s] -- Up-to-date: /home/kadi/UR5e_ros2/ros2_real/install/hardware_interface/include/hardware_interface/hardware_interface/visibility_control.h
[0.127s] -- Up-to-date: /home/kadi/UR5e_ros2/ros2_real/install/hardware_interface/include/hardware_interface/hardware_interface/actuator.hpp
[0.127s] -- Up-to-date: /home/kadi/UR5e_ros2/ros2_real/install/hardware_interface/include/hardware_interface/hardware_interface/loaned_state_interface.hpp
[0.127s] -- Up-to-date: /home/kadi/UR5e_ros2/ros2_real/install/hardware_interface/include/hardware_interface/hardware_interface/handle.hpp
[0.127s] -- Up-to-date: /home/kadi/UR5e_ros2/ros2_real/install/hardware_interface/include/hardware_interface/hardware_interface/lexical_casts.hpp
[0.127s] -- Up-to-date: /home/kadi/UR5e_ros2/ros2_real/install/hardware_interface/include/hardware_interface/hardware_interface/macros.hpp
[0.128s] -- Up-to-date: /home/kadi/UR5e_ros2/ros2_real/install/hardware_interface/include/hardware_interface/mock_components
[0.128s] -- Up-to-date: /home/kadi/UR5e_ros2/ros2_real/install/hardware_interface/include/hardware_interface/mock_components/generic_system.hpp
[0.128s] -- Up-to-date: /home/kadi/UR5e_ros2/ros2_real/install/hardware_interface/include/hardware_interface/mock_components/visibility_control.h
[0.128s] -- Up-to-date: /home/kadi/UR5e_ros2/ros2_real/install/hardware_interface/lib/libfake_components.so
[0.128s] -- Up-to-date: /home/kadi/UR5e_ros2/ros2_real/install/hardware_interface/lib/libmock_components.so
[0.128s] -- Up-to-date: /home/kadi/UR5e_ros2/ros2_real/install/hardware_interface/lib/libhardware_interface.so
[0.128s] -- Up-to-date: /home/kadi/UR5e_ros2/ros2_real/install/hardware_interface/share/hardware_interface/environment/library_path.sh
[0.128s] -- Up-to-date: /home/kadi/UR5e_ros2/ros2_real/install/hardware_interface/share/hardware_interface/environment/library_path.dsv
[0.128s] -- Up-to-date: /home/kadi/UR5e_ros2/ros2_real/install/hardware_interface/share/ament_index/resource_index/package_run_dependencies/hardware_interface
[0.128s] -- Up-to-date: /home/kadi/UR5e_ros2/ros2_real/install/hardware_interface/share/ament_index/resource_index/parent_prefix_path/hardware_interface
[0.128s] -- Up-to-date: /home/kadi/UR5e_ros2/ros2_real/install/hardware_interface/share/hardware_interface/environment/ament_prefix_path.sh
[0.128s] -- Up-to-date: /home/kadi/UR5e_ros2/ros2_real/install/hardware_interface/share/hardware_interface/environment/ament_prefix_path.dsv
[0.128s] -- Up-to-date: /home/kadi/UR5e_ros2/ros2_real/install/hardware_interface/share/hardware_interface/environment/path.sh
[0.128s] -- Up-to-date: /home/kadi/UR5e_ros2/ros2_real/install/hardware_interface/share/hardware_interface/environment/path.dsv
[0.128s] -- Up-to-date: /home/kadi/UR5e_ros2/ros2_real/install/hardware_interface/share/hardware_interface/local_setup.bash
[0.128s] -- Up-to-date: /home/kadi/UR5e_ros2/ros2_real/install/hardware_interface/share/hardware_interface/local_setup.sh
[0.129s] -- Up-to-date: /home/kadi/UR5e_ros2/ros2_real/install/hardware_interface/share/hardware_interface/local_setup.zsh
[0.129s] -- Up-to-date: /home/kadi/UR5e_ros2/ros2_real/install/hardware_interface/share/hardware_interface/local_setup.dsv
[0.129s] -- Installing: /home/kadi/UR5e_ros2/ros2_real/install/hardware_interface/share/hardware_interface/package.dsv
[0.129s] -- Up-to-date: /home/kadi/UR5e_ros2/ros2_real/install/hardware_interface/share/ament_index/resource_index/packages/hardware_interface
[0.129s] -- Up-to-date: /home/kadi/UR5e_ros2/ros2_real/install/hardware_interface/share/ament_index/resource_index/hardware_interface__pluginlib__plugin/hardware_interface
[0.129s] -- Up-to-date: /home/kadi/UR5e_ros2/ros2_real/install/hardware_interface/share/hardware_interface/cmake/export_hardware_interfaceExport.cmake
[0.129s] -- Up-to-date: /home/kadi/UR5e_ros2/ros2_real/install/hardware_interface/share/hardware_interface/cmake/export_hardware_interfaceExport-release.cmake
[0.129s] -- Up-to-date: /home/kadi/UR5e_ros2/ros2_real/install/hardware_interface/share/hardware_interface/cmake/ament_cmake_export_targets-extras.cmake
[0.129s] -- Up-to-date: /home/kadi/UR5e_ros2/ros2_real/install/hardware_interface/share/hardware_interface/cmake/ament_cmake_export_dependencies-extras.cmake
[0.129s] -- Up-to-date: /home/kadi/UR5e_ros2/ros2_real/install/hardware_interface/share/hardware_interface/cmake/hardware_interfaceConfig.cmake
[0.129s] -- Up-to-date: /home/kadi/UR5e_ros2/ros2_real/install/hardware_interface/share/hardware_interface/cmake/hardware_interfaceConfig-version.cmake
[0.129s] -- Up-to-date: /home/kadi/UR5e_ros2/ros2_real/install/hardware_interface/share/hardware_interface/package.xml
[0.132s] Invoked command in '/home/kadi/UR5e_ros2/ros2_real/build/hardware_interface' returned '0': AMENT_PREFIX_PATH=/home/kadi/UR5e_ros2/ros2_real/install/ros2_control_test_assets:/home/kadi/UR5e_ros2/ros2_real/install/control_msgs:${AMENT_PREFIX_PATH} CMAKE_PREFIX_PATH=/home/kadi/UR5e_ros2/ros2_real/install/ros2_control_test_assets:/home/kadi/UR5e_ros2/ros2_real/install/control_msgs:/home/kadi/UR5e_ros2/ros2_real/install/ur_msgs:/home/kadi/UR5e_ros2/ros2_real/install/ur_description:/opt/ros/iron LD_LIBRARY_PATH=/home/kadi/UR5e_ros2/ros2_real/install/ros2_control_test_assets/lib:/home/kadi/UR5e_ros2/ros2_real/install/control_msgs/lib:${LD_LIBRARY_PATH} PYTHONPATH=/home/kadi/UR5e_ros2/ros2_real/install/control_msgs/lib/python3.10/site-packages:${PYTHONPATH} /usr/bin/cmake --install /home/kadi/UR5e_ros2/ros2_real/build/hardware_interface
