-- The CXX compiler identification is GNU 11.4.0
-- Detecting CXX compiler ABI info
-- Detecting CXX compiler ABI info - done
-- Check for working CXX compiler: /usr/bin/c++ - skipped
-- Detecting CXX compile features
-- Detecting CXX compile features - done
-- Found ament_cmake: 2.0.7 (/opt/ros/iron/share/ament_cmake/cmake)
-- Found Python3: /usr/bin/python3.10 (found version "3.10.12") found components: Interpreter 
-- Found controller_interface: 3.28.1 (/home/kadi/UR5e_ros2/ros2_real/install/controller_interface/share/controller_interface/cmake)
-- Found rosidl_generator_c: 4.0.1 (/opt/ros/iron/share/rosidl_generator_c/cmake)
-- Found rosidl_generator_cpp: 4.0.1 (/opt/ros/iron/share/rosidl_generator_cpp/cmake)
-- Using all available rosidl_typesupport_c: rosidl_typesupport_fastrtps_c;rosidl_typesupport_introspection_c
-- Using all available rosidl_typesupport_cpp: rosidl_typesupport_fastrtps_cpp;rosidl_typesupport_introspection_cpp
-- Found rmw_implementation_cmake: 7.1.0 (/opt/ros/iron/share/rmw_implementation_cmake/cmake)
-- Found rmw_fastrtps_cpp: 7.1.4 (/opt/ros/iron/share/rmw_fastrtps_cpp/cmake)
-- Found TinyXML2 via Config file: TinyXML2_DIR-NOTFOUND
-- Found OpenSSL: /usr/lib/x86_64-linux-gnu/libcrypto.so (found version "3.0.2")  
-- Found TinyXML2 via Config file: TinyXML2_DIR-NOTFOUND
-- Found FastRTPS: /opt/ros/iron/include  
-- Found TinyXML2 via Config file: TinyXML2_DIR-NOTFOUND
-- Found TinyXML2 via Config file: TinyXML2_DIR-NOTFOUND
-- Using RMW implementation 'rmw_fastrtps_cpp' as default
-- Found generate_parameter_library: 0.3.9 (/opt/ros/iron/share/generate_parameter_library/cmake)
-- Found parameter_traits: 0.3.9 (/opt/ros/iron/share/parameter_traits/cmake)
-- Found realtime_tools: 2.8.1 (/opt/ros/iron/share/realtime_tools/cmake)
-- Found ament_cmake_gmock: 2.0.7 (/opt/ros/iron/share/ament_cmake_gmock/cmake)
-- Found controller_manager: 3.28.1 (/home/kadi/UR5e_ros2/ros2_real/install/controller_manager/share/controller_manager/cmake)
-- Found ros2_control_test_assets: 3.28.1 (/home/kadi/UR5e_ros2/ros2_real/install/ros2_control_test_assets/share/ros2_control_test_assets/cmake)
-- Found gmock sources under '/opt/ros/iron/src/gmock_vendor': C++ tests using 'Google Mock' will be built
-- The C compiler identification is GNU 11.4.0
-- Detecting C compiler ABI info
-- Detecting C compiler ABI info - done
-- Check for working C compiler: /usr/bin/cc - skipped
-- Detecting C compile features
-- Detecting C compile features - done
-- Found ament_cmake_gtest: 2.0.7 (/opt/ros/iron/share/ament_cmake_gtest/cmake)
-- Found gtest sources under '/opt/ros/iron/src/gtest_vendor': C++ tests using 'Google Test' will be built
-- Configuring done
-- Generating done
-- Build files have been written to: /home/kadi/UR5e_ros2/ros2_real/build/forward_command_controller
[ 26%] [34m[1mRunning `/opt/ros/iron/bin/generate_parameter_library_cpp /home/kadi/UR5e_ros2/ros2_real/build/forward_command_controller/forward_command_controller_parameters/include//forward_command_controller_parameters.hpp /home/kadi/UR5e_ros2/ros2_real/src/ros2_controllers/forward_command_controller/src/forward_command_controller_parameters.yaml `[0m
[ 26%] [32mBuilding CXX object gmock/CMakeFiles/gmock_main.dir/src/gmock_main.cc.o[0m
[ 26%] [32mBuilding CXX object gmock/CMakeFiles/gmock.dir/src/gmock-all.cc.o[0m
[ 26%] [32mBuilding CXX object gmock/CMakeFiles/gmock.dir/opt/ros/iron/src/gtest_vendor/src/gtest-all.cc.o[0m
[ 26%] [34m[1mRunning `/opt/ros/iron/bin/generate_parameter_library_cpp /home/kadi/UR5e_ros2/ros2_real/build/forward_command_controller/multi_interface_forward_command_controller_parameters/include//multi_interface_forward_command_controller_parameters.hpp /home/kadi/UR5e_ros2/ros2_real/src/ros2_controllers/forward_command_controller/src/multi_interface_forward_command_controller_parameters.yaml `[0m
[ 26%] Built target multi_interface_forward_command_controller_parameters
[ 26%] Built target forward_command_controller_parameters
[ 36%] [32mBuilding CXX object CMakeFiles/forward_command_controller.dir/src/forward_controllers_base.cpp.o[0m
[ 36%] [32mBuilding CXX object CMakeFiles/forward_command_controller.dir/src/forward_command_controller.cpp.o[0m
[ 42%] [32mBuilding CXX object CMakeFiles/forward_command_controller.dir/src/multi_interface_forward_command_controller.cpp.o[0m
[ 47%] [32m[1mLinking CXX static library libgmock_main.a[0m
[ 47%] Built target gmock_main
[ 52%] [32m[1mLinking CXX static library libgmock.a[0m
[ 52%] Built target gmock
[ 57%] [32m[1mLinking CXX shared library libforward_command_controller.so[0m
[ 57%] Built target forward_command_controller
[ 78%] [32mBuilding CXX object CMakeFiles/test_load_multi_interface_forward_command_controller.dir/test/test_load_multi_interface_forward_command_controller.cpp.o[0m
[ 78%] [32mBuilding CXX object CMakeFiles/test_load_forward_command_controller.dir/test/test_load_forward_command_controller.cpp.o[0m
[ 78%] [32mBuilding CXX object CMakeFiles/test_multi_interface_forward_command_controller.dir/test/test_multi_interface_forward_command_controller.cpp.o[0m
[ 78%] [32mBuilding CXX object CMakeFiles/test_forward_command_controller.dir/test/test_forward_command_controller.cpp.o[0m
[ 84%] [32m[1mLinking CXX executable test_multi_interface_forward_command_controller[0m
[ 89%] [32m[1mLinking CXX executable test_load_multi_interface_forward_command_controller[0m
[ 89%] Built target test_multi_interface_forward_command_controller
[ 89%] Built target test_load_multi_interface_forward_command_controller
[ 94%] [32m[1mLinking CXX executable test_forward_command_controller[0m
[ 94%] Built target test_forward_command_controller
[100%] [32m[1mLinking CXX executable test_load_forward_command_controller[0m
[100%] Built target test_load_forward_command_controller
-- Install configuration: "Release"
-- Installing: /home/kadi/UR5e_ros2/ros2_real/install/forward_command_controller/include/forward_command_controller_parameters
-- Installing: /home/kadi/UR5e_ros2/ros2_real/install/forward_command_controller/include/forward_command_controller_parameters/forward_command_controller_parameters.hpp
-- Installing: /home/kadi/UR5e_ros2/ros2_real/install/forward_command_controller/include/multi_interface_forward_command_controller_parameters
-- Installing: /home/kadi/UR5e_ros2/ros2_real/install/forward_command_controller/include/multi_interface_forward_command_controller_parameters/multi_interface_forward_command_controller_parameters.hpp
-- Installing: /home/kadi/UR5e_ros2/ros2_real/install/forward_command_controller/share/forward_command_controller/forward_command_plugin.xml
-- Installing: /home/kadi/UR5e_ros2/ros2_real/install/forward_command_controller/include/forward_command_controller
-- Installing: /home/kadi/UR5e_ros2/ros2_real/install/forward_command_controller/include/forward_command_controller/forward_command_controller
-- Installing: /home/kadi/UR5e_ros2/ros2_real/install/forward_command_controller/include/forward_command_controller/forward_command_controller/visibility_control.h
-- Installing: /home/kadi/UR5e_ros2/ros2_real/install/forward_command_controller/include/forward_command_controller/forward_command_controller/forward_command_controller.hpp
-- Installing: /home/kadi/UR5e_ros2/ros2_real/install/forward_command_controller/include/forward_command_controller/forward_command_controller/multi_interface_forward_command_controller.hpp
-- Installing: /home/kadi/UR5e_ros2/ros2_real/install/forward_command_controller/include/forward_command_controller/forward_command_controller/forward_controllers_base.hpp
-- Installing: /home/kadi/UR5e_ros2/ros2_real/install/forward_command_controller/lib/libforward_command_controller.so
-- Set runtime path of "/home/kadi/UR5e_ros2/ros2_real/install/forward_command_controller/lib/libforward_command_controller.so" to ""
-- Installing: /home/kadi/UR5e_ros2/ros2_real/install/forward_command_controller/share/forward_command_controller/environment/library_path.sh
-- Installing: /home/kadi/UR5e_ros2/ros2_real/install/forward_command_controller/share/forward_command_controller/environment/library_path.dsv
-- Installing: /home/kadi/UR5e_ros2/ros2_real/install/forward_command_controller/share/ament_index/resource_index/package_run_dependencies/forward_command_controller
-- Installing: /home/kadi/UR5e_ros2/ros2_real/install/forward_command_controller/share/ament_index/resource_index/parent_prefix_path/forward_command_controller
-- Installing: /home/kadi/UR5e_ros2/ros2_real/install/forward_command_controller/share/forward_command_controller/environment/ament_prefix_path.sh
-- Installing: /home/kadi/UR5e_ros2/ros2_real/install/forward_command_controller/share/forward_command_controller/environment/ament_prefix_path.dsv
-- Installing: /home/kadi/UR5e_ros2/ros2_real/install/forward_command_controller/share/forward_command_controller/environment/path.sh
-- Installing: /home/kadi/UR5e_ros2/ros2_real/install/forward_command_controller/share/forward_command_controller/environment/path.dsv
-- Installing: /home/kadi/UR5e_ros2/ros2_real/install/forward_command_controller/share/forward_command_controller/local_setup.bash
-- Installing: /home/kadi/UR5e_ros2/ros2_real/install/forward_command_controller/share/forward_command_controller/local_setup.sh
-- Installing: /home/kadi/UR5e_ros2/ros2_real/install/forward_command_controller/share/forward_command_controller/local_setup.zsh
-- Installing: /home/kadi/UR5e_ros2/ros2_real/install/forward_command_controller/share/forward_command_controller/local_setup.dsv
-- Installing: /home/kadi/UR5e_ros2/ros2_real/install/forward_command_controller/share/forward_command_controller/package.dsv
-- Installing: /home/kadi/UR5e_ros2/ros2_real/install/forward_command_controller/share/ament_index/resource_index/packages/forward_command_controller
-- Installing: /home/kadi/UR5e_ros2/ros2_real/install/forward_command_controller/share/ament_index/resource_index/controller_interface__pluginlib__plugin/forward_command_controller
-- Installing: /home/kadi/UR5e_ros2/ros2_real/install/forward_command_controller/share/forward_command_controller/cmake/export_forward_command_controllerExport.cmake
-- Installing: /home/kadi/UR5e_ros2/ros2_real/install/forward_command_controller/share/forward_command_controller/cmake/export_forward_command_controllerExport-release.cmake
-- Installing: /home/kadi/UR5e_ros2/ros2_real/install/forward_command_controller/share/forward_command_controller/cmake/ament_cmake_export_targets-extras.cmake
-- Installing: /home/kadi/UR5e_ros2/ros2_real/install/forward_command_controller/share/forward_command_controller/cmake/ament_cmake_export_dependencies-extras.cmake
-- Installing: /home/kadi/UR5e_ros2/ros2_real/install/forward_command_controller/share/forward_command_controller/cmake/forward_command_controllerConfig.cmake
-- Installing: /home/kadi/UR5e_ros2/ros2_real/install/forward_command_controller/share/forward_command_controller/cmake/forward_command_controllerConfig-version.cmake
-- Installing: /home/kadi/UR5e_ros2/ros2_real/install/forward_command_controller/share/forward_command_controller/package.xml
