[0.025s] Invoking command in '/home/kadi/UR5e_ros2/ros2_real/build/forward_command_controller': AMENT_PREFIX_PATH=/home/kadi/UR5e_ros2/ros2_real/install/controller_manager:/home/kadi/UR5e_ros2/ros2_real/install/hardware_interface_testing:/home/kadi/UR5e_ros2/ros2_real/install/controller_interface:/home/kadi/UR5e_ros2/ros2_real/install/hardware_interface:/home/kadi/UR5e_ros2/ros2_real/install/ros2_control_test_assets:/home/kadi/UR5e_ros2/ros2_real/install/controller_manager_msgs:/home/kadi/UR5e_ros2/ros2_real/install/control_msgs:${AMENT_PREFIX_PATH} CMAKE_PREFIX_PATH=/home/kadi/UR5e_ros2/ros2_real/install/controller_manager:/home/kadi/UR5e_ros2/ros2_real/install/hardware_interface_testing:/home/kadi/UR5e_ros2/ros2_real/install/controller_interface:/home/kadi/UR5e_ros2/ros2_real/install/hardware_interface:/home/kadi/UR5e_ros2/ros2_real/install/ros2_control_test_assets:/home/kadi/UR5e_ros2/ros2_real/install/controller_manager_msgs:/home/kadi/UR5e_ros2/ros2_real/install/control_msgs:/home/kadi/UR5e_ros2/ros2_real/install/ur_msgs:/home/kadi/UR5e_ros2/ros2_real/install/ur_description:/opt/ros/iron LD_LIBRARY_PATH=/home/kadi/UR5e_ros2/ros2_real/install/controller_manager/lib:/home/kadi/UR5e_ros2/ros2_real/install/hardware_interface_testing/lib:/home/kadi/UR5e_ros2/ros2_real/install/controller_interface/lib:/home/kadi/UR5e_ros2/ros2_real/install/hardware_interface/lib:/home/kadi/UR5e_ros2/ros2_real/install/ros2_control_test_assets/lib:/home/kadi/UR5e_ros2/ros2_real/install/controller_manager_msgs/lib:/home/kadi/UR5e_ros2/ros2_real/install/control_msgs/lib:${LD_LIBRARY_PATH} PYTHONPATH=/home/kadi/UR5e_ros2/ros2_real/install/controller_manager/lib/python3.10/site-packages:/home/kadi/UR5e_ros2/ros2_real/install/controller_manager_msgs/lib/python3.10/site-packages:/home/kadi/UR5e_ros2/ros2_real/install/control_msgs/lib/python3.10/site-packages:${PYTHONPATH} /usr/bin/cmake /home/kadi/UR5e_ros2/ros2_real/src/ros2_controllers/forward_command_controller -DCMAKE_BUILD_TYPE=Release -DCMAKE_INSTALL_PREFIX=/home/kadi/UR5e_ros2/ros2_real/install/forward_command_controller
[0.082s] -- The CXX compiler identification is GNU 11.4.0
[0.088s] -- Detecting CXX compiler ABI info
[0.160s] -- Detecting CXX compiler ABI info - done
[0.167s] -- Check for working CXX compiler: /usr/bin/c++ - skipped
[0.168s] -- Detecting CXX compile features
[0.168s] -- Detecting CXX compile features - done
[0.172s] -- Found ament_cmake: 2.0.7 (/opt/ros/iron/share/ament_cmake/cmake)
[0.301s] -- Found Python3: /usr/bin/python3.10 (found version "3.10.12") found components: Interpreter 
[0.382s] -- Found controller_interface: 3.28.1 (/home/kadi/UR5e_ros2/ros2_real/install/controller_interface/share/controller_interface/cmake)
[0.418s] -- Found rosidl_generator_c: 4.0.1 (/opt/ros/iron/share/rosidl_generator_c/cmake)
[0.429s] -- Found rosidl_generator_cpp: 4.0.1 (/opt/ros/iron/share/rosidl_generator_cpp/cmake)
[0.442s] -- Using all available rosidl_typesupport_c: rosidl_typesupport_fastrtps_c;rosidl_typesupport_introspection_c
[0.456s] -- Using all available rosidl_typesupport_cpp: rosidl_typesupport_fastrtps_cpp;rosidl_typesupport_introspection_cpp
[1.008s] -- Found rmw_implementation_cmake: 7.1.0 (/opt/ros/iron/share/rmw_implementation_cmake/cmake)
[1.010s] -- Found rmw_fastrtps_cpp: 7.1.4 (/opt/ros/iron/share/rmw_fastrtps_cpp/cmake)
[1.045s] -- Found TinyXML2 via Config file: TinyXML2_DIR-NOTFOUND
[1.094s] -- Found OpenSSL: /usr/lib/x86_64-linux-gnu/libcrypto.so (found version "3.0.2")  
[1.095s] -- Found TinyXML2 via Config file: TinyXML2_DIR-NOTFOUND
[1.111s] -- Found FastRTPS: /opt/ros/iron/include  
[1.115s] -- Found TinyXML2 via Config file: TinyXML2_DIR-NOTFOUND
[1.122s] -- Found TinyXML2 via Config file: TinyXML2_DIR-NOTFOUND
[1.132s] -- Using RMW implementation 'rmw_fastrtps_cpp' as default
[1.294s] -- Found generate_parameter_library: 0.3.9 (/opt/ros/iron/share/generate_parameter_library/cmake)
[1.297s] -- Found parameter_traits: 0.3.9 (/opt/ros/iron/share/parameter_traits/cmake)
[1.321s] -- Found realtime_tools: 2.8.1 (/opt/ros/iron/share/realtime_tools/cmake)
[1.562s] -- Found ament_cmake_gmock: 2.0.7 (/opt/ros/iron/share/ament_cmake_gmock/cmake)
[1.563s] -- Found controller_manager: 3.28.1 (/home/kadi/UR5e_ros2/ros2_real/install/controller_manager/share/controller_manager/cmake)
[1.747s] -- Found ros2_control_test_assets: 3.28.1 (/home/kadi/UR5e_ros2/ros2_real/install/ros2_control_test_assets/share/ros2_control_test_assets/cmake)
[1.749s] -- Found gmock sources under '/opt/ros/iron/src/gmock_vendor': C++ tests using 'Google Mock' will be built
[1.782s] -- The C compiler identification is GNU 11.4.0
[1.788s] -- Detecting C compiler ABI info
[1.872s] -- Detecting C compiler ABI info - done
[1.877s] -- Check for working C compiler: /usr/bin/cc - skipped
[1.877s] -- Detecting C compile features
[1.877s] -- Detecting C compile features - done
[1.881s] -- Found ament_cmake_gtest: 2.0.7 (/opt/ros/iron/share/ament_cmake_gtest/cmake)
[1.882s] -- Found gtest sources under '/opt/ros/iron/src/gtest_vendor': C++ tests using 'Google Test' will be built
[1.938s] -- Configuring done
[1.977s] -- Generating done
[1.985s] -- Build files have been written to: /home/kadi/UR5e_ros2/ros2_real/build/forward_command_controller
[1.998s] Invoked command in '/home/kadi/UR5e_ros2/ros2_real/build/forward_command_controller' returned '0': AMENT_PREFIX_PATH=/home/kadi/UR5e_ros2/ros2_real/install/controller_manager:/home/kadi/UR5e_ros2/ros2_real/install/hardware_interface_testing:/home/kadi/UR5e_ros2/ros2_real/install/controller_interface:/home/kadi/UR5e_ros2/ros2_real/install/hardware_interface:/home/kadi/UR5e_ros2/ros2_real/install/ros2_control_test_assets:/home/kadi/UR5e_ros2/ros2_real/install/controller_manager_msgs:/home/kadi/UR5e_ros2/ros2_real/install/control_msgs:${AMENT_PREFIX_PATH} CMAKE_PREFIX_PATH=/home/kadi/UR5e_ros2/ros2_real/install/controller_manager:/home/kadi/UR5e_ros2/ros2_real/install/hardware_interface_testing:/home/kadi/UR5e_ros2/ros2_real/install/controller_interface:/home/kadi/UR5e_ros2/ros2_real/install/hardware_interface:/home/kadi/UR5e_ros2/ros2_real/install/ros2_control_test_assets:/home/kadi/UR5e_ros2/ros2_real/install/controller_manager_msgs:/home/kadi/UR5e_ros2/ros2_real/install/control_msgs:/home/kadi/UR5e_ros2/ros2_real/install/ur_msgs:/home/kadi/UR5e_ros2/ros2_real/install/ur_description:/opt/ros/iron LD_LIBRARY_PATH=/home/kadi/UR5e_ros2/ros2_real/install/controller_manager/lib:/home/kadi/UR5e_ros2/ros2_real/install/hardware_interface_testing/lib:/home/kadi/UR5e_ros2/ros2_real/install/controller_interface/lib:/home/kadi/UR5e_ros2/ros2_real/install/hardware_interface/lib:/home/kadi/UR5e_ros2/ros2_real/install/ros2_control_test_assets/lib:/home/kadi/UR5e_ros2/ros2_real/install/controller_manager_msgs/lib:/home/kadi/UR5e_ros2/ros2_real/install/control_msgs/lib:${LD_LIBRARY_PATH} PYTHONPATH=/home/kadi/UR5e_ros2/ros2_real/install/controller_manager/lib/python3.10/site-packages:/home/kadi/UR5e_ros2/ros2_real/install/controller_manager_msgs/lib/python3.10/site-packages:/home/kadi/UR5e_ros2/ros2_real/install/control_msgs/lib/python3.10/site-packages:${PYTHONPATH} /usr/bin/cmake /home/kadi/UR5e_ros2/ros2_real/src/ros2_controllers/forward_command_controller -DCMAKE_BUILD_TYPE=Release -DCMAKE_INSTALL_PREFIX=/home/kadi/UR5e_ros2/ros2_real/install/forward_command_controller
[1.999s] Invoking command in '/home/kadi/UR5e_ros2/ros2_real/build/forward_command_controller': AMENT_PREFIX_PATH=/home/kadi/UR5e_ros2/ros2_real/install/controller_manager:/home/kadi/UR5e_ros2/ros2_real/install/hardware_interface_testing:/home/kadi/UR5e_ros2/ros2_real/install/controller_interface:/home/kadi/UR5e_ros2/ros2_real/install/hardware_interface:/home/kadi/UR5e_ros2/ros2_real/install/ros2_control_test_assets:/home/kadi/UR5e_ros2/ros2_real/install/controller_manager_msgs:/home/kadi/UR5e_ros2/ros2_real/install/control_msgs:${AMENT_PREFIX_PATH} CMAKE_PREFIX_PATH=/home/kadi/UR5e_ros2/ros2_real/install/controller_manager:/home/kadi/UR5e_ros2/ros2_real/install/hardware_interface_testing:/home/kadi/UR5e_ros2/ros2_real/install/controller_interface:/home/kadi/UR5e_ros2/ros2_real/install/hardware_interface:/home/kadi/UR5e_ros2/ros2_real/install/ros2_control_test_assets:/home/kadi/UR5e_ros2/ros2_real/install/controller_manager_msgs:/home/kadi/UR5e_ros2/ros2_real/install/control_msgs:/home/kadi/UR5e_ros2/ros2_real/install/ur_msgs:/home/kadi/UR5e_ros2/ros2_real/install/ur_description:/opt/ros/iron LD_LIBRARY_PATH=/home/kadi/UR5e_ros2/ros2_real/install/controller_manager/lib:/home/kadi/UR5e_ros2/ros2_real/install/hardware_interface_testing/lib:/home/kadi/UR5e_ros2/ros2_real/install/controller_interface/lib:/home/kadi/UR5e_ros2/ros2_real/install/hardware_interface/lib:/home/kadi/UR5e_ros2/ros2_real/install/ros2_control_test_assets/lib:/home/kadi/UR5e_ros2/ros2_real/install/controller_manager_msgs/lib:/home/kadi/UR5e_ros2/ros2_real/install/control_msgs/lib:${LD_LIBRARY_PATH} PYTHONPATH=/home/kadi/UR5e_ros2/ros2_real/install/controller_manager/lib/python3.10/site-packages:/home/kadi/UR5e_ros2/ros2_real/install/controller_manager_msgs/lib/python3.10/site-packages:/home/kadi/UR5e_ros2/ros2_real/install/control_msgs/lib/python3.10/site-packages:${PYTHONPATH} /usr/bin/cmake --build /home/kadi/UR5e_ros2/ros2_real/build/forward_command_controller -- -j16 -l16
[2.056s] [ 26%] [34m[1mRunning `/opt/ros/iron/bin/generate_parameter_library_cpp /home/kadi/UR5e_ros2/ros2_real/build/forward_command_controller/forward_command_controller_parameters/include//forward_command_controller_parameters.hpp /home/kadi/UR5e_ros2/ros2_real/src/ros2_controllers/forward_command_controller/src/forward_command_controller_parameters.yaml `[0m
[2.056s] [ 26%] [32mBuilding CXX object gmock/CMakeFiles/gmock_main.dir/src/gmock_main.cc.o[0m
[2.056s] [ 26%] [32mBuilding CXX object gmock/CMakeFiles/gmock.dir/src/gmock-all.cc.o[0m
[2.056s] [ 26%] [32mBuilding CXX object gmock/CMakeFiles/gmock.dir/opt/ros/iron/src/gtest_vendor/src/gtest-all.cc.o[0m
[2.056s] [ 26%] [34m[1mRunning `/opt/ros/iron/bin/generate_parameter_library_cpp /home/kadi/UR5e_ros2/ros2_real/build/forward_command_controller/multi_interface_forward_command_controller_parameters/include//multi_interface_forward_command_controller_parameters.hpp /home/kadi/UR5e_ros2/ros2_real/src/ros2_controllers/forward_command_controller/src/multi_interface_forward_command_controller_parameters.yaml `[0m
[2.252s] [ 26%] Built target multi_interface_forward_command_controller_parameters
[2.255s] [ 26%] Built target forward_command_controller_parameters
[2.285s] [ 36%] [32mBuilding CXX object CMakeFiles/forward_command_controller.dir/src/forward_controllers_base.cpp.o[0m
[2.285s] [ 36%] [32mBuilding CXX object CMakeFiles/forward_command_controller.dir/src/forward_command_controller.cpp.o[0m
[2.298s] [ 42%] [32mBuilding CXX object CMakeFiles/forward_command_controller.dir/src/multi_interface_forward_command_controller.cpp.o[0m
[3.609s] [ 47%] [32m[1mLinking CXX static library libgmock_main.a[0m
[3.795s] [ 47%] Built target gmock_main
[8.950s] [ 52%] [32m[1mLinking CXX static library libgmock.a[0m
[9.026s] [ 52%] Built target gmock
[10.965s] [ 57%] [32m[1mLinking CXX shared library libforward_command_controller.so[0m
[11.118s] [ 57%] Built target forward_command_controller
[11.138s] [ 78%] [32mBuilding CXX object CMakeFiles/test_load_multi_interface_forward_command_controller.dir/test/test_load_multi_interface_forward_command_controller.cpp.o[0m
[11.138s] [ 78%] [32mBuilding CXX object CMakeFiles/test_load_forward_command_controller.dir/test/test_load_forward_command_controller.cpp.o[0m
[11.138s] [ 78%] [32mBuilding CXX object CMakeFiles/test_multi_interface_forward_command_controller.dir/test/test_multi_interface_forward_command_controller.cpp.o[0m
[11.138s] [ 78%] [32mBuilding CXX object CMakeFiles/test_forward_command_controller.dir/test/test_forward_command_controller.cpp.o[0m
[17.811s] [ 84%] [32m[1mLinking CXX executable test_multi_interface_forward_command_controller[0m
[17.824s] [ 89%] [32m[1mLinking CXX executable test_load_multi_interface_forward_command_controller[0m
[18.007s] [ 89%] Built target test_multi_interface_forward_command_controller
[18.029s] [ 89%] Built target test_load_multi_interface_forward_command_controller
[18.166s] [ 94%] [32m[1mLinking CXX executable test_forward_command_controller[0m
[18.347s] [ 94%] Built target test_forward_command_controller
[19.343s] [100%] [32m[1mLinking CXX executable test_load_forward_command_controller[0m
[19.531s] [100%] Built target test_load_forward_command_controller
[19.545s] Invoked command in '/home/kadi/UR5e_ros2/ros2_real/build/forward_command_controller' returned '0': AMENT_PREFIX_PATH=/home/kadi/UR5e_ros2/ros2_real/install/controller_manager:/home/kadi/UR5e_ros2/ros2_real/install/hardware_interface_testing:/home/kadi/UR5e_ros2/ros2_real/install/controller_interface:/home/kadi/UR5e_ros2/ros2_real/install/hardware_interface:/home/kadi/UR5e_ros2/ros2_real/install/ros2_control_test_assets:/home/kadi/UR5e_ros2/ros2_real/install/controller_manager_msgs:/home/kadi/UR5e_ros2/ros2_real/install/control_msgs:${AMENT_PREFIX_PATH} CMAKE_PREFIX_PATH=/home/kadi/UR5e_ros2/ros2_real/install/controller_manager:/home/kadi/UR5e_ros2/ros2_real/install/hardware_interface_testing:/home/kadi/UR5e_ros2/ros2_real/install/controller_interface:/home/kadi/UR5e_ros2/ros2_real/install/hardware_interface:/home/kadi/UR5e_ros2/ros2_real/install/ros2_control_test_assets:/home/kadi/UR5e_ros2/ros2_real/install/controller_manager_msgs:/home/kadi/UR5e_ros2/ros2_real/install/control_msgs:/home/kadi/UR5e_ros2/ros2_real/install/ur_msgs:/home/kadi/UR5e_ros2/ros2_real/install/ur_description:/opt/ros/iron LD_LIBRARY_PATH=/home/kadi/UR5e_ros2/ros2_real/install/controller_manager/lib:/home/kadi/UR5e_ros2/ros2_real/install/hardware_interface_testing/lib:/home/kadi/UR5e_ros2/ros2_real/install/controller_interface/lib:/home/kadi/UR5e_ros2/ros2_real/install/hardware_interface/lib:/home/kadi/UR5e_ros2/ros2_real/install/ros2_control_test_assets/lib:/home/kadi/UR5e_ros2/ros2_real/install/controller_manager_msgs/lib:/home/kadi/UR5e_ros2/ros2_real/install/control_msgs/lib:${LD_LIBRARY_PATH} PYTHONPATH=/home/kadi/UR5e_ros2/ros2_real/install/controller_manager/lib/python3.10/site-packages:/home/kadi/UR5e_ros2/ros2_real/install/controller_manager_msgs/lib/python3.10/site-packages:/home/kadi/UR5e_ros2/ros2_real/install/control_msgs/lib/python3.10/site-packages:${PYTHONPATH} /usr/bin/cmake --build /home/kadi/UR5e_ros2/ros2_real/build/forward_command_controller -- -j16 -l16
[19.546s] Invoking command in '/home/kadi/UR5e_ros2/ros2_real/build/forward_command_controller': AMENT_PREFIX_PATH=/home/kadi/UR5e_ros2/ros2_real/install/controller_manager:/home/kadi/UR5e_ros2/ros2_real/install/hardware_interface_testing:/home/kadi/UR5e_ros2/ros2_real/install/controller_interface:/home/kadi/UR5e_ros2/ros2_real/install/hardware_interface:/home/kadi/UR5e_ros2/ros2_real/install/ros2_control_test_assets:/home/kadi/UR5e_ros2/ros2_real/install/controller_manager_msgs:/home/kadi/UR5e_ros2/ros2_real/install/control_msgs:${AMENT_PREFIX_PATH} CMAKE_PREFIX_PATH=/home/kadi/UR5e_ros2/ros2_real/install/controller_manager:/home/kadi/UR5e_ros2/ros2_real/install/hardware_interface_testing:/home/kadi/UR5e_ros2/ros2_real/install/controller_interface:/home/kadi/UR5e_ros2/ros2_real/install/hardware_interface:/home/kadi/UR5e_ros2/ros2_real/install/ros2_control_test_assets:/home/kadi/UR5e_ros2/ros2_real/install/controller_manager_msgs:/home/kadi/UR5e_ros2/ros2_real/install/control_msgs:/home/kadi/UR5e_ros2/ros2_real/install/ur_msgs:/home/kadi/UR5e_ros2/ros2_real/install/ur_description:/opt/ros/iron LD_LIBRARY_PATH=/home/kadi/UR5e_ros2/ros2_real/install/controller_manager/lib:/home/kadi/UR5e_ros2/ros2_real/install/hardware_interface_testing/lib:/home/kadi/UR5e_ros2/ros2_real/install/controller_interface/lib:/home/kadi/UR5e_ros2/ros2_real/install/hardware_interface/lib:/home/kadi/UR5e_ros2/ros2_real/install/ros2_control_test_assets/lib:/home/kadi/UR5e_ros2/ros2_real/install/controller_manager_msgs/lib:/home/kadi/UR5e_ros2/ros2_real/install/control_msgs/lib:${LD_LIBRARY_PATH} PYTHONPATH=/home/kadi/UR5e_ros2/ros2_real/install/controller_manager/lib/python3.10/site-packages:/home/kadi/UR5e_ros2/ros2_real/install/controller_manager_msgs/lib/python3.10/site-packages:/home/kadi/UR5e_ros2/ros2_real/install/control_msgs/lib/python3.10/site-packages:${PYTHONPATH} /usr/bin/cmake --install /home/kadi/UR5e_ros2/ros2_real/build/forward_command_controller
[19.554s] -- Install configuration: "Release"
[19.554s] -- Installing: /home/kadi/UR5e_ros2/ros2_real/install/forward_command_controller/include/forward_command_controller_parameters
[19.554s] -- Installing: /home/kadi/UR5e_ros2/ros2_real/install/forward_command_controller/include/forward_command_controller_parameters/forward_command_controller_parameters.hpp
[19.554s] -- Installing: /home/kadi/UR5e_ros2/ros2_real/install/forward_command_controller/include/multi_interface_forward_command_controller_parameters
[19.554s] -- Installing: /home/kadi/UR5e_ros2/ros2_real/install/forward_command_controller/include/multi_interface_forward_command_controller_parameters/multi_interface_forward_command_controller_parameters.hpp
[19.554s] -- Installing: /home/kadi/UR5e_ros2/ros2_real/install/forward_command_controller/share/forward_command_controller/forward_command_plugin.xml
[19.554s] -- Installing: /home/kadi/UR5e_ros2/ros2_real/install/forward_command_controller/include/forward_command_controller
[19.555s] -- Installing: /home/kadi/UR5e_ros2/ros2_real/install/forward_command_controller/include/forward_command_controller/forward_command_controller
[19.555s] -- Installing: /home/kadi/UR5e_ros2/ros2_real/install/forward_command_controller/include/forward_command_controller/forward_command_controller/visibility_control.h
[19.555s] -- Installing: /home/kadi/UR5e_ros2/ros2_real/install/forward_command_controller/include/forward_command_controller/forward_command_controller/forward_command_controller.hpp
[19.555s] -- Installing: /home/kadi/UR5e_ros2/ros2_real/install/forward_command_controller/include/forward_command_controller/forward_command_controller/multi_interface_forward_command_controller.hpp
[19.555s] -- Installing: /home/kadi/UR5e_ros2/ros2_real/install/forward_command_controller/include/forward_command_controller/forward_command_controller/forward_controllers_base.hpp
[19.555s] -- Installing: /home/kadi/UR5e_ros2/ros2_real/install/forward_command_controller/lib/libforward_command_controller.so
[19.556s] -- Set runtime path of "/home/kadi/UR5e_ros2/ros2_real/install/forward_command_controller/lib/libforward_command_controller.so" to ""
[19.556s] -- Installing: /home/kadi/UR5e_ros2/ros2_real/install/forward_command_controller/share/forward_command_controller/environment/library_path.sh
[19.556s] -- Installing: /home/kadi/UR5e_ros2/ros2_real/install/forward_command_controller/share/forward_command_controller/environment/library_path.dsv
[19.556s] -- Installing: /home/kadi/UR5e_ros2/ros2_real/install/forward_command_controller/share/ament_index/resource_index/package_run_dependencies/forward_command_controller
[19.556s] -- Installing: /home/kadi/UR5e_ros2/ros2_real/install/forward_command_controller/share/ament_index/resource_index/parent_prefix_path/forward_command_controller
[19.557s] -- Installing: /home/kadi/UR5e_ros2/ros2_real/install/forward_command_controller/share/forward_command_controller/environment/ament_prefix_path.sh
[19.557s] -- Installing: /home/kadi/UR5e_ros2/ros2_real/install/forward_command_controller/share/forward_command_controller/environment/ament_prefix_path.dsv
[19.557s] -- Installing: /home/kadi/UR5e_ros2/ros2_real/install/forward_command_controller/share/forward_command_controller/environment/path.sh
[19.557s] -- Installing: /home/kadi/UR5e_ros2/ros2_real/install/forward_command_controller/share/forward_command_controller/environment/path.dsv
[19.557s] -- Installing: /home/kadi/UR5e_ros2/ros2_real/install/forward_command_controller/share/forward_command_controller/local_setup.bash
[19.557s] -- Installing: /home/kadi/UR5e_ros2/ros2_real/install/forward_command_controller/share/forward_command_controller/local_setup.sh
[19.557s] -- Installing: /home/kadi/UR5e_ros2/ros2_real/install/forward_command_controller/share/forward_command_controller/local_setup.zsh
[19.557s] -- Installing: /home/kadi/UR5e_ros2/ros2_real/install/forward_command_controller/share/forward_command_controller/local_setup.dsv
[19.557s] -- Installing: /home/kadi/UR5e_ros2/ros2_real/install/forward_command_controller/share/forward_command_controller/package.dsv
[19.557s] -- Installing: /home/kadi/UR5e_ros2/ros2_real/install/forward_command_controller/share/ament_index/resource_index/packages/forward_command_controller
[19.558s] -- Installing: /home/kadi/UR5e_ros2/ros2_real/install/forward_command_controller/share/ament_index/resource_index/controller_interface__pluginlib__plugin/forward_command_controller
[19.558s] -- Installing: /home/kadi/UR5e_ros2/ros2_real/install/forward_command_controller/share/forward_command_controller/cmake/export_forward_command_controllerExport.cmake
[19.558s] -- Installing: /home/kadi/UR5e_ros2/ros2_real/install/forward_command_controller/share/forward_command_controller/cmake/export_forward_command_controllerExport-release.cmake
[19.558s] -- Installing: /home/kadi/UR5e_ros2/ros2_real/install/forward_command_controller/share/forward_command_controller/cmake/ament_cmake_export_targets-extras.cmake
[19.558s] -- Installing: /home/kadi/UR5e_ros2/ros2_real/install/forward_command_controller/share/forward_command_controller/cmake/ament_cmake_export_dependencies-extras.cmake
[19.558s] -- Installing: /home/kadi/UR5e_ros2/ros2_real/install/forward_command_controller/share/forward_command_controller/cmake/forward_command_controllerConfig.cmake
[19.558s] -- Installing: /home/kadi/UR5e_ros2/ros2_real/install/forward_command_controller/share/forward_command_controller/cmake/forward_command_controllerConfig-version.cmake
[19.558s] -- Installing: /home/kadi/UR5e_ros2/ros2_real/install/forward_command_controller/share/forward_command_controller/package.xml
[19.560s] Invoked command in '/home/kadi/UR5e_ros2/ros2_real/build/forward_command_controller' returned '0': AMENT_PREFIX_PATH=/home/kadi/UR5e_ros2/ros2_real/install/controller_manager:/home/kadi/UR5e_ros2/ros2_real/install/hardware_interface_testing:/home/kadi/UR5e_ros2/ros2_real/install/controller_interface:/home/kadi/UR5e_ros2/ros2_real/install/hardware_interface:/home/kadi/UR5e_ros2/ros2_real/install/ros2_control_test_assets:/home/kadi/UR5e_ros2/ros2_real/install/controller_manager_msgs:/home/kadi/UR5e_ros2/ros2_real/install/control_msgs:${AMENT_PREFIX_PATH} CMAKE_PREFIX_PATH=/home/kadi/UR5e_ros2/ros2_real/install/controller_manager:/home/kadi/UR5e_ros2/ros2_real/install/hardware_interface_testing:/home/kadi/UR5e_ros2/ros2_real/install/controller_interface:/home/kadi/UR5e_ros2/ros2_real/install/hardware_interface:/home/kadi/UR5e_ros2/ros2_real/install/ros2_control_test_assets:/home/kadi/UR5e_ros2/ros2_real/install/controller_manager_msgs:/home/kadi/UR5e_ros2/ros2_real/install/control_msgs:/home/kadi/UR5e_ros2/ros2_real/install/ur_msgs:/home/kadi/UR5e_ros2/ros2_real/install/ur_description:/opt/ros/iron LD_LIBRARY_PATH=/home/kadi/UR5e_ros2/ros2_real/install/controller_manager/lib:/home/kadi/UR5e_ros2/ros2_real/install/hardware_interface_testing/lib:/home/kadi/UR5e_ros2/ros2_real/install/controller_interface/lib:/home/kadi/UR5e_ros2/ros2_real/install/hardware_interface/lib:/home/kadi/UR5e_ros2/ros2_real/install/ros2_control_test_assets/lib:/home/kadi/UR5e_ros2/ros2_real/install/controller_manager_msgs/lib:/home/kadi/UR5e_ros2/ros2_real/install/control_msgs/lib:${LD_LIBRARY_PATH} PYTHONPATH=/home/kadi/UR5e_ros2/ros2_real/install/controller_manager/lib/python3.10/site-packages:/home/kadi/UR5e_ros2/ros2_real/install/controller_manager_msgs/lib/python3.10/site-packages:/home/kadi/UR5e_ros2/ros2_real/install/control_msgs/lib/python3.10/site-packages:${PYTHONPATH} /usr/bin/cmake --install /home/kadi/UR5e_ros2/ros2_real/build/forward_command_controller
